0.127469
0.140801
0.144056
0.123174
0.136233
0.134320
0.140528
0.141203
0.148287
0.149553
0.135850
0.128271
0.129668
0.150072
0.146301
0.148861
0.143231
0.235376
0.136154
0.146730
0.132521
0.140697
0.139683
0.139775
0.203269
0.140807
0.146448
0.125516
0.141094
0.137882
0.125796
0.149243
0.144913
0.149735
0.126585
0.143349
0.141284
0.142880
0.121636
0.138727
0.123600
0.142037
0.143466
0.123134
0.142480
0.133070
0.145439
0.124388
0.142607
0.122935
0.143373
0.122281
0.126192
0.143026
0.165581
0.120301
0.145820
0.121761
0.143865
0.127645
0.309630
0.122517
0.141702
0.124748
0.142300
0.123883
0.138320
0.141398
0.139937
0.138436
0.139664
0.140373
0.123252
0.143682
0.127755
0.139653
0.124640
0.145359
0.142109
0.144902
0.146834
0.124646
0.143714
0.123988
0.143710
0.123000
0.143895
0.125864
0.144474
0.124944
0.138252
0.122131
0.143121
0.123469
0.143166
0.124855
0.204525
0.145066
0.146227
0.124507
0.141569
0.142003
0.141858
0.141250
0.123971
0.142291
0.145356
0.143978
0.125250
0.126371
0.146842
0.124394
0.144776
0.142810
0.122870
0.142495
0.125816
0.142816
0.144230
0.124127
0.142801
0.121937
0.139582
0.142287
0.142277
0.127102
0.142338
0.123618
0.142640
0.140848
0.142297
0.123410
0.208998
0.125962
0.141141
0.137928
0.142544
0.122044
0.124615
0.145484
0.144974
0.122926
0.142253
0.122466
0.141624
0.122560
0.142522
0.144685
0.122321
0.143755
0.124181
0.143719
0.142794
0.123081
0.142830
0.141209
0.122932
0.141019
0.140727
0.123536
0.141208
0.122310
0.142804
0.121374
0.145516
0.122764
0.143065
0.121902
0.145211
0.129741
0.154492
0.125773
0.145070
0.122517
0.145900
0.142477
0.123102
0.147286
0.145268
0.123968
0.149713
0.122911
0.143848
0.122084
0.143771
0.139152
0.123401
0.144582
0.124103
0.150327
0.123502
0.144240
0.123260
0.123076
0.147806
0.123875
0.144761
0.124239
0.147394
0.123877
0.147235
0.123355
0.144996
0.146888
0.122953
0.143377
0.174738
0.147707
0.121525
0.149660
0.123278
0.122449
0.148360
0.122738
0.123708
0.154383
0.121380
0.163588
0.123792
0.158164
0.122714
0.155538
0.123682
0.154775
0.120730
0.156128
0.153975
0.123064
0.178047
0.155670
0.179209
0.124703
0.179195
0.121181
0.171692
0.123423
0.188154
0.124480
0.194312
0.124268
0.143311
0.136638
0.120758
0.118761
0.122270
0.123129
0.158955
0.120670
0.167132
0.121610
0.186041
0.123138
0.182112
0.123628
0.189138
0.125270
0.186759
0.122483
0.174828
0.122658
0.175450
0.156609
0.123342
0.150275
0.126416
0.145512
0.121449
0.145663
0.121839
0.156240
0.125588
0.149600
0.123710
0.158863
0.133726
0.231051
0.120479
0.151948
0.122654
0.154856
0.122170
0.165168
0.124417
0.162180
0.126627
0.160633
0.122026
0.152426
0.122814
0.123546
0.154963
0.128343
0.153534
0.124284
0.177376
0.125515
0.156367
0.124122
0.166495
0.122669
0.159815
0.160200
0.150772
0.124044
0.156427
0.123527
0.164403
0.124419
0.157814
0.157909
0.202206
0.123674
0.156775
0.123190
0.160744
0.122493
0.162903
0.157242
0.124228
0.165654
0.123411
0.165478
0.119998
0.127624
0.164145
0.168592
0.158986
0.121114
0.160248
0.121916
0.168347
0.123475
0.176627
0.126251
0.123368
0.174133
0.122426
0.155502
0.124120
0.164764
0.123584
0.169079
0.121248
0.171079
0.131985
0.189802
0.162387
0.123058
0.172071
0.122021
0.132936
0.155977
0.121736
0.166296
0.122654
0.163087
0.122681
0.219644
0.159058
0.124333
0.168387
0.124583
0.169677
0.123793
0.167648
0.167327
0.172039
0.122171
0.124095
0.165359
0.124366
0.164508
0.162367
0.125532
0.119279
0.116054
0.124279
0.117711
0.130789
0.262644
0.123776
0.201475
0.120920
0.212368
0.125502
0.215541
0.122508
0.214916
0.186505
0.122316
0.268609
0.122217
0.263656
0.121770
0.265839
0.121139
0.229618
0.122966
0.235202
0.120567
0.170198
0.131789
0.149339
0.137693
0.134279
0.151237
0.142118
0.126305
0.220511
0.119269
0.152313
0.136941
0.133989
0.139190
0.131495
0.134060
0.136166
0.122943
0.120333
0.138236
0.126448
0.154599
0.123251
0.252731
0.125454
0.262309
0.124476
0.164349
0.135474
0.154289
0.134265
0.133289
0.119411
0.124520
0.269808
0.173627
0.124431
0.262833
0.123526
0.381447
0.122628
0.283629
0.124842
0.248153
0.125818
0.274849
0.123511
0.234224
0.189970
0.123581
0.263336
0.122204
0.254205
0.123304
0.240717
0.121700
0.279706
0.122793
0.290169
0.125033
0.273701
0.125150
0.262675
0.188439
0.123738
0.363628
0.122870
0.387874
0.120300
0.124214
0.353008
0.121450
0.130863
0.203387
0.136249
0.176926
0.198453
0.151104
0.156337
0.220523
0.163702
0.201000
0.191025
0.174871
0.201078
0.150314
0.167405
0.172196
0.178113
0.154445
0.202500
0.158558
0.463934
0.130484
0.344262
0.127312
0.423008
0.124009
0.384870
0.215217
0.121879
0.120296
0.213646
0.123236
0.127575
0.216542
0.129589
0.200500
0.173271
0.235406
0.122177
0.416454
0.128101
0.353533
0.122392
0.460849
0.125163
0.384102
0.121280
0.403744
0.130969
0.334977
0.124810
0.380226
0.121623
0.245477
0.127873
0.134984
0.122529
0.306579
0.126364
0.282027
0.121057
0.123169
0.287995
0.125712
0.320387
0.133933
0.132902
0.307724
0.122425
0.378635
0.126652
0.122923
0.354802
0.121835
0.122772
0.152205
0.302761
0.120650
0.270160
0.126801
0.282467
0.122930
0.408946
0.135866
0.718473
0.122967
0.123821
0.781092
0.120859
0.360847
0.368840
0.384711
0.304717
0.254853
0.316815
0.128021
0.133029
0.138447
0.122665
0.123134
0.435781
0.155804
0.534995
0.150702
0.124079
0.303626
0.136007
0.619588
0.148012
0.683232
0.122853
0.122173
1.273764
0.123538
0.408273
0.121370
0.253775
0.121281
0.730007
0.169697
0.742900
0.685474
0.866203
0.455883
0.219535
1.725530
0.122170
1.221765
0.136210
0.787896
0.405951
0.544260
0.702057
0.703021
1.640537
0.120418
0.122550
0.737399
0.124930
0.690347
0.123009
0.951350
0.681137
0.123149
0.740477
0.140563
0.401664
0.143247
0.554751
0.168023
1.131891
0.214466
0.845188
0.125623
0.856265
0.130287
1.584385
0.121477
0.123514
1.036362
0.123496
1.184096
0.136156
0.127932
1.050826
0.136185
1.241481
1.289786
0.122511
0.123066
0.713723
0.121734
0.123084
1.307224
0.121769
0.311245
2.242381
1.338198
0.226290
2.279095
0.156302
1.526065
0.152788
0.123604
0.949747
0.123961
0.122730
0.124639
0.650141
0.153095
0.648901
0.136897
0.123069
0.682653
0.865878
0.122484
0.752915
0.124348
0.123757
0.152213
0.121837
0.889374
0.120389
0.567361
0.122361
0.123503
0.506140
0.121478
0.431225
0.131923
0.914335
0.124974
1.022142
0.122564
0.541032
0.121535
1.155260
0.123340
0.122272
0.120103
0.424892
0.204252
1.116917
0.169654
0.455848
0.940571
0.122294
0.729375
0.123299
0.635896
0.121912
0.545258
0.156657
0.460484
0.122269
0.133541
0.122951
0.584010
0.123551
0.619834
0.122470
0.121835
0.123727
0.975243
0.133532
0.575868
0.123760
0.289486
0.658451
0.124914
0.162116
0.121752
0.122537
0.645034
0.122710
1.035268
0.124185
0.674709
0.124209
0.159974
0.864853
0.122892
0.518529
0.162602
1.025287
0.121218
0.120976
0.966451
0.134658
0.588960
0.122242
0.767525
0.136588
0.673427
0.122265
0.121100
0.122489
0.416496
0.149908
0.124288
0.124102
0.401005
0.623877
0.125287
0.508207
0.120104
0.122973
0.122969
0.120923
0.121417
0.549448
0.121354
0.541905
0.121993
0.485960
0.123197
0.138351
0.173632
0.525846
0.123025
1.336248
0.143466
0.364649
0.125994
0.122114
0.122477
0.374582
0.121813
0.122019
0.382888
0.186954
0.492978
0.121947
0.397505
0.124284
0.121085
0.123530
0.122342
0.577306
0.121878
0.403845
0.141153
0.427124
0.141639
0.328168
0.135963
0.137171
0.397444
0.125365
0.316966
0.130403
0.143149
0.458110
0.126395
0.391094
0.154824
0.139002
0.121713
0.123475
0.165334
0.391359
0.122882
0.121951
0.402945
0.124792
0.178191
0.132718
0.135825
0.341519
0.122674
0.122680
0.420222
0.124426
0.425143
0.120870
0.121861
0.123093
0.126222
0.123296
0.505747
0.122271
0.365968
0.142068
0.188042
0.411896
0.121417
0.300078
0.137179
0.145327
0.123073
0.339459
0.122038
0.124174
0.364996
0.124880
0.407244
0.120297
0.119918
0.438314
0.122679
0.396572
0.128216
0.498955
0.124873
0.621093
0.128968
0.400743
0.121436
0.519852
0.121146
0.123176
0.330026
0.403461
0.124827
0.423113
0.429862
0.121295
0.441111
0.136603
0.135429
0.454009
0.134082
0.464909
0.124976
0.410752
0.153829
0.459665
0.126826
0.378670
0.130606
0.309153
0.129604
0.314984
0.147191

