0.186079
0.169167
0.178700
0.177821
0.178139
0.177102
0.178868
0.176423
0.176556
0.175720
0.180591
0.176162
0.178523
0.176779
0.175870
0.176032
0.175288
0.173216
0.173584
0.175370
0.183671
0.175489
0.171046
0.173602
0.175772
0.176251
0.177530
0.177245
0.176758
0.176443
0.179642
0.179937
0.178063
0.177053
0.174998
0.175058
0.175233
0.175070
0.176373
0.176759
0.175890
0.174638
0.176234
0.175770
0.176077
0.175348
0.174184
0.173151
0.186495
0.175439
0.171405
0.173346
0.176444
0.176858
0.175730
0.175278
0.176030
0.173824
0.175143
0.174199
0.177175
0.174452
0.174284
0.174054
0.176888
0.176215
0.175275
0.174075
0.178359
0.173441
0.177553
0.176654
0.173602
0.174687
0.172817
0.175690
0.173904
0.179856
0.176817
0.174820
0.176058
0.175635
0.174002
0.173887
0.175679
0.176698
0.174511
0.172691
0.173557
0.175380
0.177577
0.177004
0.174675
0.174843
0.172588
0.171535
0.174943
0.173481
0.174318
0.171493
0.174052
0.176032
0.175433
0.175447
0.176363
0.184532
0.174010
0.174156
0.174760
0.175124
0.171060
0.175486
0.171538
0.174675
0.178798
0.175175
0.175832
0.176069
0.173932
0.175945
0.174562
0.171172
0.173008
0.172243
0.173699
0.175297
0.178434
0.174614
0.176284
0.173629
0.173855
0.173700
0.174363
0.174500
0.181989
0.173799
0.173611
0.175825
0.176026
0.174283
0.177565
0.175086
0.175550
0.176175
0.173463
0.175631
0.173925
0.174413
0.175372
0.172517
0.173312
0.173682
0.173502
0.174164
0.173830
0.174418
0.175663
0.174434
0.174961
0.174382
0.173929
0.174482
0.181961
0.175635
0.174612
0.175028
0.175685
0.174431
0.177216
0.175916
0.174891
0.175641
0.175912
0.173076
0.174588
0.175014
0.175665
0.174247
0.174565
0.174297
0.173452
0.174778
0.174849
0.175142
0.173494
0.173430
0.175446
0.177565
0.173036
0.175910
0.175250
0.185265
0.174249
0.173037
0.175284
0.176095
0.175531
0.174361
0.172274
0.172695
0.172918
0.176715
0.175144
0.173796
0.175738
0.175009
0.172067
0.175326
0.174221
0.174733
0.172565
0.174618
0.180293
0.174704
0.174946
0.173979
0.175965
0.175643
0.172981
0.171794
0.180638
0.174094
0.174127
0.173162
0.174554
0.174746
0.174185
0.174717
0.175891
0.176634
0.177025
0.173710
0.174401
0.173508
0.175284
0.172642
0.172389
0.174747
0.176661
0.175577
0.176613
0.176390
0.175601
0.177378
0.174690
0.174383
0.173290
0.171629
0.183312
0.178903
0.176530
0.172524
0.176437
0.174968
0.174966
0.174344
0.174448
0.175043
0.173887
0.177946
0.172257
0.173053
0.173597
0.171858
0.175207
0.174720
0.175401
0.174168
0.172434
0.173616
0.175364
0.176189
0.174333
0.175270
0.174391
0.177089
0.178611
0.180613
0.171385
0.173627
0.173475
0.176100
0.173333
0.176426
0.173766
0.173515
0.178071
0.176443
0.176814
0.175422
0.173573
0.173133
0.172285
0.175508
0.172772
0.171959
0.170067
0.170215
0.172730
0.174772
0.174502
0.177275
0.172206
0.175359
0.175341
0.181574
0.174469
0.171542
0.172462
0.171541
0.175263
0.174606
0.171847
0.173188
0.172727
0.180694
0.176788
0.175937
0.175659
0.172521
0.172594
0.175022
0.175048
0.172918
0.175798
0.175872
0.174917
0.174868
0.174902
0.174848
0.174148
0.173965
0.173238
0.175247
0.185497
0.174812
0.173571
0.173333
0.173375
0.169761
0.174799
0.176752
0.174176
0.174535
0.172709
0.174763
0.174903
0.175445
0.175100
0.172691
0.173068
0.173190
0.174254
0.174165
0.174002
0.173508
0.173330
0.173784
0.174470
0.175075
0.174375
0.172343
0.174339
0.168601
0.174582
0.172340
0.173428
0.171535
0.175115
0.174865
0.172062
0.171986
0.176047
0.173220
0.173525
0.172708
0.172997
0.173114
0.171799
0.172335
0.172868
0.173009
0.171501
0.174094
0.176067
0.176188
0.175351
0.173939
0.173755
0.170314
0.174271
0.173884
0.177665
0.174482
0.177334
0.176079
0.174143
0.175314
0.175776
0.174318
0.177072
0.173983
0.174188
0.175256
0.176658
0.178960
0.174743
0.172554
0.174749
0.174591
0.173528
0.175203
0.174316
0.175502
0.173701
0.174122
0.177668
0.174814
0.173136
0.173673
0.185907
0.175080
0.174799
0.174616
0.175116
0.175693
0.172991
0.171617
0.175111
0.176441
0.175172
0.176196
0.175004
0.172401
0.174450
0.173164
0.174809
0.173232
0.172369
0.175155
0.175436
0.176081
0.176309
0.172987
0.176195
0.177601
0.176165
0.174442
0.171366
0.180840
0.173208
0.173290
0.174099
0.172923
0.176029
0.174179
0.176942
0.175113
0.174108
0.176582
0.177706
0.172753
0.178147
0.172892
0.174078
0.174868
0.177176
0.175434
0.176589
0.176412
0.182627
0.176665
0.174649
0.173885
0.173513
0.172441
0.172727
0.184162
0.177014
0.175888
0.174420
0.170695
0.174337
0.175241
0.174584
0.174040
0.175526
0.173994
0.170947
0.174190
0.173524
0.173883
0.175343
0.176412
0.173091
0.173614
0.173175
0.172438
0.173189
0.174339
0.171663
0.174156
0.190438
0.186494
0.181177
0.174269
0.195177
0.181504
0.174653
0.177592
0.174755
0.179096
0.170819
0.176879
0.174697
0.177787
0.173824
0.174674
0.176819
0.175264
0.175082
0.171544
