0.155583
0.151802
0.175936
0.167984
0.175763
0.194341
0.172307
0.195875
0.168685
0.188821
0.193518
0.183296
0.193911
0.167321
0.16547
0.168442
0.166095
0.164717
0.16656
0.170305
0.164951
0.164592
0.165251
0.172488
0.161228
0.201185
0.16399
0.163709
0.167276
0.16504
0.164842
0.180747
0.16563
0.166589
0.167398
0.165591
0.165171
0.165355
0.166661
0.166151
0.165681
0.16717
0.165384
0.164324
0.165208
0.16701
0.168241
0.165571
0.165885
0.16812
0.166958
0.165293
0.166843
0.165879
0.167012
0.170127
0.1671
0.16536
0.165511
0.169785
0.167711
0.165789
0.16436
0.164484
0.164968
0.16536
0.166844
0.168095
0.164887
0.166183
0.168398
0.165079
0.168188
0.165269
0.166616
0.164606
0.166547
0.168955
0.166617
0.169621
0.16713
0.167112
0.165775
0.165391
0.16463
0.167371
0.164524
0.166506
0.166495
0.166609
0.168057
0.163217
0.169222
0.16581
0.165048
0.165162
0.169107
0.167705
0.164659
0.163805
0.164828
0.168863
0.163848
0.164432
0.164711
0.164442
0.164662
0.167228
0.164705
0.162898
0.16433
0.163661
0.16496
0.164041
0.164801
0.166101
0.163308
0.163939
0.164954
0.163752
0.167427
0.167284
0.164152
0.164771
0.164583
0.163795
0.164083
0.165347
0.166055
0.167135
0.163928
0.164032
0.163581
0.164236
0.163884
0.162938
0.163843
0.163425
0.16557
0.171824
0.163337
0.164593
0.166884
0.16398
0.163397
0.164508
0.16382
0.165227
0.168489
0.166181
0.164938
0.164867
0.164713
0.165549
0.164091
0.165468
0.165156
0.163644
0.165867
0.165113
0.167106
0.16348
0.165491
0.165652
0.165917
0.165468
0.165574
0.165408
0.164985
0.164917
0.165026
0.164851
0.165315
0.165238
0.163646
0.167271
0.166075
0.165028
0.165935
0.16399
0.169626
0.166476
0.16574
0.167116
0.168722
0.166677
0.166524
0.165263
0.16642
0.165106
0.165337
0.165915
0.164356
0.171579
0.165734
0.1667
0.163916
0.166009
0.16439
0.164784
0.164694
0.163264
0.164371
0.163853
0.163436
0.165135
0.165752
0.165523
0.166303
0.165213
0.16451
0.163825
0.163864
0.165933
0.164106
0.165379
0.166193
0.166569
0.168843
0.167973
0.163474
0.165397
0.164289
0.164977
0.168634
0.168731
0.166421
0.16455
0.166396
0.164736
0.169228
0.165129
0.164831
0.166434
0.16667
0.164492
0.16478
0.16614
0.165084
0.167837
0.164219
0.166144
0.166573
0.16562
0.169272
0.165833
0.165689
0.167879
0.166198
0.165144
0.164453
0.165349
0.164663
0.16513
0.163758
0.163986
0.166111
0.164667
0.164084
0.167728
0.16491
0.16558
0.167236
0.167413
0.164524
0.166196
0.166106
0.167028
0.16548
0.164866
0.167658
0.167879
0.164847
0.164901
0.166037
0.16667
0.165497
0.166004
0.166671
0.166183
0.168922
0.167299
0.16522
0.164748
0.165292
0.165273
0.166828
0.164884
0.166365
0.165157
0.165827
0.1658
0.170327
0.166019
0.167367
0.166302
0.16599
0.167485
0.16487
0.165211
0.165545
0.164344
0.167138
0.164849
0.165445
0.166593
0.165834
0.166177
0.165411
0.165435
0.169013
0.166414
0.167098
0.167171
0.168376
0.163811
0.16751
0.165468
0.163437
0.165078
0.165397
0.164787
0.164321
0.165316
0.165313
0.163921
0.164463
0.164771
0.166639
0.166227
0.165951
0.166004
0.166008
0.168555
0.168977
0.165905
0.165703
0.1666
0.16565
0.169524
0.169016
0.167014
0.165723
0.164665
0.16516
0.165832
0.163282
0.162565
0.166324
0.163975
0.164123
0.164315
0.164182
0.162733
0.165457
0.164655
0.163775
0.166791
0.164045
0.163138
0.165639
0.164649
0.165224
0.164539
0.164568
0.167287
0.165052
0.165098
0.163669
0.162902
0.168046
0.163874
0.166033
0.164392
0.16494
0.162914
0.165559
0.167921
0.166636
0.164472
0.164045
0.166976
0.163956
0.166401
0.163588
0.163248
0.163538
0.16381
0.164443
0.163777
0.163645
0.164093
0.163806
0.165422
0.164398
0.164295
0.165475
0.164027
0.164468
0.161813
0.163796
0.163408
0.164339
0.163724
0.163831
0.166715
0.16431
0.174949
0.165224
0.167845
0.166464
0.164828
0.166152
0.164742
0.166482
0.166305
0.166213
0.164913
0.16489
0.165401
0.165746
0.163914
0.164705
0.164854
0.16508
0.165519
0.163975
0.166019
0.166471
0.164973
0.164484
0.16586
0.166206
0.162615
0.16437
0.162729
0.16668
0.163179
0.162546
0.16403
0.164492
0.164244
0.164153
0.166853
0.165588
0.166353
0.166593
0.165717
0.165865
0.166284
0.169075
0.164993
0.16801
0.165719
0.168443
0.167949
0.16586
0.167064
0.164485
0.164883
0.163477
0.164749
0.167537
0.164388
0.164468
0.165904
0.164351
0.163821
0.164076
0.165326
0.16411
0.167049
0.167682
0.165565
0.165254
0.164664
0.168771
0.165233
0.164637
0.165578
0.163851
0.164634
0.165658
0.165743
0.164945
0.166063
0.169043
0.164788
0.165266
0.16583
0.164454
0.165915
0.176071
0.164937
0.165252
0.165011
0.16486
0.164441
0.165587
0.166675
0.165649
0.164589
0.163745
0.164012
0.165062
0.165473
0.165521
0.166042
0.164816
0.165038
0.163328
0.165066
0.166051
0.164271
0.164826
0.163977
0.163843
0.166559
0.163771
0.165292
0.165546
0.16317
0.164811
0.165767
0.165077
0.165457
0.165523
0.164455
0.164192
0.16389
0.164785
0.165072
0.162599
0.163891
0.164987
0.163808
0.163894
0.164604
0.168618
0.164634
0.165995
0.163619
0.164353
0.166007
0.172235
0.165939
0.163113
0.167684
0.165413
0.164451
0.164448
0.162682
0.163524
0.163274
0.164177
0.164564
0.16435
0.163208
0.168297
0.163901
0.163913
0.164436
0.16304
0.165196
0.166241
0.168464
0.173278
0.164674
0.164236
0.163852
0.164181
0.163898
0.165278
0.16602
0.171179
0.166253
0.16479
0.165066
0.16533
0.165113
0.16463
0.165169
0.176247
0.163425
0.165135
0.164041
0.167087
0.164576
0.165995
0.162655
0.166296
0.163516
0.162604
0.164152
0.164563
0.164393
0.163045
0.163679
0.164059
0.163526
0.162328
0.166316
0.164281
0.163062
0.163374
0.166247
0.163365
0.165056
0.164718
0.167603
0.164724
0.164405
0.165056
0.163394
0.164326
0.165415
0.164839
0.166632
0.165146
0.165291
0.164826
0.165352
0.166203
0.164789
0.165146
0.165602
0.164582
0.163966
0.167531
0.167343
0.165021
0.164798
0.164283
0.165537
0.165123
0.168062
0.165793
0.164282
0.16441
0.16786
0.163722
0.162916
0.163
0.166003
0.164969
0.164066
0.164448
0.165028
0.165671
0.166
0.164866
0.166189
0.165073
0.165213
0.165386
0.166637
0.165745
0.164627
0.164213
0.165622
0.165444
0.165181
0.164436
0.16787
0.165035
0.165898
0.166996
0.164903
0.164846
0.162865
0.165491
0.164136
0.166063
0.164401
0.163687
0.167088
0.163167
0.163606
0.164413
0.166123
0.165756
0.164923
0.165573
0.16535
0.164757
0.164262
0.163822
0.163677
0.168622
0.166386
0.165255
0.167546
0.167676
0.164321
0.16383
0.165824
0.165405
0.168234
0.164894
0.164087
0.163991
0.16465
0.167382
0.166146
0.166318
0.164432
0.164668
0.165023
0.163942
0.172019
0.164616
0.16519
0.164319
0.166717
0.164814
0.16429
0.163271
0.164076
0.167435
0.167753
0.168423
0.167466
0.169551
0.166202
0.169329
0.164597
0.167541
0.168225
0.166889
0.171693
0.165955
0.165152
0.165095
0.163934
0.164756
0.162379
0.163525
0.162254
0.163772
0.165328
0.167246
0.163953
0.164823
0.166203
0.165384
0.168194
0.165074
0.166397
0.164301
0.165877
0.166285
0.168699
0.166022
0.164029
0.165142
0.164996
0.166467
0.164281
0.164319
0.16559
0.163142
0.163462
0.164353
0.163098
0.164281
0.162777
0.163328
0.164106
0.163834
0.165187
0.167019
0.167298
0.168453
0.164143
0.167323
0.165927
0.164354
0.163602
0.167925
0.17067
0.165232
0.165735
0.166235
0.164734
0.164704
0.164949
0.166448
0.177348
0.165248
0.168328
0.164664
0.16483
0.165943
0.166546
0.165106
0.169129
0.163597
0.165134
0.163629
0.164491
0.164887
0.166591
0.163995
0.163729
0.164686
0.163882
0.165715
0.164416
0.164174
0.163694
0.165826
0.16458
0.164879
0.164118
0.164883
0.164984
0.171199
0.169379
0.167049
0.169189
0.166596
0.167327
0.164671
0.165551
0.164873
0.164296
0.165478
0.167349
0.166728
0.164533
0.164105
0.163784
0.165575
0.166632
0.166896
0.165646
0.164228
0.165862
0.164445
0.165573
0.165454
0.166758
0.167467
0.168504
0.166554
0.164636
0.167177
0.164752
0.166344
0.167981
0.164535
0.164336
0.166199
0.164583
0.163804
0.164022
0.165207
0.165742
0.164127
0.16915
0.164425
0.166002
0.165762
0.164058
0.166995
0.164476
0.164423
0.164314
0.166001
0.16467
0.167109
0.163527
0.163743
0.166917
0.16403
0.163372
0.16411
0.165045
0.164337
0.16857
0.167479
0.165684
0.163949
0.164666
0.165401
0.165383
0.164172
0.164081
0.164611
0.164303
0.165082
0.165332
0.166972
0.165138
0.167155
0.165791
0.171182
0.165672
0.167739
0.168319
0.168789
0.168182
0.164744
0.166116
0.168344
0.168146
0.166697
0.166378
0.163741
0.165224
0.164256
0.16445
0.164612
0.163864
0.165591
0.165584
0.165938
0.163766
0.168742
0.164636
0.165365
0.16523
0.166549
0.163899
0.164891
0.165203
0.16678
0.165021
0.164819
0.167275
0.167183
0.167577
0.16577
0.165488
0.165777
0.165772
0.164862
0.165692
0.165896
0.164904
0.166353
0.16344
0.167036
0.165243
0.166054
0.164411
0.164696
0.166814
0.168825
0.166099
0.164408
0.165023
0.165827
0.165901
0.16608
0.165586
0.164331
0.164531
0.164711
0.164403
0.164965
0.164823
0.164985
0.164999
0.165214
0.166907
0.171088
0.166219
0.166375
0.167796
0.165287
0.16623
0.165915
0.165375
0.166461
0.166773
0.166241
0.165861
0.166076
0.166144
0.166619
0.165988
0.164413
0.163466
0.163302
0.164412
0.163036
0.17385
0.163977
0.16518
0.165981
0.166012
0.165153
0.163846
0.16302
0.163082
0.162726
0.167167
0.165624
0.166492
0.166854
0.165522
0.167305
0.16514
0.16537
0.165002
0.169031
0.16422
0.163207
0.16295
0.162958
0.163968
0.163657
0.164283
0.16414
0.164986
0.164042
0.16777
0.169304
0.164602
0.166218
0.163652
0.163657
0.170286
0.165969
0.166599
0.164167
0.169467
0.166284
0.166825
0.165733
0.165329
0.164563
0.164974
0.166217
0.164766
0.165737
0.164329
0.166366
0.168366
0.164176
0.163654
0.162815
0.162412
0.16248
0.164581
0.164148
0.164129
0.163464
0.163685
0.164123
0.16403
0.164927
0.165692
0.165268
0.175967
0.168744
0.16533
0.164906
0.165168
0.165469
0.164567
0.164254
0.165652
0.166545
0.166293
0.166157
0.165006
0.170127
0.164993
0.164721
0.16514
0.16601
0.165928
0.163618
0.163727
0.166132
0.164961
0.164869
0.166339
0.167023
0.166198
0.165611
0.168534
0.165572
0.168519
0.167206
0.167064
0.164485
0.165136
0.166956
0.167433
0.164593
0.163733
0.164096
0.163554
0.167635
0.164471
0.165344
0.165432
0.165287
0.163674
0.162031
0.164774
0.164225
0.164344
0.163595
0.164352
0.164633
0.164113
0.16643
0.165903
0.166595
0.166907
0.165785
0.168554
0.169236
0.164967
0.168379
0.165944
0.164733
0.163659
0.16482
0.166155
0.164873
0.167359
0.165583
0.167366
0.16606
0.166323
0.165596
0.165776
0.167541
0.164122
0.166583
0.170722
0.164749
0.164126
0.165764
0.165583
0.165445
0.166595
0.166499
0.164568
0.165715
0.165988
0.167242
0.16635
0.168807
0.165987
0.163507
0.163889
0.165662
0.167024
0.1652
0.166506
0.164852
0.169008
0.16625
0.166619
0.166416
0.16665
0.164799
0.165009
0.16643
0.168508
0.165205
0.165637
0.168503
0.167902
0.167855
0.164874
0.166457
0.167746
0.167189
0.164446
0.165932
0.165389
0.167429
0.164581
0.165015
0.164845
0.164862
0.164008
0.164024
0.165438
0.163438
0.164073
0.166594
0.164708
0.164616
0.16631
0.165458
0.164715
0.164003
0.163569
0.16394
0.166256
0.166112
0.165361
0.164897
0.16642
0.165358
0.167379
0.166878
0.164809
0.165864
0.165645
0.164913
0.16571
0.165078
0.165882
0.165244
0.165336
0.164916
0.165286
0.165043
0.166472
0.164153
0.164213
0.163411
0.164964
0.166172
0.169071
0.166162
0.165898
0.165468
0.165611
0.165602
0.168588
0.167389
0.165913
0.164755
0.166139
0.166771
0.165014
0.164328
0.163967
0.164479
0.163827
0.16463
0.164634
0.167277
0.164409
0.164965
0.167081
0.164881
0.16648
0.169828
0.166888
0.16679
0.165248
0.165039
0.16708
0.165313
0.165591
0.166977
0.166923
0.166345
0.166798
0.165193
0.164494
0.164841
0.176892
0.180151
0.178711
0.166231
0.179502
0.164437
0.200515
0.165048
0.163529
0.165846
0.163766
0.166663
0.174523
0.180538
0.178825
0.167267
0.16898
0.19952
0.165635
0.164756
0.164983
0.1672
0.170299
0.179443
0.190206
0.173066
0.195883
0.16537
0.16657
0.164699
0.171563
0.175775
