0.126451
0.124174
0.130410
0.128312
0.130418
0.126688
0.130697
0.139678
0.128611
0.125234
0.124513
0.124327
0.125427
0.124500
0.125882
0.123599
0.124205
0.122173
0.126189
0.126419
0.125089
0.123577
0.121873
0.122622
0.133016
0.126124
0.124343
0.137955
0.135010
0.123779
0.123216
0.126122
0.125431
0.124447
0.124360
0.130313
0.124529
0.124218
0.123137
0.122467
0.121734
0.126004
0.123979
0.122504
0.124960
0.123342
0.126470
0.123776
0.124530
0.123053
0.127303
0.132842
0.124286
0.124683
0.125830
0.122728
0.125420
0.123717
0.122289
0.124761
0.123542
0.123491
0.124294
0.125337
0.124828
0.125812
0.124605
0.124503
0.124587
0.124908
0.125093
0.124342
0.122155
0.123445
0.125137
0.123840
0.124291
0.125031
0.128284
0.124824
0.128344
0.124572
0.124161
0.123569
0.124468
0.124385
0.123662
0.124761
0.136090
0.126040
0.125383
0.123599
0.123583
0.123256
0.123646
0.123555
0.124484
0.123868
0.126128
0.123715
0.123227
0.124235
0.126159
0.123159
0.127067
0.125214
0.126028
0.126666
0.124399
0.123364
0.123333
0.124242
0.123831
0.122070
0.126050
0.122670
0.124999
0.123777
0.122946
0.123604
0.124158
0.122560
0.122838
0.124037
0.125188
0.128422
0.124498
0.124891
0.123262
0.126528
0.126620
0.123015
0.124414
0.124722
0.123408
0.124019
0.124083
0.122602
0.123979
0.124999
0.124080
0.123429
0.123259
0.124249
0.123669
0.122857
0.122828
0.124884
0.123563
0.126082
0.124849
0.124119
0.122733
0.128076
0.126031
0.126372
0.124998
0.123095
0.123942
0.122338
0.122884
0.136134
0.124902
0.121683
0.123917
0.123858
0.124156
0.122548
0.124271
0.124054
0.122274
0.123098
0.123090
0.124094
0.123836
0.124911
0.122439
0.123503
0.125591
0.125831
0.124269
0.122861
0.123023
0.124064
0.123003
0.124078
0.123851
0.124908
0.122502
0.124931
0.125365
0.123355
0.123440
0.122875
0.121038
0.125177
0.124261
0.124485
0.124773
0.123463
0.123313
0.123770
0.126326
0.123513
0.124184
0.122530
0.127629
0.123187
0.122532
0.123425
0.123212
0.123517
0.124622
0.123865
0.122187
0.124123
0.124683
0.122803
0.127504
0.124775
0.124844
0.124598
0.124549
0.121734
0.124164
0.122934
0.129189
0.124659
0.123888
0.123964
0.124437
0.122774
0.128860
0.123656
0.123542
0.130175
0.126710
0.123749
0.123960
0.124908
0.124582
0.127024
0.123647
0.125976
0.123507
0.125339
0.123776
0.124945
0.123516
0.123113
0.123345
0.125665
0.122558
0.122973
0.123492
0.123151
0.124893
0.124300
0.122963
0.124809
0.123669
0.128164
0.125263
0.122780
0.124087
0.122487
0.123914
0.124885
0.123217
0.125651
0.124987
0.122896
0.124416
0.122823
0.125145
0.127954
0.124492
0.122486
0.122417
0.124343
0.123891
0.123757
0.123867
0.123715
0.123794
0.125180
0.125072
0.124602
0.123309
0.123757
0.123838
0.124046
0.124117
0.123647
0.124714
0.125461
0.125393
0.123216
0.124051
0.123994
0.130639
0.123867
0.124671
0.128752
0.125131
0.123627
0.123510
0.124157
0.124138
0.124371
0.125467
0.123674
0.124803
0.125113
0.123908
0.121034
0.128522
0.122070
0.122583
0.123863
0.124045
0.124380
0.124784
0.123133
0.125342
0.124823
0.124803
0.122537
0.123878
0.124211
0.123647
0.124529
0.126143
0.124101
0.124859
0.124208
0.123968
0.124177
0.124085
0.125088
0.123884
0.123906
0.122622
0.122808
0.122668
0.123952
0.123282
0.123472
0.126139
0.126898
0.122908
0.125203
0.120858
0.125252
0.123758
0.126161
0.124685
0.124738
0.123930
0.122648
0.124934
0.126193
0.125606
0.124669
0.126306
0.124895
0.125989
0.125469
0.126014
0.123719
0.123593
0.126616
0.124036
0.126184
0.124003
0.127229
0.122476
0.124163
0.125503
0.124085
0.124632
0.125467
0.124834
0.124977
0.124843
0.124016
0.125431
0.124487
0.124952
0.124826
0.123517
0.123914
0.124027
0.123635
0.121343
0.123788
0.125169
0.128562
0.123724
0.123148
0.126239
0.125827
0.123241
0.122253
0.124409
0.124447
0.123991
0.121794
0.122604
0.123899
0.124011
0.124723
0.121955
0.124966
0.124093
0.124818
0.125132
0.124425
0.125165
0.123540
0.123422
0.122784
0.125206
0.123291
0.120909
0.123826
0.123595
0.124697
0.123281
0.123314
0.123518
0.122609
0.123859
0.128262
0.124428
0.125177
0.125545
0.124465
0.125390
0.124482
0.124529
0.123450
0.123255
0.123569
0.123618
0.124354
0.130633
0.136099
0.124773
0.125668
0.124610
0.124230
0.124126
0.123511
0.123567
0.124251
0.124489
0.123463
0.124914
0.124094
0.124196
0.123826
0.124186
0.123122
0.124319
0.124561
0.125005
0.124666
0.126340
0.123532
0.126023
0.125920
0.128921
0.124145
0.124619
0.123412
0.124276
0.124271
0.124997
0.123320
0.123028
0.124427
0.124108
0.123508
0.122984
0.123662
0.124875
0.124388
0.123930
0.121581
0.123400
0.125853
0.124242
0.124135
0.126455
0.127235
0.124040
0.122836
0.125499
0.123749
0.123465
0.123968
0.122608
0.123493
0.123384
0.123412
0.123897
0.123238
0.124248
0.122414
0.121880
0.124637
0.123962
0.123475
0.124878
0.125300
0.124252
0.122921
0.124358
0.127783
0.124919
0.123534
0.124069
0.124311
0.123453
0.123113
0.124267
0.123758
0.124548
0.122997
0.123496
0.124601
0.124037
0.125214
0.124526
0.124789
0.123576
0.123781
0.124203
0.122907
0.125122
0.124157
0.124484
0.125516
0.127254
0.125743
0.124989
0.123637
0.123765
0.123783
0.125500
0.126584
0.123482
0.125382
0.125369
0.123421
0.124840
0.123900
0.125735
0.123141
0.122258
0.122545
0.125015
0.124495
0.124840
0.125329
0.121127
0.122134
0.126644
0.122286
0.123386
0.123310
0.122154
0.123943
0.123381
0.123669
0.124395
0.124382
0.123692
0.124861
0.123507
0.122910
0.125216
0.123240
0.122935
0.123241
0.122488
0.126779
0.124833
0.124162
0.124290
0.124302
0.126008
0.124478
0.123152
0.121569
0.123485
0.126604
0.125730
0.125771
0.123981
0.122354
0.123892
0.122201
0.124385
0.120766
0.128219
0.132266
0.123297
0.146043
0.123312
0.123839
0.122241
0.124297
0.127775
0.124595
0.124190
0.140009
0.127257
0.123756
0.126778
0.125631
0.123338
0.126835
0.124650
0.124158
0.126304
0.125539
0.122478
0.123775
0.123892
0.124171
0.123877
0.123976
0.132769
0.126247
0.124096
0.123813
0.122414
0.124559
0.122164
0.126590
0.124158
0.127876
0.122387
0.122573
0.123722
0.128041
0.123285
0.123926
0.125152
0.121704
0.126874
0.123770
0.123923
0.123879
0.122428
0.120090
0.123250
0.123212
0.123460
0.125417
0.125002
0.119381
0.124795
0.123554
0.125163
0.123063
0.123130
0.125229
0.122632
0.122400
0.123522
0.122920
0.122739
0.124516
0.122563
0.122450
0.125419
0.124641
0.121722
0.123200
0.123866
0.134318
0.124443
0.122922
0.124437
0.125645
0.129621
0.126190
0.126819
0.120123
0.122847
0.124304
0.123914
0.138535
0.124094
0.126532
0.121924
0.122788
0.122209
0.125260
0.122358
0.122300
0.121546
0.124677
0.121833
0.125537
0.123876
0.123416
0.124405
0.124227
0.125207
0.125056
0.124213
0.124033
0.123008
0.125227
0.123210
0.124264
0.123544
0.124523
0.122137
0.122283
0.121050
0.122509
0.125425
0.123404
0.123055
0.123170
0.135542
0.122590
0.124012
0.122613
0.122657
0.123287
0.126912
0.121702
0.123871
0.125957
0.123682
0.125745
0.122541
0.122749
0.124798
0.123546
0.125904
0.124648
0.122920
0.123236
0.122233
0.123836
0.121053
0.123237
0.124419
0.123909
0.125817
0.125050
0.123736
0.124751
0.124728
0.127311
0.122864
0.126187
0.124117
0.125213
0.125888
0.125092
0.124834
0.123612
0.126006
0.124715
0.122865
0.122876
0.123483
0.123130
0.124581
0.123320
0.122981
0.123923
0.123703
0.123321
0.124346
0.123679
0.127122
0.125340
0.123705
0.125196
0.126435
0.123794
0.136445
0.124082
0.122763
0.124917
0.125977
0.125750
0.126793
0.124968
0.124973
0.124724
0.124406
0.124273
0.124616
0.124829
0.124652
0.125093
0.123957
0.125943
0.125551
0.122684
0.124833
0.124452
0.127480
0.124544
0.123658
0.125072
0.123402
0.123633
0.123801
0.124822
0.123603
0.122247
0.123394
0.125188
0.124345
0.125312
0.124377
0.122645
0.124283
0.121723
0.124176
0.125563
0.124752
0.124284
0.124822
0.131481
0.122522
0.126573
0.124839
0.123175
0.123584
0.122441
0.123457
0.123497
0.121611
0.123535
0.121504
0.123831
0.124721
0.124759
0.124497
0.123634
0.123187
0.121243
0.123592
0.123812
0.123728
0.123760
0.124419
0.124545
0.122604
0.126915
0.123044
0.122938
0.124689
0.125375
0.124170
0.122635
0.123305
0.124214
0.123584
0.124425
0.123718
0.124169
0.123284
0.123570
0.122843
0.124725
0.124279
0.122588
0.123511
0.122732
0.122622
0.124331
0.123841
0.124577
0.125763
0.123187
0.123940
0.123744
0.123639
0.123454
0.121911
0.122645
0.122718
0.124567
0.123615
0.124447
0.124757
0.123756
0.122941
0.124182
0.124383
0.123615
0.123186
0.122751
0.123691
0.122517
0.124186
0.122588
0.126604
0.125077
0.123046
0.122705
0.124409
0.123871
0.123036
0.124087
0.123184
0.124403
0.123728
0.123432
0.123414
0.124737
0.125563
0.123287
0.123618
0.121806
0.123390
0.122676
0.122800
0.125105
0.123414
0.123921
0.122042
0.127272
0.123361
0.124749
0.124236
0.123631
0.123784
0.121963
0.122060
0.125594
0.123986
0.123573
0.125144
0.123517
0.124246
0.123448
0.123653
0.125372
0.122146
0.123019
0.124080
0.124086
0.122124
0.122889
0.122173
0.126392
0.124017
0.125000
0.124419
0.124394
0.124864
0.123823
0.122744
0.123124
0.121902
0.125751
0.123883
0.123322
0.123854
0.123712
0.124206
0.121095
0.121508
0.124074
0.123570
0.122898
0.124875
0.125366
0.125223
0.125872
0.127602
0.124648
0.122673
0.124110
0.122659
0.124030
0.119963
0.121734
0.121813
0.122120
0.124107
0.124446
0.123605
0.124978
0.123739
0.123947
0.123165
0.123601
0.123490
0.123941
0.123439
0.122270
0.123844
0.124348
0.127464
0.121119
0.123735
0.124326
0.125109
0.123780
0.124398
0.124284
0.122563
0.124479
0.122868
0.124027
0.124822
0.123807
0.122721
0.124126
0.121261
0.122950
0.122021
0.122438
0.123407
0.124059
0.124239
0.132364
0.122801
0.131445
0.123542
0.122932
0.122828
0.122701
0.122990
0.122154
0.124262
0.124507
0.123693
0.125080
0.123731
0.124810
0.123692
0.122599
0.122663
0.125227
0.123616
0.123705
0.123978
0.122953
0.125165
0.123754
0.122389
0.124962
0.123477
0.123696
0.123754
0.121947
0.122315
0.122284
0.123677
0.123619
0.122630
0.123391
0.122996
0.133604
0.124399
0.123140
0.123474
0.123584
0.122202
0.123024
0.122607
0.124652
0.122908
0.124065
0.124731
0.124736
0.127580
0.122881
0.124293
0.122691
0.123661
0.123056
0.123408
0.126811
0.123125
0.123821
0.124734
0.125688
0.124470
0.121984
0.123903
0.125385
0.121818
0.123309
0.125196
0.125357
0.123171
0.124406
0.124833
0.122685
0.125729
0.123023
0.124313
0.124417
0.122849
0.124012
0.123192
0.124938
0.122538
0.122728
0.124121
0.124276
0.123553
0.124977
0.123393
0.124008
0.131434
0.124090
0.123076
0.124178
0.124647
0.124428
0.125194
0.122699
0.123123
0.124735
0.128233
0.124097
0.124729
0.122738
0.124453
0.123415
0.125226
0.122860
0.123535
0.123631
0.124430
0.123336
0.124429
0.126356
0.124069
0.124208
0.123426
0.122802
0.122971
0.124940
0.122517
0.123124
0.124679
0.127735
0.123243
0.123547
0.123770
0.124579
0.125083
0.124145
0.124292
0.122045
0.123294
0.123338
0.123088
0.124397
0.125688
0.133715
0.124976
0.124983
0.124758
0.123982
0.123999
0.124790
0.125124
0.123173
0.124236
0.123108
0.122140
0.124160
0.124189
0.124780
0.123898
0.123095
0.123448
0.122741
0.123588
0.122336
0.124240
0.123465
0.124896
0.125104
0.124531
0.122959
0.123785
0.121343
0.123359
0.123991
0.123489
0.123139
0.121858
0.123599
0.127646
0.122054
0.121317
0.123545
0.123727
0.124430
0.122752
0.124000
0.123603
0.121831
0.125275
0.124965
0.126406
0.123053
0.124934
0.125721
0.126158
0.124593
0.125580
0.122821
0.123181
0.123370
0.121371
0.122651
0.124707
0.124722
0.123852
0.125229
0.124124
0.124466
0.123487
0.122964
0.123106
0.124453
0.124214
0.124373
0.127884
0.123786
0.123285
0.123821
0.123838
0.121998
0.124205
0.124801
0.122445
0.124154
0.124571
0.124912
0.122448
0.126576
0.122559
0.123324
0.122522
0.124151
0.124636
0.122331
0.125144
0.124489
0.123685
0.123313
0.124592
0.123552
0.124782
0.123754
0.123368
0.123481
0.123256
0.123017
0.123055
0.123559
0.121811
0.124444
0.124060
0.124000
0.125734
0.122697
0.123651
0.125064
0.124206
0.123394
0.122990
0.123362
0.122506
0.122099
0.123890
0.123562
0.124891
0.124556
0.124331
0.124826
0.123616
0.123811
0.124424
0.123121
0.123821
0.123133
0.123266
0.123933
0.127679
0.122701
0.124441
0.123516
0.124883
0.124556
0.122282
0.122844
0.123878
0.124959
0.124304
0.124770
0.126052
0.123005
0.124062
0.124160
0.122081
0.124006
0.123266
0.122522
0.123516
0.125945
0.122966
0.121611
0.123887
0.126552
0.123602
0.124085
0.124550
0.122592
0.122840
0.124365
0.124396
0.123824
0.124516
0.127003
0.122760
0.122866
0.122380
0.122295
0.125552
0.122695
0.122849
0.122536
0.122436
0.123369
0.123206
0.123184
0.123073
0.127567
0.122216
0.122725
0.121876
0.123166
0.124428
0.123517
0.123253
0.123758
0.121296
0.122905
0.122813
0.123330
0.123096
0.120842
0.123279
0.123184
0.122851
0.124195
0.124654
0.123524
0.124084
0.124533
0.123540
0.123923
0.126908
0.123730
0.123801
0.123879
0.124074
0.124116
0.123300
0.124053
0.125174
0.124004
0.123313
0.126067
0.122916
0.122474
0.123119
0.123912
0.125967
0.124317
0.125194
0.123840
0.124706
0.122790
0.123965
0.122678
0.128373
0.123743
0.125221
0.124410
0.122125
0.123568
0.125439
0.123470
0.126144
0.124902
0.124164
0.124853
0.123597
0.124235
0.124277
0.123771
0.123371
0.124362
0.123488
0.125031
0.124187
0.123683
0.123893
0.124747
0.124889
0.126683
0.126388
0.124197
0.123517
0.124228
0.123166
0.122140
0.122424
0.123794
0.122895
0.123404
0.120057
0.119368
0.119853
0.123197
0.123220
0.124082
0.123131
0.125062
0.124840
0.122382
0.123446
0.123047
0.124633
0.127851
0.125413
0.124748
0.122898
0.124316
0.124208
0.123878
0.124261
0.122919
0.122770
0.124165
0.123544
0.123444
0.122184
0.122292
0.124018
0.122119
0.123882
0.123624
0.137112
0.124297
0.124930
0.123281
0.121829
0.125808
0.126810
0.124337
0.124741
0.123485
0.123439
0.123487
0.124846
0.123770
0.122866
0.124271
0.123186
0.124911
0.125480
0.124904
0.127321
0.123326
0.122703
0.121949
0.123050
0.123796
0.124448
0.123412
0.122520
0.122133
0.126846
0.126077
0.124716
0.124232
0.123530
0.120808
0.125210
0.123222
0.122986
0.123099
0.124138
0.124275
0.125927
0.124394
0.124011
0.123995
0.124144
0.127264
0.124311
0.124885
0.123282
0.123502
0.123474
0.121449
0.122902
0.126408
0.123541
0.122711
0.123219
0.121960
0.124314
0.123953
0.123424
0.124417
0.123635
0.122126
0.123875
0.123839
0.121735
0.123849
0.125179
0.124060
0.123044
0.123777
0.124585
0.122810
0.122062
0.123442
0.122231
0.125362
0.122250
0.122714
0.122827
0.122485
0.122846
0.124119
0.123855
0.123855
0.121811
0.123108
0.122936
0.122107
0.122439
0.123749
0.124426
0.123916
0.126385
0.126572
0.123162
0.123404
0.123901
0.123489
0.123979
0.123851
0.125590
0.123742
0.123166
0.122705
0.121895
0.122823
0.120834
0.124734
0.125651
0.123524
0.125686
0.125022
0.123081
0.123987
0.122784
0.122644
0.122829
0.120156
0.121538
0.122874
0.120308
0.121869
0.123995
0.121504
0.127982
0.123117
0.123216
0.123605
0.123000
0.122792
0.123888
0.121701
0.124242
0.122053
0.122990
0.121634
0.123278
0.122850
0.122617
0.123127
0.126120
0.123570
0.123509
0.123423
0.125672
0.125158
0.124201
0.129430
0.123854
0.127493
0.124693
0.124279
0.121472
0.125660
0.131575
0.122626
0.123848
0.125076
0.124241
0.125435
0.124450
0.123231
0.123905
0.123013
0.124221
0.123235
0.125085
0.124749
0.123535
0.123907
0.124747
0.123616
0.123252
0.129143
0.123855
0.122179
0.126684
0.124613
0.127067
0.122784
0.123369
0.124717
0.124059
0.124582
0.124316
0.125624
0.123456
0.123660
0.126185
0.122157
0.122653
0.125068
0.123301
0.122760
0.124409
0.123418
0.124113
0.124348
0.125195
0.124218
0.123602
0.120427
0.122891
0.122899
0.124235
0.124936
0.124520
0.124338
0.123888
0.122897
0.123302
0.136720
0.124028
0.122788
0.123854
0.123718
0.125188
0.125492
0.123537
0.125329
0.124197
0.124347
0.128531
0.124618
0.125231
0.123741
0.121464
0.123264
0.122838
0.123222
0.122898
0.124830
0.123731
0.125028
0.126035
0.123418
0.125815
0.123035
0.125475
0.124755
0.125512
0.126973
0.125878
0.123302
0.124162
0.123142
0.126722
0.122808
0.123092
0.124908
0.124914
0.125237
0.124048
0.126145
0.124071
0.124196
0.123806
0.125800
0.125995
0.123984
0.123823
0.122822
0.124312
0.123976
0.135941
0.123289
0.122963
0.123180
0.123638
0.125080
0.125088
0.126479
0.123851
0.123595
0.123722
0.123813
0.123907
0.122985
0.124947
0.122374
0.124664
0.124693
0.124096
0.122483
0.124378
0.122457
0.122375
0.123582
0.124093
0.122636
0.123510
0.123959
0.123468
0.124358
0.125928
0.128595
0.125101
0.123659
0.121836
0.122720
0.124550
0.121875
0.122065
0.124299
0.121113
0.123032
0.122524
0.127144
0.121855
0.121741
0.122849
0.124918
0.124412
0.124005
0.124422
0.122399
0.123802
0.123710
0.124015
0.125679
0.125327
0.124097
0.124187
0.125229
0.125774
0.125278
0.124296
0.126620
0.124319
0.123303
0.124104
0.123607
0.123883
0.123534
0.123372
0.125745
0.124379
0.123742
0.123376
0.124389
0.124417
0.124600
0.125001
0.129812
0.125920
0.123604
0.122449
0.125796
0.124408
0.123773
0.122668
0.122899
0.123237
0.125039
0.125602
0.124378
0.126206
0.124985
0.124557
0.124328
0.123661
0.123708
0.123279
0.123468
0.125173
0.124598
0.121165
0.125385
0.123742
0.124746
0.123131
0.124200
0.124487
0.122575
0.124174
0.126705
0.124665
0.124032
0.126000
0.124445
0.123035
0.125004
0.128486
0.124325
0.124414
0.124262
0.125269
0.125514
0.125808
0.124733
0.123550
0.123378
0.122987
0.128911
0.123950
0.123967
0.123716
0.124447
0.122482
0.123195
0.123826
0.124325
0.124461
0.123457
0.135731
0.123461
0.125752
0.123333
0.123505
0.124093
0.126064
0.123218
0.122540
0.124469
0.123045
0.123588
0.123144
0.125490
0.123280
0.133675
0.122674
0.122712
0.123972
0.124410
0.125109
0.125267
0.124265
0.124924
0.122390
0.123156
0.123988
0.123970
0.123115
0.124935
0.125922
0.124739
0.123011
0.123551
0.122477
0.122490
0.123976
0.124200
0.126304
0.129536
0.123905
0.123922
0.124861
0.123446
0.125129
0.123781
0.122805
0.122113
0.123666
0.124962
0.125634
0.122745
0.123942
0.124195
0.124406
0.128313
0.123828
0.123699
0.123426
0.124011
0.128462
0.124645
0.126098
0.122207
0.123097
0.124017
0.124030
0.121818
0.123393
0.122883
0.122169
0.123981
0.135693
0.124270
0.124953
0.124976
0.122412
0.121278
0.123735
0.122540
0.122201
0.123106
0.122479
0.122981
0.123492
0.121439
0.124288
0.127240
0.123952
0.123552
0.125990
0.124176
0.125157
0.124788
0.124395
0.123131
0.124460
0.124555
0.124621
0.123366
0.122717
0.124933
0.123105
0.122176
0.123099
0.124008
0.124765
0.124509
0.127022
0.137178
0.124595
0.126212
0.124823
0.123827
0.123214
0.124086
0.124327
0.124163
0.123152
0.123009
0.121994
0.123781
0.124490
0.125196
0.125777
0.123417
0.123516
0.123955
0.123416
0.124351
0.125084
0.124181
0.126029
0.123843
0.123577
0.126661
0.123165
0.124031
0.125965
0.136324
0.123664
0.125037
0.125219
0.124913
0.123062
0.123829
0.125702
0.122002
0.135793
0.124451
0.125124
0.125605
0.125141
0.137635
0.124644
0.125016
0.125186
0.124053
0.125367
0.125204
0.125256
0.124651
0.124586
0.122858
0.126269
0.124783
0.124904
0.127461
0.124895
0.123623
0.125439
0.125867
0.125513
0.124465
0.125077
0.124182
0.124291
0.125094
0.126158
0.124050
0.124598
0.123290
0.124378
0.126806
0.125562
0.126011
0.124968
0.123808
0.123613
0.124272
0.124871
0.124467
0.124469
0.124638
0.122764
0.126653
0.122782
0.122841
0.123630
0.123541
0.122711
0.122559
0.122608
0.125084
0.122426
0.122735
0.124068
0.123813
0.128604
0.123270
0.124965
0.124678
0.127613
0.122927
0.123764
0.124029
0.123653
0.122485
0.123800
0.124047
0.120653
0.124246
0.125815
0.125450
0.123633
0.124158
0.124911
0.124732
0.126087
0.127132
0.126224
0.123497
0.125380
0.125255
0.124405
0.126106
0.125699
0.125363
0.126142
0.123360
0.126674
0.126382
0.122276
0.123055
0.123946
0.124346
0.122938
0.126113
0.124690
0.123600
0.124875
0.126062
0.127150
0.126353
0.123924
0.124804
0.134459
0.125024
0.124780
0.124751
0.123180
0.124178
0.124944
0.123503
0.125122
0.123231
0.123854
0.124412
0.124141
0.123138
0.123714
0.124254
0.124075
0.123803
0.125723
0.125355
0.125359
0.124982
0.124403
0.124700
0.125426
0.128177
0.124440
0.124804
0.123376
0.123113
0.123544
0.123435
0.123312
0.124350
0.126474
0.124278
0.124844
0.123309
0.122623
0.122855
0.123814
0.126159
0.122750
0.125191
0.124668
0.123509
0.124641
0.124738
0.123713
0.125744
0.125162
0.123224
0.124906
0.124953
0.125551
0.125032
0.126073
0.124801
0.123804
0.123800
0.123263
0.123855
0.123242
0.125040
0.122665
0.122058
0.121830
0.123136
0.122479
0.124218
0.123673
0.122330
0.123754
0.123026
0.126705
0.123786
0.122456
0.123936
0.124506
0.124074
0.123748
0.123671
0.121894
0.121731
0.124941
0.123354
0.124255
0.119724
0.123668
0.124334
0.124122
0.124387
0.124913
0.123412
0.124659
0.124802
0.125373
0.122896
0.127594
0.127566
0.129317
0.123983
0.121893
0.122744
0.123293
0.124266
0.124880
0.123643
0.122166
0.124049
0.124156
0.120915
0.125052
0.129833
0.126024
0.125939
0.131004
0.124241
0.124012
0.133744
0.132754
0.131359
0.123800
0.125666
0.144473
0.123223
0.122891
0.123430
0.125912
0.122342
0.124354
0.123416
0.123715
0.125485
0.124467
0.123788
0.122574
0.123388
0.125752
0.123674
0.122678
0.121744
0.121236
0.122211
0.127265
0.121615
0.124152
0.126806
0.122270
0.120329
0.123408
0.123187
0.125070
0.126834
0.124587
0.121667
0.123893
0.124395
0.124111
0.124020
0.125403
0.123633
0.125715
0.124315
0.124571
0.124088
0.124892
0.124948
0.123968
0.122967
0.124525
0.123030
0.125320
0.124878
0.122518
0.122512
0.122640
0.123401
0.122421
0.123729
0.122188
0.122369
0.123892
0.124096
0.124329
0.124130
0.126411
0.124702
0.122427
0.122761
0.123640
0.125141
0.123314
0.124201
0.121037
0.122270
0.126701
0.124178
0.123864
0.125368
0.122661
0.122263
0.123358
0.122510
0.123475
0.124737
0.124148
0.123696
0.122052
0.123833
0.123942
0.122590
0.122766
0.123547
0.123332
0.123928
0.123432
0.123995
0.123097
0.124957
0.122281
0.127394
0.124446
0.122647
0.122147
0.122960
0.122284
0.123910
0.123536
0.124317
0.123052
0.122472
0.122687
0.125140
0.127672
0.124573
0.124675
0.129293
0.128164
0.132750
0.125012
0.142526
0.128640
0.132092
0.123447
0.133101
0.128582
0.131234
0.127429
0.125080
0.134468
0.134951

