0.000173
1.310951
0.130934
0.126305
0.131832
0.133940
0.126946
0.123156
0.125378
0.125060
0.123312
0.125415
0.124404
0.124547
0.124345
0.124043
0.124575
0.124786
0.123440
0.124205
0.125071
0.124051
0.127731
0.127207
0.126981
0.130744
0.114014
0.122272
0.135263
0.119727
0.124591
0.130887
0.112729
0.123419
0.125890
0.121867
0.123875
0.126257
0.126243
0.121707
0.126545
0.126021
0.128370
0.134684
0.130920
0.122622
0.123216
0.122415
0.122625
0.121540
0.122752
0.124956
0.123417
0.124511
0.123141
0.123196
0.136098
0.128249
0.125904
0.129485
0.121978
0.126946
0.127492
0.124609
0.132458
0.123700
0.124813
0.131937
0.123696
0.120315
0.128181
0.140014
0.124193
0.135690
0.143639
0.146348
0.146770
0.143992
0.143081
0.145373
0.144311
0.127085
0.124461
0.128184
0.136777
0.139850
0.133872
0.136351
0.145384
0.137296
0.144183
0.136347
0.146664
0.129571
0.127890
0.126366
0.127270
0.134721
0.133562
0.140371
0.135953
0.127330
0.125042
0.122214
0.123368
0.122823
0.123481
0.124465
0.128427
0.122927
0.122918
0.123819
0.123689
0.125877
0.123398
0.131806
0.139805
0.127996
0.121856
0.123419
0.124249
0.126806
0.122409
0.121604
0.123331
0.124325
0.123501
0.125067
0.124945
0.123444
0.126832
0.126964
0.126453
0.124450
0.121439
0.122021
0.125161
0.125570
0.123381
0.122860
0.125605
0.123234
0.129935
0.121831
0.127496
0.125479
0.122816
0.124689
0.128524
0.123537
0.120831
0.122915
0.124833
0.125569
0.126417
0.124102
0.124958
0.125571
0.123979
0.123507
0.125922
0.122030
0.130086
0.126444
0.122119
0.124860
0.126223
0.124598
0.124198
0.121678
0.122109
0.126713
0.122692
0.122470
0.122539
0.126821
0.127746
0.131056
0.126597
0.123054
0.123894
0.127478
0.125835
0.122074
0.122086
0.121671
0.123598
0.123414
0.143308
0.126964
0.125267
0.121748
0.126080
0.122107
0.123059
0.122989
0.124632
0.133983
0.124344
0.122601
0.124550
0.125100
0.127731
0.124394
0.123341
0.124136
0.125821
0.122341
0.121050
0.123921
0.121935
0.124682
0.122243
0.124547
0.123042
0.123703
0.124404
0.123790
0.143108
0.125059
0.125724
0.122952
0.123241
0.122726
0.134569
0.142407
0.146570
0.147927
0.146503
0.146985
0.131921
0.145306
0.139183
0.124400
0.140393
0.138991
0.138704
0.122198
0.127378
0.142716
0.147613
0.144177
0.128941
0.123616
0.128992
0.124818
0.122265
0.127019
0.123847
0.123829
0.123811
0.137496
0.130985
0.126010
0.130760
0.125627
0.132389
0.143916
0.148831
0.136457
0.142974
0.143320
0.145945
0.151995
0.146464
0.141937
0.124613
0.125039
0.143336
0.150742
0.145730
0.137138
0.148752
0.142018
0.144300
0.142657
0.146378
0.126690
0.122409
0.124958
0.135185
0.125429
0.121978
0.138753
0.146350
0.140197
0.149876
0.134764
0.128382
0.131155
0.129431
0.131632
0.122936
0.127779
0.139425
0.146702
0.145842
0.132785
0.142094
0.147169
0.137290
0.146647
0.152229
0.147929
0.131429
0.135488
0.130060
0.134485
0.132891
0.148630
0.147270
0.134824
0.122451
0.123180
0.130745
0.124333
0.123834
0.124126
0.129932
0.124111
0.120985
0.122141
0.122290
0.126706
0.121330
0.124126
0.123932
0.132086
0.126460
0.127667
0.124720
0.132353
0.131712
0.132162
0.147226
0.145575
0.139251
0.130042
0.157233
0.142149
0.149905
0.141915
0.144444
0.144190
0.128374
0.122658
0.123569
0.134431
0.132707
0.137221
0.124288
0.120556
0.129132
0.128367
0.128585
0.131346
0.132239
0.129758
0.123145
0.124613
0.125930
0.124703
0.123127
0.123403
0.122444
0.124403
0.134512
0.137427
0.129696
0.135691
0.129886
0.120758
0.123094
0.121569
0.121581
0.121495
0.122146
0.127701
0.125072
0.124252
0.122851
0.122348
0.121978
0.127321
0.122179
0.123182
0.123996
0.123296
0.127748
0.122306
0.120150
0.125739
0.127394
0.125740
0.124693
0.123892
0.125235
0.123529
0.123100
0.124011
0.122524
0.124371
0.124148
0.125315
0.123325
0.120586
0.122959
0.121834
0.123342
0.123272
0.124175
0.123656
0.123170
0.123996
0.122492
0.124882
0.123268
0.131434
0.126077
0.122479
0.124822
0.123407
0.122789
0.126533
0.121982
0.125925
0.123681
0.124555
0.126546
0.124373
0.124505
0.123128
0.127099
0.125737
0.125676
0.125600
0.122729
0.122639
0.122708
0.126808
0.122197
0.126647
0.121936
0.122558
0.123616
0.125683
0.124013
0.121802
0.122253
0.123037
0.124616
0.125851
0.122286
0.125213
0.122416
0.124131
0.123905
0.127887
0.126341
0.123888
0.125406
0.123162
0.122415
0.123124
0.122933
0.123900
0.124345
0.124761
0.122905
0.124399
0.121452
0.128238
0.124095
0.122024
0.121895
0.126950
0.121715
0.124482
0.122218
0.125904
0.125677
0.123016
0.124840
0.121807
0.124038
0.127014
0.126145
0.123039
0.122084
0.123239
0.121689
0.125549
0.123500
0.122390
0.122061
0.124995
0.125440
0.122192
0.130316
0.126831
0.123264
0.125259
0.124576
0.123996
0.122382
0.123514
0.120892
0.122565
0.124467
0.122495
0.123333
0.122511
0.120597
0.125959
0.122597
0.126133
0.122826
0.123075
0.124325
0.121025
0.120232
0.121918
0.124473
0.125664
0.122131
0.127665
0.127906
0.123358
0.123721
0.122941
0.126804
0.124423
0.124191
0.123950
0.123000
0.124485
0.120906
0.125817
0.136394
0.123811
0.123106
0.123454
0.126439
0.124601
0.127869
0.126325
0.123448
0.125927
0.121860
0.125258
0.123194
0.122680
0.123185
0.124476
0.127004
0.125952
0.125198
0.123442
0.122722
0.124988
0.121840
0.126209
0.123788
0.125749
0.124597
0.125831
0.124870
0.124985
0.122466
0.123474
0.124903
0.125465
0.127542
0.123703
0.123428
0.122587
0.123074
0.122958
0.132358
0.127333
0.127533
0.122397
0.124180
0.124436
0.123184
0.124123
0.123446
0.125438
0.125963
0.125758
0.125951
0.123138
0.123654
0.126479
0.125213
0.125723
0.123380
0.121782
0.124001
0.123297
0.121596
0.121572
0.123866
0.125790
0.124829
0.123717
0.125911
0.123737
0.121803
0.123472
0.122058
0.123482
0.132775
0.122789
0.124393
0.122461
0.122995
0.125441
0.138207
0.123655
0.121387
0.121040
0.127245
0.124767
0.126873
0.128294
0.124098
0.125488
0.122021
0.124215
0.120291
0.122712
0.120959
0.123077
0.128784
0.122983
0.125339
0.123567
0.121660
0.125489
0.122844
0.124254
0.122436
0.121027
0.127667
0.121997
0.123532
0.121915
0.121173
0.124147
0.122516
0.123085
0.123850
0.123650
0.121744
0.122404
0.122498
0.123127
0.121361
0.125417
0.122554
0.123705
0.121876
0.120014
0.123494
0.122219
0.122573
0.123340
0.125119
0.121628
0.122657
0.122198
0.122023
0.124148
0.124959
0.123844
0.123792
0.123616
0.126134
0.125250
0.122851
0.123848
0.122504
0.124257
0.123666
0.122553
0.124068
0.122832
0.123784
0.123860
0.122102
0.124209
0.124657
0.124406
0.122652
0.120400
0.123592
0.122722
0.124509
0.131650
0.125902
0.122601
0.124268
0.123727
0.122504
0.121079
0.123209
0.125718
0.129440
0.122494
0.122101
0.122272
0.124254
0.121962
0.126077
0.123502
0.126235
0.124388
0.123376
0.122691
0.125578
0.122374
0.126299
0.124148
0.124817
0.121618
0.121236
0.125281
0.123451
0.122847
0.123224
0.124998
0.119721
0.122417
0.123389
0.122486
0.125041
0.122235
0.124311
0.127926
0.125626
0.123400
0.122052
0.124114
0.126587
0.122389
0.123334
0.123634
0.123850
0.124023
0.123355
0.122207
0.123807
0.126096
0.123716
0.122479
0.123330
0.123684
0.124116
0.121966
0.123075
0.123112
0.123357
0.124310
0.124692
0.124442
0.125635
0.125120
0.124687
0.122745
0.123006
0.124094
0.122712
0.125470
0.123635
0.124278
0.122869
0.123191
0.124202
0.128016
0.128877
0.123108
0.124303
0.122205
0.125019
0.121774
0.121059
0.120865
0.124733
0.125488
0.125721
0.123876
0.124248
0.123064
0.122396
0.123455
0.122448
0.124108
0.122759
0.124764
0.123150
0.121423
0.123138
0.122040
0.123383
0.124342
0.121936
0.124685
0.123121
0.123343
0.122274
0.123664
0.123059
0.124388
0.124879
0.123667
0.123307
0.123070
0.122666
0.124624
0.133340
0.124008
0.126410
0.124056
0.121804
0.122085
0.122091
0.123987
0.124010
0.125886
0.123205
0.124057
0.124003
0.123569
0.123194
0.123383
0.125284
0.123420
0.122928
0.121950
0.121826
0.125154
0.122101
0.124986
0.122719
0.124532
0.123595
0.126622
0.123092
0.121699
0.125823
0.123312
0.122876
0.123330
0.124388
0.123898
0.123225
0.122109
0.122518
0.121763
0.121553
0.126261
0.123190
0.123740
0.123619
0.124275
0.123468
0.120028
0.122100
0.123772
0.124971
0.123215
0.123002
0.121316
0.121324
0.123454
0.125979
0.121528
0.122600
0.122145
0.124435
0.123738
0.123570
0.123056
0.123035
0.123704
0.122995
0.121435
0.121874
0.121580
0.123025
0.122486
0.124964
0.123687
0.125582
0.122763
0.123475
0.122595
0.123198
0.121706
0.123149
0.129292
0.124222
0.123307
0.122858
0.122937
0.121806
0.122568
0.121205
0.122978
0.124296
0.123220
0.122784
0.122364
0.122937
0.122132
0.122247
0.122452
0.123671
0.127149
0.121668
0.123741
0.120889
0.124142
0.122242
0.124558
0.126004
0.122146
0.122180
0.121145
0.123200
0.122937
0.124194
0.124703
0.123336
0.123807
0.124455
0.122565
0.124087
0.121504
0.122419
0.122860
0.128792
0.126530
0.122580
0.122266
0.123810
0.123055
0.122258
0.125362
0.123123
0.124340
0.123335
0.124683
0.124584
0.121678
0.121358
0.121837
0.123927
0.123058
0.124649
0.121741
0.123708
0.124052
0.123875
0.124115
0.123550
0.125518
0.121958
0.121899
0.122923
0.123493
0.122575
0.123361
0.124708
0.122978
0.123542
0.123940
0.121873
0.121864
0.121972
0.122229
0.130370
0.121545
0.122200
0.122031
0.123049
0.123788
0.123487
0.123787
0.120929
0.125702
0.122103
0.123333
0.122287
0.120512
0.120395
0.119379
0.122998
0.123701
0.122778
0.123618
0.124334
0.120972
0.123063
0.122763
0.120755
0.122544
0.123734
0.120495
0.123615
0.122138
0.121262
0.123580
0.121897
0.121800
0.121077
0.123550
0.123271
0.122968
0.126774
0.123381
0.123407
0.128049
0.124198
0.120160
0.121912
0.122070
0.123184
0.122144
0.124941
0.122027
0.125339
0.124358
0.122785
0.124279
0.123536
0.122217
0.123971
0.126440
0.124609
0.123612
0.122955
0.121977
0.123871
0.125455
0.122457
0.123391
0.123586
0.122378
0.123899
0.123001
0.122809
0.121215
0.123340
0.121538
0.124510
0.123181
0.126187
0.122046
0.122908
0.124298
0.123368
0.129466
0.123389
0.123679
0.122219
0.120988
0.122594
0.124310
0.122187
0.122728
0.123893
0.121307
0.121268
0.125330
0.121266
0.124800
0.124903
0.124906
0.130195
0.122878
0.122421
0.123314
0.121543
0.123388
0.124668
0.121785
0.125144
0.124589
0.122391
0.123884
0.123585
0.121252
0.122712
0.121027
0.122798
0.122576
0.123525
0.123471
0.122244
0.122682
0.121440
0.123354
0.129527
0.125902
0.122507
0.121997
0.121477
0.122020
0.120403
0.120726
0.122734
0.123899
0.120917
0.122975
0.121633
0.121695
0.124234
0.121470
0.130078
0.122958
0.121088
0.123178
0.122202
0.123104
0.123728
0.124324
0.120964
0.125196
0.122565
0.120655
0.121435
0.121520
0.121733
0.122574
0.120994
0.123544
0.124829
0.123151
0.124625
0.121448
0.122122
0.121819
0.125581
0.128528
0.122772
0.124520
0.125317
0.121565
0.122263
0.120141
0.122095
0.122020
0.122819
0.123426
0.121004
0.122500
0.121331
0.121794
0.126636
0.122207
0.124238
0.122367
0.121408
0.119935
0.123139
0.130005
0.121593
0.121071
0.124265
0.122132
0.123064
0.121814
0.120556
0.125196
0.124453
0.123544
0.125136
0.121703
0.123444
0.122753
0.123738
0.123439
0.124195
0.131416
0.122863
0.125006
0.123360
0.122968
0.122229
0.123124
0.121599
0.124135
0.123801
0.120978
0.124439
0.120784
0.123063
0.122937
0.123021
0.122533
0.123189
0.124134
0.123359
0.123966
0.123052
0.121401
0.124181
0.125004
0.123171
0.121962
0.121114
0.122793
0.122724
0.122249
0.123573
0.124581
0.124756
0.121032
0.121275
0.122080
0.125458
0.125477
0.122288
0.124148
0.127890
0.123035
0.122380
0.121688
0.122357
0.122993
0.122899
0.123636
0.123184
0.120939
0.122281
0.120422
0.123404
0.123552
0.124192
0.122944
0.122724
0.124642
0.121743
0.122340
0.123652
0.122277
0.120142
0.123580
0.124815
0.123971
0.125198
0.120678
0.120451
0.120767
0.123820
0.121964
0.122757
0.124014
0.122194
0.122767
0.123634
0.124180
0.121574
0.123969
0.131988
0.121468
0.122379
0.123746
0.122106
0.122160
0.123394
0.122477
0.124472
0.122298
0.121036
0.120999
0.122871
0.122304
0.122128
0.124434
0.121423
0.125751
0.121263
0.124655
0.123372
0.121363
0.121539
0.122361
0.121750
0.123163
0.120089
0.122362
0.121965
0.121174
0.124226
0.122323
0.120640
0.124262
0.126817
0.123387
0.122705
0.122782
0.122697
0.121422
0.125565
0.128587
0.124993
0.120587
0.122173
0.122162
0.125940
0.122780
0.126092
0.122299
0.123825
0.125824
0.123675
0.122440
0.122505
0.127056
0.121344
0.122092
0.123217
0.122874
0.125328
0.123564
0.122026
0.123296
0.121477
0.123962
0.122676
0.124453
0.123800
0.121374
0.121750
0.121837
0.122223
0.122414
0.122684
0.125368
0.121425
0.122779
0.125272
0.123637
0.123228
0.127228
0.126542
0.121614
0.124417
0.123322
0.120010
0.124155
0.120155
0.124837
0.126043
0.122577
0.124253
0.123283
0.122078
0.122241
0.123286
0.123001
0.122237
0.122869
0.120923
0.123645
0.124275
0.121534
0.124529
0.124086
0.125321
0.123850
0.123133
0.121207
0.123653
0.121620
0.123868
0.121623
0.122671
0.123201
0.124993
0.122927
0.125129
0.123263
0.121538
0.121922
0.130531
0.123412
0.121439
0.121000
0.122873
0.122080
0.121251
0.123427
0.124285
0.123351
0.122998
0.124480
0.122566
0.123510
0.123531
0.123375
0.125339
0.123176
0.121847
0.120075
0.121030
0.124407
0.125483
0.122735
0.122935
0.126748
0.122995
0.123206
0.121157
0.124929
0.123214
0.126175
0.122582
0.126162
0.124742
0.120765
0.121230
0.121577
0.123317
0.121657
0.124658
0.128246
0.124940
0.121891
0.124566
0.122582
0.123205
0.123556
0.123832
0.123324
0.123195
0.123554
0.124869
0.122440
0.123354
0.122392
0.123484
0.124826
0.126445
0.122836
0.122542
0.122285
0.122732
0.123845
0.123166
0.127249
0.124394
0.123382
0.122689
0.122041
0.122611
0.122172
0.123425
0.122965
0.125072
0.126741
0.125629
0.122492
0.128544
0.128030
0.127444
0.130844
0.123482
0.124756
0.123701
0.124635
0.123770
0.122007
0.122367
0.122746
0.123941
0.124427
0.122646
0.124225
0.126217
0.120142
0.121627
0.123047
0.127130
0.122964
0.124016
0.123673
0.121938
0.123543
0.124887
0.130135
0.123837
0.124085
0.121587
0.123783
0.123565
0.122139
0.123145
0.123105
0.122790
0.122429
0.123597
0.121611
0.124123
0.122788
0.122446
0.130844
0.124254
0.123722
0.123428
0.122662
0.123109
0.125717
0.122972
0.122847
0.122317
0.120712
0.125845
0.124780
0.123397
0.122326
0.122733
0.122506
0.124167
0.123530
0.122189
0.125108
0.122607
0.124686
0.121828
0.122424
0.122834
0.122628
0.121769
0.122310
0.121158
0.124616
0.122608
0.122891
0.125036
0.124117
0.122488
0.124037
0.124510
0.123216
0.121907
0.123209
0.128629
0.122599
0.122323
0.120961
0.121001
0.121353
0.121788
0.125129
0.126248
0.123337
0.123154
0.123143
0.124830
0.124657
0.121375
0.121199
0.122124
0.121560
0.123204
0.123152
0.125525
0.125185
0.123059
0.123448
0.123213
0.123581
0.123992
0.122019
0.121000
0.121981
0.124561
0.121314
0.121526
0.123890
0.122791
0.122839
0.122984
0.124271
0.122877
0.123148
0.131842
0.125019
0.123402
0.122724
0.124704
0.124749
0.122517
0.122296
0.122667
0.122188
0.122216
0.123605
0.121657
0.123131
0.123403
0.124119
0.124198
0.125559
0.122695
0.130946
0.130968
0.121746
0.120440
0.121739
0.125994
0.124009
0.121929
0.121298
0.120390
0.124470
0.123687
0.123143
0.123840
0.125004
0.123451
0.121675
0.121652
0.121637
0.122057
0.121173
0.123118
0.129065
0.122591
0.124180
0.121946
0.125630
0.122797
0.124737
0.125949
0.125284
0.123868
0.123643
0.124180
0.126524
0.123744
0.122390
0.123404
0.125561
0.123611
0.122040
0.122374
0.122923
0.121147
0.125394
0.123743
0.124309
0.122440
0.123172
0.121990
0.122251
0.122687
0.123556
0.121264
0.122593
0.124658
0.122306
0.123213
0.123617
0.123346
0.122668
0.121439
0.132582
0.125502
0.122538
0.123219
0.122122
0.122607
0.126167
0.122995
0.121761
0.123538
0.123695
0.126217
0.121867
0.122966
0.122272
0.122998
0.124836
0.124081
0.121814
0.122913
0.122381
0.123697
0.122427
