 7312 root      20   0  700036 112144  65368 S  10.0  0.3   0:06.77 usb_cam_node
 7312 root      20   0  700036 112144  65368 S   5.8  0.3   0:06.83 usb_cam_node
 7312 root      20   0  700036 112144  65368 S   5.8  0.3   0:06.89 usb_cam_node
 7312 root      20   0  700036 112144  65368 S   5.8  0.3   0:06.95 usb_cam_node
 7312 root      20   0  700036 112144  65368 S   6.8  0.3   0:07.02 usb_cam_node
 7312 root      20   0  700036 112144  65368 S   5.8  0.3   0:07.08 usb_cam_node
 7312 root      20   0  700036 112144  65368 S   6.7  0.3   0:07.15 usb_cam_node
 7312 root      20   0  700036 112144  65368 S   5.8  0.3   0:07.21 usb_cam_node
 7312 root      20   0  700036 112144  65368 S   6.7  0.3   0:07.28 usb_cam_node
 7312 root      20   0  700036 112144  65368 S   4.9  0.3   0:07.33 usb_cam_node
 7312 root      20   0  700036 112144  65368 S   7.7  0.3   0:07.41 usb_cam_node
 7312 root      20   0  700036 112144  65368 S   5.7  0.3   0:07.47 usb_cam_node
 7312 root      20   0  700036 112144  65368 S   6.8  0.3   0:07.54 usb_cam_node
 7312 root      20   0  700036 112144  65368 S   5.8  0.3   0:07.60 usb_cam_node
 7312 root      20   0  700036 112144  65368 S   5.8  0.3   0:07.66 usb_cam_node
 7312 root      20   0  700036 112144  65368 S   6.7  0.3   0:07.73 usb_cam_node
 7312 root      20   0  700036 112144  65368 S   4.8  0.3   0:07.78 usb_cam_node
 7312 root      20   0  700036 112144  65368 S   7.8  0.3   0:07.86 usb_cam_node
 7312 root      20   0  700036 112144  65368 S   5.8  0.3   0:07.92 usb_cam_node
 7312 root      20   0  700036 112144  65368 S   7.7  0.3   0:08.00 usb_cam_node
 7312 root      20   0  700036 112144  65368 S   5.8  0.3   0:08.06 usb_cam_node
 7312 root      20   0  700036 112144  65368 R   5.8  0.3   0:08.12 usb_cam_node
 7312 root      20   0  700036 112144  65368 S   6.7  0.3   0:08.19 usb_cam_node
 7312 root      20   0  700036 112144  65368 S   6.7  0.3   0:08.26 usb_cam_node
 7312 root      20   0  700036 112144  65368 S   6.7  0.3   0:08.33 usb_cam_node
 7312 root      20   0  700036 112144  65368 S   4.8  0.3   0:08.38 usb_cam_node
 7312 root      20   0  700036 112144  65368 S   8.7  0.3   0:08.47 usb_cam_node
 7312 root      20   0  700036 112144  65368 S   4.8  0.3   0:08.52 usb_cam_node
 7312 root      20   0  700036 112144  65368 S   7.8  0.3   0:08.60 usb_cam_node
 7312 root      20   0  700036 112144  65368 S   5.8  0.3   0:08.66 usb_cam_node
 7312 root      20   0  700036 112144  65368 R   5.8  0.3   0:08.72 usb_cam_node
 7312 root      20   0  700036 112144  65368 S   7.8  0.3   0:08.80 usb_cam_node
 7312 root      20   0  700036 112144  65368 S   4.8  0.3   0:08.85 usb_cam_node
 7312 root      20   0  700036 112144  65368 S   7.7  0.3   0:08.93 usb_cam_node
 7312 root      20   0  700036 112144  65368 S   6.7  0.3   0:09.00 usb_cam_node
 7312 root      20   0  700036 112144  65368 S   6.8  0.3   0:09.07 usb_cam_node
 7312 root      20   0  700036 112144  65368 S   4.8  0.3   0:09.12 usb_cam_node
 7312 root      20   0  700036 112144  65368 S   6.7  0.3   0:09.19 usb_cam_node
 7312 root      20   0  700036 112144  65368 S   5.8  0.3   0:09.25 usb_cam_node
 7312 root      20   0  700036 112144  65368 R   4.9  0.3   0:09.30 usb_cam_node
 7312 root      20   0  700036 112144  65368 S   7.7  0.3   0:09.38 usb_cam_node
 7312 root      20   0  700036 112144  65368 S   4.8  0.3   0:09.43 usb_cam_node
 7312 root      20   0  700036 112144  65368 S   6.7  0.3   0:09.50 usb_cam_node
 7312 root      20   0  700036 112144  65368 S   4.9  0.3   0:09.55 usb_cam_node
 7312 root      20   0  700036 112144  65368 S   7.7  0.3   0:09.63 usb_cam_node
 7312 root      20   0  700036 112144  65368 S   6.7  0.3   0:09.70 usb_cam_node
 7312 root      20   0  700036 112144  65368 S   7.8  0.3   0:09.78 usb_cam_node
 7312 root      20   0  700036 112144  65368 S   5.8  0.3   0:09.84 usb_cam_node
 7312 root      20   0  700036 112144  65368 R   5.8  0.3   0:09.90 usb_cam_node
 7312 root      20   0  700036 112144  65368 S   7.8  0.3   0:09.98 usb_cam_node
 7312 root      20   0  700036 112144  65368 S   5.8  0.3   0:10.04 usb_cam_node
 7312 root      20   0  700036 112144  65368 S   8.7  0.3   0:10.13 usb_cam_node
 7312 root      20   0  700036 112144  65368 S   6.7  0.3   0:10.20 usb_cam_node
 7312 root      20   0  700036 112144  65368 S   7.6  0.3   0:10.28 usb_cam_node
 7312 root      20   0  700036 112144  65368 S   5.8  0.3   0:10.34 usb_cam_node
 7312 root      20   0  700036 112144  65368 S   7.7  0.3   0:10.42 usb_cam_node
 7312 root      20   0  700036 112144  65368 S   5.8  0.3   0:10.48 usb_cam_node
 7312 root      20   0  700036 112144  65368 S   6.7  0.3   0:10.55 usb_cam_node
 7312 root      20   0  700036 112144  65368 S   5.8  0.3   0:10.61 usb_cam_node
 7312 root      20   0  700036 112144  65368 S   5.8  0.3   0:10.67 usb_cam_node
 7312 root      20   0  700036 112144  65368 S   7.7  0.3   0:10.75 usb_cam_node
 7312 root      20   0  700036 112144  65368 S   4.9  0.3   0:10.80 usb_cam_node
 7312 root      20   0  700036 112144  65368 S   6.7  0.3   0:10.87 usb_cam_node
 7312 root      20   0  700036 112144  65368 S   4.8  0.3   0:10.92 usb_cam_node
 7312 root      20   0  700036 112144  65368 S   7.7  0.3   0:11.00 usb_cam_node
 7312 root      20   0  700036 112144  65368 S   5.8  0.3   0:11.06 usb_cam_node
 7312 root      20   0  700036 112144  65368 S   6.8  0.3   0:11.13 usb_cam_node
 7312 root      20   0  700036 112144  65368 S   6.7  0.3   0:11.20 usb_cam_node
 7312 root      20   0  700036 112144  65368 R   4.8  0.3   0:11.25 usb_cam_node
 7312 root      20   0  700036 112144  65368 S   6.7  0.3   0:11.32 usb_cam_node
 7312 root      20   0  700036 112144  65368 S   5.8  0.3   0:11.38 usb_cam_node
 7312 root      20   0  700036 112144  65368 S   6.7  0.3   0:11.45 usb_cam_node
 7312 root      20   0  700036 112144  65368 S   5.8  0.3   0:11.51 usb_cam_node
 7312 root      20   0  700036 112144  65368 S   5.8  0.3   0:11.57 usb_cam_node
 7312 root      20   0  700036 112144  65368 S   6.7  0.3   0:11.64 usb_cam_node
 7312 root      20   0  700036 112144  65368 S   5.8  0.3   0:11.70 usb_cam_node
 7312 root      20   0  700036 112144  65368 S   7.8  0.3   0:11.78 usb_cam_node
 7312 root      20   0  700036 112144  65368 S   5.7  0.3   0:11.84 usb_cam_node
 7312 root      20   0  700036 112144  65368 S   5.8  0.3   0:11.90 usb_cam_node
 7312 root      20   0  700036 112144  65368 S   5.8  0.3   0:11.96 usb_cam_node
 7312 root      20   0  700036 112144  65368 S   6.7  0.3   0:12.03 usb_cam_node
 7312 root      20   0  700036 112144  65368 S   4.8  0.3   0:12.08 usb_cam_node
 7312 root      20   0  700036 112144  65368 S   7.7  0.3   0:12.16 usb_cam_node
 7312 root      20   0  700036 112144  65368 S   4.9  0.3   0:12.21 usb_cam_node
 7312 root      20   0  700036 112144  65368 S   7.7  0.3   0:12.29 usb_cam_node
 7312 root      20   0  700036 112144  65368 S   5.8  0.3   0:12.35 usb_cam_node
 7312 root      20   0  700036 112144  65368 S   6.7  0.3   0:12.42 usb_cam_node
 7312 root      20   0  700036 112144  65368 S   5.8  0.3   0:12.48 usb_cam_node
 7312 root      20   0  700036 112144  65368 S   5.8  0.3   0:12.54 usb_cam_node
 7312 root      20   0  700036 112144  65368 S   8.6  0.3   0:12.63 usb_cam_node
 7312 root      20   0  700036 112144  65368 S   5.8  0.3   0:12.69 usb_cam_node
 7312 root      20   0  700036 112144  65368 S   6.7  0.3   0:12.76 usb_cam_node
 7312 root      20   0  700036 112144  65368 S   6.7  0.3   0:12.83 usb_cam_node
 7312 root      20   0  700036 112144  65368 S   6.8  0.3   0:12.90 usb_cam_node
 7312 root      20   0  700036 112144  65368 S   5.8  0.3   0:12.96 usb_cam_node
 7312 root      20   0  700036 112144  65368 S   5.8  0.3   0:13.02 usb_cam_node
 7312 root      20   0  700036 112144  65368 S   6.7  0.3   0:13.09 usb_cam_node
 7312 root      20   0  700036 112144  65368 S   4.9  0.3   0:13.14 usb_cam_node
 7312 root      20   0  700036 112144  65368 S   6.7  0.3   0:13.21 usb_cam_node
 7312 root      20   0  700036 112144  65368 S   6.7  0.3   0:13.28 usb_cam_node
