0.169085
0.169805
0.180636
0.175871
0.173258
0.175099
0.174125
0.174619
0.163009
0.174836
0.175386
0.174883
0.177012
0.177172
0.194505
0.192293
0.184399
0.182582
0.173140
0.177196
0.177787
0.183335
0.174432
0.182164
0.173331
0.176493
0.178793
0.173010
0.190666
0.192175
0.181650
0.178058
0.171679
0.224768
0.174594
0.179302
0.179033
0.174581
0.174754
0.181274
0.177315
0.178372
0.163858
0.176177
0.173870
0.174092
0.173143
0.176962
0.190984
0.173715
0.173987
0.173947
0.180499
0.191183
0.186991
0.175657
0.176026
0.176344
0.177689
0.176269
0.173986
0.177906
0.190909
0.173269
0.176933
0.176148
0.179586
0.179091
0.173664
0.178243
0.179714
0.176563
0.173750
0.175968
0.183671
0.175927
0.173542
0.174763
0.190585
0.192347
0.184522
0.181113
0.184530
0.177942
0.177448
0.174287
0.181587
0.180719
0.180619
0.178608
0.177618
0.181301
0.174287
0.178421
0.174866
0.174120
0.182203
0.182416
0.180982
0.178855
0.173267
0.192427
0.185661
0.179085
0.174627
0.177330
0.183353
0.181542
0.187286
0.174098
0.179749
0.182411
0.183067
0.189832
0.197923
0.179988
0.181526
0.181086
0.181991
0.184336
0.180156
0.173443
0.178303
0.177335
0.175659
0.207841
0.186417
0.176287
0.176810
0.176108
0.174865
0.178222
0.174614
0.174013
0.173677
0.176344
0.178121
0.173688
0.174205
0.174537
0.192282
0.176452
0.178750
0.176116
0.173549
0.177417
0.174441
0.175848
0.174459
0.172853
0.174362
0.174077
0.178848
0.175715
0.184680
0.173991
0.171832
0.171354
0.173469
0.177496
0.173231
0.174068
0.176189
0.173834
0.177408
0.172430
0.173268
0.173352
0.173500
0.177473
0.173809
0.173095
0.173552
0.174688
0.170996
0.173917
0.176701
0.174528
0.171769
0.173552
0.172794
0.175543
0.173926
0.184528
0.175469
0.172529
0.173785
0.176853
0.173095
0.173510
0.174402
0.172063
0.173031
0.176234
0.175191
0.174436
0.173481
0.172720
0.173111
0.171053
0.174160
0.174315
0.172900
0.173957
0.175580
0.174063
0.174955
0.173316
0.172410
0.172960
0.175868
0.177222
0.178556
0.176166
0.174668
0.172042
0.174748
0.173720
0.174226
0.174158
0.173021
0.176132
0.172740
0.169244
0.172593
0.172415
0.173217
0.175805
0.172284
0.172927
0.175667
0.173493
0.173517
0.176096
0.172844
0.171660
0.172393
0.173609
0.174137
0.174841
0.184814
0.172945
0.172738
0.172655
0.175052
0.174145
0.172448
0.173550
0.184175
0.172786
0.173780
0.176590
0.174692
0.174390
0.172828
0.173455
0.176156
0.174204
0.172014
0.174652
0.173018
0.174009
0.176546
0.174493
0.174144
0.174730
0.173005
0.173398
0.173623
0.182317
0.172877
0.172559
0.172887
0.174513
0.172167
0.176350
0.171867
0.174657
0.173087
0.175699
0.173406
0.173702
0.173193
0.176813
0.174618
0.173595
0.183030
0.173331
0.172679
0.172729
0.172488
0.175701
0.171819
0.175651
0.175402
0.173801
0.173219
0.179162
0.180293
0.174192
0.174806
0.172142
0.177475
0.173452
0.174291
0.172674
0.173113
0.175347
0.173168
0.172082
0.174175
0.174251
0.172578
0.175400
0.172967
0.172972
0.173704
0.171340
0.172527
0.174588
0.171986
0.173523
0.171874
0.172913
0.173536
0.181904
0.184397
0.172118
0.173744
0.173172
0.174592
0.171773
0.174044
0.188307
0.173127
0.172106
0.175587
0.175511
0.169238
0.173505
0.174264
0.173176
0.174649
0.173937
0.173765
0.173474
0.173453
0.172644
0.173359
0.172721
0.175288
0.173812
0.172836
0.174566
0.172782
0.186381
0.174324
0.172463
0.179213
0.172968
0.172976
0.172791
0.173169
0.174454
0.173382
0.175579
0.172951
0.173141
0.174787
0.172278
0.174514
0.175055
0.174552
0.175654
0.172464
0.173038
0.183524
0.173249
0.172417
0.171846
0.172325
0.172075
0.178973
0.177408
0.180266
0.174216
0.174552
0.172199
0.176508
0.178755
0.171724
0.173140
0.173897
0.175026
0.173425
0.173100
0.176593
0.171011
0.172598
0.176540
0.177398
0.173776
0.171943
0.175230
0.172268
0.178454
0.182577
0.184143
0.172009
0.172256
0.175056
0.170515
0.181866
0.175560
0.173409
0.175504
0.178103
0.178657
0.174120
0.173694
0.174446
0.172573
0.176599
0.175363
0.175108
0.173226
0.173367
0.178725
0.172536
0.170988
0.173762
0.172602
0.173105
0.178777
0.175376
0.171887
0.171362
0.178679
0.171700
0.172975
0.176084
0.178861
0.173056
0.175034
0.182007
0.176377
0.170998
0.172426
0.173860
0.172135
0.175964
0.175950
0.172909
0.171104
0.173221
0.174816
0.177755
0.175620
0.176038
0.173490
0.175830
0.173593
0.173925
0.171942
0.172717
0.176369
0.171594
0.176621
0.175591
0.183471
0.173534
0.171553
0.172292
0.174141
0.171805
0.173489
0.172667
0.171957
0.173124
0.174653
0.174276
0.175357
0.173142
0.173246
0.172846
0.173121
0.174536
0.172875
0.172043
0.172443
0.176130
0.175114
0.175203
0.177274
0.172442
0.173292
0.172954
0.173123
0.185971
0.172907
0.173595
0.174048
0.171891
0.180911
0.173486
0.172711
0.172332
0.172576
0.175597
0.176781
0.173978
0.172876
0.175883
0.176796
0.172613
0.173864
0.173989
0.173118
0.173217
0.174599
0.171932
0.172956
0.172303
0.173656
0.172203
0.173325
0.179802
0.179249
0.173795
0.172746
0.176734
0.179944
0.172956
0.174083
0.171987
0.172935
0.175676
0.172723
0.173939
0.171935
0.173756
0.173965
0.176983
0.173129
0.170830
0.183403
0.174175
0.172967
0.174032
0.172270
0.173356
0.173260
0.173989
0.175275
0.173694
0.181575
0.176686
0.184705
0.171727
0.175310
0.171857
0.173092
0.171803
0.171994
0.172227
0.177646
0.171539
0.173848
0.172367
0.173148
0.172342
0.175964
0.177206
0.171889
0.171301
0.172733
0.176589
0.174168
0.172150
0.173539
0.171584
0.173376
0.173284
0.174009
0.181469
0.173513
0.171057
0.170439
0.174361
0.173817
0.171297
0.172704
0.173188
0.175363
0.174456
0.171709
0.175971
0.173090
0.174387
0.173981
0.174468
0.174291
0.172962
0.173356
0.172917
0.176927
0.173792
0.172116
0.174531
0.173914
0.172693
0.173450
0.172495
0.183832
0.172629
0.173594
0.171714
0.174675
0.173428
0.172021
0.172032
0.174419
0.174686
0.174122
0.184324
0.171776
0.173512
0.172040
0.177067
0.171806
0.174004
0.172599
0.176886
0.173474
0.174687
0.170579
0.173346
0.171786
0.172503
0.171875
0.183231
0.180623
0.169369
0.172227
0.176939
0.176065
0.172115
0.172424
0.172602
0.173232
0.173551
0.177264
0.172744
0.172975
0.173498
0.172787
0.172590
0.174326
0.174509
0.173002
0.176539
0.173791
0.177153
0.172452
0.172799
0.172876
0.171791
0.172747
0.177446
0.173266
0.183354
0.171560
0.178303
0.172077
0.175895
0.174437
0.175515
0.173216
0.170334
0.175953
0.173117
0.173393
0.174043
0.170554
0.172302
0.173757
0.173192
0.172537
0.172810
0.174206
0.172650
0.176633
0.173672
0.172837
0.174277
0.172155
0.181840
0.174947
0.172857
0.185841
0.172284
0.171323
0.176370
0.178836
0.173051
0.172140
0.176166
0.171784
0.176699
0.170750
0.175585
0.171062
0.170339
0.174406
0.176158
0.175550
0.174199
0.175201
0.172464
0.173011
0.176252
0.172717
0.173017
0.175140
0.176425
0.174541
0.173242
0.180017
0.177660
0.171965
0.176511
0.176230
0.174197
0.173731
0.177223
0.174641
0.172631
0.175075
0.173134
0.174933
0.180635
0.173538
0.173507
0.178415
0.173741
0.172289
0.173929
0.173477
0.175945
0.174615
0.173105
0.174547
0.171217
0.173890
0.174783
0.173246
0.185070
0.174052
0.172105
0.173523
0.172830
0.172963
0.173947
0.166400
0.174738
0.173479
0.176201
0.175930
0.175010
0.171175
0.170357
0.176482
0.172543
0.174106
0.173088
0.174743
0.172440
0.179636
0.172823
0.173812
0.172227
0.173155
0.172773
0.173158
0.174691
0.185831
0.172700
0.175341
0.173797
0.172674
0.174397
0.172773
0.174414
0.174351
0.177554
0.171818
0.175514
0.173054
0.174882
0.171588
0.175189
0.173051
0.173362
0.172595
0.173429
0.174032
0.173350
0.174197
0.172921
0.167262
0.173277
0.174846
0.174415
0.177696
0.177496
0.173474
0.173745
0.174913
0.172007
0.175925
0.172663
0.172530
0.173002
0.173422
0.176235
0.173223
0.172101
0.172685
0.173128
0.174525
0.175229
0.174951
0.173810
0.176145
0.174247
0.172339
0.173768
0.173528
0.173906
0.173268
0.177124
0.174085
0.185207
0.175442
0.172695
0.173149
0.173358
0.171789
0.171849
0.171159
0.175015
0.172576
0.174324
0.171588
0.176591
0.176412
0.173122
0.177475
0.172302
0.174543
0.173727
0.172122
0.173327
0.176059
0.173727
0.176092
0.172072
0.170352
0.174157
0.174718
0.175696
0.181344
0.174919
0.172232
0.173677
0.178624
0.172404
0.171077
0.174012
0.176348
0.171651
0.173000
0.172628
0.173343
0.173745
0.174014
0.175337
0.174777
0.172621
0.177036
0.173352
0.172857
0.172748
0.174332
0.171084
0.172383
0.172657
0.176431
0.176082
0.178857
0.173535
0.174146
0.173058
0.174486
0.174991
0.171762
0.175222
0.173887
0.172421
0.173958
0.172053
0.174328
0.174380
0.172158
0.171541
0.173060
0.183081
0.174490
0.172490
0.174740
0.175028
0.173692
0.175011
0.174170
0.177125
0.172996
0.175547
0.172128
0.181147
0.176235
0.174085
0.172463
0.174377
0.173947
0.173056
0.170724
0.173351
0.173281
0.174114
0.174061
0.175212
0.180139
0.175915
0.175094
0.171825
0.173734
0.172442
0.171492
0.173918
0.174295
0.173583
0.173496
0.173748
0.175018
0.170669
0.172101
0.172256
0.182417
0.172921
0.172141
0.174720
0.175014
0.173201
0.174500
0.172173
0.175790
0.173962
0.173156
0.172502
0.175442
0.175704
0.173506
0.172812
0.173483
0.174894
0.173258
0.172420
0.174579
0.172975
0.172896
0.172497
0.171885
0.172832
0.177495
0.175272
0.177269
0.179412
0.170037
0.173717
0.178775
0.172864
0.173951
0.172684
0.173954
0.174548
0.174953
0.173200
0.175046
0.171376
0.185488
0.173458
0.175099
0.172500
0.172875
0.173197
0.174023
0.177388
0.173748
0.172753
0.172170
0.173780
0.172854
0.176486
0.176210
0.181199
0.173683
0.172218
0.170391
0.172049
0.172625
0.173807
0.168795
0.173904
0.176892
0.179479
0.172794
0.173891
0.174567
0.172436
0.172787
0.173914
0.174183
0.175817
0.171997
0.173912
0.172677
0.174795
0.171466
0.172710
0.172834
0.172808
0.175929
0.173453
0.179692
0.171501
0.172609
0.173597
0.171977
0.173954
0.173264
0.172425
0.184644
0.175708
0.176050
0.172931
0.172575
0.173787
0.172907
0.174520
0.173877
0.174726
0.173395
0.171799
0.174157
0.172869
0.172255
0.171820
0.175325
0.172049
0.174909
0.171376
0.173127
0.180534
0.175694
0.173130
0.177526
0.175318
0.175694
0.172452
0.171217
0.174185
0.174026
0.172408
0.175379
0.171634
0.172975
0.176687
0.174377
0.173882
0.171011
0.172701
0.172210
0.174877
0.171613
0.174448
0.174040
0.172547
0.173388
0.174356
0.172183
0.180932
0.177150
0.173169
0.173259
0.175637
0.175103
0.176126
0.172271
0.174146
0.175005
0.174329
0.172705
0.174880
0.173025
0.172988
0.176862
0.174748
0.175922
0.173291
0.174316
0.171940
0.175370
0.172227
0.173035
0.172728
0.172192
0.177220
0.172804
0.175328
0.184630
0.173325
0.172839
0.171833
0.173773
0.172111
0.172294
0.173014
0.173692
0.173534
0.174723
0.173377
0.171377
0.172159
0.172474
0.176127
0.172981
0.173654
0.172510
0.171307
0.174625
0.174554
0.174334
0.174197
0.173137
0.174432
0.175110
0.174112
0.174890
0.181306
0.173838
0.173029
0.176402
0.172352
0.174191
0.176597
0.173332
0.171637
0.173200
0.172174
0.175738
0.172450
0.173607
0.173345
0.177247
0.170388
0.176880
0.170548
0.175251
0.172532
0.172874
0.174986
0.173267
0.172510
0.172126
0.178137
0.171524
0.177697
0.181366
0.172753
0.173998
0.176244
0.174127
0.172490
0.171187
0.173983
0.170745
0.171709
0.172553
0.173023
0.175849
0.171928
0.178705
0.171271
0.176393
0.173888
0.172115
0.173212
0.174274
0.171941
0.171864
0.173180
0.173844
0.172096
0.173109
0.172694
0.177181
0.179385
0.174655
0.173151
0.173511
0.172975
0.173916
0.173390
0.173573
0.179347
0.200440
0.184016
0.187733
0.178025
0.190046
0.187528
0.187891
0.186995
0.174939
0.179499
0.181399
0.195194
0.189810
0.179239
0.181501
0.174872
0.183869
0.176356
0.183511
0.177324
0.175488
0.183251
0.172345
0.194632
0.163212
0.175070
0.172923
0.175582
0.172290
0.192953
0.195795
0.177713
0.182700
0.218796
0.175709
0.182824
0.177691
0.187685
0.200140
0.180795
0.217964
0.173353
0.177920
0.174697
