0.183448
0.179447
0.173175
0.175063
0.172348
0.168411
0.166844
0.171158
0.179942
0.170259
0.177245
0.170179
0.172758
0.179709
0.17568
0.194894
0.193118
0.174082
0.174475
0.171799
0.171337
0.178917
0.173511
0.173102
0.171371
0.171911
0.173309
0.175036
0.173947
0.171367
0.174377
0.167507
0.171728
0.172321
0.173618
0.169854
0.174012
0.173547
0.173802
0.175664
0.171998
0.169478
0.170898
0.171489
0.179624
0.168626
0.171264
0.171102
0.176072
0.173666
0.174694
0.17274
0.171605
0.170268
0.174532
0.17434
0.169535
0.170731
0.175609
0.175221
0.173561
0.17288
0.174726
0.169539
0.171323
0.173059
0.174383
0.171252
0.171839
0.17985
0.172286
0.171875
0.171063
0.170096
0.168104
0.173052
0.174513
0.17096
0.170549
0.173947
0.179215
0.174608
0.174626
0.177313
0.174178
0.170567
0.173015
0.172996
0.171258
0.173344
0.171981
0.173124
0.174982
0.176382
0.172907
0.173568
0.166838
0.172821
0.173911
0.173275
0.173444
0.171828
0.174494
0.17391
0.173616
0.173733
0.172917
0.170563
0.170421
0.170545
0.171035
0.16826
0.171357
0.17186
0.172261
0.17117
0.168085
0.170563
0.176876
0.172044
0.169127
0.171848
0.170922
0.172757
0.172348
0.172231
0.171004
0.166101
0.172826
0.171614
0.171743
0.171328
0.173541
0.17384
0.173177
0.173088
0.170371
0.169023
0.173261
0.174076
0.173046
0.170898
0.171422
0.175186
0.173317
0.172706
0.173678
0.168554
0.171411
0.176771
0.171683
0.170185
0.170925
0.173092
0.173182
0.172657
0.171809
0.16695
0.16874
0.172916
0.174074
0.171736
0.17016
0.173207
0.171861
0.171383
0.17221
0.171
0.166285
0.17584
0.171329
0.170274
0.175956
0.173736
0.173739
0.172965
0.174307
0.173144
0.170949
0.167868
0.17754
0.172543
0.172835
0.170989
0.172764
0.17329
0.173958
0.172394
0.170476
0.16788
0.173811
0.174969
0.172223
0.171178
0.171271
0.174107
0.174965
0.173429
0.17156
0.169652
0.170947
0.17255
0.172864
0.170039
0.168728
0.172623
0.172557
0.174039
0.174259
0.169884
0.168879
0.175462
0.172243
0.169836
0.171244
0.173102
0.173266
0.1775
0.170406
0.171905
0.168026
0.170061
0.180544
0.172884
0.170501
0.170633
0.174375
0.172851
0.173175
0.17212
0.175463
0.169968
0.173472
0.173224
0.172623
0.1688
0.174176
0.173537
0.172581
0.172814
0.170986
0.169126
0.169933
0.171944
0.173634
0.16742
0.170363
0.171974
0.173378
0.17306
0.174751
0.170084
0.170985
0.171371
0.173049
0.173113
0.170012
0.173668
0.173088
0.173861
0.174122
0.172507
0.168647
0.172007
0.173516
0.176136
0.170599
0.169932
0.175016
0.173618
0.173723
0.174467
0.174874
0.17291
0.174274
0.175182
0.176457
0.172923
0.172868
0.171852
0.173111
0.173244
0.173725
0.171962
0.17036
0.166387
0.183176
0.17416
0.171339
0.170805
0.172046
0.177887
0.173206
0.17329
0.173537
0.172854
0.168405
0.172744
0.174822
0.172833
0.169892
0.172747
0.172353
0.176623
0.173386
0.17204
0.170033
0.174216
0.17228
0.173004
0.173478
0.171304
0.172681
0.173312
0.172154
0.176049
0.172037
0.166649
0.170472
0.172371
0.169876
0.169884
0.171537
0.173055
0.173819
0.171392
0.169131
0.171497
0.172509
0.172041
0.172561
0.168752
0.17424
0.172276
0.172122
0.173439
0.171055
0.165207
0.169912
0.173467
0.168976
0.167612
0.171829
0.172644
0.172081
0.172735
0.167581
0.168662
0.172352
0.171026
0.171179
0.171423
0.171865
0.172428
0.173292
0.171715
0.169382
0.173823
0.170458
0.175007
0.16926
0.171864
0.174666
0.173094
0.172414
0.171554
0.16948
0.174789
0.170499
0.173006
0.172457
0.171542
0.169679
0.172263
0.177965
0.171697
0.175564
0.173017
0.168777
0.172997
0.171586
0.170784
0.169217
0.171475
0.171723
0.176331
0.171517
0.169627
0.170967
0.173381
0.172933
0.170542
0.16806
0.171976
0.172239
0.172781
0.172944
0.170728
0.170132
0.172627
0.172526
0.17022
0.169486
0.174939
0.173311
0.171578
0.172015
0.170506
0.165936
0.171203
0.172615
0.171072
0.168732
0.172217
0.172902
0.172739
0.173205
0.179529
0.168534
0.171614
0.17333
0.176759
0.171961
0.168548
0.173479
0.180753
0.173788
0.180436
0.172518
0.168322
0.169929
0.174474
0.175928
0.172443
0.16871
0.172211
0.172163
0.171913
0.171719
0.172611
0.170279
0.172827
0.170649
0.170586
0.170016
0.170123
0.17354
0.17316
0.173
0.172289
0.169295
0.172651
0.187816
0.174142
0.170913
0.170285
0.17033
0.171793
0.170934
0.172135
0.172793
0.171226
0.169392
0.173708
0.171047
0.169188
0.169729
0.173052
0.17268
0.172524
0.173546
0.173922
0.167993
0.173903
0.179754
0.171974
0.170676
0.171914
0.176221
0.172306
0.172974
0.172509
0.167829
0.171665
0.170363
0.174105
0.170827
0.169212
0.173619
0.174604
0.174757
0.174374
0.170253
0.17063
0.173879
0.173621
0.16929
0.169846
0.171735
0.173538
0.173645
0.173299
0.174831
0.172479
0.174031
0.174866
0.172463
0.171694
0.170894
0.172659
0.172294
0.172459
0.172203
0.169546
0.171972
0.17446
0.174374
0.172075
0.16981
0.172314
0.173874
0.175387
0.172937
0.172574
0.169258
0.169209
0.172259
0.17568
0.169643
0.16883
0.172388
0.17177
0.175341
0.171479
0.1703
0.168056
0.17482
0.17142
0.170821
0.173508
0.172468
0.173665
0.173337
0.17297
0.172372
0.167858
0.1719
0.173358
0.170889
0.168015
0.171066
0.172221
0.172122
0.173659
0.168399
0.170699
0.178279
0.178762
0.171073
0.1703
0.170232
0.173902
0.174155
0.172047
0.173403
0.170304
0.17008
0.173426
0.172472
0.170664
0.169279
0.169934
0.172326
0.173269
0.174067
0.174512
0.16829
0.172652
0.175029
0.17168
0.170122
0.169979
0.171147
0.173421
0.173514
0.169796
0.166093
0.169881
0.171109
0.169856
0.168955
0.171686
0.172195
0.17383
0.171172
0.172041
0.173962
0.173782
0.17355
0.170912
0.16989
0.173929
0.174343
0.17457
0.173439
0.173478
0.168863
0.16885
0.174316
0.176659
0.174013
0.169407
0.172255
0.17521
0.173093
0.172087
0.168843
0.168585
0.171367
0.173992
0.170521
0.170324
0.169984
0.172948
0.173707
0.173535
0.175875
0.167848
0.17297
0.174206
0.173865
0.173109
0.17228
0.17036
0.1735
0.17358
0.175443
0.174384
0.168142
0.172067
0.173851
0.170375
0.168722
0.169156
0.172553
0.171611
0.172741
0.168687
0.165973
0.171891
0.172547
0.170398
0.175711
0.17021
0.171037
0.17148
0.171545
0.171722
0.167915
0.172892
0.173978
0.173203
0.171787
0.175221
0.174445
0.175635
0.174318
0.172848
0.169663
0.172363
0.171194
0.174966
0.170868
0.170131
0.171587
0.174596
0.17427
0.173561
0.176864
0.170399
0.174282
0.174832
0.175503
0.173085
0.168731
0.170947
0.171834
0.173452
0.173561
0.174053
0.17144
0.170386
0.175591
0.169391
0.17204
0.17357
0.173778
0.173936
0.173857
0.175564
0.174748
0.171994
0.170146
0.174099
0.174979
0.169898
0.170514
0.17771
0.172289
0.173162
0.17207
0.17539
0.167973
0.171333
0.173655
0.179349
0.174544
0.169773
0.17492
0.174046
0.173835
0.173316
0.173937
0.169494
0.173136
0.174006
0.173272
0.172601
0.170978
0.17116
0.172431
0.1733
0.173683
0.167933
0.167079
0.171823
0.173224
0.171578
0.169369
0.172168
0.17159
0.171857
0.171049
0.169702
0.166064
0.173658
0.174799
0.170165
0.169328
0.172614
0.172834
0.172552
0.173377
0.168314
0.169748
0.174328
0.172365
0.169986
0.170522
0.17153
0.172499
0.172626
0.172003
0.172785
0.167214
0.171156
0.172665
0.170641
0.170714
0.171433
0.174181
0.174925
0.174598
0.175842
0.170713
0.169917
0.174012
0.177105
0.171595
0.178729
0.173337
0.174258
0.174724
0.173629
0.173292
0.169921
0.168909
0.173522
0.176294
0.169981
0.169458
0.172484
0.173109
0.171985
0.174538
0.170386
0.166824
0.170974
0.172745
0.169649
0.16988
0.172294
0.173182
0.174968
0.172868
0.17213
0.168205
0.172099
0.172424
0.171027
0.169296
0.171177
0.172895
0.172511
0.171903
0.174057
0.167223
0.17006
0.171737
0.171453
0.17312
0.170038
0.172847
0.173275
0.172092
0.171146
0.167252
0.171481
0.172616
0.169156
0.168867
0.173262
0.172241
0.172376
0.171723
0.170674
0.167463
0.171695
0.172595
0.170413
0.169758
0.169387
0.172133
0.172567
0.17917
0.177141
0.171732
0.170457
0.17315
0.176097
0.169441
0.170723
0.171311
0.173947
0.173651
0.174544
0.168826
0.172342
0.172714
0.17313
0.171432
0.168341
0.172815
0.17356
0.17347
0.172643
0.171687
0.166914
0.172605
0.173329
0.174195
0.171697
0.170805
0.173914
0.173111
0.173387
0.171979
0.168034
0.170991
0.172749
0.178978
0.17148
0.169537
0.170969
0.174828
0.173858
0.176341
0.174201
0.16778
0.170727
0.171834
0.171167
0.170273
0.1704
0.17233
0.172062
0.172301
0.171492
0.168109
0.170146
0.171443
0.169871
0.168548
0.175108
0.171719
0.173123
0.172339
0.182938
0.176193
0.166536
0.171368
0.177994
0.171708
0.167671
0.171372
0.173383
0.172928
0.172333
0.17337
0.167384
0.169835
0.172562
0.170394
0.170443
0.170188
0.174366
0.173519
0.172847
0.173505
0.168148
0.170913
0.173448
0.1707
0.169583
0.172772
0.172447
0.172943
0.173073
0.173102
0.170019
0.17279
0.174358
0.1752
0.173207
0.16901
0.172918
0.175179
0.174801
0.173905
0.17209
0.168623
0.170767
0.171622
0.172108
0.169192
0.170336
0.175242
0.172966
0.172997
0.171533
0.169629
0.168632
0.17381
0.174561
0.171805
0.171226
0.17323
0.173796
0.172831
0.173772
0.174449
0.168425
0.172659
0.17441
0.172179
0.169837
0.171357
0.173156
0.176846
0.174381
0.173416
0.169314
0.167676
0.170761
0.170911
0.169517
0.172805
0.173882
0.171954
0.173912
0.172927
0.170646
0.168453
0.172255
0.173197
0.171706
0.169633
0.171742
0.171627
0.172388
0.174381
0.169634
0.168834
0.175127
0.180163
0.182924
0.172047
0.170107
0.169629
0.173267
0.173497
0.179627
0.174238
0.169879
0.169418
0.174288
0.172399
0.170444
0.171804
0.174205
0.17407
0.173789
0.175047
0.172004
0.172429
0.17156
0.172946
0.17542
0.171154
0.169832
0.176965
0.173869
0.172999
0.174211
0.174135
0.171443
0.169132
0.174315
0.172611
0.169435
0.171212
0.172746
0.172309
0.176947
0.172325
0.167209
0.167724
0.174417
0.17027
0.16844
0.170422
0.173599
0.173639
0.176317
0.17236
0.170618
0.167057
0.172275
0.17062
0.170932
0.171683
0.17251
0.173358
0.176353
0.172392
0.174067
0.167505
0.172158
0.17352
0.171102
0.171053
0.171384
0.172026
0.176487
0.171332
0.177312
0.171436
0.171184
0.173684
0.171852
0.16979
0.16986
0.171359
0.17142
0.170539
0.171407
0.16762
0.169852
0.173603
0.174825
0.171
0.172169
0.170968
0.173673
0.17616
0.173481
0.172726
0.16887
0.174566
0.173786
0.178098
0.169537
0.170828
0.172574
0.171833
0.171298
0.173533
0.170647
0.167377
0.177749
0.173212
0.182748
0.179575
0.183073
0.181308
0.198672
0.180192
0.171139
0.17413
0.174081
0.172289
0.173973
0.169353
0.173077
0.174903
0.176135
0.17236
0.171219
0.174067
0.174759
0.174828
0.172914
0.176436
0.168856
0.167785
0.172849
0.173183
0.170584
0.168607
0.174823
0.172663
0.172816
0.174491
0.169319
0.169683
0.172374
0.172425
0.173221
0.168591
0.169393
0.173553
0.175034
0.173621
0.168125
0.17184
0.170177
0.172585
0.168318
0.172988
0.171816
0.172099
0.170515
0.171756
0.168067
0.166053
0.174469
0.170564
0.167871
0.173558
0.172908
0.172391
0.174441
0.175694
0.177369
0.167535
0.174019
0.171832
0.170769
0.173388
0.173904
0.174229
0.174347
0.175814
0.17385
0.170968
0.173108
0.175084
0.172959
0.174096
0.173531
0.170374
0.175365
0.176541
0.174335
0.176648
0.171972
0.16859
0.171865
0.172268
0.175124
0.172834
0.171499
0.178418
0.175704
0.174194
0.173546
0.175677
0.17118
0.170117
0.172963
0.173812
0.173321
0.16908
0.170848
0.171929
0.172716
0.175036
0.172066
0.166329
0.170006
0.173462
0.172055
0.17243
0.173747
0.173864
0.174968
0.173702
0.175914
0.17081
0.167418
0.173868
0.172066
0.17001
0.172774
0.172093
0.172777
0.173278
0.171791
0.171406
0.167281
0.172703
0.173618
0.172212
0.171681
0.172431
0.174154
0.174489
0.174868
0.173183
0.169641
0.171159
0.173458
0.170816
0.171902
0.169921
0.173316
0.172653
0.171758
0.172622
0.17
0.170777
0.170288
0.173373
0.171557
0.171262
0.170027
0.171672
0.171733
0.17061
0.168786
0.169529
0.171909
0.171001
0.172007
0.169563
0.174027
0.173073
0.17404
0.177056
0.172561
0.169754
0.172022
0.174661
0.181669
0.171114
0.170806
0.178354
0.17459
0.17527
0.172023
0.175687
0.168766
0.168106
0.171921
0.18752
0.181853
0.172889
0.169588
0.170581
0.172123
0.172721
0.171598
0.183874
0.179066
0.167515
0.181751
0.176824
0.178319
0.204668
0.174511
0.175243
0.185974
0.184774
0.175963
0.19244
0.176968
0.179748
0.170516
0.185002
0.168225
0.194565
0.172572
