0.187225
0.186436
0.176057
0.172157
0.174674
0.181045
0.171257
0.174266
0.180513
0.187054
0.182751
0.183725
0.180445
0.172226
0.175604
0.184914
0.194955
0.175373
0.179203
0.177842
0.172945
0.177463
0.169794
0.173961
0.174307
0.173861
0.17198
0.169983
0.170219
0.176954
0.179137
0.174743
0.170989
0.182207
0.173777
0.172765
0.173817
0.179279
0.182056
0.177815
0.198914
0.175188
0.169098
0.187088
0.177839
0.173808
0.183119
0.182778
0.182136
0.171418
0.174377
0.175654
0.180986
0.176188
0.173688
0.180981
0.182127
0.171061
0.179268
0.17429
0.187726
0.176116
0.209409
0.174214
0.173358
0.171924
0.172922
0.175023
0.174898
0.198925
0.186189
0.174483
0.17277
0.17294
0.171385
0.172371
0.174137
0.175162
0.170402
0.173788
0.175528
0.176169
0.175995
0.173787
0.175248
0.174609
0.169826
0.177644
0.17768
0.173981
0.173012
0.174109
0.172703
0.174771
0.175558
0.174493
0.173567
0.170379
0.169128
0.172091
0.174978
0.171081
0.168903
0.173995
0.173316
0.173347
0.173567
0.171445
0.167953
0.171159
0.172992
0.170478
0.171544
0.173226
0.174765
0.174843
0.175925
0.174443
0.174585
0.169214
0.176902
0.175796
0.174692
0.170914
0.173103
0.173591
0.173058
0.175166
0.174634
0.174515
0.169895
0.17355
0.175963
0.172908
0.174762
0.171588
0.17243
0.174833
0.176614
0.175522
0.174339
0.170735
0.171319
0.173117
0.172935
0.170862
0.171065
0.173339
0.172912
0.174726
0.175128
0.174898
0.17006
0.171641
0.175486
0.176692
0.174911
0.171495
0.172726
0.175788
0.175364
0.174355
0.17677
0.175275
0.170792
0.171498
0.173366
0.171817
0.172625
0.173246
0.173315
0.176331
0.17996
0.177444
0.175521
0.17831
0.172532
0.175277
0.171982
0.177655
0.17471
0.17116
0.172515
0.173828
0.173698
0.174201
0.172975
0.171902
0.167858
0.174691
0.174521
0.172356
0.174347
0.174323
0.174816
0.175214
0.175249
0.17563
0.172057
0.170146
0.175188
0.182305
0.173283
0.174287
0.173348
0.175413
0.178997
0.179045
0.176108
0.177775
0.177356
0.17787
0.171616
0.175456
0.180017
0.174863
0.170112
0.170957
0.177276
0.17559
0.175803
0.174415
0.174394
0.173215
0.172374
0.169601
0.183047
0.175471
0.173789
0.170844
0.174472
0.173689
0.174403
0.17755
0.174674
0.174044
0.170924
0.170037
0.177789
0.177767
0.172293
0.17255
0.171495
0.175441
0.17723
0.175633
0.172836
0.17519
0.168098
0.1735
0.176804
0.176323
0.174851
0.174688
0.17442
0.175541
0.175296
0.175098
0.17728
0.175264
0.171522
0.172141
0.17461
0.172981
0.171901
0.171018
0.17194
0.174029
0.173771
0.173879
0.175286
0.169791
0.172318
0.173742
0.174282
0.172081
0.173579
0.177652
0.174622
0.175372
0.174884
0.175891
0.173495
0.167813
0.1711
0.173291
0.171769
0.171091
0.172078
0.174869
0.173698
0.174239
0.173241
0.170487
0.174538
0.176484
0.174075
0.173385
0.170675
0.173086
0.174419
0.175682
0.176495
0.174588
0.17033
0.171043
0.174118
0.17438
0.172812
0.169939
0.171604
0.172017
0.174503
0.172842
0.175713
0.179625
0.1775
0.173811
0.181888
0.18129
0.172491
0.170834
0.170817
0.173861
0.173731
0.173627
0.173822
0.172642
0.167434
0.169313
0.172209
0.173458
0.17107
0.173788
0.173617
0.173586
0.171793
0.173876
0.170205
0.170735
0.175576
0.174025
0.17037
0.169662
0.174115
0.17299
0.174476
0.175486
0.172398
0.171096
0.171835
0.179988
0.17231
0.170016
0.170015
0.172882
0.176205
0.174875
0.176124
0.175537
0.170024
0.1784
0.173365
0.176579
0.175579
0.172169
0.172482
0.175283
0.17597
0.175172
0.17451
0.175791
0.171841
0.170332
0.174351
0.174141
0.173991
0.172828
0.17357
0.174735
0.174233
0.172419
0.172249
0.171908
0.169966
0.173288
0.173951
0.173393
0.177333
0.173558
0.174201
0.174839
0.174193
0.174804
0.174903
0.170726
0.174873
0.175934
0.173223
0.171764
0.169876
0.173226
0.17434
0.173468
0.174626
0.173751
0.174617
0.170522
0.17341
0.172803
0.169383
0.173932
0.172746
0.173952
0.172507
0.172317
0.171769
0.16897
0.174935
0.173743
0.172576
0.17044
0.172772
0.174669
0.173742
0.17379
0.174782
0.169352
0.167542
0.17351
0.1725
0.17202
0.170482
0.175481
0.173287
0.173729
0.174091
0.175653
0.173517
0.171431
0.17575
0.174812
0.172187
0.170053
0.174094
0.172608
0.173573
0.175357
0.175612
0.173286
0.169199
0.176751
0.186495
0.173944
0.171437
0.170771
0.172145
0.174679
0.173752
0.173682
0.173647
0.168804
0.170013
0.17631
0.175166
0.172627
0.171246
0.171802
0.175128
0.175083
0.174766
0.174172
0.17351
0.174033
0.174126
0.175519
0.173334
0.172336
0.172063
0.17489
0.175092
0.173777
0.174491
0.176058
0.173072
0.170895
0.174266
0.174273
0.172315
0.172024
0.17321
0.173597
0.173342
0.175078
0.172121
0.168702
0.172386
0.173362
0.171319
0.17017
0.171423
0.174342
0.173861
0.175463
0.172391
0.175124
0.170742
0.173217
0.187129
0.176348
0.174078
0.171372
0.171292
0.173232
0.175049
0.173828
0.173765
0.17262
0.170145
0.1729
0.173222
0.170904
0.171279
0.174952
0.173457
0.17502
0.176297
0.174155
0.171712
0.169575
0.175755
0.17369
0.174462
0.172358
0.172944
0.172775
0.173838
0.174321
0.174557
0.17576
0.172914
0.172761
0.179977
0.174247
0.170809
0.170548
0.172394
0.175578
0.176308
0.174928
0.173956
0.171082
0.168999
0.17427
0.17289
0.172304
0.169707
0.174345
0.174926
0.173539
0.173095
0.173238
0.170396
0.170334
0.17727
0.174134
0.175783
0.169581
0.170449
0.173505
0.174698
0.173085
0.172424
0.170427
0.168627
0.173271
0.172009
0.172785
0.171152
0.173172
0.173646
0.175367
0.174066
0.176195
0.170035
0.1721
0.175046
0.174269
0.170768
0.17013
0.174593
0.175479
0.174765
0.174259
0.172091
0.169484
0.176057
0.174923
0.173282
0.172022
0.171312
0.173487
0.175219
0.173643
0.174156
0.172693
0.171272
0.172376
0.174863
0.177102
0.179679
0.173584
0.171344
0.173727
0.173818
0.172554
0.172761
0.170273
0.168808
0.173371
0.173357
0.171302
0.172282
0.174472
0.174134
0.173105
0.175533
0.177437
0.171046
0.169212
0.175467
0.174489
0.173064
0.171172
0.172938
0.173917
0.172756
0.172447
0.173097
0.172051
0.17434
0.172542
0.171146
0.171334
0.173556
0.17355
0.173453
0.172843
0.174441
0.171993
0.168957
0.172538
0.173389
0.174798
0.173369
0.170794
0.172768
0.175179
0.175776
0.17366
0.172176
0.168138
0.172059
0.174801
0.172074
0.169501
0.172761
0.174413
0.174142
0.176372
0.175299
0.172816
0.168064
0.171681
0.173384
0.170776
0.168548
0.174268
0.171422
0.172332
0.172389
0.174436
0.168789
0.17142
0.173775
0.173687
0.171816
0.172235
0.173418
0.174784
0.173686
0.173215
0.171363
0.168607
0.172364
0.174331
0.174278
0.171241
0.170423
0.1717
0.173769
0.173659
0.17284
0.170962
0.171561
0.176439
0.172954
0.172199
0.172447
0.172294
0.175909
0.174336
0.175316
0.174905
0.174839
0.170978
0.175597
0.174875
0.174455
0.172221
0.173774
0.172068
0.175032
0.17492
0.173455
0.173152
0.167632
0.171439
0.171469
0.173877
0.169687
0.170125
0.170949
0.173243
0.173494
0.173302
0.169294
0.173758
0.17404
0.173604
0.173675
0.172601
0.175015
0.174867
0.174586
0.17439
0.174056
0.171471
0.170904
0.178118
0.174038
0.174167
0.171746
0.171628
0.174068
0.174771
0.174356
0.175308
0.171166
0.170111
0.172443
0.173483
0.172496
0.171916
0.170276
0.174536
0.173826
0.174371
0.17375
0.170868
0.17333
0.175582
0.174444
0.172694
0.170293
0.171316
0.173579
0.173302
0.173252
0.174009
0.170277
0.171831
0.177267
0.174496
0.172509
0.174173
0.170259
0.174201
0.174207
0.173472
0.174837
0.171454
0.168982
0.171257
0.173429
0.173067
0.170649
0.174163
0.175797
0.175954
0.174242
0.173905
0.172423
0.171459
0.173833
0.173298
0.169908
0.1705
0.17387
0.175123
0.174245
0.174858
0.175001
0.177004
0.168924
0.172248
0.172687
0.172094
0.171375
0.175167
0.173872
0.173828
0.173898
0.174048
0.171941
0.171119
0.171406
0.175578
0.173981
0.171266
0.172815
0.172982
0.17475
0.17225
0.173644
0.171447
0.172735
0.173598
0.173944
0.172675
0.172621
0.172613
0.175363
0.174488
0.174003
0.174524
0.174587
0.171123
0.175117
0.174801
0.174242
0.170339
0.170955
0.173418
0.171515
0.170677
0.171578
0.169553
0.169526
0.17381
0.172844
0.169573
0.170741
0.173214
0.176492
0.173685
0.175078
0.171844
0.169994
0.171052
0.173465
0.174449
0.168548
0.172762
0.173915
0.174174
0.173965
0.175408
0.171604
0.168467
0.174199
0.174827
0.171931
0.171359
0.173717
0.173432
0.176673
0.174262
0.171634
0.169541
0.171383
0.17397
0.172541
0.170592
0.171764
0.176122
0.17299
0.173483
0.171363
0.173914
0.169348
0.171044
0.171861
0.171575
0.171096
0.172001
0.173044
0.179708
0.174099
0.173226
0.1702
0.168663
0.173042
0.173781
0.171775
0.176448
0.171399
0.172585
0.17159
0.172527
0.172052
0.169048
0.170412
0.17213
0.170445
0.169751
0.170201
0.172137
0.171931
0.172455
0.170247
0.165505
0.169949
0.174764
0.171312
0.171229
0.173262
0.172748
0.172951
0.172602
0.176745
0.16844
0.170384
0.175089
0.184581
0.170035
0.169401
0.17247
0.172677
0.173634
0.172789
0.172751
0.16818
0.171289
0.175163
0.17318
0.167846
0.17075
0.17201
0.176069
0.175262
0.174132
0.173105
0.168553
0.171094
0.171628
0.171764
0.170685
0.176694
0.176512
0.175914
0.174861
0.174478
0.174528
0.174371
0.172934
0.175112
0.17578
0.170581
0.173572
0.173734
0.173535
0.175183
0.173581
0.172482
0.17209
0.167892
0.174297
0.174146
0.171997
0.172922
0.170443
0.172042
0.172877
0.171179
0.170031
0.167175
0.17325
0.17126
0.169601
0.170326
0.171449
0.17272
0.176025
0.177331
0.172123
0.169124
0.170736
0.173236
0.17179
0.169085
0.169766
0.179334
0.173071
0.172594
0.173378
0.169774
0.17077
0.175234
0.172659
0.171644
0.17115
0.171012
0.174013
0.171563
0.173234
0.173285
0.16894
0.171209
0.171592
0.170343
0.170833
0.173383
0.173029
0.173599
0.171855
0.172558
0.166883
0.171779
0.172959
0.171146
0.168175
0.172404
0.178977
0.173708
0.174681
0.174508
0.170975
0.167909
0.172924
0.171994
0.172944
0.168185
0.171167
0.172208
0.171837
0.171111
0.168755
0.168911
0.176798
0.170681
0.170791
0.169037
0.177069
0.173984
0.174851
0.174244
0.17244
0.171015
0.173248
0.174621
0.173153
0.170439
0.174771
0.174964
0.175722
0.175635
0.173876
0.174046
0.170633
0.169634
0.173252
0.172766
0.172345
0.172811
0.174755
0.172591
0.175552
0.175128
0.17476
0.176259
0.168077
0.173181
0.1702
0.170777
0.169216
0.171695
0.172522
0.17329
0.172752
0.169405
0.168076
0.171873
0.172993
0.169922
0.171395
0.17484
0.172385
0.17245
0.173973
0.172461
0.167599
0.173723
0.173203
0.170518
0.169196
0.17226
0.173441
0.172182
0.174036
0.174673
0.17022
0.171709
0.171423
0.174764
0.171443
0.170742
0.174008
0.175091
0.176642
0.173715
0.174743
0.168804
0.171167
0.174057
0.174223
0.172691
0.172682
0.17167
0.174219
0.174014
0.172958
0.174647
0.174467
0.17661
0.174311
0.175021
0.171618
0.171459
0.172462
0.173195
0.174121
0.172539
0.171951
0.167686
0.168934
0.17179
0.171464
0.16911
0.172118
0.172605
0.1731
0.175062
0.174204
0.169141
0.172222
0.173896
0.173386
0.170715
0.169267
0.173853
0.173834
0.173504
0.174306
0.174446
0.170363
0.171895
0.176053
0.173719
0.174057
0.170307
0.173425
0.171141
0.174552
0.174233
0.171353
0.175001
0.168942
0.175909
0.174329
0.173354
0.170558
0.170065
0.171835
0.173332
0.172603
0.176458
0.170131
0.172667
0.17328
0.171531
0.170094
0.172218
0.172996
0.174154
0.175215
0.173348
0.170851
0.167603
0.170809
0.179583
0.172034
0.169588
0.170562
0.172206
0.173209
0.172595
0.172686
0.168941
0.172086
0.172766
0.171253
0.170643
0.171348
0.17105
0.175672
0.17338
0.172675
0.170204
0.171312
0.172736
0.172871
0.167865
0.169005
0.1738
0.175069
0.174486
0.17418
0.170542
0.169948
0.172529
0.171809
0.171619
0.17029
0.174122
0.172055
0.174998
0.174232
0.175792
0.170778
0.169292
0.174954
0.176972
0.172996
0.171049
0.170817
0.173451
0.174989
0.172627
0.180202
0.171941
0.170743
0.17168
0.176687
0.172198
0.168773
0.171582
0.172106
0.174517
0.172481
0.170843
0.16745
0.173658
0.173318
0.172694
0.169965
0.170794
0.175157
0.173505
0.173111
0.174964
0.173963
0.166658
0.171688
0.171596
0.170764
0.1704
0.171595
0.174312
0.174974
0.171919
0.172605
0.169116
0.172425
0.173639
0.174948
0.172061
0.173997
0.173444
0.172304
0.1726
0.175572
0.167666
0.166887
0.171237
0.171167
0.168947
0.169696
0.173229
0.173897
0.173275
0.172476
0.170471
0.167102
0.173041
0.172411
0.169806
0.170886
0.173738
0.173656
0.173031
0.173662
0.176859
0.173013
0.171122
0.171707
0.171197
0.169588
0.171386
0.173391
0.173426
0.173594
0.173046
0.171954
0.169756
0.176451
0.172578
0.173055
0.170627
0.17575
0.175164
0.175764
0.174724
0.173372
0.174827
0.168207
0.171333
0.172893
0.172367
0.171124
0.173447
0.170791
0.175222
0.173791
0.173545
0.169404
0.171763
0.172421
0.172627
0.17018
0.170436
0.172818
0.185319
0.170845
0.17284
0.173866
0.169662
0.1721
0.175355
0.173971
0.176598
0.170478
0.174913
0.174861
0.17455
0.17536
0.177826
0.17533
0.170899
0.173364
0.177341
0.17325
0.172231
0.168685
0.173641
0.173121
0.1755
0.173617
0.17929
0.173324
0.171453
0.173845
0.174959
0.172921
0.171829
0.170888
0.173653
0.173475
0.177107
0.172557
0.171191
0.170436
0.174354
0.171654
0.170302
0.170793
0.175796
0.173223
0.172884
0.175833
0.174712
0.173284
0.168947
0.173453
0.17465
0.173
0.169296
0.173882
0.172321
0.173041
0.174378
0.176083
0.172781
0.175109
0.174315
0.177029
0.175901
0.176256
0.172677
0.175422
0.179603
0.175742
0.174844
0.174119
0.171868
0.169791
0.173198
0.173297
0.171015
0.171253
0.170759
0.172372
0.173422
0.173823
0.170949
0.166862
0.173406
0.17542
0.176324
0.174651
0.175914
0.174852
0.171219
0.171791
0.184587
0.17276
0.17092
0.169792
0.173436
0.179684
0.173939
0.170292
0.174276
0.174128
0.174199
0.173176
0.17345
0.171142
0.168511
0.172825
0.173377
0.170769
0.170248
0.170229
0.172079
0.175231
0.173642
0.173716
0.170036
0.173416
0.173204
0.172538
0.173918
0.171757
0.174994
0.176417
0.175073
0.174011
0.187449
0.187422
0.199827
0.192641
0.195993
0.175906
0.174671
0.171644
0.173858
0.191507
0.191368
0.191185
0.18072
0.173286
0.184773
0.181542
0.169915
0.175659
0.175054
0.176793
0.199575
0.188314
0.181922
0.175604
0.178015
0.175057
0.192347
0.182299
0.201803
0.176622
0.182306
0.185606
0.171296
0.184011
0.189513
0.174069
