0.149522
0.150276
0.153624
0.154370
0.153080
0.155084
0.155408
0.151464
0.151220
0.155169
0.158056
0.154470
0.154917
0.155760
0.151649
0.157121
0.157711
0.154918
0.150958
0.156414
0.159091
0.156843
0.157377
0.154288
0.156816
0.153877
0.154693
0.154226
0.157837
0.159128
0.156402
0.157457
0.155494
0.158910
0.155553
0.157838
0.156496
0.154099
0.155172
0.155048
0.152780
0.157226
0.158424
0.154179
0.154860
0.157840
0.154312
0.172730
0.154887
0.158789
0.154944
0.156281
0.159189
0.156995
0.155984
0.159599
0.160683
0.158877
0.158968
0.159029
0.158610
0.159884
0.155514
0.159308
0.153048
0.160771
0.151370
0.153534
0.157279
0.162196
0.158941
0.154761
0.156949
0.158336
0.159051
0.160896
0.155552
0.156887
0.155201
0.151529
0.156006
0.156131
0.157447
0.154551
0.153849
0.156396
0.153387
0.155931
0.159924
0.151922
0.157546
0.158664
0.156189
0.149327
0.150167
0.154607
0.155662
0.150046
0.159827
0.156972
0.157956
0.158062
0.154935
0.153623
0.152057
0.154463
0.152433
0.153043
0.155589
0.158370
0.151305
0.153403
0.154997
0.148710
0.149624
0.152187
0.166248
0.153721
0.156612
0.157708
0.155029
0.154906
0.152681
0.152232
0.156468
0.153918
0.153140
0.153213
0.155819
0.161415
0.157016
0.151003
0.150502
0.160202
0.156850
0.153085
0.155373
0.155955
0.157651
0.159809
0.155418
0.151653
0.158575
0.157818
0.158532
0.155384
0.155847
0.161826
0.154901
0.157705
0.154792
0.156805
0.159949
0.154848
0.158097
0.157040
0.157560
0.155830
0.155963
0.159514
0.154380
0.159625
0.159296
0.157400
0.151627
0.155977
0.154482
0.156209
0.156358
0.155333
0.159706
0.154679
0.157372
0.148830
0.154421
0.162191
0.156660
0.156131
0.157432
0.156404
0.156680
0.156790
0.158413
0.154262
0.154722
0.160592
0.152867
0.164244
0.161999
0.157414
0.154485
0.148893
0.153439
0.154485
0.156709
0.161248
0.159203
0.159567
0.156692
0.160545
0.156219
0.154916
0.154024
0.153816
0.156633
0.156509
0.155860
0.156040
0.156624
0.152674
0.156246
0.149745
0.154643
0.157422
0.157096
0.154872
0.158011
0.149022
0.153316
0.151499
0.154305
0.155478
0.153650
0.153771
0.154894
0.154258
0.155596
0.152232
0.156706
0.154629
0.155734
0.154522
0.154603
0.152470
0.157040
0.152133
0.155055
0.156855
0.154703
0.156057
0.154882
0.143465
0.160659
0.159300
0.155105
0.155408
0.156668
0.157149
0.162758
0.179679
0.177042
0.160560
0.160298
0.154965
0.169128
0.158841
0.160077
0.152137
0.158638
0.169614
0.157726
0.153600
0.154060
0.155786
0.161552
0.160362
0.157882
0.157962
0.160257
0.159429
0.155938
0.158535
0.153846
0.158587
0.153870
0.150213
0.157854
0.158280
0.158199
0.158031
0.159073
0.159488
0.157081
0.158761
0.157889
0.156642
0.159094
0.154787
0.160265
0.156646
0.158903
0.155520
0.159048
0.160185
0.159616
0.153910
0.157984
0.156972
0.157588
0.162607
0.158196
0.152908
0.162356
0.160215
0.157747
0.156155
0.159646
0.155111
0.156264
0.155721
0.163072
0.160071
0.163740
0.156778
0.157533
0.163242
0.155678
0.152145
0.164579
0.159715
0.159245
0.156201
0.162393
0.153924
0.155578
0.158023
0.157255
0.156433
0.158762
0.154974
0.159070
0.165271
0.153863
0.152713
0.162607
0.155570
0.157272
0.156048
0.158921
0.156840
0.156266
0.159870
0.156905
0.154023
0.161105
0.156775
0.157514
0.158155
0.155645
0.158195
0.155200
0.156571
0.155959
0.157531
0.154690
0.154932
0.151000
0.155649
0.156144
0.153742
0.157364
0.155495
0.154171
0.155279
0.160286
0.154731
0.155114
0.158628
0.154348
0.155106
0.156053
0.162495
0.158166
0.156493
0.157935
0.160962
0.160397
0.160642
0.153134
0.161863
0.155875
0.158845
0.159190
0.156707
0.164818
0.160555
0.159508
0.158637
0.157714
0.156723
0.166634
0.158129
0.158113
0.158667
0.157468
0.154473
0.162689
0.158202
0.155914
0.157914
0.160434
0.171411
0.158266
0.160909
0.160402
0.156399
0.160139
0.156416
0.154358
0.161204
0.157555
0.158548
0.159200
0.157764
0.160042
0.156434
0.163109
0.158003
0.159147
0.158437
0.158390
0.156617
0.156835
0.159578
0.156606
0.159234
0.157583
0.156231
0.159020
0.161882
0.159834
0.158267
0.158320
0.160620
0.156427
0.161399
0.155867
0.158970
0.154017
0.152321
0.154762
0.162054
0.161306
0.157057
0.156790
0.157087
0.158301
0.151434
0.163882
0.153949
0.153417
0.156357
0.157874
0.153062
0.158371
0.160749
0.156796
0.155508
0.159912
0.154667
0.154924
0.161157
0.158561
0.158580
0.157513
0.160759
0.153713
0.155440
0.157387
0.154076
0.156341
0.156270
0.158391
0.153835
0.164622
0.151604
0.156715
0.155726
0.157388
0.155387
0.151050
0.157899
0.151092
0.154053
0.155333
0.156907
0.157194
0.158863
0.151251
0.150785
0.156369
0.158066
0.153199
0.156160
0.157184
0.155272
0.152817
0.156109
0.157292
0.160938
0.157211
0.155320
0.155923
0.149297
0.158195
0.152834
0.162947
0.159157
0.158565
0.158458
0.158805
0.158489
0.156840
0.161885
0.152023
0.154894
0.156945
0.152674
0.157605
0.157147
0.156440
0.156861
0.157425
0.156080
0.155179
0.157565
0.157430
0.157247
0.156752
0.154174
0.155520
0.155743
0.156637
0.155884
0.152938
0.154345
0.158882
0.156343
0.154341
0.155625
0.165044
0.155955
0.152823
0.160739
0.156205
0.156462
0.164365
0.155944
0.158340
0.159124
0.159585
0.155839
0.157839
0.159831
0.154781
0.157914
0.157697
0.153887
0.157993
0.162910
0.155359
0.161099
0.156433
0.154451
0.154158
0.153352
0.152523
0.155510
0.156485
0.156073
0.151055
0.155145
0.157996
0.156512
0.149369
0.152828
0.161288
0.157196
0.158874
0.158770
0.155525
0.158139
0.156891
0.159658
0.156375
0.162490
0.158194
0.155654
0.156708
0.156778
0.157831
0.156048
0.165489
0.158073
0.157450
0.158170
0.156598
0.156477
0.161073
0.155810
0.158509
0.164305
0.159843
0.157022
0.157552
0.159046
0.156341
0.152710
0.160924
0.153164
0.152625
0.159739
0.156701
0.159812
0.161707
0.155615
0.154734
0.158391
0.160446
0.152181
0.156919
0.158820
0.157022
0.156434
0.160152
0.162170
0.160187
0.159345
0.158527
0.159062
0.159478
0.159470
0.157337
0.161700
0.157176
0.159546
0.152878
0.160548
0.159281
0.155407
0.155903
0.156386
0.159921
0.153961
0.161958
0.158710
0.161094
0.157329
0.160584
0.160411
0.163880
0.160679
0.160813
0.155438
0.160177
0.156496
0.160245
0.158615
0.160759
0.160139
0.159830
0.156346
0.157027
0.160153
0.158225
0.159571
0.153957
0.156503
0.154717
0.161311
0.155015
0.158865
0.156978
0.157619
0.155419
0.157588
0.164903
0.157670
0.154277
0.157989
0.159638
0.153314
0.159436
0.160313
0.153866
0.154655
0.159207
0.151914
0.152722
0.159131
0.154654
0.153843
0.156794
0.151824
0.148257
0.153461
0.157653
0.155779
0.154264
0.155003
0.156492
0.154590
0.157814
0.155336
0.160241
0.153585
0.156840
0.154882
0.159677
0.162056
0.157003
0.155001
0.155799
0.152335
0.158562
0.164362
0.159659
0.155959
0.154999
0.153162
0.155242
0.151283
0.159890
0.156747
0.155666
0.160490
0.162783
0.156311
0.164155
0.156402
0.157059
0.157300
0.155689
0.158274
0.161259
0.163588
0.154275
0.157785
0.154872
0.152320
0.157562
0.164856
0.156427
0.156382
0.152919
0.154800
0.151379
0.160241
0.157626
0.161967
0.155876
0.154046
0.157808
0.158707
0.162234
0.157064
0.155184
0.154873
0.155969
0.155037
0.160076
0.156238
0.154879
0.157674
0.157707
0.158374
0.157683
0.163095
0.160253
0.157909
0.155997
0.154795
0.156995
0.157676
0.159644
0.157427
0.159043
0.160724
0.161768
0.158483
0.161321
0.156320
0.160743
0.158326
0.158508
0.157335
0.154351
0.164551
0.155593
0.155751
0.162135
0.157892
0.158474
0.158025
0.155345
0.153628
0.150422
0.155298
0.162528
0.155762
0.152524
0.154051
0.154637
0.155912
0.156966
0.157947
0.158930
0.155150
0.154983
0.156981
0.153851
0.158512
0.153856
0.155712
0.156488
0.153905
0.155947
0.157004
0.155231
0.160096
0.160839
0.156856
0.155345
0.152006
0.157808
0.157893
0.156866
0.154917
0.150097
0.154563
0.154723
0.153703
0.156672
0.152441
0.156862
0.152507
0.155157
0.155434
0.160334
0.161983
0.153440
0.157778
0.161312
0.156120
0.160623
0.161942
0.156745
0.160400
0.157292
0.156681
0.155394
0.156378
0.162277
0.159416
0.159926
0.160469
0.157380
0.160474
0.163986
0.154830
0.156875
0.156655
0.162864
0.158246
0.158459
0.159165
0.157766
0.155136
0.157429
0.160578
0.155602
0.157953
0.153996
0.154529
0.156069
0.159073
0.166988
0.159200
0.158371
0.156864
0.156466
0.160228
0.160967
0.157199
0.161977
0.155734
0.156872
0.157828
0.152991
0.157350
0.162469
0.161319
0.152269
0.160937
0.158105
0.157986
0.155475
0.157448
0.156380
0.163116
0.160965
0.159332
0.156968
0.156066
0.156912
0.152508
0.158683
0.160502
0.155238
0.156163
0.161783
0.158001
0.156939
0.154556
0.158935
0.156482
0.159271
0.158068
0.156558
0.160194
0.155535
0.156608
0.156747
0.161702
0.157071
0.156595
0.154859
0.152981
0.155700
0.151265
0.154599
0.156778
0.154523
0.155752
0.156335
0.154679
0.158273
0.158709
0.158737
0.154879
0.155520
0.150050
0.152877
0.161707
0.148624
0.160199
0.154285
0.151867
0.151361
0.156380
0.155217
0.161326
0.157356
0.154546
0.157222
0.158317
0.159548
0.159794
0.158334
0.161637
0.167491
0.160532
0.162782
0.158034
0.157643
0.154383
0.153554
0.155822
0.155461
0.158750
0.156626
0.158096
0.155753
0.156892
0.155343
0.162797
0.156924
0.154378
0.159098
0.155924
0.157883
0.156459
0.161188
0.154314
0.154315
0.158358
0.161626
0.157870
0.160367
0.157109
0.162562
0.158514
0.158285
0.156968
0.157435
0.158322
0.154355
0.156957
0.159532
0.155548
0.163922
0.159594
0.161374
0.154872
0.158041
0.155778
0.156311
0.156676
0.156770
0.158328
0.155313
0.159272
0.158661
0.154628
0.161746
0.155612
0.158716
0.150255
0.157165
0.156426
0.154737
0.161120
0.152631
0.159848
0.158939
0.154433
0.157105
0.161773
0.158698
0.156237
0.157065
0.155728
0.156381
0.155401
0.160370
0.155953
0.157200
0.153980
0.155390
0.158900
0.159484
0.153920
0.155013
0.152690
0.156764
0.156323
0.158774
0.157626
0.167263
0.156925
0.157729
0.154080
0.158294
0.159656
0.156858
0.156226
0.155294
0.154055
0.152477
0.146720
0.154190
0.155273
0.153823
0.152917
0.153785
0.151165
0.158451
0.156025
0.158215
0.151926
0.156352
0.155223
0.154875
0.162148
0.154811
0.153558
0.155675
0.151814
0.160476
0.156248
0.158125
0.155086
0.155697
0.155796
0.158855
0.156195
0.164078
0.156965
0.158326
0.156592
0.157202
0.162101
0.157297
0.161363
0.155701
0.158335
0.158314
0.157585
0.159435
0.165053
0.159524
0.153076
0.157557
0.158832
0.156538
0.162507
0.153243
0.157373
0.157987
0.160069
0.158412
0.158477
0.159526
0.160133
0.157596
0.156170
0.160806
0.158064
0.164395
0.157288
0.157687
0.155649
0.158225
0.157859
0.158539
0.174342
0.156181
0.158591
0.166945
0.156456
0.161045
0.165058
0.157771
0.159514
0.159679
0.156048
0.174387
0.157128
0.165016
0.156592
0.158395
0.160274
0.158745
0.157118
0.162480
0.156444
0.160995
0.157920
0.151457
0.157666
0.166089
0.156106
0.159544
0.157114
0.159270
0.154094
0.155724
0.161513
0.153698
0.149251
0.155784
0.155589
0.154220
0.153417
0.157479
0.157293
0.154976
0.155047
0.154775
0.150420
0.156056
0.151018
0.152594
0.166838
0.150793
0.155729
0.150694
0.158184
0.153289
0.154958
0.159096
0.155735
0.151913
0.158432
0.153564
0.154521
0.158061
0.162144
0.155704
0.157031
0.156606
0.153833
0.156750
0.156490
0.155564
0.159200
0.160215
0.156901
0.158034
0.161884
0.159409
0.151540
0.155089
0.156875
0.156581
0.156935
0.152133
0.157882
0.157876
0.156050
0.155581
0.154838
0.157987
0.152717
0.155873
0.155737
0.159543
0.155752
0.156570
0.155891
0.157299
0.165498
0.157899
0.162244
0.157837
0.155182
0.157612
0.161106
0.154704
0.160171
0.155531
0.155648
0.155191
0.163505
0.157091
0.164447
0.160444
0.161171
0.157381
0.160124
0.161461
0.160530
0.166042
0.155701
0.160167
0.156603
0.160552
0.159976
0.161875
0.156540
0.156051
0.156795
0.157121
0.154192
0.154476
0.155317
0.159074
0.155325
0.156936
0.156895
0.155648
0.156891
0.158348
0.154023
0.154825
0.156413
0.154283
0.157220
0.160377
0.159294
0.154763
0.154705
0.155039
0.153360
0.158055
0.156089
0.157358
0.150028
0.155321
0.160101
0.153646
0.158893
0.158285
0.158111
0.156335
0.156189
0.155254
0.157706
0.156585
0.156495
0.150925
0.153981
0.154764
0.160519
0.160472
0.159073
0.157507
0.161790
0.158677
0.163181
0.162548
0.161145
0.155887
0.159559
0.156317
0.158124
0.155538
0.158106
0.152425
0.154734
0.153272
0.151103
0.155199
0.161759
0.155860
0.156226
0.157747
0.156584
0.153800
0.157373
0.163717
0.156230
0.154753
0.155787
0.160282
0.159148
0.157611
0.161040
0.156592
0.159760
0.160038
0.154947
0.163691
0.165447
0.157331
0.162408
0.153085
0.154189
0.153951
0.158106
0.152455
0.163945
0.158626
0.162039
0.164154
0.161295
0.160073
0.155079
0.152928
0.157767
0.158071
0.154137
0.161195
0.160285
0.158228
0.157599
0.157777
0.158480
0.158749
0.159804
0.160509
0.158260
0.155093
0.158957
0.156650
0.159756
0.155873
0.161146
0.159087
0.161005
0.159148
0.159185
0.160984
0.159555
0.153918
0.158032
0.161789
0.159800
0.160801
0.155744
0.157597
0.156295
0.152811
0.154851
0.157308
0.159545
0.157785
0.154253
0.154452
0.155936
0.160909
0.161432
0.155849
0.154355
0.156220
0.158902
0.152593
0.160432
0.158872
0.156823
0.155891
0.156790
0.156303
0.157107
0.161208
0.160992
0.157643
0.159157
0.153444
0.166108
0.154122
0.158432
0.153545
0.166545
0.154020
0.157048
0.154900
0.159878
0.153433
0.163738
0.152774
0.155349
0.156279
0.151246
0.160523
0.153763
0.152264
0.162585
0.157589
0.152712
0.159583
0.159431
0.160099
0.156035
0.159160
0.157150
0.161584
0.157203
0.156851
0.155053
0.157581
0.160315
0.155355
0.164276
0.156278
0.158370
0.160197
0.157195
0.156153
0.157357
0.157192
0.155169
0.155312
0.153741
0.161004
0.156778
0.161878
0.162875
0.153779
0.159943
0.166424
0.155322
0.159473
0.161274
0.156293
0.160970
0.154914
0.158390
0.155677
0.158865
0.159926
0.159638
0.160766
0.157041
0.156330
0.155993
0.154764
0.157889
0.157933
0.157304
0.149439
0.161247
0.159410
0.156185
0.157208
0.155969
0.156772
0.155886
0.157234
0.160670
0.159590
0.160773
0.154548
0.155418
0.156588
0.161173
0.156381
0.157904
0.153128
0.154163
0.155907
0.167929
0.159200
0.155117
0.154273
0.155021
0.156378
0.157467
0.158298
0.160596
0.153875
0.160878
0.156805
0.159074
0.155639
0.158746
0.156397
0.154269
0.160166
0.157616
0.158218
0.161854
0.157724
0.159134
0.157306
0.156494
0.153702
0.160758
0.154118
0.165332
0.158009
0.156407
0.158901
0.154463
0.157339
0.159860
0.160280
0.158214
0.156275
0.158326
0.158620
0.156614
0.155650
0.156782
0.157493
0.160514
0.154807
0.156639
0.154005
0.160249
0.156956
0.160246
0.159846
0.168999
0.163902
0.156772
0.159779
0.157813
0.157402
0.156206
0.164850
0.158338
0.157449
0.164433
0.155662
0.156298
0.159685
0.153180
0.156734
0.158763
0.156617
0.155282
0.156189
0.161455
0.160344
0.158168
0.158292
0.154698
0.156570
0.162089
0.154607
0.153718
0.156658
0.158589
0.154825
0.155017
0.163499
0.157524
0.159981
0.155238
0.150743
0.155763
0.161521
0.159161
0.156182
0.154399
0.156764
0.152602
0.155830
0.162706
0.155438
0.154425
0.162508
0.155723
0.157307
0.155455
0.160232
0.156154
0.158065
0.153601
0.157923
0.153704
0.153292
0.163684
0.156693
0.155901
0.152766
0.155699
0.154525
0.158005
0.155463
0.159369
0.157310
0.155813
0.155053
0.161065
0.153790
0.156968
0.158717
0.153939
0.149897
0.154930
0.159608
0.154069
0.156304
0.155868
0.152934
0.154998
0.158831
0.150146
0.152255
0.153240
0.154852
0.156468
0.150337
0.158082
0.155479
0.158374
0.153281
0.152810
0.154458
0.155972
0.154860
0.155176
0.153516
0.154986
0.155007
0.159545
0.160830
0.154996
0.154272
0.164731
0.156776
0.161528
0.152412
0.162777
0.157039
0.156031
0.151564
0.158143
0.154149
0.161469
0.157288
0.154844
0.156416
0.157570
0.158998
0.159242
0.167115
0.158973
0.154763
0.153827
0.158926
0.157800
0.163455
0.160388
0.156199
0.157685
0.161456
0.158146
0.157839
0.154907
0.154781
0.157288
0.162081
0.157811
0.158640
0.162118
0.158360
0.152701
0.159224
0.156789
0.161011
0.162867
0.159106
0.158186
0.159459
0.160461
0.156241
0.155123
0.159607
0.156230
0.156686
0.160492
0.153125
0.157900
0.165507
0.162624
0.160827
0.156191
0.159144
0.156262
0.158060
0.160319
0.158048
0.155457
0.157138
0.154679
0.158670
0.153415
0.151762
0.152092
0.159958
0.154035
0.165254
0.159835
0.159604
0.155890
0.157201
0.157338
0.155615
0.155992
0.162965
0.158360
0.158155
0.149244
0.158384
0.149198
0.157716
0.175921
0.163620

