0.542115
0.508801
0.554939
0.485955
0.471934
0.494405
0.54088
0.575071
0.552589
0.527761
0.539745
0.513911
0.506164
0.530478
0.517988
0.510256
0.559065
0.552257
0.511503
0.552839
0.503572
0.538292
0.518329
0.528001
0.507202
0.517829
0.52459
0.52498
0.51806
0.531027
0.500815
0.517744
0.564333
0.505075
0.510664
0.511178
0.512196
0.505512
0.503844
0.506992
0.506378
0.499665
0.518857
0.534516
0.518898
0.504078
0.495118
0.517662
0.508733
0.509137
0.517249
0.499865
0.507018
0.500578
0.507558
0.498833
0.521829
0.507296
0.507152
0.521228
0.511743
0.522028
0.505273
0.509475
0.516206
0.493222
0.521348
0.502905
0.500126
0.500127
0.513602
0.506637
0.500906
0.495503
0.504443
0.518825
0.498293
0.509376
0.51437
0.512468
0.508713
0.500794
0.491938
0.50287
0.515893
0.504719
0.500824
0.512723
0.509427
0.501843
0.521632
0.517645
0.511612
0.499977
0.511303
0.52752
0.503011
0.504561
0.516876
0.52396
0.505787
0.498284
0.502052
0.503764
0.507718
0.49756
0.508359
0.520729
0.503959
0.508616
0.513396
0.50837
0.53048
0.523553
0.522842
0.498438
0.501421
0.520371
0.511261
0.506594
0.512493
0.500998
0.498865
0.509503
0.515192
0.498173
0.521817
0.500614
0.493566
0.51804
0.505567
0.511461
0.527018
0.49688
0.510746
0.514149
0.510753
0.508641
0.505514
0.506327
0.495567
0.51657
0.503942
0.508082
0.513784
0.50086
0.499294
0.517295
0.499446
0.499938
0.524793
0.501322
0.498413
0.498909
0.508184
0.493304
0.513501
0.506107
0.501513
0.514031
0.515843
0.502964
0.537002
0.497887
0.518961
0.508491
0.499594
0.515474
0.506671
0.496558
0.51602
0.519403
0.503488
0.505716
0.525683
0.497217
0.513752
0.500943
0.502345
0.507682
0.500463
0.512993
0.497423
0.524663
0.502983
0.498133
0.512245
0.502374
0.512416
0.525313
0.496179
0.51555
0.515005
0.497569
0.508862
0.508636
0.497398
0.500188
0.516375
0.498955
0.507423
0.510081
0.51257
0.503145
0.516589
0.506405
0.50223
0.500662
0.512922
0.492035
0.514691
0.507096
0.524702
0.514811
0.50115
0.492507
0.509791
0.501096
0.507374
0.527416
0.501032
0.511123
0.522163
0.499144
0.507097
0.501945
0.509756
0.511242
0.515114
0.500636
0.510611
0.50281
0.514993
0.492076
0.5036
0.493941
0.533992
0.514141
0.510995
0.503687
0.510037
0.505952
0.522318
0.519342
0.516433
0.500643
0.498981
0.498704
0.513547
0.487141
0.498926
0.491944
0.498664
0.494006
0.509628
0.508564
0.501287
0.519506
0.494434
0.501127
0.507012
0.50306
0.501208
0.507961
0.505729
0.505092
0.517547
0.496852
0.519901
0.514183
0.510411
0.504496
0.516983
0.522536
0.504938
0.514632
0.500175
0.511759
0.517122
0.500831
0.507951
0.493227
0.501906
0.513795
0.507246
0.512005
0.49817
0.509663
0.505028
0.507034
0.511132
0.512678
0.512649
0.510681
0.50015
0.492028
0.506064
0.499088
0.507084
0.509717
0.517747
0.497102
0.520649
0.497864
0.50635
0.521382
0.503993
0.512847
0.510852
0.498904
0.511629
0.519115
0.503837
0.492103
0.517071
0.496272
0.492078
0.496624
0.506098
0.513133
0.500873
0.498208
0.504771
0.521744
0.498985
0.516019
0.501521
0.512098
0.514352
0.505206
0.512452
0.520909
0.512175
0.502442
0.498069
0.498644
0.5093
0.513647
0.50084
0.494571
0.523335
0.500414
0.499947
0.512011
0.500324
0.510719
0.518797
0.510347
0.494138
0.518069
0.514478
0.496246
0.51221
0.501221
0.508439
0.509839
0.498532
0.51824
0.502024
0.50109
0.527492
0.513412
0.506842
0.494568
0.514581
0.508738
0.514677
0.514351
0.510822
0.516326
0.500202
0.499418
0.502157
0.494385
0.50077
0.515998
0.515375
0.49902
0.508032
0.508646
0.499659
0.492231
0.511756
0.49932
0.507138
0.500783
0.494879
0.508091
0.501682
0.496714
0.51778
0.511738
0.495787
0.517423
0.495889
0.506699
0.518879
0.498883
0.509742
0.518334
0.498645
0.513408
0.511512
0.499575
0.509049
0.506222
0.501268
0.490995
0.560075
0.497486
0.499526
0.515022
0.501648
0.492316
0.513315
0.513953
0.493681
0.512937
0.50203
0.502791
0.51522
0.504838
0.500259
0.507899
0.513155
0.500733
0.539405
0.511898
0.508078
0.551492
0.515183
0.502702
0.505559
0.505706
0.502108
0.515551
0.52228
0.502777
0.50809
0.506232
0.499407
0.516072
0.515402
0.596022
0.510137
0.512507
0.521061
0.540729
0.500453
0.509569
0.505826
0.500023
0.512907
0.513355
0.498355
0.508819
0.513548
0.500162
0.510616
0.512536
0.499284
0.49917
0.51378
0.506568
0.500652
0.54018
0.572675
0.5605
0.496948
0.499513
0.526367
0.546749
0.531257
0.537279
0.544774
0.509028
0.535513
