0.000519037
3.67806
0.570789
0.504614
0.499422
0.498459
0.477848
0.512514
0.547516
0.532028
0.507529
0.517052
0.535531
0.532239
0.516985
0.508144
0.533782
0.544317
0.637935
0.526321
0.540159
0.525502
0.502885
0.532551
0.505604
0.52027
0.521007
0.537956
0.513225
0.507234
0.524445
0.524951
0.512842
0.516106
0.504762
0.524479
0.513581
0.524126
0.513764
0.549697
0.523963
0.509155
0.522382
0.512884
0.516074
0.509737
0.556309
0.539106
0.513466
0.52298
0.507368
0.503889
0.497098
0.521849
0.505363
0.517959
0.498176
0.499877
0.519464
0.508859
0.505789
0.518213
0.503438
0.499131
0.511013
0.523558
0.523245
0.519386
0.504099
0.532025
0.512619
0.524627
0.491901
0.50118
0.494396
0.528813
0.502155
0.513397
0.511685
0.501936
0.516899
0.502404
0.508897
0.522212
0.504591
0.50179
0.516002
0.504084
0.498637
0.52034
0.515785
0.51495
0.514011
0.505768
0.509181
0.520045
0.509984
0.515453
0.519344
0.509721
0.520044
0.497249
0.504166
0.512481
0.506458
0.511797
0.509355
0.518184
0.53383
0.513531
0.518981
0.50233
0.496014
0.536345
0.500637
0.507949
0.513198
0.49663
0.510049
0.510454
0.509475
0.513311
0.502498
0.505204
0.524265
0.511697
0.549002
0.515406
0.515329
0.509811
0.507827
0.518319
0.509988
0.541307
0.498634
0.520803
0.502139
0.504048
0.509873
0.508786
0.504092
0.498989
0.510809
0.503842
0.520241
0.520505
0.522348
0.533804
0.509961
0.509171
0.542977
0.511114
0.510024
0.515976
0.502412
0.531007
0.513393
0.516047
0.520882
0.539391
0.51597
0.55911
0.498286
0.500014
0.517458
0.501738
0.498599
0.510675
0.519262
0.531453
0.49864
0.501912
0.521171
0.505554
0.515564
0.519357
0.515555
0.540487
0.504978
0.523878
0.507262
0.510251
0.519651
0.496544
0.542946
0.500647
0.50888
0.504907
0.50515
0.513699
0.510955
0.501211
0.51119
0.511492
0.511786
0.526321
0.504632
0.523379
0.516088
0.508709
0.523106
0.511274
0.516286
0.52387
0.511144
0.515823
0.499745
0.55581
0.50282
0.510004
0.515474
0.495755
0.506364
0.514711
0.50831
0.497675
0.511548
0.497836
0.514386
0.506677
0.513727
0.518156
0.507391
0.550586
0.5128
0.515313
0.519307
0.499786
0.527384
0.505663
0.548783
0.500242
0.513214
0.518091
0.500037
0.500346
0.526593
0.498253
0.509206
0.521754
0.500871
0.519227
0.509732
0.544399
0.500976
0.508841
0.529007
0.523447
0.511125
0.499409
0.522224
0.500702
0.494484
0.54197
0.512032
0.513512
0.513894
0.514616
0.515947
0.493976
0.499479
0.533832
0.511763
0.50653
0.517134
0.514368
0.519952
0.497917
0.518871
0.523237
0.496741
0.507672
0.510701
0.500886
0.515019
0.526463
0.515562
0.506114
0.536351
0.502498
0.513984
0.50952
0.502534
0.500167
0.528943
0.521874
0.508176
0.500936
0.497129
0.502453
0.493929
0.53524
0.50051
0.505509
0.515473
0.496296
0.512882
0.513633
0.498838
0.499083
0.527365
0.505939
0.506745
0.517156
0.497073
0.522304
0.503048
0.502337
0.513267
0.506736
0.50021
0.510399
0.508032
0.500919
0.517358
0.498724
0.498221
0.514297
0.519136
0.508444
0.519219
0.512936
0.518111
0.517688
0.504791
0.502905
0.516657
0.517157
0.501171
0.503867
0.508276
0.503962
0.501507
0.506041
0.564544
0.540692
0.509114
0.511462
0.524689
0.496915
0.51711
0.515825
0.495351
0.512907
0.508131
0.503672
0.515895
0.509394
0.507518
0.518021
0.495133
0.503303
0.517671
0.509563
0.565599
0.502951
0.511578
0.503305
0.500472
0.504237
0.519756
0.501135
0.529666
0.50908
0.551727
0.498812
0.513703
0.499912
0.501597
0.513809
0.503998
0.513314
0.497289
0.522274
0.500239
0.506316
0.52476
0.563898
0.499777
0.5136
0.527988
0.516141
0.518443
0.50963
0.505379
0.513276
0.529735
0.497516
0.500003
0.511214
0.502056
0.516082
0.507787
0.532756
0.501386
0.514195
0.503812
0.499941
0.517666
0.514328
0.533619
0.498346
0.512364
0.543038
0.526821
0.519015
0.510472
0.53625
0.502481
0.501046
0.509242
0.5369
0.517962
0.512487
0.528781
0.499257
0.512446
0.521923
0.498352
0.49385
0.512014
0.498966
0.5094
0.534569
0.498543
0.538487
0.51571
0.54203
0.538154
0.515697
0.509657
0.513006
0.498983
0.509821
0.516815
0.509268
0.505708
0.515083
0.499997
0.514938
0.509926
0.499656
0.507813
0.50487
0.502631
0.568085
0.509424
0.548015
0.48838
0.515947
0.509003
0.499608
0.531633
0.49655
0.511618
0.514913
0.498897
0.506818
0.51596
0.495588
0.528644
0.503948
0.498463
0.549994
0.503452
0.5065
0.517577
0.498653
0.534993
0.510233
0.546828
0.501107
0.521289
0.504673
0.503678
0.51598
0.496445
0.498407
0.512072
0.521415
0.512385
0.521834
0.507481
0.527335
0.501936
0.500212
0.508159
0.517412
0.503395
0.530298
0.499307
0.496858
0.516047
0.497997
0.492876
0.512378
0.498819
0.521406
0.551388
0.504085
0.499569
0.515525
0.500558
0.512338
0.509682
0.501368
0.517919
0.504183
0.497604
0.509514
0.500477
0.518423
0.49825
0.527222
0.513975
0.51738
0.499887
0.532333
0.500994
0.514064
0.501625
0.519101
0.49656
0.516202
0.515177
0.507031
0.519336
0.497516
0.503263
0.503823
0.517636
0.516523
0.503181
0.500022
0.520183
0.514771
0.59493
0.609856
0.5088
0.500478
0.539007
0.5924
0.552095
0.534738
0.608745
0.555451
0.569238
0.522224
0.507672
