0.160681
0.162955
0.200739
0.176475
0.198667
0.178043
0.184156
0.188491
0.177747
0.185789
0.191022
0.195570
0.185107
0.178958
0.188849
0.185748
0.194119
0.171850
0.184144
0.171149
0.188462
0.193510
0.193197
0.177779
0.197650
0.186508
0.187875
0.185689
0.190407
0.193577
0.190721
0.189192
0.184292
0.192172
0.188999
0.182556
0.192888
0.192079
0.190654
0.169922
0.194138
0.191334
0.182792
0.180570
0.175929
0.175522
0.171446
0.191348
0.177869
0.184871
0.184756
0.183937
0.182527
0.187626
0.176219
0.203247
0.195694
0.202986
0.183191
0.183643
0.175542
0.173520
0.191879
0.176801
0.174448
0.189676
0.188413
0.185858
0.184987
0.196361
0.179183
0.194718
0.187994
0.191058
0.187551
0.185883
0.187209
0.195763
0.194282
0.189884
0.191161
0.189990
0.191337
0.191428
0.177414
0.206077
0.188653
0.189381
0.199278
0.180703
0.190314
0.187639
0.188118
0.189607
0.191321
0.174485
0.188401
0.181248
0.179371
0.176457
0.174401
0.177833
0.177333
0.182676
0.177612
0.186996
0.182148
0.177868
0.199578
0.185015
0.175768
0.175482
0.187081
0.188490
0.174638
0.183298
0.199411
0.184281
0.188576
0.187437
0.187656
0.189550
0.188786
0.191688
0.186857
0.186882
0.189432
0.198294
0.190481
0.190309
0.189915
0.194221
0.171278
0.196134
0.206089
0.186872
0.186946
0.184258
0.196024
0.188394
0.187525
0.180761
0.188434
0.196556
0.180996
0.191030
0.187836
0.188357
0.186438
0.196317
0.188034
0.184173
0.186846
0.183626
0.192141
0.176311
0.189293
0.176470
0.175312
0.183496
0.183037
0.176122
0.186403
0.181173
0.171264
0.188076
0.173710
0.184263
0.186353
0.175089
0.183568
0.176589
0.186211
0.182436
0.186954
0.182593
0.176188
0.184253
0.174875
0.187804
0.179406
0.176347
0.184174
0.189248
0.184597
0.187709
0.180305
0.171762
0.187118
0.200433
0.176669
0.184289
0.175604
0.181713
0.174776
0.189532
0.191406
0.176288
0.192907
0.186870
0.170911
0.181728
0.175720
0.185812
0.173543
0.186359
0.193585
0.176163
0.182469
0.175137
0.184307
0.186809
0.171870
0.200248
0.185621
0.194286
0.177218
0.174501
0.178857
0.175628
0.187584
0.190257
0.176527
0.195472
0.199299
0.184351
0.190239
0.192768
0.189099
0.180194
0.187939
0.188518
0.191918
0.187153
0.187813
0.186880
0.202486
0.192259
0.185122
0.183317
0.185688
0.192628
0.203342
0.172323
0.196382
0.216398
0.194328
0.176529
0.191079
0.186674
0.186168
0.190546
0.191174
0.190638
0.187699
0.177014
0.182330
0.191473
0.178962
0.175145
0.176974
0.180451
0.182015
0.175970
0.187836
0.174294
0.178310
0.175582
0.185932
0.205676
0.185449
0.186636
0.175192
0.182053
0.188970
0.189949
0.173307
0.175716
0.183684
0.186234
0.198120
0.183351
0.196740
0.175718
0.174114
0.177147
0.176815
0.185413
0.175512
0.187328
0.175376
0.175127
0.187267
0.192961
0.177124
0.177091
0.195305
0.178730
0.189494
0.178579
0.186496
0.181289
0.189984
0.175757
0.177169
0.182763
0.180103
0.187807
0.188296
0.173891
0.181697
0.188068
0.194152
0.188924
0.184523
0.186885
0.190638
0.173622
0.186221
0.178564
0.172729
0.173921
0.187604
0.179594
0.179504
0.183579
0.185047
0.176344
0.182748
0.186067
0.190149
0.184947
0.180242
0.192412
0.186177
0.187950
0.194884
0.187004
0.179867
0.172865
0.195615
0.176349
0.174480
0.184849
0.176823
0.177439
0.177616
0.178080
0.186600
0.175080
0.176399
0.205095
0.191977
0.177421
0.174922
0.175287
0.189284
0.177271
0.188732
0.191035
0.191841
0.195538
0.196260
0.194293
0.177084
0.183840
0.178667
0.186938
0.181849
0.199596
0.185359
0.177994
0.179662
0.184567
0.176184
0.177095
0.187711
0.188948
0.174134
0.202513
0.174902
0.183609
0.185091
0.174830
0.176110
0.177088
0.188617
0.191794
0.177600
0.185794
0.177152
0.189369
0.184780
0.182849
0.187929
0.187409
0.195696
0.191175
0.186128
0.186882
0.189163
0.181665
0.194049
0.191543
0.214745
0.182028
0.185755
0.187776
0.187047
0.196810
0.187023
0.178768
0.173867
0.189556
0.189536
0.178465
0.181602
0.188344
0.173964
0.184926
0.187996
0.188835
0.175968
0.188861
0.176982
0.173227
0.174478
0.187603
0.182674
0.172697
0.188076
0.196328
0.202767
0.186677
0.185506
0.175292
0.177659
0.185924
0.193098
0.191845
0.190266
0.188330
0.190420
0.184829
0.178704
0.193789
0.197080
0.181693
0.194424
0.191511
0.199047
0.189858
0.189133
0.180757
0.180507
0.179018
0.189133
0.175292
0.195731
0.175559
0.188876
0.190437
0.191226
0.176699
0.189314
0.189848
0.182162
0.188213
0.187022
0.189454
0.176057
0.183175
0.194436
0.187470
0.175347
0.176331
0.188899
0.194953
0.174294
0.185324
0.176352
0.175463
0.186728
0.185550
0.186198
0.195373
0.195688
0.186048
0.191941
0.186779
0.190919
0.186522
0.193367
0.187080
0.189599
0.186267
0.191273
0.188204
0.181819
0.178265
0.190238
0.195110
0.190064
0.190522
0.209424
0.189242
0.176499
0.189320
0.186010
0.195102
0.194012
0.188121
0.190932
0.181315
0.169687
0.182088
0.188346
0.177231
0.175506
0.175244
0.204103
0.183168
0.177226
0.174362
0.188496
0.189133
0.176511
0.177631
0.185761
0.176856
0.187602
0.172415
0.183855
0.189561
0.174854
0.175812
0.200352
0.187000
0.182674
0.213222
0.179702
0.188913
0.188896
0.179097
0.181213
0.175445
0.174276
0.184467
0.184424
0.175390
0.178732
0.184640
0.175890
0.175009
0.184229
0.187393
0.189112
0.176075
0.184247
0.190863
0.191023
0.177072
0.188121
0.185657
0.187074
0.185290
0.197702
0.197344
0.178312
0.186421
0.177363
0.205783
0.181698
0.186083
0.173982
0.184310
0.175026
0.175409
0.185359
0.185866
0.171734
0.176209
0.177853
0.176379
0.177939
0.189056
0.187643
0.175634
0.175868
0.186266
0.183526
0.176321
0.172151
0.216786
0.191711
0.179320
0.184960
0.186251
0.184572
0.187339
0.191373
0.175687
0.177991
0.176332
0.176622
0.174211
0.176927
0.186983
0.187645
0.195816
0.186896
0.187721
0.177406
0.175192
0.178259
0.187295
0.175611
0.188455
0.173610
0.183293
0.200529
0.181346
0.186044
0.194250
0.190819
0.188122
0.185684
0.195204
0.188197
0.176032
0.176191
0.175620
0.178098
0.177774
0.173706
0.186851
0.175951
0.182405
0.190935
0.177203
0.174051
0.172336
0.176887
0.188931
0.190144
0.187628
0.175605
0.184527
0.203180
0.182030
0.189696
0.191149
0.176164
0.188945
0.202725
0.194844
0.187771
0.188319
0.186915
0.181073
0.178784
0.186690
