0.00019002
1.22942
0.17688
0.188514
0.172567
0.161932
0.18722
0.164096
0.171764
0.179443
0.174115
0.174711
0.193079
0.162818
0.163916
0.190575
0.177082
0.177734
0.177104
0.166416
0.164778
0.164296
0.170424
0.192569
0.17692
0.198088
0.171814
0.173557
0.165856
0.174364
0.185829
0.190217
0.172106
0.17571
0.1652
0.162331
0.171055
0.167182
0.16298
0.172583
0.173405
0.173681
0.177413
0.163584
0.16562
0.172598
0.16571
0.164291
0.165631
0.163166
0.170871
0.162456
0.166868
0.165332
0.16466
0.166632
0.165765
0.176265
0.17721
0.173864
0.166378
0.175957
0.16715
0.164086
0.163488
0.171561
0.167842
0.172966
0.183341
0.166513
0.17012
0.165165
0.173028
0.16778
0.173794
0.166642
0.170217
0.172919
0.187645
0.165591
0.166532
0.172333
0.164654
0.166123
0.175363
0.173558
0.172823
0.176408
0.170621
0.164459
0.164118
0.166636
0.163416
0.164205
0.174498
0.17677
0.172563
0.173858
0.16461
0.163465
0.163831
0.163675
0.173568
0.172292
0.164804
0.163794
0.164838
0.174361
0.175303
0.182295
0.16381
0.165816
0.171925
0.164929
0.180755
0.178334
0.172582
0.165105
0.165705
0.177553
0.166497
0.16613
0.166124
0.179887
0.17945
0.164439
0.161976
0.163787
0.176818
0.1656
0.165724
0.164494
0.167788
0.17488
0.184482
0.163462
0.165484
0.165126
0.164781
0.174822
0.165395
0.171972
0.180455
0.173037
0.163065
0.163516
0.163927
0.172092
0.165368
0.163452
0.174265
0.173949
0.16601
0.164916
0.164708
0.16508
0.165273
0.171837
0.175325
0.177917
0.173818
0.179061
0.164437
0.17042
0.163884
0.172819
0.164946
0.164067
0.164973
0.170573
0.16484
0.164081
0.163982
0.170095
0.163816
0.164466
0.175228
0.164223
0.165151
0.16451
0.163638
0.163567
0.163685
0.172929
0.173915
0.170734
0.164548
0.164125
0.163973
0.171544
0.16402
0.164419
0.1775
0.164942
0.179389
0.165176
0.165488
0.165405
0.164605
0.172156
0.163305
0.175254
0.172785
0.179273
0.17253
0.163979
0.170429
0.163422
0.163514
0.173172
0.172086
0.171961
0.176795
0.164146
0.163804
0.164234
0.163857
0.164258
0.175614
0.1781
0.181272
0.172214
0.168847
0.165365
0.165487
0.177934
0.165077
0.165212
0.173285
0.17502
0.176406
0.16785
0.174797
0.164606
0.172873
0.166605
0.166807
0.16512
0.175196
0.167056
0.18105
0.165062
0.163827
0.163331
0.16427
0.164643
0.165505
0.184454
0.174104
0.178451
0.164324
0.164359
0.164476
0.165021
0.177847
0.171402
0.163505
0.170649
0.180353
0.164523
0.164292
0.165626
0.164915
0.164258
0.176097
0.17874
0.178244
0.179065
0.171596
0.164892
0.164746
0.165164
0.164395
0.164251
0.181018
0.167953
0.172412
0.165145
0.17653
0.172291
0.164602
0.16475
0.164241
0.175422
0.165845
0.167329
0.165585
0.165071
0.175093
0.165464
0.17322
0.163381
0.164938
0.176477
0.167992
0.165249
0.16552
0.164095
0.164711
0.163903
0.174683
0.164133
0.180526
0.163915
0.164651
0.164826
0.163622
0.165143
0.173543
0.16572
0.174213
0.163804
0.171132
0.164945
0.164306
0.173514
0.16457
0.172778
0.163436
0.17175
0.163965
0.164824
0.164272
0.163481
0.161911
0.172329
0.176251
0.170611
0.164227
0.163951
0.164232
0.164646
0.165509
0.174788
0.164729
0.178303
0.171922
0.171542
0.164252
0.163589
0.163855
0.163269
0.175411
0.163476
0.162156
0.164203
0.166214
0.163736
0.165181
0.164427
0.17671
0.174065
0.172194
0.16333
0.167142
0.16593
0.165806
0.179139
0.165342
0.169713
0.165532
0.164369
0.173241
0.165172
0.16523
0.163396
0.164589
0.172023
0.173025
0.164559
0.164337
0.164984
0.16385
0.164125
0.17156
0.164072
0.172037
0.170997
0.163793
0.165439
0.166131
0.165138
0.171357
0.163727
0.176333
0.175635
0.163233
0.163686
0.172623
0.163629
0.165516
0.164192
0.174033
0.172894
0.165545
0.163581
0.171652
0.164563
0.178867
0.166043
0.174498
0.165324
0.17374
0.171234
0.164327
0.164263
0.162963
0.163646
0.162812
0.17393
0.174288
0.178161
0.162503
0.17116
0.164139
0.164439
0.173775
0.165128
0.173217
0.177337
0.175973
0.163479
0.171541
0.170255
0.163857
0.163764
0.165891
0.165746
0.17235
0.164836
0.16442
0.163666
0.163922
0.165531
0.174623
0.165577
0.171058
0.176367
0.163333
0.164927
0.171485
0.163
0.164068
0.16374
0.174254
0.173475
0.16405
0.173699
0.164524
0.166582
0.164595
0.163933
0.164926
0.168328
0.163726
0.164281
0.16509
0.164982
0.173369
0.174794
0.164294
0.170451
0.164748
0.163521
0.164139
0.164413
0.162535
0.172424
0.171593
0.172299
0.163358
0.164169
0.163047
0.164265
0.17172
0.163573
0.177582
0.179548
0.175557
0.164058
0.164445
0.163475
0.17127
0.173567
0.165543
0.17537
0.175824
0.173239
0.175702
0.165243
0.164044
0.164166
0.165384
0.172094
0.163898
0.177661
0.173451
0.178819
0.164035
0.163592
0.163813
0.163984
0.164362
0.163412
0.173357
0.176238
0.16431
0.164972
0.165495
0.166327
0.165194
0.171979
0.175846
0.172023
0.176661
0.164081
0.164294
0.1755
0.16342
0.175059
0.164118
0.176913
0.182998
0.178973
0.174062
0.16522
0.163999
0.164623
0.164889
0.165406
0.165105
0.174376
0.171351
0.164435
0.164853
0.164781
0.165012
0.164265
0.16386
0.17529
0.178744
0.17477
0.166094
0.166082
0.165406
0.165901
0.172255
0.16477
0.172876
0.170634
0.16414
0.165829
0.163388
0.165161
0.164746
0.165405
0.176391
0.184451
0.178218
0.178823
0.163797
0.163866
0.164375
0.163836
0.175818
0.164018
0.174457
0.175732
0.172961
0.166227
0.164623
0.164968
0.164507
0.175035
0.162948
0.163712
0.1678
0.174613
0.165381
0.164599
0.165234
0.164428
0.172655
0.166043
0.165885
0.163565
0.163949
0.164386
0.163983
0.164356
0.173598
0.175581
0.173141
0.171825
0.165423
0.176586
0.166743
0.166652
0.165559
0.166734
0.175555
0.178398
0.171171
0.164438
0.170216
0.164998
0.164838
0.163858
0.164857
0.176091
0.177043
0.172916
0.163549
0.163868
0.164826
0.165013
0.174801
0.16506
0.176622
0.178142
0.173527
0.165207
0.166259
0.166167
0.165365
0.173542
0.165085
0.174325
0.171449
0.156836
0.164063
0.165131
0.164855
0.170585
0.166253
0.177571
0.165983
0.176528
0.165476
0.16772
0.166272
0.164821
0.164416
0.164708
0.175539
0.173513
0.191645
0.176046
0.164799
0.166126
0.173114
0.165493
0.174265
0.164994
0.164026
0.174178
0.164955
0.165431
0.164303
0.164857
0.164011
0.176698
0.164794
0.173881
0.175046
0.164221
0.176317
0.178213
0.163843
0.164871
0.163876
0.173311
0.178179
0.165881
0.179552
0.164494
0.166922
0.173368
0.165134
0.165382
0.164858
0.169136
0.172727
0.166002
0.16492
0.164032
0.165525
0.166023
0.165323
0.175989
0.172345
0.178971
0.172595
0.164677
0.164361
0.173398
0.164118
0.166755
0.174529
0.169169
0.165967
0.165065
0.165417
0.172745
0.164086
0.165275
0.164673
0.175373
0.178839
0.177606
0.162925
0.16386
0.177826
0.175687
0.163857
0.164133
0.174263
0.176219
0.173484
0.170885
0.163672
0.164094
0.164619
0.17655
0.165938
0.16665
0.176835
0.175465
0.178587
0.164642
0.16498
0.16402
0.164657
0.165069
0.164835
0.177726
0.177391
0.180075
0.165738
0.164675
0.16504
0.165105
0.163559
0.165023
0.177181
0.178224
0.179222
0.164627
0.164682
0.163793
0.173722
0.17503
0.165348
0.165802
0.179013
0.172861
0.174924
0.174832
0.165885
0.167526
0.16607
0.166222
0.168417
0.178082
0.182973
0.174797
0.165682
0.16566
0.165205
0.174931
0.164625
0.175093
0.166331
0.175205
0.173289
0.166405
0.166516
0.165365
0.164931
0.173892
0.164254
0.174858
0.177018
0.181261
0.177871
0.163285
0.149569
0.163252
0.164887
0.163892
0.172489
0.172383
0.175952
0.163547
0.165116
0.16586
0.165592
0.165527
0.174985
0.168842
0.173878
0.165839
0.164921
0.16396
0.164342
0.174049
0.165528
0.172671
0.172177
0.167382
0.16368
0.163536
0.164524
0.17438
0.165576
0.166212
0.175769
0.174128
0.17883
0.172421
0.166162
0.179505
0.165121
0.164402
0.165607
0.174078
0.172289
0.176809
0.182832
0.164308
0.164698
0.164163
0.164461
0.165091
0.164772
0.165897
0.177776
0.166018
0.164312
0.178174
0.164665
0.174149
0.165804
0.165296
0.165784
0.177175
0.164313
0.165412
0.165712
0.165285
0.165155
0.164953
0.176641
0.16375
0.164653
0.165295
0.164639
0.163708
0.165141
0.175813
0.173586
0.177219
0.167749
0.165899
0.165016
0.17515
0.176309
0.163813
0.163835
0.175982
0.177887
0.16525
0.164677
0.164956
0.165263
0.16569
0.175593
0.166288
0.166739
0.178716
0.168924
0.163806
0.164863
0.165174
0.164391
0.176189
0.164243
0.176954
0.17464
0.164224
0.165154
0.176502
0.170381
0.166577
0.172458
0.164335
0.173377
0.180363
0.177776
0.164928
0.164397
0.16521
0.164672
0.163359
0.173645
0.17173
0.177066
0.178543
0.165056
0.165706
0.165262
0.166427
0.166261
0.165757
0.1766
0.180581
0.179978
0.168373
0.164356
0.166192
0.165327
0.16358
0.172941
0.17229
0.172188
0.17027
0.164153
0.164544
0.164352
0.165138
0.176236
0.163106
0.175535
0.172417
0.176203
0.164513
0.174324
0.165019
0.165137
0.172927
0.164586
0.16332
0.177523
0.178211
0.164458
0.165977
0.164023
0.164799
0.164102
0.164548
0.177649
0.17159
0.177518
0.164514
0.165483
0.174391
0.164939
0.175298
0.165689
0.172268
0.179019
0.178736
0.165317
0.164897
0.171174
0.164884
0.164601
0.175297
0.164839
0.174585
0.175653
0.179724
0.183387
0.164398
0.174574
0.165257
0.164422
0.165677
0.174106
0.178191
0.178435
0.175231
0.180101
0.164601
0.176179
0.164972
0.164325
0.177217
0.16531
0.174633
0.168259
0.176078
0.179409
0.164481
0.166322
0.173706
0.165558
0.166072
0.175653
0.165133
0.176857
0.17449
0.172742
0.163781
0.16599
0.165278
0.164446
0.169955
0.166466
0.173708
0.173127
0.174104
0.165598
0.169128
0.164025
0.172797
0.164615
0.175527
0.179177
0.176505
0.176292
0.17462
0.164428
0.16503
0.164752
0.174453
0.166644
0.178024
0.17594
0.180998
0.177281
0.171695
0.164737
0.165659
0.16645
0.164877
0.165454
0.166868
0.177819
0.174382
0.163497
0.163661
0.175629
0.164165
0.164163
0.172212
0.171877
0.16328
0.164036
0.163625
0.177226
0.163266
0.172847
0.172877
0.165286
0.175305
0.184688
0.167175
0.16569
0.166093
0.175164
0.181198
0.164647
0.16488
0.17406
0.168308
0.179216
0.17677
0.163156
0.164879
0.172843
0.163956
0.165869
0.166071
0.172511
0.176187
0.179158
0.165031
0.166552
0.173702
0.167262
0.165323
0.175078
0.17788
0.171138
0.172183
0.187437
0.170236
0.164459
0.173497
0.16492
0.16852
0.165803
0.172811
0.17202
0.175623
0.174756
0.165216
0.165438
0.163881
0.164855
0.17154
0.164748
0.166667
0.166495
0.16484
0.16526
0.175967
0.164959
0.165738
0.177358
0.175071
0.165346
0.169017
0.164227
0.164247
0.164532
0.170531
0.163045
0.166508
0.176169
0.190649
0.188256
0.205729
0.181612
0.175703
0.18817
0.186575
0.163997
0.168863
0.173942
0.165732
0.163094
0.174243
0.175495
0.171523
0.168425
0.222495
0.17388
0.203587
0.174209
0.174344
0.22504
0.198418
0.18761
0.20202
0.166779
0.167479
0.195036
