20823 root      20   0 34.312g 0.995g 160672 S  32.1  3.2   1:37.65 darknet_ros
20823 root      20   0 34.312g 0.995g 160676 S  45.7  3.2   1:38.13 darknet_ros
20823 root      20   0 34.324g 1.007g 160676 S  43.9  3.2   1:38.60 darknet_ros
20823 root      20   0 34.324g 1.007g 160680 S  46.8  3.2   1:39.11 darknet_ros
20823 root      20   0 34.324g 1.007g 160680 S  48.6  3.2   1:39.62 darknet_ros
20823 root      20   0 34.324g 1.007g 160680 S  44.2  3.2   1:40.15 darknet_ros
20823 root      20   0 34.324g 1.007g 160684 S  43.4  3.2   1:40.61 darknet_ros
20823 root      20   0 34.312g 0.995g 160684 S  48.1  3.2   1:41.12 darknet_ros
20823 root      20   0 34.329g 1.013g 160684 S  49.0  3.2   1:41.63 darknet_ros
20823 root      20   0 34.329g 1.013g 160688 S  44.3  3.2   1:42.10 darknet_ros
20823 root      20   0 34.329g 1.013g 160688 S  45.8  3.2   1:42.59 darknet_ros
20823 root      20   0 34.329g 1.013g 160692 S  45.8  3.2   1:43.08 darknet_ros
20823 root      20   0 34.329g 1.013g 160692 S  49.0  3.2   1:43.59 darknet_ros
20823 root      20   0 34.329g 1.013g 160692 S  38.9  3.2   1:44.01 darknet_ros
20823 root      20   0 34.329g 1.013g 160696 S  50.0  3.2   1:44.53 darknet_ros
20823 root      20   0 34.329g 1.013g 160696 S  42.1  3.2   1:44.98 darknet_ros
20823 root      20   0 34.312g 0.995g 160696 S  44.9  3.2   1:45.46 darknet_ros
20823 root      20   0 34.318g 1.001g 160700 S  42.3  3.2   1:45.90 darknet_ros
20823 root      20   0 34.318g 1.001g 160700 S  46.7  3.2   1:46.39 darknet_ros
20823 root      20   0 34.318g 1.001g 160704 S  44.4  3.2   1:46.87 darknet_ros
20823 root      20   0 34.318g 1.001g 160704 S  42.1  3.2   1:47.32 darknet_ros
20823 root      20   0 34.318g 1.001g 160704 S  50.0  3.2   1:47.84 darknet_ros
20823 root      20   0 34.318g 1.001g 160708 S  44.8  3.2   1:48.31 darknet_ros
20823 root      20   0 34.318g 1.001g 160708 S  42.6  3.2   1:48.77 darknet_ros
20823 root      20   0 34.318g 1.001g 160708 S  48.5  3.2   1:49.27 darknet_ros
20823 root      20   0 34.318g 1.001g 160712 S  48.1  3.2   1:49.77 darknet_ros
20823 root      20   0 34.318g 1.001g 160712 S  40.6  3.2   1:50.20 darknet_ros
20823 root      20   0 34.318g 1.001g 160712 S  49.0  3.2   1:50.71 darknet_ros
20823 root      20   0 34.318g 1.001g 160716 S  39.6  3.2   1:51.13 darknet_ros
20823 root      20   0 34.300g 0.984g 160716 S  48.6  3.2   1:51.64 darknet_ros
20823 root      20   0 34.300g 0.984g 160720 R  41.7  3.2   1:52.09 darknet_ros
20823 root      20   0 34.300g 0.984g 160720 S  48.6  3.2   1:52.60 darknet_ros
20823 root      20   0 34.300g 0.984g 160720 S  47.1  3.2   1:53.09 darknet_ros
20823 root      20   0 34.300g 0.984g 160724 S  43.0  3.2   1:53.55 darknet_ros
20823 root      20   0 34.300g 0.984g 160724 S  48.6  3.2   1:54.06 darknet_ros
20823 root      20   0 34.300g 0.984g 160724 S  39.8  3.2   1:54.49 darknet_ros
20823 root      20   0 34.300g 0.984g 160728 S  48.6  3.2   1:55.00 darknet_ros
20823 root      20   0 34.300g 0.984g 160728 S  42.3  3.2   1:55.44 darknet_ros
20823 root      20   0 34.300g 0.984g 160728 S  49.5  3.2   1:55.98 darknet_ros
20823 root      20   0 34.300g 0.984g 160732 S  51.4  3.2   1:56.52 darknet_ros
20823 root      20   0 34.295g 0.978g 160732 S  49.1  3.1   1:57.04 darknet_ros
20823 root      20   0 34.295g 0.978g 160736 S  44.3  3.1   1:57.51 darknet_ros
20823 root      20   0 34.306g 0.989g 160736 S  45.3  3.2   1:57.99 darknet_ros
20823 root      20   0 34.306g 0.989g 160736 S  48.1  3.2   1:58.49 darknet_ros
20823 root      20   0 34.306g 0.989g 160740 S  41.1  3.2   1:58.93 darknet_ros
20823 root      20   0 34.306g 0.989g 160740 S  48.1  3.2   1:59.43 darknet_ros
20823 root      20   0 34.312g 0.995g 160740 S  43.9  3.2   1:59.90 darknet_ros
20823 root      20   0 34.312g 0.995g 160744 S  46.3  3.2   2:00.40 darknet_ros
20823 root      20   0 34.312g 0.995g 160744 S  46.2  3.2   2:00.89 darknet_ros
20823 root      20   0 34.312g 0.995g 160748 S  47.1  3.2   2:01.38 darknet_ros
20823 root      20   0 34.312g 0.995g 160748 S  45.2  3.2   2:01.85 darknet_ros
20823 root      20   0 34.312g 0.995g 160748 S  43.9  3.2   2:02.32 darknet_ros
20823 root      20   0 34.312g 0.995g 160752 S  47.1  3.2   2:02.81 darknet_ros
20823 root      20   0 34.306g 0.990g 160752 S  43.5  3.2   2:03.28 darknet_ros
20823 root      20   0 34.312g 0.995g 160752 S  47.2  3.2   2:03.78 darknet_ros
20823 root      20   0 34.312g 0.995g 160756 S  46.2  3.2   2:04.27 darknet_ros
20823 root      20   0 34.312g 0.995g 160756 S  42.1  3.2   2:04.72 darknet_ros
20823 root      20   0 34.312g 0.995g 160756 S  47.6  3.2   2:05.22 darknet_ros
20823 root      20   0 34.312g 0.995g 160760 S  44.3  3.2   2:05.69 darknet_ros
20823 root      20   0 34.312g 0.995g 160760 S  43.9  3.2   2:06.16 darknet_ros
20823 root      20   0 34.312g 0.995g 160764 S  47.2  3.2   2:06.66 darknet_ros
20823 root      20   0 34.312g 0.995g 160764 S  41.9  3.2   2:07.10 darknet_ros
20823 root      20   0 34.300g 0.984g 160764 S  48.1  3.2   2:07.60 darknet_ros
20823 root      20   0 34.300g 0.984g 160768 S  48.6  3.2   2:08.12 darknet_ros
20823 root      20   0 34.306g 0.990g 160768 S  44.0  3.2   2:08.60 darknet_ros
20823 root      20   0 34.306g 0.990g 160768 S  41.8  3.2   2:09.06 darknet_ros
20823 root      20   0 34.306g 0.990g 160772 S  48.1  3.2   2:09.56 darknet_ros
20823 root      20   0 34.306g 0.990g 160772 S  41.5  3.2   2:10.00 darknet_ros
20823 root      20   0 34.306g 0.990g 160772 S  47.6  3.2   2:10.50 darknet_ros
20823 root      20   0 34.306g 0.990g 160776 S  41.1  3.2   2:10.94 darknet_ros
20823 root      20   0 34.306g 0.990g 160776 S  51.9  3.2   2:11.48 darknet_ros
20823 root      20   0 34.306g 0.990g 160780 S  40.5  3.2   2:11.97 darknet_ros
20823 root      20   0 34.306g 0.990g 160780 S  49.0  3.2   2:12.48 darknet_ros
20823 root      20   0 34.306g 0.990g 160780 S  41.1  3.2   2:12.92 darknet_ros
20823 root      20   0 34.306g 0.990g 160784 S  49.0  3.2   2:13.43 darknet_ros
20823 root      20   0 34.306g 0.990g 160784 S  41.1  3.2   2:13.87 darknet_ros
20823 root      20   0 34.306g 0.990g 160784 S  47.1  3.2   2:14.36 darknet_ros
20823 root      20   0 34.306g 0.990g 160788 S  40.0  3.2   2:14.80 darknet_ros
20823 root      20   0 34.306g 0.990g 160788 S  47.1  3.2   2:15.29 darknet_ros
20823 root      20   0 34.306g 0.990g 160788 S  40.0  3.2   2:15.71 darknet_ros
20823 root      20   0 34.306g 0.990g 160792 S  47.1  3.2   2:16.20 darknet_ros
20823 root      20   0 34.306g 0.990g 160792 S  47.7  3.2   2:16.72 darknet_ros
20823 root      20   0 34.306g 0.990g 160796 S  42.6  3.2   2:17.21 darknet_ros
20823 root      20   0 34.306g 0.990g 160796 S  42.2  3.2   2:17.67 darknet_ros
20823 root      20   0 34.306g 0.990g 160796 S  47.2  3.2   2:18.17 darknet_ros
20823 root      20   0 34.306g 0.990g 160800 S  45.5  3.2   2:18.67 darknet_ros
20823 root      20   0 34.306g 0.990g 160800 S  42.3  3.2   2:19.11 darknet_ros
20823 root      20   0 34.306g 0.990g 160800 S  45.3  3.2   2:19.59 darknet_ros
20823 root      20   0 34.306g 0.990g 160804 S  50.0  3.2   2:20.11 darknet_ros
20823 root      20   0 34.312g 0.995g 160804 S  41.9  3.2   2:20.55 darknet_ros
20823 root      20   0 34.312g 0.995g 160804 S  46.7  3.2   2:21.04 darknet_ros
20823 root      20   0 34.324g 1.007g 160808 S  48.1  3.2   2:21.54 darknet_ros
20823 root      20   0 34.318g 1.001g 160808 S  48.6  3.2   2:22.06 darknet_ros
20823 root      20   0 34.329g 1.013g 160812 S  40.4  3.2   2:22.50 darknet_ros
20823 root      20   0 34.329g 1.013g 160812 S  50.0  3.2   2:23.02 darknet_ros
20823 root      20   0 34.318g 1.001g 160812 S  49.5  3.2   2:23.54 darknet_ros
20823 root      20   0 34.318g 1.001g 160816 S  41.5  3.2   2:23.98 darknet_ros
20823 root      20   0 34.318g 1.001g 160816 S  44.9  3.2   2:24.46 darknet_ros
20823 root      20   0 34.318g 1.001g 160816 S  45.7  3.2   2:24.94 darknet_ros
20823 root      20   0 34.318g 1.001g 160820 S  41.1  3.2   2:25.38 darknet_ros
