20681 root      20   0  577144 109580  65360 S   0.0  0.3   0:15.09 usb_cam_node
20681 root      20   0  577144 109580  65360 S   7.6  0.3   0:15.17 usb_cam_node
20681 root      20   0  577144 109580  65360 S   4.7  0.3   0:15.22 usb_cam_node
20681 root      20   0  577144 109580  65360 S   7.7  0.3   0:15.30 usb_cam_node
20681 root      20   0  577144 109580  65360 S   4.7  0.3   0:15.35 usb_cam_node
20681 root      20   0  577144 109580  65360 S   8.6  0.3   0:15.44 usb_cam_node
20681 root      20   0  577144 109580  65360 S   5.6  0.3   0:15.50 usb_cam_node
20681 root      20   0  577144 109580  65360 S   4.6  0.3   0:15.55 usb_cam_node
20681 root      20   0  577144 109580  65360 S   6.7  0.3   0:15.62 usb_cam_node
20681 root      20   0  577144 109580  65360 S   7.4  0.3   0:15.71 usb_cam_node
20681 root      20   0  577144 109580  65360 S   6.6  0.3   0:15.78 usb_cam_node
20681 root      20   0  577144 109580  65360 S   4.5  0.3   0:15.83 usb_cam_node
20681 root      20   0  577144 109580  65360 S   6.7  0.3   0:15.90 usb_cam_node
20681 root      20   0  577144 109580  65360 S   5.8  0.3   0:15.96 usb_cam_node
20681 root      20   0  577144 109580  65360 S   5.4  0.3   0:16.02 usb_cam_node
20681 root      20   0  577144 109580  65360 S   6.6  0.3   0:16.09 usb_cam_node
20681 root      20   0  577144 109580  65360 S   5.7  0.3   0:16.15 usb_cam_node
20681 root      20   0  577144 109580  65360 S   6.7  0.3   0:16.22 usb_cam_node
20681 root      20   0  577144 109580  65360 S   5.6  0.3   0:16.28 usb_cam_node
20681 root      20   0  577144 109580  65360 S   8.7  0.3   0:16.37 usb_cam_node
20681 root      20   0  577144 109580  65360 S   5.6  0.3   0:16.43 usb_cam_node
20681 root      20   0  577144 109580  65360 S   6.8  0.3   0:16.50 usb_cam_node
20681 root      20   0  577144 109580  65360 S   7.4  0.3   0:16.58 usb_cam_node
20681 root      20   0  577144 109580  65360 S   5.9  0.3   0:16.65 usb_cam_node
20681 root      20   0  577144 109580  65360 S   5.7  0.3   0:16.71 usb_cam_node
20681 root      20   0  577144 109580  65360 S   6.7  0.3   0:16.78 usb_cam_node
20681 root      20   0  577144 109580  65360 R   4.5  0.3   0:16.83 usb_cam_node
20681 root      20   0  577144 109580  65360 S   6.5  0.3   0:16.90 usb_cam_node
20681 root      20   0  577144 109580  65360 R   5.7  0.3   0:16.96 usb_cam_node
20681 root      20   0  577144 109580  65360 S   5.7  0.3   0:17.02 usb_cam_node
20681 root      20   0  577144 109580  65360 R   6.7  0.3   0:17.09 usb_cam_node
20681 root      20   0  577144 109580  65360 S   7.5  0.3   0:17.17 usb_cam_node
20681 root      20   0  577144 109580  65360 S   5.7  0.3   0:17.23 usb_cam_node
20681 root      20   0  577144 109580  65360 S   6.6  0.3   0:17.30 usb_cam_node
20681 root      20   0  577144 109580  65360 S   7.6  0.3   0:17.38 usb_cam_node
20681 root      20   0  577144 109580  65360 S   5.7  0.3   0:17.44 usb_cam_node
20681 root      20   0  577144 109580  65360 S   6.7  0.3   0:17.51 usb_cam_node
20681 root      20   0  577144 109580  65360 S   5.5  0.3   0:17.57 usb_cam_node
20681 root      20   0  577144 109580  65360 S   7.7  0.3   0:17.65 usb_cam_node
20681 root      20   0  577144 109580  65360 S   5.7  0.3   0:17.71 usb_cam_node
20681 root      20   0  577144 109580  65360 S   6.7  0.3   0:17.78 usb_cam_node
20681 root      20   0  577144 109580  65360 S   5.6  0.3   0:17.84 usb_cam_node
20681 root      20   0  577144 109580  65360 S   6.7  0.3   0:17.91 usb_cam_node
20681 root      20   0  577144 109580  65360 R   5.7  0.3   0:17.97 usb_cam_node
20681 root      20   0  577144 109580  65360 S   5.7  0.3   0:18.03 usb_cam_node
20681 root      20   0  577144 109580  65360 S   7.4  0.3   0:18.11 usb_cam_node
20681 root      20   0  577144 109580  65360 S   5.5  0.3   0:18.17 usb_cam_node
20681 root      20   0  577144 109580  65360 S   6.7  0.3   0:18.24 usb_cam_node
20681 root      20   0  577144 109580  65360 S   5.6  0.3   0:18.30 usb_cam_node
20681 root      20   0  577144 109580  65360 S   7.8  0.3   0:18.38 usb_cam_node
20681 root      20   0  577144 109580  65360 R   5.7  0.3   0:18.44 usb_cam_node
20681 root      20   0  577144 109580  65360 S   5.6  0.3   0:18.50 usb_cam_node
20681 root      20   0  577144 109580  65360 S   5.6  0.3   0:18.56 usb_cam_node
20681 root      20   0  577144 109580  65360 S   5.7  0.3   0:18.62 usb_cam_node
20681 root      20   0  577144 109580  65360 S   6.7  0.3   0:18.69 usb_cam_node
20681 root      20   0  577144 109580  65360 S   6.5  0.3   0:18.76 usb_cam_node
20681 root      20   0  577144 109580  65360 S   5.2  0.3   0:18.82 usb_cam_node
20681 root      20   0  577144 109580  65360 S   5.7  0.3   0:18.88 usb_cam_node
20681 root      20   0  577144 109580  65360 R   6.6  0.3   0:18.95 usb_cam_node
20681 root      20   0  577144 109580  65360 S   5.5  0.3   0:19.01 usb_cam_node
20681 root      20   0  577144 109580  65360 S   5.7  0.3   0:19.07 usb_cam_node
20681 root      20   0  577144 109580  65360 S   5.6  0.3   0:19.13 usb_cam_node
20681 root      20   0  577144 109580  65360 S   5.5  0.3   0:19.19 usb_cam_node
20681 root      20   0  577144 109580  65360 S   6.6  0.3   0:19.26 usb_cam_node
20681 root      20   0  577144 109580  65360 S   5.7  0.3   0:19.32 usb_cam_node
20681 root      20   0  577144 109580  65360 S   5.6  0.3   0:19.38 usb_cam_node
20681 root      20   0  577144 109580  65360 S   5.8  0.3   0:19.44 usb_cam_node
20681 root      20   0  577144 109580  65360 S   6.7  0.3   0:19.51 usb_cam_node
20681 root      20   0  577144 109580  65360 S   5.6  0.3   0:19.57 usb_cam_node
20681 root      20   0  577144 109580  65360 S   6.7  0.3   0:19.64 usb_cam_node
20681 root      20   0  577144 109580  65360 S   5.6  0.3   0:19.70 usb_cam_node
20681 root      20   0  577144 109580  65360 S   6.7  0.3   0:19.77 usb_cam_node
20681 root      20   0  577144 109580  65360 S   5.7  0.3   0:19.83 usb_cam_node
20681 root      20   0  577144 109580  65360 S   5.7  0.3   0:19.89 usb_cam_node
20681 root      20   0  577144 109580  65360 S   7.4  0.3   0:19.97 usb_cam_node
20681 root      20   0  577144 109580  65360 S   4.5  0.3   0:20.02 usb_cam_node
20681 root      20   0  577144 109580  65360 S   6.7  0.3   0:20.09 usb_cam_node
20681 root      20   0  577144 109580  65360 R   6.6  0.3   0:20.16 usb_cam_node
20681 root      20   0  577144 109580  65360 S   6.4  0.3   0:20.23 usb_cam_node
20681 root      20   0  577144 109580  65360 S   5.7  0.3   0:20.29 usb_cam_node
20681 root      20   0  577144 109580  65360 S   5.6  0.3   0:20.35 usb_cam_node
20681 root      20   0  577144 109580  65360 S   6.7  0.3   0:20.42 usb_cam_node
20681 root      20   0  577144 109580  65360 S   4.8  0.3   0:20.47 usb_cam_node
20681 root      20   0  577144 109580  65360 S   6.7  0.3   0:20.54 usb_cam_node
20681 root      20   0  577144 109580  65360 S   5.7  0.3   0:20.60 usb_cam_node
20681 root      20   0  577144 109580  65360 S   5.4  0.3   0:20.66 usb_cam_node
20681 root      20   0  577144 109580  65360 S   6.6  0.3   0:20.73 usb_cam_node
20681 root      20   0  577144 109580  65360 S   5.6  0.3   0:20.79 usb_cam_node
20681 root      20   0  577144 109580  65360 S   6.7  0.3   0:20.86 usb_cam_node
20681 root      20   0  577144 109580  65360 S   6.2  0.3   0:20.93 usb_cam_node
20681 root      20   0  577144 109580  65360 S   4.7  0.3   0:20.98 usb_cam_node
20681 root      20   0  577144 109580  65360 S   6.7  0.3   0:21.05 usb_cam_node
20681 root      20   0  577144 109580  65360 S   4.8  0.3   0:21.10 usb_cam_node
20681 root      20   0  577144 109580  65360 S   5.7  0.3   0:21.16 usb_cam_node
20681 root      20   0  577144 109580  65360 S   4.8  0.3   0:21.21 usb_cam_node
20681 root      20   0  577144 109580  65360 S   6.7  0.3   0:21.28 usb_cam_node
20681 root      20   0  577144 109580  65360 S   4.8  0.3   0:21.33 usb_cam_node
20681 root      20   0  577144 109580  65360 S   5.7  0.3   0:21.39 usb_cam_node
20681 root      20   0  577144 109580  65360 S   5.8  0.3   0:21.45 usb_cam_node
20681 root      20   0  577144 109580  65360 S   6.6  0.3   0:21.52 usb_cam_node
