0.000216961
1.41635
0.171988
0.180684
0.173111
0.174799
0.173401
0.172765
0.171819
0.172409
0.191027
0.17745
0.172762
0.174603
0.170079
0.197074
0.170397
0.17415
0.174414
0.176693
0.190653
0.193272
0.18756
0.183333
0.179559
0.176668
0.169414
0.184593
0.187635
0.175354
0.17787
0.173744
0.16978
0.173346
0.175126
0.174026
0.173682
0.175211
0.174495
0.170596
0.170298
0.191975
0.17606
0.181021
0.172061
0.178322
0.170619
0.180272
0.176792
0.175299
0.178741
0.17795
0.174571
0.1938
0.168519
0.188719
0.207955
0.177473
0.169954
0.176782
0.174032
0.171285
0.172243
0.173756
0.172787
0.179327
0.174539
0.171245
0.169257
0.170633
0.176008
0.176753
0.171512
0.171915
0.173312
0.174571
0.174039
0.179335
0.173431
0.170443
0.171729
0.172717
0.173794
0.176194
0.174898
0.171844
0.173829
0.176217
0.176219
0.173003
0.171635
0.172464
0.172074
0.174435
0.174369
0.174045
0.171864
0.176853
0.173211
0.174961
0.175953
0.174697
0.1722
0.169422
0.176448
0.17285
0.170912
0.171296
0.176862
0.173751
0.175169
0.176453
0.175401
0.170528
0.171083
0.175569
0.175355
0.178855
0.173801
0.176518
0.172775
0.175262
0.174123
0.17514
0.173022
0.16981
0.16981
0.172746
0.174546
0.172272
0.170897
0.173281
0.171863
0.17226
0.171822
0.172089
0.170263
0.170823
0.17323
0.174549
0.169731
0.170011
0.171966
0.174587
0.172576
0.171017
0.168464
0.169459
0.17562
0.172422
0.170944
0.171871
0.173476
0.174363
0.17284
0.174132
0.173567
0.168908
0.171702
0.174491
0.173794
0.170456
0.17226
0.172872
0.174182
0.173802
0.174452
0.174004
0.172782
0.178095
0.177139
0.176331
0.16975
0.170225
0.172274
0.173254
0.172404
0.171135
0.170665
0.169832
0.172335
0.176913
0.170937
0.1677
0.17182
0.173393
0.173454
0.171738
0.171206
0.167944
0.171171
0.173236
0.170729
0.16885
0.169105
0.171309
0.171418
0.172485
0.172031
0.16718
0.169784
0.171817
0.167616
0.171533
0.176518
0.171997
0.171452
0.173586
0.171375
0.167833
0.173208
0.171974
0.17019
0.170853
0.171031
0.171052
0.171522
0.172519
0.169294
0.168908
0.17288
0.172461
0.170721
0.170535
0.173032
0.186743
0.172861
0.174027
0.171695
0.169015
0.169555
0.172003
0.174471
0.174138
0.168185
0.171114
0.171736
0.170802
0.170296
0.168659
0.166808
0.172202
0.171547
0.16828
0.171454
0.174459
0.170593
0.170776
0.16871
0.166976
0.169141
0.168694
0.166722
0.169083
0.17125
0.169999
0.174145
0.171567
0.167972
0.168594
0.174716
0.177814
0.167848
0.169518
0.171333
0.171046
0.171347
0.17285
0.170354
0.172211
0.17289
0.172258
0.171426
0.169038
0.171701
0.172117
0.172527
0.171193
0.165891
0.170355
0.172989
0.171198
0.169309
0.180782
0.173124
0.186479
0.172325
0.174613
0.171869
0.167427
0.170597
0.170345
0.170189
0.168767
0.172359
0.176197
0.175578
0.172188
0.17003
0.16733
0.16949
0.173254
0.170108
0.169208
0.170482
0.17302
0.173389
0.175541
0.173116
0.171669
0.168438
0.172965
0.172568
0.170013
0.17187
0.172425
0.172407
0.176643
0.174015
0.172149
0.16626
0.171077
0.175383
0.170544
0.170575
0.174176
0.173441
0.174867
0.172858
0.171489
0.168183
0.171573
0.173622
0.172908
0.169433
0.169984
0.171989
0.171498
0.173102
0.173132
0.16833
0.170265
0.172022
0.171252
0.167893
0.172135
0.170967
0.174234
0.173024
0.173351
0.173671
0.171086
0.172487
0.171407
0.168758
0.170425
0.174097
0.174053
0.176147
0.17066
0.173024
0.166392
0.169705
0.170493
0.171295
0.171248
0.17394
0.173622
0.173311
0.172135
0.174684
0.166641
0.172263
0.174169
0.173743
0.170488
0.172331
0.180102
0.185063
0.171336
0.173343
0.172954
0.16788
0.168655
0.170523
0.169069
0.169505
0.168931
0.171484
0.171267
0.172088
0.173964
0.166801
0.17318
0.176188
0.169912
0.167955
0.176136
0.172409
0.172296
0.172619
0.171907
0.169765
0.174054
0.172513
0.174669
0.169237
0.171513
0.174155
0.173604
0.173186
0.173413
0.173303
0.169088
0.17144
0.173978
0.171076
0.170003
0.171401
0.173902
0.173056
0.171841
0.172032
0.16876
0.169067
0.171525
0.170089
0.168103
0.171488
0.171727
0.171817
0.170651
0.170065
0.167815
0.172059
0.177958
0.171144
0.168787
0.172023
0.171016
0.172525
0.171716
0.172344
0.166358
0.169625
0.172141
0.170634
0.16962
0.172703
0.172671
0.171781
0.171314
0.172223
0.168062
0.179057
0.174284
0.175915
0.173143
0.169783
0.172292
0.185634
0.173281
0.172804
0.171599
0.169335
0.173827
0.171546
0.174927
0.172231
0.169865
0.171475
0.174744
0.173478
0.171896
0.173256
0.170974
0.170086
0.174478
0.170936
0.172722
0.171507
0.175393
0.173252
0.174272
0.172303
0.178167
0.168851
0.173106
0.176833
0.1724
0.170294
0.169487
0.172855
0.171964
0.171895
0.177721
0.17139
0.170109
0.174881
0.172748
0.170083
0.170487
0.172413
0.170829
0.171304
0.172503
0.171157
0.168248
0.17108
0.174933
0.173898
0.172096
0.173443
0.175883
0.172606
0.171886
0.175121
0.16725
0.16902
0.172494
0.17262
0.171056
0.171336
0.175685
0.171928
0.17176
0.172216
0.16952
0.168683
0.171468
0.171433
0.167339
0.17015
0.170706
0.172878
0.172501
0.174108
0.166304
0.172183
0.17189
0.169628
0.168033
0.169873
0.171296
0.172139
0.172772
0.173459
0.166257
0.172736
0.173137
0.169249
0.170594
0.171911
0.17334
0.170665
0.172876
0.172269
0.173175
0.172081
0.175985
0.173422
0.171116
0.170379
0.182888
0.173385
0.173142
0.175257
0.17097
0.167506
0.16993
0.173467
0.171148
0.168388
0.172241
0.171877
0.174322
0.172355
0.173633
0.173502
0.168087
0.172246
0.173379
0.169128
0.169651
0.172792
0.174195
0.17265
0.172093
0.173101
0.168311
0.172353
0.171716
0.171713
0.171272
0.172222
0.173181
0.172778
0.173271
0.171999
0.168801
0.182012
0.174364
0.172845
0.168065
0.168588
0.173491
0.172487
0.173802
0.173396
0.168628
0.169296
0.175468
0.172477
0.169665
0.169656
0.172391
0.170923
0.17066
0.172716
0.168006
0.166642
0.174056
0.169515
0.169179
0.177628
0.172881
0.172892
0.172639
0.172928
0.171247
0.167643
0.172539
0.175424
0.168934
0.170052
0.173941
0.173769
0.173148
0.173097
0.171294
0.167301
0.169961
0.170866
0.166971
0.170982
0.172819
0.171785
0.173855
0.173114
0.170081
0.168674
0.172706
0.174094
0.1704
0.170188
0.173889
0.173281
0.174356
0.173271
0.173705
0.174496
0.170658
0.173291
0.171505
0.168967
0.16852
0.171636
0.170944
0.17287
0.170432
0.166138
0.169084
0.170409
0.167706
0.167793
0.171109
0.175404
0.170829
0.172551
0.168961
0.167559
0.17616
0.172311
0.173196
0.172696
0.179507
0.17278
0.174318
0.174948
0.171688
0.168909
0.17046
0.172185
0.174661
0.170128
0.172872
0.171646
0.172777
0.172411
0.173076
0.174282
0.166958
0.172225
0.176357
0.171128
0.169845
0.172418
0.173375
0.17399
0.174754
0.174885
0.169988
0.169064
0.174319
0.171627
0.170158
0.172461
0.174068
0.172608
0.17325
0.172808
0.172552
0.176423
0.169896
0.172725
0.170519
0.170745
0.171604
0.173041
0.173508
0.174109
0.172604
0.170808
0.168423
0.174877
0.172477
0.169443
0.170624
0.1717
0.172239
0.172153
0.1713
0.173195
0.171885
0.176751
0.176744
0.171385
0.17068
0.175532
0.171544
0.172669
0.17158
0.170773
0.169712
0.167168
0.180205
0.169828
0.171702
0.16831
0.171398
0.171041
0.172323
0.175134
0.170827
0.167538
0.172245
0.171225
0.168204
0.169726
0.17169
0.172657
0.172555
0.172201
0.168121
0.171506
0.172277
0.171313
0.169551
0.17371
0.17232
0.174247
0.172611
0.173176
0.171739
0.16827
0.177219
0.180917
0.174442
0.170787
0.17185
0.172732
0.172119
0.171526
0.171901
0.169065
0.169394
0.173135
0.174552
0.171037
0.169792
0.173428
0.174699
0.171705
0.173546
0.168181
0.169143
0.171431
0.172877
0.170427
0.168846
0.173536
0.173186
0.172245
0.172828
0.16898
0.167357
0.174752
0.173544
0.171804
0.170615
0.172314
0.174145
0.17718
0.172745
0.172687
0.168471
0.171816
0.177887
0.173739
0.169521
0.169778
0.173406
0.173357
0.175169
0.17379
0.17081
0.168158
0.17218
0.171908
0.171303
0.171416
0.171879
0.172915
0.172577
0.171211
0.173927
0.167349
0.169728
0.171855
0.16997
0.171333
0.172187
0.17192
0.176494
0.172695
0.174945
0.167994
0.172571
0.173397
0.174489
0.169127
0.171455
0.173089
0.175114
0.171208
0.173452
0.173723
0.169576
0.171458
0.173964
0.170681
0.168822
0.171281
0.170769
0.17224
0.170475
0.168698
0.166957
0.169915
0.169244
0.168482
0.171781
0.171978
0.171048
0.172317
0.172661
0.170181
0.170668
0.172829
0.177485
0.169036
0.170298
0.172115
0.172373
0.173073
0.173343
0.171841
0.168684
0.170341
0.172316
0.172944
0.168842
0.172341
0.172911
0.171163
0.171639
0.172206
0.167305
0.169137
0.174734
0.171089
0.168659
0.171351
0.175341
0.173912
0.176382
0.174042
0.167489
0.16665
0.174771
0.170372
0.168487
0.169601
0.175813
0.171834
0.17191
0.176947
0.167838
0.17171
0.17212
0.172246
0.171149
0.173289
0.173028
0.172634
0.171309
0.174102
0.174584
0.16962
0.171077
0.175949
0.171429
0.169524
0.17637
0.174025
0.171959
0.17285
0.171816
0.167949
0.166318
0.174083
0.173079
0.168625
0.16951
0.172306
0.172308
0.179588
0.173886
0.167369
0.164582
0.175315
0.176115
0.171562
0.167841
0.173434
0.169903
0.174018
0.170075
0.167175
0.166597
0.170653
0.168604
0.168979
0.16842
0.182743
0.173684
0.17105
0.170331
0.169177
0.167778
0.171029
0.168416
0.167365
0.170413
0.16974
0.171456
0.170165
0.166869
0.170437
0.173686
0.169646
0.170975
0.172166
0.175156
0.172334
0.175359
0.172563
0.171768
0.166606
0.172792
0.172045
0.180369
0.170867
0.169328
0.170462
0.170694
0.170037
0.167471
0.165568
0.17104
0.173002
0.16693
0.168723
0.172256
0.172979
0.172729
0.170952
0.167059
0.171343
0.170617
0.169209
0.168081
0.171337
0.171559
0.169489
0.170574
0.16846
0.168109
0.170568
0.169812
0.167256
0.171318
0.170818
0.171727
0.171754
0.169844
0.166149
0.173814
0.171478
0.167651
0.167922
0.171043
0.172514
0.172635
0.171155
0.168162
0.170739
0.173141
0.170625
0.16795
0.172528
0.171627
0.171568
0.170532
0.172729
0.169767
0.170986
0.173007
0.170811
0.170767
0.170392
0.175947
0.172926
0.170732
0.1727
0.166006
0.169358
0.170744
0.168327
0.17044
0.170615
0.170689
0.172096
0.170827
0.166448
0.168696
0.172915
0.171446
0.171947
0.171698
0.173776
0.173065
0.172054
0.172362
0.168549
0.171366
0.171786
0.173754
0.168587
0.172299
0.170959
0.170617
0.171765
0.172652
0.168118
0.166924
0.179517
0.170592
0.169
0.170212
0.16968
0.172862
0.171688
0.172489
0.168096
0.170758
0.173948
0.172172
0.168822
0.171368
0.173087
0.171888
0.17162
0.171795
0.167279
0.170427
0.180949
0.171584
0.167983
0.170007
0.172102
0.17165
0.171262
0.1704
0.168551
0.170871
0.172235
0.170318
0.167301
0.170931
0.172798
0.174014
0.173672
0.173032
0.172506
0.170394
0.173935
0.171146
0.169307
0.169481
0.171329
0.171612
0.170994
0.171479
0.166836
0.170395
0.172223
0.169636
0.168645
0.172633
0.171468
0.172584
0.172794
0.1705
0.166525
0.172842
0.169967
0.167466
0.169082
0.171714
0.170448
0.169572
0.16947
0.168521
0.168358
0.17251
0.167637
0.168821
0.170245
0.172795
0.170765
0.169849
0.167635
0.170046
0.170778
0.172091
0.169037
0.171699
0.172573
0.171203
0.172657
0.172493
0.169386
0.170272
0.171146
0.170241
0.171187
0.172082
0.173043
0.177922
0.1759
0.175163
0.16746
0.168082
0.172058
0.171055
0.169088
0.171008
0.172319
0.172122
0.17242
0.175398
0.172626
0.172807
0.171924
0.172675
0.170593
0.169574
0.171796
0.172142
0.171481
0.17431
0.173178
0.165756
0.169534
0.16996
0.170012
0.16881
0.17151
0.171449
0.171372
0.170899
0.167126
0.168317
0.170101
0.169145
0.168498
0.17224
0.171204
0.170966
0.170475
0.167264
0.167229
0.174751
0.167939
0.167466
0.170582
0.170688
0.169845
0.170633
0.166272
0.165724
0.175469
0.169789
0.167045
0.169628
0.170838
0.169334
0.1714
0.16831
0.166311
0.170896
0.176091
0.178607
0.174527
0.171933
0.171238
0.171768
0.170575
0.169541
0.165049
0.172263
0.174887
0.170299
0.181822
0.187244
0.177798
0.179475
0.189949
0.181624
0.171316
0.1749
0.177023
0.181736
0.183808
0.169812
0.171122
0.171931
0.174025
0.180169
0.182881
0.18355
0.172763
0.181615
0.173261
0.180826
0.189862
0.206895
