node name | requested bytes | total execution time | accelerator execution time | cpu execution time
Conv2D                      1015.29MB (100.00%, 61.17%),     215.96ms (100.00%, 74.32%),     170.59ms (100.00%, 82.80%),      45.37ms (100.00%, 53.65%)
LeakyRelu                             0B (0.00%, 0.00%),        11.97ms (25.68%, 4.12%),         5.42ms (17.20%, 2.63%),         6.56ms (46.35%, 7.75%)
FusedBatchNormV3                      0B (0.00%, 0.00%),         9.79ms (21.56%, 3.37%),         5.94ms (14.57%, 2.88%),         3.85ms (38.59%, 4.56%)
AddV2                                 0B (0.00%, 0.00%),         5.02ms (18.19%, 1.73%),         3.34ms (11.69%, 1.62%),         1.68ms (34.04%, 1.99%)
Tile                           114.69KB (38.83%, 0.01%),         4.35ms (16.46%, 1.50%),          838us (10.07%, 0.41%),         3.52ms (32.05%, 4.16%)
import/conv68/Conv2D-0-TransposeNHWCToNCHW-LayoutOptimizer        2.77MB (38.82%, 0.17%),         3.04ms (14.96%, 1.04%),            57us (9.66%, 0.03%),         2.98ms (27.89%, 3.52%)
ConcatV2                        10.51MB (38.65%, 0.63%),         2.54ms (13.92%, 0.88%),           947us (9.63%, 0.46%),         1.60ms (24.37%, 1.89%)
StridedSlice                     3.62MB (38.02%, 0.22%),         1.63ms (13.05%, 0.56%),           166us (9.17%, 0.08%),         1.46ms (22.48%, 1.73%)
import/darknet/conv1/Conv2D-0-TransposeNHWCToNCHW-LayoutOptimizer       22.36MB (37.80%, 1.35%),         1.63ms (12.49%, 0.56%),          1.57ms (9.09%, 0.76%),           52us (20.76%, 0.06%)
import/darknet/residual2/conv1/Conv2D-0-TransposeNHWCToNCHW-LayoutOptimizer        5.54MB (36.45%, 0.33%),         1.50ms (11.93%, 0.52%),          1.44ms (8.33%, 0.70%),           59us (20.69%, 0.07%)
Pad                             47.94MB (36.12%, 2.89%),         1.30ms (11.41%, 0.45%),           863us (7.63%, 0.42%),          440us (20.62%, 0.52%)
import/conv61/batch_normalization/FusedBatchNormV3-0-0-TransposeNCHWToNHWC-LayoutOptimizer        1.38MB (33.23%, 0.08%),         1.08ms (10.96%, 0.37%),          1.04ms (7.21%, 0.51%),           38us (20.10%, 0.04%)
import/darknet/residual0/conv2/batch_normalization/FusedBatchNormV3/Mul             0B (0.00%, 0.00%),          992us (10.59%, 0.34%),           905us (6.70%, 0.44%),           87us (20.06%, 0.10%)
Sigmoid                               0B (0.00%, 0.00%),          852us (10.25%, 0.29%),           119us (6.26%, 0.06%),          733us (19.96%, 0.87%)
import/darknet/residual5/conv1/Conv2D-0-TransposeNHWCToNCHW-LayoutOptimizer        2.77MB (33.15%, 0.17%),           759us (9.95%, 0.26%),           709us (6.20%, 0.34%),           50us (19.09%, 0.06%)
Mul                                768B (32.98%, 0.00%),           743us (9.69%, 0.26%),           153us (5.86%, 0.07%),          590us (19.03%, 0.70%)
Const                         247.59MB (32.98%, 14.92%),           607us (9.44%, 0.21%),             0us (5.79%, 0.00%),          607us (18.33%, 0.72%)
import/darknet/conv0/batch_normalization/FusedBatchNormV3/Mul             0B (0.00%, 0.00%),           550us (9.23%, 0.19%),           419us (5.79%, 0.20%),          131us (17.61%, 0.15%)
import/darknet/residual5/conv2/batch_normalization/FusedBatchNormV3/Mul             0B (0.00%, 0.00%),           549us (9.04%, 0.19%),           501us (5.58%, 0.24%),           48us (17.46%, 0.06%)
import/darknet/conv0/batch_normalization/FusedBatchNormV3-0-0-TransposeNCHWToNHWC-LayoutOptimizer       22.15MB (18.06%, 1.33%),           508us (8.85%, 0.17%),           433us (5.34%, 0.21%),           75us (17.40%, 0.09%)
import/pred_lbbox/concat_2/_32             0B (0.00%, 0.00%),           503us (8.68%, 0.17%),           503us (5.13%, 0.24%),            0us (17.31%, 0.00%)
import/darknet/conv0/Conv2D-0-TransposeNHWCToNCHW-LayoutOptimizer        2.08MB (16.73%, 0.13%),           478us (8.50%, 0.16%),            84us (4.88%, 0.04%),          394us (17.31%, 0.47%)
import/darknet/residual19/conv1/Conv2D-0-TransposeNHWCToNCHW-LayoutOptimizer      692.22KB (16.60%, 0.04%),           437us (8.34%, 0.15%),           389us (4.84%, 0.19%),           48us (16.85%, 0.06%)
BiasAdd                               0B (0.00%, 0.00%),           334us (8.19%, 0.11%),           125us (4.66%, 0.06%),          209us (16.79%, 0.25%)
Cast                            85.50KB (16.56%, 0.01%),           330us (8.07%, 0.11%),           108us (4.59%, 0.05%),          222us (16.54%, 0.26%)
import/darknet/residual0/conv1/Conv2D-0-TransposeNHWCToNCHW-LayoutOptimizer       11.08MB (16.56%, 0.67%),           280us (7.96%, 0.10%),           206us (4.54%, 0.10%),           74us (16.28%, 0.09%)
Pack                               184B (15.89%, 0.00%),           277us (7.86%, 0.10%),             0us (4.44%, 0.00%),          277us (16.19%, 0.33%)
import/darknet/conv1/batch_normalization/FusedBatchNormV3/Mul             0B (0.00%, 0.00%),           260us (7.77%, 0.09%),           204us (4.44%, 0.10%),           56us (15.87%, 0.07%)
import/darknet/conv1/batch_normalization/FusedBatchNormV3-0-0-TransposeNCHWToNHWC-LayoutOptimizer       11.08MB (15.89%, 0.67%),           255us (7.68%, 0.09%),           200us (4.34%, 0.10%),           55us (15.80%, 0.07%)
import/darknet/residual0/conv2/batch_normalization/FusedBatchNormV3-0-0-TransposeNCHWToNHWC-LayoutOptimizer       11.08MB (15.22%, 0.67%),           251us (7.59%, 0.09%),           204us (4.25%, 0.10%),           47us (15.74%, 0.06%)
import/darknet/conv4/Conv2D-0-TransposeNHWCToNCHW-LayoutOptimizer       22.15MB (14.56%, 1.33%),           248us (7.50%, 0.09%),           208us (4.15%, 0.10%),           40us (15.68%, 0.05%)
edge_1434__arg_import/input/input_data_0_0@@MemcpyHtoD             0B (0.00%, 0.00%),           239us (7.42%, 0.08%),           239us (4.05%, 0.12%),            0us (15.63%, 0.00%)
import/darknet/residual22/conv2/batch_normalization/FusedBatchNormV3/Mul-1-ReshapeNHWCToNCHW-LayoutOptimizer        4.10KB (13.22%, 0.00%),           226us (7.34%, 0.08%),             0us (3.93%, 0.00%),          226us (15.63%, 0.27%)
ResizeNearestNeighbor            2.42MB (13.22%, 0.15%),           225us (7.26%, 0.08%),            83us (3.93%, 0.04%),          142us (15.37%, 0.17%)
import/pred_sbbox/concat_2/_36             0B (0.00%, 0.00%),           218us (7.18%, 0.08%),           218us (3.89%, 0.11%),            0us (15.20%, 0.00%)
import/darknet/conv4/batch_normalization/FusedBatchNormV3/Mul             0B (0.00%, 0.00%),           203us (7.11%, 0.07%),           103us (3.78%, 0.05%),          100us (15.20%, 0.12%)
import/darknet/conv9/Conv2D-0-TransposeNHWCToNCHW-LayoutOptimizer        5.75MB (13.07%, 0.35%),           196us (7.04%, 0.07%),           114us (3.73%, 0.06%),           82us (15.08%, 0.10%)
edge_1168_import/pred_sbbox/strided_slice_10@@MemcpyHtoD             0B (0.00%, 0.00%),           195us (6.97%, 0.07%),           195us (3.68%, 0.09%),            0us (14.98%, 0.00%)
import/darknet/residual0/conv1/batch_normalization/FusedBatchNormV3/Mul             0B (0.00%, 0.00%),           182us (6.90%, 0.06%),           104us (3.58%, 0.05%),           78us (14.98%, 0.09%)
import/darknet/residual2/conv2/batch_normalization/FusedBatchNormV3/Mul             0B (0.00%, 0.00%),           180us (6.84%, 0.06%),            98us (3.53%, 0.05%),           82us (14.89%, 0.10%)
Exp                                   0B (0.00%, 0.00%),           179us (6.78%, 0.06%),            22us (3.49%, 0.01%),          157us (14.79%, 0.19%)
import/darknet/residual3/conv1/batch_normalization/FusedBatchNormV3/Mul             0B (0.00%, 0.00%),           176us (6.72%, 0.06%),            31us (3.48%, 0.02%),          145us (14.61%, 0.17%)
import/darknet/residual10/conv2/batch_normalization/FusedBatchNormV3/Mul             0B (0.00%, 0.00%),           173us (6.65%, 0.06%),            56us (3.46%, 0.03%),          117us (14.44%, 0.14%)
import/darknet/residual0/conv2/Conv2D-0-TransposeNHWCToNCHW-LayoutOptimizer        5.54MB (12.73%, 0.33%),           168us (6.59%, 0.06%),           115us (3.43%, 0.06%),           53us (14.30%, 0.06%)
import/conv_sobj_branch/batch_normalization/FusedBatchNormV3/Mul             0B (0.00%, 0.00%),           163us (6.54%, 0.06%),            55us (3.38%, 0.03%),          108us (14.24%, 0.13%)
import/darknet/residual1/conv2/batch_normalization/FusedBatchNormV3-0-0-TransposeNCHWToNHWC-LayoutOptimizer        5.54MB (12.39%, 0.33%),           162us (6.48%, 0.06%),           104us (3.35%, 0.05%),           58us (14.11%, 0.07%)
import/darknet/residual1/conv2/batch_normalization/FusedBatchNormV3/Mul             0B (0.00%, 0.00%),           156us (6.43%, 0.05%),           100us (3.30%, 0.05%),           56us (14.04%, 0.07%)
import/darknet/conv4/batch_normalization/FusedBatchNormV3-0-0-TransposeNCHWToNHWC-LayoutOptimizer        5.54MB (12.06%, 0.33%),           153us (6.37%, 0.05%),           105us (3.25%, 0.05%),           48us (13.97%, 0.06%)
import/conv64/Conv2D-0-TransposeNHWCToNCHW-LayoutOptimizer        4.15MB (11.73%, 0.25%),           152us (6.32%, 0.05%),            88us (3.20%, 0.04%),           64us (13.92%, 0.08%)
import/darknet/residual2/conv2/batch_normalization/FusedBatchNormV3-0-0-TransposeNCHWToNHWC-LayoutOptimizer        5.54MB (11.48%, 0.33%),           150us (6.27%, 0.05%),           102us (3.16%, 0.05%),           48us (13.84%, 0.06%)
import/darknet/residual6/conv2/batch_normalization/FusedBatchNormV3-0-0-TransposeNCHWToNHWC-LayoutOptimizer        2.77MB (11.14%, 0.17%),           149us (6.22%, 0.05%),            58us (3.11%, 0.03%),           91us (13.78%, 0.11%)
import/darknet/residual13/conv1/batch_normalization/FusedBatchNormV3/Mul             0B (0.00%, 0.00%),           148us (6.16%, 0.05%),            22us (3.08%, 0.01%),          126us (13.68%, 0.15%)
import/darknet/residual0/conv1/batch_normalization/FusedBatchNormV3-0-0-TransposeNCHWToNHWC-LayoutOptimizer        5.54MB (10.98%, 0.33%),           148us (6.11%, 0.05%),           101us (3.07%, 0.05%),           47us (13.53%, 0.06%)
import/darknet/residual13/conv1/Conv2D-0-TransposeNHWCToNCHW-LayoutOptimizer        1.38MB (10.64%, 0.08%),           148us (6.06%, 0.05%),            34us (3.02%, 0.02%),          114us (13.47%, 0.13%)
import/darknet/residual17/conv2/batch_normalization/FusedBatchNormV3-0-0-TransposeNCHWToNHWC-LayoutOptimizer        1.38MB (10.56%, 0.08%),           148us (6.01%, 0.05%),            36us (3.00%, 0.02%),          112us (13.34%, 0.13%)
import/darknet/residual1/conv1/Conv2D-0-TransposeNHWCToNCHW-LayoutOptimizer        5.54MB (10.48%, 0.33%),           145us (5.96%, 0.05%),           101us (2.99%, 0.05%),           44us (13.20%, 0.05%)
import/darknet/residual9/conv1/batch_normalization/FusedBatchNormV3-0-0-TransposeNCHWToNHWC-LayoutOptimizer        1.38MB (10.14%, 0.08%),           144us (5.91%, 0.05%),            29us (2.94%, 0.01%),          115us (13.15%, 0.14%)
import/darknet/residual10/conv1/batch_normalization/FusedBatchNormV3/Mul             0B (0.00%, 0.00%),           136us (5.86%, 0.05%),            31us (2.92%, 0.02%),          105us (13.02%, 0.12%)
import/darknet/residual3/conv2/batch_normalization/FusedBatchNormV3-0-0-TransposeNCHWToNHWC-LayoutOptimizer        2.77MB (10.06%, 0.17%),           135us (5.81%, 0.05%),            55us (2.91%, 0.03%),           80us (12.89%, 0.09%)
import/darknet/residual22/conv2/batch_normalization/FusedBatchNormV3/Mul             0B (0.00%, 0.00%),           132us (5.77%, 0.05%),            19us (2.88%, 0.01%),          113us (12.80%, 0.13%)
import/darknet/residual6/conv2/batch_normalization/FusedBatchNormV3/Mul             0B (0.00%, 0.00%),           132us (5.72%, 0.05%),            54us (2.87%, 0.03%),           78us (12.66%, 0.09%)
import/darknet/residual2/conv1/batch_normalization/FusedBatchNormV3/Mul             0B (0.00%, 0.00%),           125us (5.68%, 0.04%),            54us (2.85%, 0.03%),           71us (12.57%, 0.08%)
import/conv_sbbox/BiasAdd-0-0-TransposeNCHWToNHWC-LayoutOptimizer         2.77MB (9.89%, 0.17%),           124us (5.63%, 0.04%),            68us (2.82%, 0.03%),           56us (12.49%, 0.07%)
import/darknet/residual7/conv2/batch_normalization/FusedBatchNormV3/Mul             0B (0.00%, 0.00%),           123us (5.59%, 0.04%),            57us (2.79%, 0.03%),           66us (12.42%, 0.08%)
import/conv67/batch_normalization/FusedBatchNormV3/Mul             0B (0.00%, 0.00%),           122us (5.55%, 0.04%),            57us (2.76%, 0.03%),           65us (12.34%, 0.08%)
import/conv_sobj_branch/batch_normalization/FusedBatchNormV3-0-0-TransposeNCHWToNHWC-LayoutOptimizer         2.77MB (9.73%, 0.17%),           122us (5.51%, 0.04%),            54us (2.73%, 0.03%),           68us (12.27%, 0.08%)
import/darknet/conv9/batch_normalization/FusedBatchNormV3/Mul             0B (0.00%, 0.00%),           121us (5.46%, 0.04%),            57us (2.71%, 0.03%),           64us (12.19%, 0.08%)
import/conv66/batch_normalization/FusedBatchNormV3/Mul             0B (0.00%, 0.00%),           119us (5.42%, 0.04%),            31us (2.68%, 0.02%),           88us (12.11%, 0.10%)
import/darknet/residual2/conv2/Conv2D-0-TransposeNHWCToNCHW-LayoutOptimizer         2.77MB (9.56%, 0.17%),           119us (5.38%, 0.04%),            54us (2.66%, 0.03%),           65us (12.01%, 0.08%)
import/conv58/Conv2D-0-TransposeNHWCToNCHW-LayoutOptimizer         2.42MB (9.39%, 0.15%),           118us (5.34%, 0.04%),            50us (2.64%, 0.02%),           68us (11.93%, 0.08%)
import/conv59/batch_normalization/FusedBatchNormV3/Mul             0B (0.00%, 0.00%),           118us (5.30%, 0.04%),            34us (2.61%, 0.02%),           84us (11.85%, 0.10%)
import/darknet/residual5/conv1/batch_normalization/FusedBatchNormV3/Mul             0B (0.00%, 0.00%),           117us (5.26%, 0.04%),            32us (2.60%, 0.02%),           85us (11.75%, 0.10%)
import/conv_sbbox/Conv2D-0-TransposeNHWCToNCHW-LayoutOptimizer         2.77MB (9.25%, 0.17%),           117us (5.22%, 0.04%),            54us (2.58%, 0.03%),           63us (11.65%, 0.07%)
import/darknet/residual8/conv1/batch_normalization/FusedBatchNormV3-0-0-TransposeNCHWToNHWC-LayoutOptimizer         1.38MB (9.08%, 0.08%),           116us (5.18%, 0.04%),            33us (2.55%, 0.02%),           83us (11.57%, 0.10%)
import/darknet/residual2/conv1/batch_normalization/FusedBatchNormV3-0-0-TransposeNCHWToNHWC-LayoutOptimizer         2.77MB (9.00%, 0.17%),           116us (5.14%, 0.04%),            53us (2.54%, 0.03%),           63us (11.48%, 0.07%)
import/darknet/conv9/batch_normalization/FusedBatchNormV3-0-0-TransposeNCHWToNHWC-LayoutOptimizer         2.77MB (8.83%, 0.17%),           116us (5.10%, 0.04%),            57us (2.51%, 0.03%),           59us (11.40%, 0.07%)
import/darknet/residual1/conv1/batch_normalization/FusedBatchNormV3-0-0-TransposeNCHWToNHWC-LayoutOptimizer         2.77MB (8.66%, 0.17%),           114us (5.06%, 0.04%),            55us (2.48%, 0.03%),           59us (11.33%, 0.07%)
import/darknet/residual9/conv2/batch_normalization/FusedBatchNormV3-0-0-TransposeNCHWToNHWC-LayoutOptimizer         2.77MB (8.49%, 0.17%),           112us (5.02%, 0.04%),            57us (2.46%, 0.03%),           55us (11.26%, 0.07%)
import/darknet/residual9/conv1/Conv2D-0-TransposeNHWCToNCHW-LayoutOptimizer         2.77MB (8.33%, 0.17%),           111us (4.98%, 0.04%),            60us (2.43%, 0.03%),           51us (11.20%, 0.06%)
import/darknet/residual1/conv1/batch_normalization/FusedBatchNormV3/Mul             0B (0.00%, 0.00%),           111us (4.94%, 0.04%),            55us (2.40%, 0.03%),           56us (11.14%, 0.07%)
import/conv65/batch_normalization/FusedBatchNormV3-0-0-TransposeNCHWToNHWC-LayoutOptimizer         2.77MB (8.16%, 0.17%),           110us (4.91%, 0.04%),            58us (2.37%, 0.03%),           52us (11.07%, 0.06%)
import/darknet/residual4/conv2/batch_normalization/FusedBatchNormV3-0-0-TransposeNCHWToNHWC-LayoutOptimizer         2.77MB (7.99%, 0.17%),           110us (4.87%, 0.04%),            54us (2.35%, 0.03%),           56us (11.01%, 0.07%)
import/darknet/residual4/conv2/batch_normalization/FusedBatchNormV3/Mul             0B (0.00%, 0.00%),           109us (4.83%, 0.04%),            57us (2.32%, 0.03%),           52us (10.94%, 0.06%)
import/darknet/conv43/Conv2D-0-TransposeNHWCToNCHW-LayoutOptimizer         1.61MB (7.83%, 0.10%),           109us (4.79%, 0.04%),            35us (2.29%, 0.02%),           74us (10.88%, 0.09%)
import/darknet/residual8/conv2/batch_normalization/FusedBatchNormV3-0-0-TransposeNCHWToNHWC-LayoutOptimizer         2.77MB (7.73%, 0.17%),           109us (4.75%, 0.04%),            55us (2.28%, 0.03%),           54us (10.79%, 0.06%)
import/darknet/residual3/conv2/batch_normalization/FusedBatchNormV3/Mul             0B (0.00%, 0.00%),           109us (4.72%, 0.04%),            55us (2.25%, 0.03%),           54us (10.73%, 0.06%)
edge_1015_import/pred_mbbox/strided_slice_10@@MemcpyHtoD             0B (0.00%, 0.00%),           109us (4.68%, 0.04%),           109us (2.22%, 0.05%),            0us (10.67%, 0.00%)
import/darknet/residual10/conv2/batch_normalization/FusedBatchNormV3-0-0-TransposeNCHWToNHWC-LayoutOptimizer         2.77MB (7.56%, 0.17%),           108us (4.64%, 0.04%),            54us (2.17%, 0.03%),           54us (10.67%, 0.06%)
edge_1151_import/pred_sbbox/Tile@@MemcpyDtoH             0B (0.00%, 0.00%),           108us (4.60%, 0.04%),           108us (2.14%, 0.05%),            0us (10.60%, 0.00%)
import/darknet/residual8/conv1/Conv2D-0-TransposeNHWCToNCHW-LayoutOptimizer         2.77MB (7.40%, 0.17%),           107us (4.57%, 0.04%),            58us (2.09%, 0.03%),           49us (10.60%, 0.06%)
import/darknet/residual9/conv2/batch_normalization/FusedBatchNormV3/Mul             0B (0.00%, 0.00%),           107us (4.53%, 0.04%),            57us (2.06%, 0.03%),           50us (10.54%, 0.06%)
import/darknet/residual6/conv1/Conv2D-0-TransposeNHWCToNCHW-LayoutOptimizer         2.77MB (7.23%, 0.17%),           106us (4.49%, 0.04%),            54us (2.03%, 0.03%),           52us (10.49%, 0.06%)
import/darknet/residual14/conv2/batch_normalization/FusedBatchNormV3/Mul             0B (0.00%, 0.00%),           105us (4.46%, 0.04%),            35us (2.01%, 0.02%),           70us (10.42%, 0.08%)
import/darknet/residual10/conv1/batch_normalization/FusedBatchNormV3-0-0-TransposeNCHWToNHWC-LayoutOptimizer         1.38MB (7.06%, 0.08%),           105us (4.42%, 0.04%),            33us (1.99%, 0.02%),           72us (10.34%, 0.09%)
import/darknet/residual7/conv1/batch_normalization/FusedBatchNormV3/Mul             0B (0.00%, 0.00%),           104us (4.39%, 0.04%),            28us (1.98%, 0.01%),           76us (10.26%, 0.09%)
import/darknet/residual3/conv1/Conv2D-0-TransposeNHWCToNCHW-LayoutOptimizer         2.77MB (6.98%, 0.17%),           104us (4.35%, 0.04%),            54us (1.96%, 0.03%),           50us (10.17%, 0.06%)
import/darknet/residual7/conv1/Conv2D-0-TransposeNHWCToNCHW-LayoutOptimizer         2.77MB (6.81%, 0.17%),           104us (4.31%, 0.04%),            56us (1.94%, 0.03%),           48us (10.11%, 0.06%)
import/darknet/residual8/conv2/batch_normalization/FusedBatchNormV3/Mul             0B (0.00%, 0.00%),           103us (4.28%, 0.04%),            55us (1.91%, 0.03%),           48us (10.05%, 0.06%)
edge_1155_import/pred_sbbox/Tile_1@@MemcpyDtoH             0B (0.00%, 0.00%),           103us (4.24%, 0.04%),           103us (1.88%, 0.05%),             0us (9.99%, 0.00%)
import/conv66/Conv2D-0-TransposeNHWCToNCHW-LayoutOptimizer         2.77MB (6.65%, 0.17%),           103us (4.21%, 0.04%),            56us (1.83%, 0.03%),            47us (9.99%, 0.06%)
import/conv65/batch_normalization/FusedBatchNormV3/Mul             0B (0.00%, 0.00%),           102us (4.17%, 0.04%),            56us (1.80%, 0.03%),            46us (9.94%, 0.05%)
import/darknet/residual4/conv1/Conv2D-0-TransposeNHWCToNCHW-LayoutOptimizer         2.77MB (6.48%, 0.17%),           101us (4.14%, 0.03%),            59us (1.78%, 0.03%),            42us (9.88%, 0.05%)
import/conv67/batch_normalization/FusedBatchNormV3-0-0-TransposeNCHWToNHWC-LayoutOptimizer         2.77MB (6.31%, 0.17%),           101us (4.10%, 0.03%),            55us (1.75%, 0.03%),            46us (9.83%, 0.05%)
import/darknet/residual5/conv2/batch_normalization/FusedBatchNormV3-0-0-TransposeNCHWToNHWC-LayoutOptimizer         2.77MB (6.15%, 0.17%),           100us (4.07%, 0.03%),            58us (1.72%, 0.03%),            42us (9.78%, 0.05%)
import/conv61/Conv2D-0-TransposeNHWCToNCHW-LayoutOptimizer       692.22KB (5.98%, 0.04%),           100us (4.03%, 0.03%),            18us (1.69%, 0.01%),            82us (9.73%, 0.10%)
import/darknet/conv26/Conv2D-0-TransposeNHWCToNCHW-LayoutOptimizer         2.99MB (5.94%, 0.18%),           100us (4.00%, 0.03%),            59us (1.69%, 0.03%),            41us (9.63%, 0.05%)
import/darknet/residual11/conv1/batch_normalization/FusedBatchNormV3-0-0-TransposeNCHWToNHWC-LayoutOptimizer       692.22KB (5.76%, 0.04%),            99us (3.96%, 0.03%),            18us (1.66%, 0.01%),            81us (9.58%, 0.10%)
import/darknet/residual10/conv1/Conv2D-0-TransposeNHWCToNCHW-LayoutOptimizer         2.77MB (5.72%, 0.17%),            98us (3.93%, 0.03%),            58us (1.65%, 0.03%),            40us (9.49%, 0.05%)
import/darknet/residual1/conv2/Conv2D-0-TransposeNHWCToNCHW-LayoutOptimizer         2.77MB (5.55%, 0.17%),            98us (3.90%, 0.03%),            56us (1.62%, 0.03%),            42us (9.44%, 0.05%)
import/darknet/residual7/conv2/batch_normalization/FusedBatchNormV3-0-0-TransposeNCHWToNHWC-LayoutOptimizer         2.77MB (5.38%, 0.17%),            97us (3.86%, 0.03%),            55us (1.59%, 0.03%),            42us (9.39%, 0.05%)
import/conv66/batch_normalization/FusedBatchNormV3-0-0-TransposeNCHWToNHWC-LayoutOptimizer         1.38MB (5.22%, 0.08%),            96us (3.83%, 0.03%),            30us (1.57%, 0.01%),            66us (9.34%, 0.08%)
import/conv56/batch_normalization/FusedBatchNormV3-0-0-TransposeNCHWToNHWC-LayoutOptimizer       346.11KB (5.13%, 0.02%),            96us (3.80%, 0.03%),            12us (1.55%, 0.01%),            84us (9.26%, 0.10%)
import/conv_mbbox/BiasAdd-0-0-TransposeNCHWToNHWC-LayoutOptimizer       689.66KB (5.11%, 0.04%),            92us (3.76%, 0.03%),            20us (1.55%, 0.01%),            72us (9.16%, 0.09%)
import/darknet/residual16/conv2/batch_normalization/FusedBatchNormV3/Mul             0B (0.00%, 0.00%),            92us (3.73%, 0.03%),            33us (1.54%, 0.02%),            59us (9.08%, 0.07%)
import/darknet/residual12/conv2/batch_normalization/FusedBatchNormV3-0-0-TransposeNCHWToNHWC-LayoutOptimizer         1.38MB (5.07%, 0.08%),            91us (3.70%, 0.03%),            36us (1.52%, 0.02%),            55us (9.01%, 0.07%)
import/darknet/residual6/conv1/batch_normalization/FusedBatchNormV3-0-0-TransposeNCHWToNHWC-LayoutOptimizer         1.38MB (4.99%, 0.08%),            91us (3.67%, 0.03%),            32us (1.50%, 0.02%),            59us (8.94%, 0.07%)
import/darknet/residual4/conv1/batch_normalization/FusedBatchNormV3-0-0-TransposeNCHWToNHWC-LayoutOptimizer         1.38MB (4.90%, 0.08%),            91us (3.64%, 0.03%),            31us (1.49%, 0.02%),            60us (8.87%, 0.07%)
import/darknet/residual13/conv2/batch_normalization/FusedBatchNormV3/Mul             0B (0.00%, 0.00%),            90us (3.61%, 0.03%),            35us (1.47%, 0.02%),            55us (8.80%, 0.07%)
import/darknet/residual15/conv1/Conv2D-0-TransposeNHWCToNCHW-LayoutOptimizer         1.38MB (4.82%, 0.08%),            89us (3.57%, 0.03%),            37us (1.45%, 0.02%),            52us (8.74%, 0.06%)
import/darknet/residual18/conv2/batch_normalization/FusedBatchNormV3-0-0-TransposeNCHWToNHWC-LayoutOptimizer         1.38MB (4.74%, 0.08%),            88us (3.54%, 0.03%),            35us (1.44%, 0.02%),            53us (8.68%, 0.06%)
import/darknet/residual3/conv2/Conv2D-0-TransposeNHWCToNCHW-LayoutOptimizer         1.38MB (4.65%, 0.08%),            88us (3.51%, 0.03%),            32us (1.42%, 0.02%),            56us (8.61%, 0.07%)
import/darknet/residual14/conv1/batch_normalization/FusedBatchNormV3/Mul             0B (0.00%, 0.00%),            88us (3.48%, 0.03%),            20us (1.40%, 0.01%),            68us (8.55%, 0.08%)
import/darknet/residual11/conv1/batch_normalization/FusedBatchNormV3/Mul             0B (0.00%, 0.00%),            88us (3.45%, 0.03%),            20us (1.39%, 0.01%),            68us (8.47%, 0.08%)
Shape                                80B (4.57%, 0.00%),            88us (3.42%, 0.03%),             0us (1.38%, 0.00%),            88us (8.39%, 0.10%)
import/darknet/residual12/conv2/batch_normalization/FusedBatchNormV3/Mul             0B (0.00%, 0.00%),            87us (3.39%, 0.03%),            34us (1.38%, 0.02%),            53us (8.28%, 0.06%)
import/darknet/residual14/conv2/batch_normalization/FusedBatchNormV3-0-0-TransposeNCHWToNHWC-LayoutOptimizer         1.38MB (4.57%, 0.08%),            86us (3.36%, 0.03%),            35us (1.37%, 0.02%),            51us (8.22%, 0.06%)
import/conv62/batch_normalization/FusedBatchNormV3/Mul             0B (0.00%, 0.00%),            86us (3.33%, 0.03%),            20us (1.35%, 0.01%),            66us (8.16%, 0.08%)
import/darknet/conv26/batch_normalization/FusedBatchNormV3-0-0-TransposeNCHWToNHWC-LayoutOptimizer         1.38MB (4.49%, 0.08%),            86us (3.30%, 0.03%),            33us (1.34%, 0.02%),            53us (8.08%, 0.06%)
import/darknet/residual5/conv1/batch_normalization/FusedBatchNormV3-0-0-TransposeNCHWToNHWC-LayoutOptimizer         1.38MB (4.40%, 0.08%),            86us (3.27%, 0.03%),            28us (1.33%, 0.01%),            58us (8.02%, 0.07%)
import/darknet/residual15/conv2/batch_normalization/FusedBatchNormV3-0-0-TransposeNCHWToNHWC-LayoutOptimizer         1.38MB (4.32%, 0.08%),            85us (3.24%, 0.03%),            34us (1.31%, 0.02%),            51us (7.95%, 0.06%)
import/conv56/batch_normalization/FusedBatchNormV3/Mul             0B (0.00%, 0.00%),            85us (3.21%, 0.03%),            10us (1.30%, 0.00%),            75us (7.89%, 0.09%)
import/darknet/residual4/conv2/batch_normalization/FusedBatchNormV3/Mul-1-ReshapeNHWCToNCHW-LayoutOptimizer         1.02KB (4.24%, 0.00%),            85us (3.19%, 0.03%),             0us (1.29%, 0.00%),            85us (7.80%, 0.10%)
import/conv64/batch_normalization/FusedBatchNormV3/Mul             0B (0.00%, 0.00%),            85us (3.16%, 0.03%),            32us (1.29%, 0.02%),            53us (7.70%, 0.06%)
import/darknet/residual12/conv1/Conv2D-0-TransposeNHWCToNCHW-LayoutOptimizer         1.38MB (4.24%, 0.08%),            84us (3.13%, 0.03%),            34us (1.28%, 0.02%),            50us (7.64%, 0.06%)
import/conv_mobj_branch/batch_normalization/FusedBatchNormV3/Mul             0B (0.00%, 0.00%),            84us (3.10%, 0.03%),            31us (1.26%, 0.02%),            53us (7.58%, 0.06%)
import/conv68/batch_normalization/FusedBatchNormV3/Mul             0B (0.00%, 0.00%),            84us (3.07%, 0.03%),            29us (1.24%, 0.01%),            55us (7.52%, 0.07%)
import/conv67/Conv2D-0-TransposeNHWCToNCHW-LayoutOptimizer         1.38MB (4.15%, 0.08%),            84us (3.04%, 0.03%),            32us (1.23%, 0.02%),            52us (7.45%, 0.06%)
import/darknet/residual10/conv2/Conv2D-0-TransposeNHWCToNCHW-LayoutOptimizer         1.38MB (4.07%, 0.08%),            83us (3.01%, 0.03%),            32us (1.21%, 0.02%),            51us (7.39%, 0.06%)
import/darknet/residual7/conv2/Conv2D-0-TransposeNHWCToNCHW-LayoutOptimizer         1.38MB (3.99%, 0.08%),            83us (2.98%, 0.03%),            29us (1.20%, 0.01%),            54us (7.33%, 0.06%)
import/conv68/batch_normalization/FusedBatchNormV3-0-0-TransposeNCHWToNHWC-LayoutOptimizer         1.38MB (3.90%, 0.08%),            82us (2.95%, 0.03%),            33us (1.18%, 0.02%),            49us (7.27%, 0.06%)
import/darknet/residual9/conv1/batch_normalization/FusedBatchNormV3/Mul             0B (0.00%, 0.00%),            82us (2.93%, 0.03%),            31us (1.17%, 0.02%),            51us (7.21%, 0.06%)
import/darknet/residual18/conv1/Conv2D-0-TransposeNHWCToNCHW-LayoutOptimizer         1.38MB (3.82%, 0.08%),            82us (2.90%, 0.03%),            32us (1.15%, 0.02%),            50us (7.15%, 0.06%)
import/darknet/residual11/conv2/batch_normalization/FusedBatchNormV3-0-0-TransposeNCHWToNHWC-LayoutOptimizer         1.38MB (3.73%, 0.08%),            81us (2.87%, 0.03%),            33us (1.14%, 0.02%),            48us (7.09%, 0.06%)
import/conv60/Conv2D-0-TransposeNHWCToNCHW-LayoutOptimizer         1.38MB (3.65%, 0.08%),            81us (2.84%, 0.03%),            34us (1.12%, 0.02%),            47us (7.03%, 0.06%)
import/darknet/residual6/conv1/batch_normalization/FusedBatchNormV3/Mul             0B (0.00%, 0.00%),            81us (2.81%, 0.03%),            30us (1.11%, 0.01%),            51us (6.98%, 0.06%)
import/conv_mobj_branch/batch_normalization/FusedBatchNormV3-0-0-TransposeNCHWToNHWC-LayoutOptimizer         1.38MB (3.57%, 0.08%),            81us (2.79%, 0.03%),            33us (1.09%, 0.02%),            48us (6.92%, 0.06%)
import/conv53/batch_normalization/FusedBatchNormV3-0-0-TransposeNCHWToNHWC-LayoutOptimizer       692.22KB (3.48%, 0.04%),            80us (2.76%, 0.03%),            21us (1.07%, 0.01%),            59us (6.86%, 0.07%)
import/darknet/residual3/conv1/batch_normalization/FusedBatchNormV3-0-0-TransposeNCHWToNHWC-LayoutOptimizer         1.38MB (3.44%, 0.08%),            78us (2.73%, 0.03%),            30us (1.06%, 0.01%),            48us (6.79%, 0.06%)
import/darknet/conv43/batch_normalization/FusedBatchNormV3/Mul             0B (0.00%, 0.00%),            78us (2.70%, 0.03%),            23us (1.05%, 0.01%),            55us (6.73%, 0.07%)
import/darknet/residual18/conv1/batch_normalization/FusedBatchNormV3/Mul             0B (0.00%, 0.00%),            78us (2.68%, 0.03%),            22us (1.04%, 0.01%),            56us (6.67%, 0.07%)
import/conv59/batch_normalization/FusedBatchNormV3-0-0-TransposeNCHWToNHWC-LayoutOptimizer         1.38MB (3.36%, 0.08%),            77us (2.65%, 0.03%),            36us (1.03%, 0.02%),            41us (6.60%, 0.05%)
import/conv55/batch_normalization/FusedBatchNormV3/Mul             0B (0.00%, 0.00%),            77us (2.62%, 0.03%),            20us (1.01%, 0.01%),            57us (6.55%, 0.07%)
import/darknet/residual15/conv1/batch_normalization/FusedBatchNormV3-0-0-TransposeNCHWToNHWC-LayoutOptimizer       692.22KB (3.28%, 0.04%),            77us (2.60%, 0.03%),            18us (1.00%, 0.01%),            59us (6.49%, 0.07%)
import/darknet/residual16/conv1/batch_normalization/FusedBatchNormV3/Mul             0B (0.00%, 0.00%),            77us (2.57%, 0.03%),            21us (0.99%, 0.01%),            56us (6.42%, 0.07%)
import/darknet/residual13/conv2/batch_normalization/FusedBatchNormV3-0-0-TransposeNCHWToNHWC-LayoutOptimizer         1.38MB (3.23%, 0.08%),            77us (2.54%, 0.03%),            36us (0.98%, 0.02%),            41us (6.35%, 0.05%)
import/conv65/Conv2D-0-TransposeNHWCToNCHW-LayoutOptimizer         1.38MB (3.15%, 0.08%),            77us (2.52%, 0.03%),            31us (0.96%, 0.02%),            46us (6.30%, 0.05%)
import/conv64/batch_normalization/FusedBatchNormV3-0-0-TransposeNCHWToNHWC-LayoutOptimizer         1.38MB (3.07%, 0.08%),            77us (2.49%, 0.03%),            29us (0.95%, 0.01%),            48us (6.25%, 0.06%)
import/darknet/residual20/conv2/batch_normalization/FusedBatchNormV3/Mul             0B (0.00%, 0.00%),            77us (2.46%, 0.03%),            20us (0.94%, 0.01%),            57us (6.19%, 0.07%)
import/darknet/residual20/conv1/batch_normalization/FusedBatchNormV3/Mul             0B (0.00%, 0.00%),            77us (2.44%, 0.03%),            13us (0.93%, 0.01%),            64us (6.12%, 0.08%)
import/conv62/Conv2D-0-TransposeNHWCToNCHW-LayoutOptimizer         2.08MB (2.98%, 0.13%),            77us (2.41%, 0.03%),            36us (0.92%, 0.02%),            41us (6.05%, 0.05%)
import/conv54/batch_normalization/FusedBatchNormV3/Mul             0B (0.00%, 0.00%),            76us (2.39%, 0.03%),            11us (0.90%, 0.01%),            65us (6.00%, 0.08%)
import/darknet/residual14/conv1/Conv2D-0-TransposeNHWCToNCHW-LayoutOptimizer         1.38MB (2.86%, 0.08%),            76us (2.36%, 0.03%),            35us (0.90%, 0.02%),            41us (5.92%, 0.05%)
import/darknet/residual12/conv1/batch_normalization/FusedBatchNormV3-0-0-TransposeNCHWToNHWC-LayoutOptimizer       692.22KB (2.78%, 0.04%),            76us (2.33%, 0.03%),            18us (0.88%, 0.01%),            58us (5.87%, 0.07%)
import/darknet/residual11/conv2/batch_normalization/FusedBatchNormV3/Mul             0B (0.00%, 0.00%),            76us (2.31%, 0.03%),            33us (0.87%, 0.02%),            43us (5.81%, 0.05%)
import/darknet/residual17/conv2/batch_normalization/FusedBatchNormV3/Mul             0B (0.00%, 0.00%),            75us (2.28%, 0.03%),            32us (0.85%, 0.02%),            43us (5.75%, 0.05%)
import/conv56/Conv2D-0-TransposeNHWCToNCHW-LayoutOptimizer       692.22KB (2.73%, 0.04%),            75us (2.25%, 0.03%),            22us (0.84%, 0.01%),            53us (5.70%, 0.06%)
import/darknet/residual16/conv2/batch_normalization/FusedBatchNormV3-0-0-TransposeNCHWToNHWC-LayoutOptimizer         1.38MB (2.69%, 0.08%),            75us (2.23%, 0.03%),            34us (0.83%, 0.02%),            41us (5.64%, 0.05%)
import/darknet/residual4/conv1/batch_normalization/FusedBatchNormV3/Mul             0B (0.00%, 0.00%),            75us (2.20%, 0.03%),            28us (0.81%, 0.01%),            47us (5.59%, 0.06%)
import/darknet/conv26/batch_normalization/FusedBatchNormV3/Mul             0B (0.00%, 0.00%),            75us (2.18%, 0.03%),            31us (0.80%, 0.02%),            44us (5.54%, 0.05%)
import/darknet/residual15/conv2/batch_normalization/FusedBatchNormV3/Mul             0B (0.00%, 0.00%),            75us (2.15%, 0.03%),            33us (0.78%, 0.02%),            42us (5.48%, 0.05%)
import/conv_sobj_branch/Conv2D-0-TransposeNHWCToNCHW-LayoutOptimizer         1.38MB (2.61%, 0.08%),            75us (2.13%, 0.03%),            31us (0.77%, 0.02%),            44us (5.43%, 0.05%)
import/darknet/residual18/conv2/batch_normalization/FusedBatchNormV3/Mul             0B (0.00%, 0.00%),            74us (2.10%, 0.03%),            33us (0.75%, 0.02%),            41us (5.38%, 0.05%)
import/conv52/Conv2D-0-TransposeNHWCToNCHW-LayoutOptimizer       692.22KB (2.53%, 0.04%),            73us (2.07%, 0.03%),            22us (0.74%, 0.01%),            51us (5.33%, 0.06%)
import/darknet/residual8/conv1/batch_normalization/FusedBatchNormV3/Mul             0B (0.00%, 0.00%),            73us (2.05%, 0.03%),            29us (0.73%, 0.01%),            44us (5.27%, 0.05%)
import/conv_mbbox/Conv2D-0-TransposeNHWCToNCHW-LayoutOptimizer         2.08MB (2.48%, 0.13%),            73us (2.02%, 0.03%),            33us (0.71%, 0.02%),            40us (5.22%, 0.05%)
import/conv_lbbox/Conv2D-0-TransposeNHWCToNCHW-LayoutOptimizer         1.21MB (2.36%, 0.07%),            73us (2.00%, 0.03%),            22us (0.70%, 0.01%),            51us (5.17%, 0.06%)
import/darknet/residual7/conv1/batch_normalization/FusedBatchNormV3-0-0-TransposeNCHWToNHWC-LayoutOptimizer         1.38MB (2.29%, 0.08%),            73us (1.97%, 0.03%),            29us (0.68%, 0.01%),            44us (5.11%, 0.05%)
import/darknet/residual21/conv2/batch_normalization/FusedBatchNormV3-0-0-TransposeNCHWToNHWC-LayoutOptimizer       692.22KB (2.20%, 0.04%),            72us (1.95%, 0.02%),            22us (0.67%, 0.01%),            50us (5.06%, 0.06%)
import/darknet/residual11/conv1/Conv2D-0-TransposeNHWCToNCHW-LayoutOptimizer         1.38MB (2.16%, 0.08%),            72us (1.92%, 0.02%),            33us (0.66%, 0.02%),            39us (5.00%, 0.05%)
import/darknet/residual16/conv1/Conv2D-0-TransposeNHWCToNCHW-LayoutOptimizer         1.38MB (2.08%, 0.08%),            72us (1.90%, 0.02%),            32us (0.64%, 0.02%),            40us (4.96%, 0.05%)
import/darknet/residual6/conv2/Conv2D-0-TransposeNHWCToNCHW-LayoutOptimizer         1.38MB (1.99%, 0.08%),            72us (1.87%, 0.02%),            31us (0.63%, 0.02%),            41us (4.91%, 0.05%)
import/darknet/residual17/conv1/Conv2D-0-TransposeNHWCToNCHW-LayoutOptimizer         1.38MB (1.91%, 0.08%),            72us (1.85%, 0.02%),            33us (0.61%, 0.02%),            39us (4.86%, 0.05%)
import/darknet/residual8/conv2/Conv2D-0-TransposeNHWCToNCHW-LayoutOptimizer         1.38MB (1.83%, 0.08%),            72us (1.82%, 0.02%),            31us (0.60%, 0.02%),            41us (4.82%, 0.05%)
import/darknet/residual22/conv2/batch_normalization/FusedBatchNormV3-0-0-TransposeNCHWToNHWC-LayoutOptimizer       692.22KB (1.74%, 0.04%),            71us (1.80%, 0.02%),            19us (0.58%, 0.01%),            52us (4.77%, 0.06%)
import/conv53/batch_normalization/FusedBatchNormV3/Mul             0B (0.00%, 0.00%),            71us (1.78%, 0.02%),            22us (0.57%, 0.01%),            49us (4.71%, 0.06%)
import/conv59/Conv2D-0-TransposeNHWCToNCHW-LayoutOptimizer       692.22KB (1.70%, 0.04%),            70us (1.75%, 0.02%),            20us (0.56%, 0.01%),            50us (4.65%, 0.06%)
import/darknet/residual14/conv1/batch_normalization/FusedBatchNormV3-0-0-TransposeNCHWToNHWC-LayoutOptimizer       692.22KB (1.66%, 0.04%),            70us (1.73%, 0.02%),            18us (0.55%, 0.01%),            52us (4.59%, 0.06%)
import/conv55/Conv2D-0-TransposeNHWCToNCHW-LayoutOptimizer       346.11KB (1.62%, 0.02%),            70us (1.70%, 0.02%),            13us (0.54%, 0.01%),            57us (4.53%, 0.07%)
import/darknet/residual19/conv2/batch_normalization/FusedBatchNormV3-0-0-TransposeNCHWToNHWC-LayoutOptimizer       692.22KB (1.60%, 0.04%),            70us (1.68%, 0.02%),            20us (0.54%, 0.01%),            50us (4.46%, 0.06%)
import/conv61/batch_normalization/FusedBatchNormV3/Mul             0B (0.00%, 0.00%),            69us (1.65%, 0.02%),            28us (0.53%, 0.01%),            41us (4.40%, 0.05%)
import/darknet/residual22/conv1/Conv2D-0-TransposeNHWCToNCHW-LayoutOptimizer       692.22KB (1.56%, 0.04%),            69us (1.63%, 0.02%),            22us (0.51%, 0.01%),            47us (4.35%, 0.06%)
import/darknet/residual21/conv1/batch_normalization/FusedBatchNormV3-0-0-TransposeNCHWToNHWC-LayoutOptimizer       346.11KB (1.51%, 0.02%),            69us (1.61%, 0.02%),            11us (0.50%, 0.01%),            58us (4.30%, 0.07%)
import/darknet/residual17/conv1/batch_normalization/FusedBatchNormV3-0-0-TransposeNCHWToNHWC-LayoutOptimizer       692.22KB (1.49%, 0.04%),            69us (1.58%, 0.02%),            17us (0.50%, 0.01%),            52us (4.23%, 0.06%)
import/darknet/residual4/conv2/Conv2D-0-TransposeNHWCToNCHW-LayoutOptimizer         1.38MB (1.45%, 0.08%),            68us (1.56%, 0.02%),            30us (0.49%, 0.01%),            38us (4.17%, 0.04%)
import/darknet/residual9/conv2/Conv2D-0-TransposeNHWCToNCHW-LayoutOptimizer         1.38MB (1.37%, 0.08%),            67us (1.54%, 0.02%),            29us (0.48%, 0.01%),            38us (4.12%, 0.04%)
import/darknet/residual16/conv2/Conv2D-0-TransposeNHWCToNCHW-LayoutOptimizer       692.22KB (1.28%, 0.04%),            67us (1.51%, 0.02%),            18us (0.46%, 0.01%),            49us (4.08%, 0.06%)
import/darknet/residual5/conv2/Conv2D-0-TransposeNHWCToNCHW-LayoutOptimizer         1.38MB (1.24%, 0.08%),            67us (1.49%, 0.02%),            29us (0.45%, 0.01%),            38us (4.02%, 0.04%)
import/darknet/residual22/conv1/batch_normalization/FusedBatchNormV3/Mul             0B (0.00%, 0.00%),            67us (1.47%, 0.02%),            10us (0.44%, 0.00%),            57us (3.97%, 0.07%)
import/darknet/residual18/conv2/Conv2D-0-TransposeNHWCToNCHW-LayoutOptimizer       692.22KB (1.16%, 0.04%),            67us (1.44%, 0.02%),            20us (0.43%, 0.01%),            47us (3.91%, 0.06%)
import/conv52/batch_normalization/FusedBatchNormV3/Mul             0B (0.00%, 0.00%),            66us (1.42%, 0.02%),            10us (0.42%, 0.00%),            56us (3.85%, 0.07%)
import/darknet/residual16/conv1/batch_normalization/FusedBatchNormV3-0-0-TransposeNCHWToNHWC-LayoutOptimizer       692.22KB (1.12%, 0.04%),            65us (1.40%, 0.02%),            20us (0.42%, 0.01%),            45us (3.78%, 0.05%)
import/conv60/batch_normalization/FusedBatchNormV3-0-0-TransposeNCHWToNHWC-LayoutOptimizer       692.22KB (1.08%, 0.04%),            65us (1.38%, 0.02%),            18us (0.41%, 0.01%),            47us (3.73%, 0.06%)
import/conv58/batch_normalization/FusedBatchNormV3-0-0-TransposeNCHWToNHWC-LayoutOptimizer       692.22KB (1.03%, 0.04%),            64us (1.35%, 0.02%),            18us (0.40%, 0.01%),            46us (3.68%, 0.05%)
import/conv_lobj_branch/batch_normalization/FusedBatchNormV3/Mul             0B (0.00%, 0.00%),            64us (1.33%, 0.02%),            20us (0.39%, 0.01%),            44us (3.62%, 0.05%)
import/conv_lobj_branch/batch_normalization/FusedBatchNormV3-0-0-TransposeNCHWToNHWC-LayoutOptimizer       692.22KB (0.99%, 0.04%),            64us (1.31%, 0.02%),            20us (0.38%, 0.01%),            44us (3.57%, 0.05%)
import/conv62/batch_normalization/FusedBatchNormV3-0-0-TransposeNCHWToNHWC-LayoutOptimizer       692.22KB (0.95%, 0.04%),            64us (1.29%, 0.02%),            19us (0.37%, 0.01%),            45us (3.52%, 0.05%)
import/darknet/residual13/conv1/batch_normalization/FusedBatchNormV3-0-0-TransposeNCHWToNHWC-LayoutOptimizer       692.22KB (0.91%, 0.04%),            64us (1.27%, 0.02%),            20us (0.36%, 0.01%),            44us (3.46%, 0.05%)
import/darknet/residual15/conv1/batch_normalization/FusedBatchNormV3/Mul             0B (0.00%, 0.00%),            64us (1.24%, 0.02%),            18us (0.35%, 0.01%),            46us (3.41%, 0.05%)
import/darknet/residual20/conv1/Conv2D-0-TransposeNHWCToNCHW-LayoutOptimizer       692.22KB (0.87%, 0.04%),            63us (1.22%, 0.02%),            22us (0.35%, 0.01%),            41us (3.36%, 0.05%)
import/conv60/batch_normalization/FusedBatchNormV3/Mul             0B (0.00%, 0.00%),            63us (1.20%, 0.02%),            19us (0.33%, 0.01%),            44us (3.31%, 0.05%)
import/conv55/batch_normalization/FusedBatchNormV3-0-0-TransposeNCHWToNHWC-LayoutOptimizer       692.22KB (0.83%, 0.04%),            63us (1.18%, 0.02%),            19us (0.33%, 0.01%),            44us (3.26%, 0.05%)
import/darknet/residual17/conv1/batch_normalization/FusedBatchNormV3/Mul             0B (0.00%, 0.00%),            62us (1.16%, 0.02%),            18us (0.32%, 0.01%),            44us (3.20%, 0.05%)
import/darknet/residual21/conv2/batch_normalization/FusedBatchNormV3/Mul             0B (0.00%, 0.00%),            62us (1.14%, 0.02%),            20us (0.31%, 0.01%),            42us (3.15%, 0.05%)
import/darknet/residual18/conv1/batch_normalization/FusedBatchNormV3-0-0-TransposeNCHWToNHWC-LayoutOptimizer       692.22KB (0.78%, 0.04%),            62us (1.11%, 0.02%),            20us (0.30%, 0.01%),            42us (3.10%, 0.05%)
import/darknet/residual12/conv1/batch_normalization/FusedBatchNormV3/Mul             0B (0.00%, 0.00%),            62us (1.09%, 0.02%),            18us (0.29%, 0.01%),            44us (3.05%, 0.05%)
import/conv58/batch_normalization/FusedBatchNormV3/Mul             0B (0.00%, 0.00%),            62us (1.07%, 0.02%),            21us (0.28%, 0.01%),            41us (3.00%, 0.05%)
import/darknet/residual21/conv1/Conv2D-0-TransposeNHWCToNCHW-LayoutOptimizer       692.22KB (0.74%, 0.04%),            62us (1.05%, 0.02%),            23us (0.27%, 0.01%),            39us (2.95%, 0.05%)
import/darknet/residual19/conv2/batch_normalization/FusedBatchNormV3/Mul             0B (0.00%, 0.00%),            62us (1.03%, 0.02%),            19us (0.26%, 0.01%),            43us (2.91%, 0.05%)
import/darknet/residual20/conv1/batch_normalization/FusedBatchNormV3-0-0-TransposeNCHWToNHWC-LayoutOptimizer       346.11KB (0.70%, 0.02%),            62us (1.01%, 0.02%),            15us (0.25%, 0.01%),            47us (2.86%, 0.06%)
import/conv57/batch_normalization/FusedBatchNormV3-0-0-TransposeNCHWToNHWC-LayoutOptimizer       173.06KB (0.68%, 0.01%),            62us (0.99%, 0.02%),             9us (0.24%, 0.00%),            53us (2.80%, 0.06%)
import/darknet/residual20/conv2/Conv2D-0-TransposeNHWCToNCHW-LayoutOptimizer       346.11KB (0.67%, 0.02%),            61us (0.96%, 0.02%),            11us (0.24%, 0.01%),            50us (2.74%, 0.06%)
import/conv54/Conv2D-0-TransposeNHWCToNCHW-LayoutOptimizer       692.22KB (0.65%, 0.04%),            61us (0.94%, 0.02%),            21us (0.23%, 0.01%),            40us (2.68%, 0.05%)
import/darknet/residual14/conv2/Conv2D-0-TransposeNHWCToNCHW-LayoutOptimizer       692.22KB (0.61%, 0.04%),            60us (0.92%, 0.02%),            20us (0.22%, 0.01%),            40us (2.63%, 0.05%)
import/darknet/residual19/conv1/batch_normalization/FusedBatchNormV3/Mul             0B (0.00%, 0.00%),            60us (0.90%, 0.02%),            12us (0.21%, 0.01%),            48us (2.58%, 0.06%)
import/darknet/conv43/batch_normalization/FusedBatchNormV3-0-0-TransposeNCHWToNHWC-LayoutOptimizer       692.22KB (0.57%, 0.04%),            60us (0.88%, 0.02%),            20us (0.21%, 0.01%),            40us (2.53%, 0.05%)
import/darknet/residual12/conv2/Conv2D-0-TransposeNHWCToNCHW-LayoutOptimizer       692.22KB (0.52%, 0.04%),            59us (0.86%, 0.02%),            19us (0.20%, 0.01%),            40us (2.48%, 0.05%)
import/darknet/residual11/conv2/Conv2D-0-TransposeNHWCToNCHW-LayoutOptimizer       692.22KB (0.48%, 0.04%),            59us (0.84%, 0.02%),            20us (0.19%, 0.01%),            39us (2.43%, 0.05%)
import/darknet/residual20/conv2/batch_normalization/FusedBatchNormV3-0-0-TransposeNCHWToNHWC-LayoutOptimizer       692.22KB (0.44%, 0.04%),            59us (0.82%, 0.02%),            18us (0.18%, 0.01%),            41us (2.39%, 0.05%)
import/darknet/residual13/conv2/Conv2D-0-TransposeNHWCToNCHW-LayoutOptimizer       692.22KB (0.40%, 0.04%),            59us (0.80%, 0.02%),            20us (0.17%, 0.01%),            39us (2.34%, 0.05%)
import/conv_mobj_branch/Conv2D-0-TransposeNHWCToNCHW-LayoutOptimizer       692.22KB (0.36%, 0.04%),            59us (0.78%, 0.02%),            18us (0.16%, 0.01%),            41us (2.29%, 0.05%)
import/darknet/residual19/conv1/batch_normalization/FusedBatchNormV3-0-0-TransposeNCHWToNHWC-LayoutOptimizer       346.11KB (0.31%, 0.02%),            59us (0.76%, 0.02%),            13us (0.15%, 0.01%),            46us (2.24%, 0.05%)
import/conv63/batch_normalization/FusedBatchNormV3/Mul             0B (0.00%, 0.00%),            58us (0.74%, 0.02%),            11us (0.14%, 0.01%),            47us (2.19%, 0.06%)
import/darknet/residual15/conv2/Conv2D-0-TransposeNHWCToNCHW-LayoutOptimizer       692.22KB (0.29%, 0.04%),            58us (0.72%, 0.02%),            19us (0.14%, 0.01%),            39us (2.13%, 0.05%)
import/darknet/residual17/conv2/Conv2D-0-TransposeNHWCToNCHW-LayoutOptimizer       692.22KB (0.25%, 0.04%),            57us (0.70%, 0.02%),            18us (0.13%, 0.01%),            39us (2.09%, 0.05%)
import/conv54/batch_normalization/FusedBatchNormV3-0-0-TransposeNCHWToNHWC-LayoutOptimizer       346.11KB (0.21%, 0.02%),            56us (0.68%, 0.02%),            12us (0.12%, 0.01%),            44us (2.04%, 0.05%)
import/darknet/residual22/conv2/Conv2D-0-TransposeNHWCToNCHW-LayoutOptimizer       346.11KB (0.19%, 0.02%),            56us (0.66%, 0.02%),            13us (0.11%, 0.01%),            43us (1.99%, 0.05%)
import/darknet/residual22/conv1/batch_normalization/FusedBatchNormV3-0-0-TransposeNCHWToNHWC-LayoutOptimizer       346.11KB (0.17%, 0.02%),            56us (0.64%, 0.02%),            11us (0.11%, 0.01%),            45us (1.94%, 0.05%)
import/conv_lobj_branch/Conv2D-0-TransposeNHWCToNCHW-LayoutOptimizer       346.11KB (0.15%, 0.02%),            55us (0.62%, 0.02%),            14us (0.10%, 0.01%),            41us (1.88%, 0.05%)
import/conv63/batch_normalization/FusedBatchNormV3-0-0-TransposeNCHWToNHWC-LayoutOptimizer       346.11KB (0.13%, 0.02%),            55us (0.60%, 0.02%),            12us (0.10%, 0.01%),            43us (1.84%, 0.05%)
import/conv52/batch_normalization/FusedBatchNormV3-0-0-TransposeNCHWToNHWC-LayoutOptimizer       346.11KB (0.11%, 0.02%),            54us (0.58%, 0.02%),            11us (0.09%, 0.01%),            43us (1.79%, 0.05%)
import/darknet/residual21/conv1/batch_normalization/FusedBatchNormV3/Mul             0B (0.00%, 0.00%),            54us (0.57%, 0.02%),            10us (0.08%, 0.00%),            44us (1.73%, 0.05%)
import/conv53/Conv2D-0-TransposeNHWCToNCHW-LayoutOptimizer       346.11KB (0.09%, 0.02%),            53us (0.55%, 0.02%),            14us (0.08%, 0.01%),            39us (1.68%, 0.05%)
import/conv_lbbox/BiasAdd-0-0-TransposeNCHWToNHWC-LayoutOptimizer       172.54KB (0.06%, 0.01%),            51us (0.53%, 0.02%),             9us (0.07%, 0.00%),            42us (1.64%, 0.05%)
import/darknet/residual19/conv2/Conv2D-0-TransposeNHWCToNCHW-LayoutOptimizer       346.11KB (0.05%, 0.02%),            51us (0.51%, 0.02%),            13us (0.07%, 0.01%),            38us (1.59%, 0.04%)
import/conv57/batch_normalization/FusedBatchNormV3/Mul             0B (0.00%, 0.00%),            50us (0.49%, 0.02%),             9us (0.06%, 0.00%),            41us (1.54%, 0.05%)
import/darknet/residual21/conv2/Conv2D-0-TransposeNHWCToNCHW-LayoutOptimizer       346.11KB (0.03%, 0.02%),            50us (0.48%, 0.02%),            11us (0.06%, 0.01%),            39us (1.49%, 0.05%)
edge_822_import/pred_lbbox/strided_slice_10@@MemcpyHtoD             0B (0.00%, 0.00%),            43us (0.46%, 0.01%),            43us (0.05%, 0.02%),             0us (1.45%, 0.00%)
import/pred_mbbox/concat_2/_34             0B (0.00%, 0.00%),            40us (0.44%, 0.01%),            40us (0.03%, 0.02%),             0us (1.45%, 0.00%)
import/darknet/residual19/conv1/batch_normalization/FusedBatchNormV3/Mul-1-ReshapeNHWCToNCHW-LayoutOptimizer         2.05KB (0.01%, 0.00%),            34us (0.43%, 0.01%),             0us (0.01%, 0.00%),            34us (1.45%, 0.04%)
import/darknet/residual2/conv1/batch_normalization/FusedBatchNormV3-1-ReshapeNHWCToNCHW-LayoutOptimizer           256B (0.01%, 0.00%),            33us (0.42%, 0.01%),             0us (0.01%, 0.00%),            33us (1.41%, 0.04%)
import/conv56/batch_normalization/FusedBatchNormV3/Mul-1-ReshapeNHWCToNCHW-LayoutOptimizer         2.05KB (0.01%, 0.00%),            32us (0.41%, 0.01%),             0us (0.01%, 0.00%),            32us (1.37%, 0.04%)
Range                               364B (0.01%, 0.00%),            32us (0.40%, 0.01%),             0us (0.01%, 0.00%),            32us (1.33%, 0.04%)
Reshape                               0B (0.00%, 0.00%),            29us (0.39%, 0.01%),             0us (0.01%, 0.00%),            29us (1.29%, 0.03%)
import/darknet/residual7/conv1/batch_normalization/FusedBatchNormV3-1-ReshapeNHWCToNCHW-LayoutOptimizer           512B (0.01%, 0.00%),            28us (0.38%, 0.01%),             0us (0.01%, 0.00%),            28us (1.26%, 0.03%)
import/darknet/residual15/conv2/batch_normalization/FusedBatchNormV3-1-ReshapeNHWCToNCHW-LayoutOptimizer         2.05KB (0.01%, 0.00%),            28us (0.37%, 0.01%),             0us (0.01%, 0.00%),            28us (1.23%, 0.03%)
import/darknet/residual10/conv1/batch_normalization/FusedBatchNormV3/Mul-1-ReshapeNHWCToNCHW-LayoutOptimizer           512B (0.01%, 0.00%),            27us (0.36%, 0.01%),             0us (0.01%, 0.00%),            27us (1.19%, 0.03%)
import/conv52/batch_normalization/FusedBatchNormV3/Mul-1-ReshapeNHWCToNCHW-LayoutOptimizer         2.05KB (0.01%, 0.00%),            25us (0.35%, 0.01%),             0us (0.01%, 0.00%),            25us (1.16%, 0.03%)
import/pred_lbbox/Shape-0-0-DataFormatVecPermuteNCHWToNHWC-LayoutOptimizer            16B (0.01%, 0.00%),            25us (0.34%, 0.01%),             0us (0.01%, 0.00%),            25us (1.13%, 0.03%)
import/pred_sbbox/Shape-0-0-DataFormatVecPermuteNCHWToNHWC-LayoutOptimizer            16B (0.01%, 0.00%),            20us (0.33%, 0.01%),             0us (0.01%, 0.00%),            20us (1.10%, 0.02%)
_arg_import/input/input_data_0_0             0B (0.00%, 0.00%),            15us (0.32%, 0.01%),             0us (0.01%, 0.00%),            15us (1.08%, 0.02%)
import/darknet/conv43/batch_normalization/FusedBatchNormV3/Mul-1-ReshapeNHWCToNCHW-LayoutOptimizer         4.10KB (0.01%, 0.00%),            14us (0.32%, 0.00%),             0us (0.01%, 0.00%),            14us (1.06%, 0.02%)
import/pred_mbbox/Shape-0-0-DataFormatVecPermuteNCHWToNHWC-LayoutOptimizer            16B (0.01%, 0.00%),            13us (0.31%, 0.00%),             0us (0.01%, 0.00%),            13us (1.04%, 0.02%)
_retval_import/pred_lbbox/concat_2_0_0             0B (0.00%, 0.00%),            11us (0.31%, 0.00%),             0us (0.01%, 0.00%),            11us (1.03%, 0.01%)
import/darknet/residual20/conv2/batch_normalization/FusedBatchNormV3-1-ReshapeNHWCToNCHW-LayoutOptimizer         4.10KB (0.01%, 0.00%),            11us (0.30%, 0.00%),             0us (0.01%, 0.00%),            11us (1.01%, 0.01%)
import/conv66/batch_normalization/FusedBatchNormV3-1-ReshapeNHWCToNCHW-LayoutOptimizer           512B (0.01%, 0.00%),            11us (0.30%, 0.00%),             0us (0.01%, 0.00%),            11us (1.00%, 0.01%)
import/darknet/residual14/conv2/batch_normalization/FusedBatchNormV3-1-ReshapeNHWCToNCHW-LayoutOptimizer         2.05KB (0.01%, 0.00%),            11us (0.30%, 0.00%),             0us (0.01%, 0.00%),            11us (0.99%, 0.01%)
_retval_import/pred_sbbox/concat_2_0_2             0B (0.00%, 0.00%),            11us (0.29%, 0.00%),             0us (0.01%, 0.00%),            11us (0.98%, 0.01%)
edge_985_import/pred_mbbox/strided_slice_7@@MemcpyHtoD             0B (0.00%, 0.00%),            10us (0.29%, 0.00%),            10us (0.01%, 0.00%),             0us (0.96%, 0.00%)
import/darknet/residual18/conv2/batch_normalization/FusedBatchNormV3-1-ReshapeNHWCToNCHW-LayoutOptimizer         2.05KB (0.01%, 0.00%),             9us (0.29%, 0.00%),             0us (0.01%, 0.00%),             9us (0.96%, 0.01%)
import/darknet/residual3/conv2/batch_normalization/FusedBatchNormV3/Mul-1-ReshapeNHWCToNCHW-LayoutOptimizer         1.02KB (0.01%, 0.00%),             9us (0.28%, 0.00%),             0us (0.01%, 0.00%),             9us (0.95%, 0.01%)
import/conv54/batch_normalization/FusedBatchNormV3-1-ReshapeNHWCToNCHW-LayoutOptimizer         2.05KB (0.01%, 0.00%),             9us (0.28%, 0.00%),             0us (0.01%, 0.00%),             9us (0.94%, 0.01%)
import/conv65/batch_normalization/FusedBatchNormV3/Mul-1-ReshapeNHWCToNCHW-LayoutOptimizer         1.02KB (0.01%, 0.00%),             9us (0.28%, 0.00%),             0us (0.01%, 0.00%),             9us (0.93%, 0.01%)
import/darknet/residual0/conv2/batch_normalization/FusedBatchNormV3-1-ReshapeNHWCToNCHW-LayoutOptimizer           256B (0.01%, 0.00%),             8us (0.27%, 0.00%),             0us (0.01%, 0.00%),             8us (0.92%, 0.01%)
edge_790_import/pred_lbbox/strided_slice_6@@MemcpyHtoD             0B (0.00%, 0.00%),             8us (0.27%, 0.00%),             8us (0.01%, 0.00%),             0us (0.91%, 0.00%)
import/conv63/batch_normalization/FusedBatchNormV3/Mul-1-ReshapeNHWCToNCHW-LayoutOptimizer           512B (0.01%, 0.00%),             8us (0.27%, 0.00%),             0us (0.00%, 0.00%),             8us (0.91%, 0.01%)
import/darknet/residual1/conv1/batch_normalization/FusedBatchNormV3-1-ReshapeNHWCToNCHW-LayoutOptimizer           256B (0.01%, 0.00%),             8us (0.26%, 0.00%),             0us (0.00%, 0.00%),             8us (0.90%, 0.01%)
import/conv55/batch_normalization/FusedBatchNormV3-1-ReshapeNHWCToNCHW-LayoutOptimizer         4.10KB (0.01%, 0.00%),             8us (0.26%, 0.00%),             0us (0.00%, 0.00%),             8us (0.89%, 0.01%)
import/darknet/conv1/batch_normalization/FusedBatchNormV3-1-ReshapeNHWCToNCHW-LayoutOptimizer           256B (0.01%, 0.00%),             8us (0.26%, 0.00%),             0us (0.00%, 0.00%),             8us (0.88%, 0.01%)
import/darknet/conv1/batch_normalization/FusedBatchNormV3/Mul-1-ReshapeNHWCToNCHW-LayoutOptimizer           256B (0.01%, 0.00%),             8us (0.26%, 0.00%),             0us (0.00%, 0.00%),             8us (0.87%, 0.01%)
import/darknet/residual16/conv2/batch_normalization/FusedBatchNormV3-1-ReshapeNHWCToNCHW-LayoutOptimizer         2.05KB (0.01%, 0.00%),             8us (0.25%, 0.00%),             0us (0.00%, 0.00%),             8us (0.86%, 0.01%)
import/darknet/residual12/conv2/batch_normalization/FusedBatchNormV3/Mul-1-ReshapeNHWCToNCHW-LayoutOptimizer         2.05KB (0.01%, 0.00%),             8us (0.25%, 0.00%),             0us (0.00%, 0.00%),             8us (0.85%, 0.01%)
edge_983_import/pred_mbbox/strided_slice_6@@MemcpyHtoD             0B (0.00%, 0.00%),             8us (0.25%, 0.00%),             8us (0.00%, 0.00%),             0us (0.84%, 0.00%)
import/darknet/residual2/conv1/batch_normalization/FusedBatchNormV3/Mul-1-ReshapeNHWCToNCHW-LayoutOptimizer           256B (0.01%, 0.00%),             8us (0.25%, 0.00%),             0us (0.00%, 0.00%),             8us (0.84%, 0.01%)
import/darknet/conv0/batch_normalization/FusedBatchNormV3/Mul-1-ReshapeNHWCToNCHW-LayoutOptimizer           256B (0.01%, 0.00%),             7us (0.24%, 0.00%),             0us (0.00%, 0.00%),             7us (0.83%, 0.01%)
import/darknet/residual8/conv2/batch_normalization/FusedBatchNormV3-1-ReshapeNHWCToNCHW-LayoutOptimizer         1.02KB (0.01%, 0.00%),             7us (0.24%, 0.00%),             0us (0.00%, 0.00%),             7us (0.83%, 0.01%)
import/darknet/residual1/conv1/batch_normalization/FusedBatchNormV3/Mul-1-ReshapeNHWCToNCHW-LayoutOptimizer           256B (0.01%, 0.00%),             7us (0.24%, 0.00%),             0us (0.00%, 0.00%),             7us (0.82%, 0.01%)
import/darknet/residual13/conv2/batch_normalization/FusedBatchNormV3/Mul-1-ReshapeNHWCToNCHW-LayoutOptimizer         2.05KB (0.01%, 0.00%),             7us (0.24%, 0.00%),             0us (0.00%, 0.00%),             7us (0.81%, 0.01%)
import/darknet/residual4/conv1/batch_normalization/FusedBatchNormV3-1-ReshapeNHWCToNCHW-LayoutOptimizer           512B (0.01%, 0.00%),             7us (0.23%, 0.00%),             0us (0.00%, 0.00%),             7us (0.80%, 0.01%)
import/darknet/residual14/conv1/batch_normalization/FusedBatchNormV3/Mul-1-ReshapeNHWCToNCHW-LayoutOptimizer         1.02KB (0.01%, 0.00%),             7us (0.23%, 0.00%),             0us (0.00%, 0.00%),             7us (0.79%, 0.01%)
import/darknet/residual0/conv1/batch_normalization/FusedBatchNormV3/Mul-1-ReshapeNHWCToNCHW-LayoutOptimizer           256B (0.01%, 0.00%),             7us (0.23%, 0.00%),             0us (0.00%, 0.00%),             7us (0.79%, 0.01%)
import/conv67/batch_normalization/FusedBatchNormV3/Mul-1-ReshapeNHWCToNCHW-LayoutOptimizer         1.02KB (0.01%, 0.00%),             7us (0.23%, 0.00%),             0us (0.00%, 0.00%),             7us (0.78%, 0.01%)
import/darknet/residual22/conv2/batch_normalization/FusedBatchNormV3-1-ReshapeNHWCToNCHW-LayoutOptimizer         4.10KB (0.01%, 0.00%),             7us (0.22%, 0.00%),             0us (0.00%, 0.00%),             7us (0.77%, 0.01%)
import/darknet/residual6/conv2/batch_normalization/FusedBatchNormV3-1-ReshapeNHWCToNCHW-LayoutOptimizer         1.02KB (0.01%, 0.00%),             7us (0.22%, 0.00%),             0us (0.00%, 0.00%),             7us (0.76%, 0.01%)
import/conv63/batch_normalization/FusedBatchNormV3-1-ReshapeNHWCToNCHW-LayoutOptimizer           512B (0.01%, 0.00%),             7us (0.22%, 0.00%),             0us (0.00%, 0.00%),             7us (0.75%, 0.01%)
import/darknet/residual1/conv2/batch_normalization/FusedBatchNormV3/Mul-1-ReshapeNHWCToNCHW-LayoutOptimizer           512B (0.01%, 0.00%),             7us (0.22%, 0.00%),             0us (0.00%, 0.00%),             7us (0.74%, 0.01%)
import/darknet/residual5/conv1/batch_normalization/FusedBatchNormV3-1-ReshapeNHWCToNCHW-LayoutOptimizer           512B (0.01%, 0.00%),             7us (0.21%, 0.00%),             0us (0.00%, 0.00%),             7us (0.74%, 0.01%)
import/darknet/residual17/conv1/batch_normalization/FusedBatchNormV3-1-ReshapeNHWCToNCHW-LayoutOptimizer         1.02KB (0.01%, 0.00%),             7us (0.21%, 0.00%),             0us (0.00%, 0.00%),             7us (0.73%, 0.01%)
import/darknet/residual17/conv2/batch_normalization/FusedBatchNormV3/Mul-1-ReshapeNHWCToNCHW-LayoutOptimizer         2.05KB (0.01%, 0.00%),             7us (0.21%, 0.00%),             0us (0.00%, 0.00%),             7us (0.72%, 0.01%)
import/darknet/residual17/conv1/batch_normalization/FusedBatchNormV3/Mul-1-ReshapeNHWCToNCHW-LayoutOptimizer         1.02KB (0.01%, 0.00%),             7us (0.21%, 0.00%),             0us (0.00%, 0.00%),             7us (0.71%, 0.01%)
import/darknet/residual3/conv1/batch_normalization/FusedBatchNormV3/Mul-1-ReshapeNHWCToNCHW-LayoutOptimizer           512B (0.01%, 0.00%),             6us (0.20%, 0.00%),             0us (0.00%, 0.00%),             6us (0.70%, 0.01%)
import/darknet/residual22/conv1/batch_normalization/FusedBatchNormV3/Mul-1-ReshapeNHWCToNCHW-LayoutOptimizer         2.05KB (0.01%, 0.00%),             6us (0.20%, 0.00%),             0us (0.00%, 0.00%),             6us (0.70%, 0.01%)
import/darknet/residual3/conv1/batch_normalization/FusedBatchNormV3-1-ReshapeNHWCToNCHW-LayoutOptimizer           512B (0.01%, 0.00%),             6us (0.20%, 0.00%),             0us (0.00%, 0.00%),             6us (0.69%, 0.01%)
import/conv56/batch_normalization/FusedBatchNormV3-1-ReshapeNHWCToNCHW-LayoutOptimizer         2.05KB (0.01%, 0.00%),             6us (0.20%, 0.00%),             0us (0.00%, 0.00%),             6us (0.68%, 0.01%)
import/conv68/batch_normalization/FusedBatchNormV3/Mul-1-ReshapeNHWCToNCHW-LayoutOptimizer           512B (0.01%, 0.00%),             6us (0.20%, 0.00%),             0us (0.00%, 0.00%),             6us (0.67%, 0.01%)
import/darknet/residual7/conv2/batch_normalization/FusedBatchNormV3/Mul-1-ReshapeNHWCToNCHW-LayoutOptimizer         1.02KB (0.01%, 0.00%),             6us (0.19%, 0.00%),             0us (0.00%, 0.00%),             6us (0.67%, 0.01%)
import/darknet/residual7/conv2/batch_normalization/FusedBatchNormV3-1-ReshapeNHWCToNCHW-LayoutOptimizer         1.02KB (0.01%, 0.00%),             6us (0.19%, 0.00%),             0us (0.00%, 0.00%),             6us (0.66%, 0.01%)
import/conv67/batch_normalization/FusedBatchNormV3-1-ReshapeNHWCToNCHW-LayoutOptimizer         1.02KB (0.01%, 0.00%),             6us (0.19%, 0.00%),             0us (0.00%, 0.00%),             6us (0.65%, 0.01%)
import/darknet/residual8/conv1/batch_normalization/FusedBatchNormV3-1-ReshapeNHWCToNCHW-LayoutOptimizer           512B (0.01%, 0.00%),             6us (0.19%, 0.00%),             0us (0.00%, 0.00%),             6us (0.65%, 0.01%)
import/darknet/residual7/conv1/batch_normalization/FusedBatchNormV3/Mul-1-ReshapeNHWCToNCHW-LayoutOptimizer           512B (0.01%, 0.00%),             6us (0.19%, 0.00%),             0us (0.00%, 0.00%),             6us (0.64%, 0.01%)
import/conv64/batch_normalization/FusedBatchNormV3-1-ReshapeNHWCToNCHW-LayoutOptimizer           512B (0.01%, 0.00%),             6us (0.18%, 0.00%),             0us (0.00%, 0.00%),             6us (0.63%, 0.01%)
import/darknet/residual8/conv1/batch_normalization/FusedBatchNormV3/Mul-1-ReshapeNHWCToNCHW-LayoutOptimizer           512B (0.01%, 0.00%),             6us (0.18%, 0.00%),             0us (0.00%, 0.00%),             6us (0.62%, 0.01%)
import/darknet/residual6/conv2/batch_normalization/FusedBatchNormV3/Mul-1-ReshapeNHWCToNCHW-LayoutOptimizer         1.02KB (0.01%, 0.00%),             6us (0.18%, 0.00%),             0us (0.00%, 0.00%),             6us (0.62%, 0.01%)
import/conv68/batch_normalization/FusedBatchNormV3-1-ReshapeNHWCToNCHW-LayoutOptimizer           512B (0.01%, 0.00%),             6us (0.18%, 0.00%),             0us (0.00%, 0.00%),             6us (0.61%, 0.01%)
import/darknet/residual6/conv1/batch_normalization/FusedBatchNormV3/Mul-1-ReshapeNHWCToNCHW-LayoutOptimizer           512B (0.01%, 0.00%),             6us (0.18%, 0.00%),             0us (0.00%, 0.00%),             6us (0.60%, 0.01%)
import/conv66/batch_normalization/FusedBatchNormV3/Mul-1-ReshapeNHWCToNCHW-LayoutOptimizer           512B (0.01%, 0.00%),             6us (0.17%, 0.00%),             0us (0.00%, 0.00%),             6us (0.60%, 0.01%)
import/darknet/residual9/conv1/batch_normalization/FusedBatchNormV3/Mul-1-ReshapeNHWCToNCHW-LayoutOptimizer           512B (0.01%, 0.00%),             6us (0.17%, 0.00%),             0us (0.00%, 0.00%),             6us (0.59%, 0.01%)
import/darknet/residual6/conv1/batch_normalization/FusedBatchNormV3-1-ReshapeNHWCToNCHW-LayoutOptimizer           512B (0.01%, 0.00%),             6us (0.17%, 0.00%),             0us (0.00%, 0.00%),             6us (0.58%, 0.01%)
import/darknet/residual5/conv2/batch_normalization/FusedBatchNormV3/Mul-1-ReshapeNHWCToNCHW-LayoutOptimizer         1.02KB (0.01%, 0.00%),             6us (0.17%, 0.00%),             0us (0.00%, 0.00%),             6us (0.57%, 0.01%)
import/darknet/residual5/conv2/batch_normalization/FusedBatchNormV3-1-ReshapeNHWCToNCHW-LayoutOptimizer         1.02KB (0.01%, 0.00%),             6us (0.17%, 0.00%),             0us (0.00%, 0.00%),             6us (0.57%, 0.01%)
import/darknet/residual5/conv1/batch_normalization/FusedBatchNormV3/Mul-1-ReshapeNHWCToNCHW-LayoutOptimizer           512B (0.01%, 0.00%),             6us (0.16%, 0.00%),             0us (0.00%, 0.00%),             6us (0.56%, 0.01%)
import/darknet/residual8/conv2/batch_normalization/FusedBatchNormV3/Mul-1-ReshapeNHWCToNCHW-LayoutOptimizer         1.02KB (0.01%, 0.00%),             6us (0.16%, 0.00%),             0us (0.00%, 0.00%),             6us (0.55%, 0.01%)
import/darknet/residual4/conv2/batch_normalization/FusedBatchNormV3-1-ReshapeNHWCToNCHW-LayoutOptimizer         1.02KB (0.01%, 0.00%),             6us (0.16%, 0.00%),             0us (0.00%, 0.00%),             6us (0.55%, 0.01%)
import/conv_lobj_branch/batch_normalization/FusedBatchNormV3/Mul-1-ReshapeNHWCToNCHW-LayoutOptimizer         4.10KB (0.01%, 0.00%),             6us (0.16%, 0.00%),             0us (0.00%, 0.00%),             6us (0.54%, 0.01%)
import/darknet/residual4/conv1/batch_normalization/FusedBatchNormV3/Mul-1-ReshapeNHWCToNCHW-LayoutOptimizer           512B (0.01%, 0.00%),             6us (0.15%, 0.00%),             0us (0.00%, 0.00%),             6us (0.53%, 0.01%)
import/darknet/residual9/conv1/batch_normalization/FusedBatchNormV3-1-ReshapeNHWCToNCHW-LayoutOptimizer           512B (0.01%, 0.00%),             6us (0.15%, 0.00%),             0us (0.00%, 0.00%),             6us (0.53%, 0.01%)
import/conv64/batch_normalization/FusedBatchNormV3/Mul-1-ReshapeNHWCToNCHW-LayoutOptimizer           512B (0.01%, 0.00%),             6us (0.15%, 0.00%),             0us (0.00%, 0.00%),             6us (0.52%, 0.01%)
import/conv_mobj_branch/batch_normalization/FusedBatchNormV3-1-ReshapeNHWCToNCHW-LayoutOptimizer         2.05KB (0.01%, 0.00%),             6us (0.15%, 0.00%),             0us (0.00%, 0.00%),             6us (0.51%, 0.01%)
import/darknet/residual0/conv2/batch_normalization/FusedBatchNormV3/Mul-1-ReshapeNHWCToNCHW-LayoutOptimizer           256B (0.01%, 0.00%),             6us (0.15%, 0.00%),             0us (0.00%, 0.00%),             6us (0.50%, 0.01%)
import/darknet/residual11/conv2/batch_normalization/FusedBatchNormV3-1-ReshapeNHWCToNCHW-LayoutOptimizer         2.05KB (0.01%, 0.00%),             6us (0.14%, 0.00%),             0us (0.00%, 0.00%),             6us (0.50%, 0.01%)
import/conv57/batch_normalization/FusedBatchNormV3/Mul-1-ReshapeNHWCToNCHW-LayoutOptimizer         1.02KB (0.01%, 0.00%),             6us (0.14%, 0.00%),             0us (0.00%, 0.00%),             6us (0.49%, 0.01%)
import/darknet/conv26/batch_normalization/FusedBatchNormV3-1-ReshapeNHWCToNCHW-LayoutOptimizer         2.05KB (0.01%, 0.00%),             6us (0.14%, 0.00%),             0us (0.00%, 0.00%),             6us (0.48%, 0.01%)
import/darknet/residual18/conv1/batch_normalization/FusedBatchNormV3-1-ReshapeNHWCToNCHW-LayoutOptimizer         1.02KB (0.01%, 0.00%),             6us (0.14%, 0.00%),             0us (0.00%, 0.00%),             6us (0.48%, 0.01%)
import/darknet/conv26/batch_normalization/FusedBatchNormV3/Mul-1-ReshapeNHWCToNCHW-LayoutOptimizer         2.05KB (0.01%, 0.00%),             6us (0.14%, 0.00%),             0us (0.00%, 0.00%),             6us (0.47%, 0.01%)
import/conv60/batch_normalization/FusedBatchNormV3/Mul-1-ReshapeNHWCToNCHW-LayoutOptimizer         1.02KB (0.01%, 0.00%),             6us (0.13%, 0.00%),             0us (0.00%, 0.00%),             6us (0.46%, 0.01%)
import/darknet/residual17/conv2/batch_normalization/FusedBatchNormV3-1-ReshapeNHWCToNCHW-LayoutOptimizer         2.05KB (0.01%, 0.00%),             6us (0.13%, 0.00%),             0us (0.00%, 0.00%),             6us (0.45%, 0.01%)
import/conv60/batch_normalization/FusedBatchNormV3-1-ReshapeNHWCToNCHW-LayoutOptimizer         1.02KB (0.01%, 0.00%),             6us (0.13%, 0.00%),             0us (0.00%, 0.00%),             6us (0.45%, 0.01%)
import/darknet/residual16/conv2/batch_normalization/FusedBatchNormV3/Mul-1-ReshapeNHWCToNCHW-LayoutOptimizer         2.05KB (0.01%, 0.00%),             6us (0.13%, 0.00%),             0us (0.00%, 0.00%),             6us (0.44%, 0.01%)
import/darknet/conv4/batch_normalization/FusedBatchNormV3/Mul-1-ReshapeNHWCToNCHW-LayoutOptimizer           512B (0.01%, 0.00%),             6us (0.13%, 0.00%),             0us (0.00%, 0.00%),             6us (0.43%, 0.01%)
import/conv65/batch_normalization/FusedBatchNormV3-1-ReshapeNHWCToNCHW-LayoutOptimizer         1.02KB (0.01%, 0.00%),             6us (0.12%, 0.00%),             0us (0.00%, 0.00%),             6us (0.43%, 0.01%)
import/darknet/residual16/conv1/batch_normalization/FusedBatchNormV3/Mul-1-ReshapeNHWCToNCHW-LayoutOptimizer         1.02KB (0.01%, 0.00%),             6us (0.12%, 0.00%),             0us (0.00%, 0.00%),             6us (0.42%, 0.01%)
import/darknet/residual16/conv1/batch_normalization/FusedBatchNormV3-1-ReshapeNHWCToNCHW-LayoutOptimizer         1.02KB (0.01%, 0.00%),             6us (0.12%, 0.00%),             0us (0.00%, 0.00%),             6us (0.41%, 0.01%)
import/darknet/residual11/conv2/batch_normalization/FusedBatchNormV3/Mul-1-ReshapeNHWCToNCHW-LayoutOptimizer         2.05KB (0.01%, 0.00%),             6us (0.12%, 0.00%),             0us (0.00%, 0.00%),             6us (0.40%, 0.01%)
import/darknet/residual12/conv2/batch_normalization/FusedBatchNormV3-1-ReshapeNHWCToNCHW-LayoutOptimizer         2.05KB (0.01%, 0.00%),             6us (0.12%, 0.00%),             0us (0.00%, 0.00%),             6us (0.40%, 0.01%)
import/darknet/residual15/conv2/batch_normalization/FusedBatchNormV3/Mul-1-ReshapeNHWCToNCHW-LayoutOptimizer         2.05KB (0.01%, 0.00%),             6us (0.11%, 0.00%),             0us (0.00%, 0.00%),             6us (0.39%, 0.01%)
import/darknet/residual13/conv1/batch_normalization/FusedBatchNormV3-1-ReshapeNHWCToNCHW-LayoutOptimizer         1.02KB (0.01%, 0.00%),             6us (0.11%, 0.00%),             0us (0.00%, 0.00%),             6us (0.38%, 0.01%)
import/conv59/batch_normalization/FusedBatchNormV3/Mul-1-ReshapeNHWCToNCHW-LayoutOptimizer         2.05KB (0.01%, 0.00%),             6us (0.11%, 0.00%),             0us (0.00%, 0.00%),             6us (0.38%, 0.01%)
import/darknet/residual15/conv1/batch_normalization/FusedBatchNormV3/Mul-1-ReshapeNHWCToNCHW-LayoutOptimizer         1.02KB (0.01%, 0.00%),             6us (0.11%, 0.00%),             0us (0.00%, 0.00%),             6us (0.37%, 0.01%)
import/darknet/residual13/conv1/batch_normalization/FusedBatchNormV3/Mul-1-ReshapeNHWCToNCHW-LayoutOptimizer         1.02KB (0.01%, 0.00%),             6us (0.11%, 0.00%),             0us (0.00%, 0.00%),             6us (0.36%, 0.01%)
import/darknet/conv9/batch_normalization/FusedBatchNormV3-1-ReshapeNHWCToNCHW-LayoutOptimizer         1.02KB (0.01%, 0.00%),             6us (0.10%, 0.00%),             0us (0.00%, 0.00%),             6us (0.35%, 0.01%)
import/darknet/residual13/conv2/batch_normalization/FusedBatchNormV3-1-ReshapeNHWCToNCHW-LayoutOptimizer         2.05KB (0.01%, 0.00%),             6us (0.10%, 0.00%),             0us (0.00%, 0.00%),             6us (0.35%, 0.01%)
import/darknet/residual14/conv2/batch_normalization/FusedBatchNormV3/Mul-1-ReshapeNHWCToNCHW-LayoutOptimizer         2.05KB (0.01%, 0.00%),             6us (0.10%, 0.00%),             0us (0.00%, 0.00%),             6us (0.34%, 0.01%)
import/darknet/conv9/batch_normalization/FusedBatchNormV3/Mul-1-ReshapeNHWCToNCHW-LayoutOptimizer         1.02KB (0.01%, 0.00%),             6us (0.10%, 0.00%),             0us (0.00%, 0.00%),             6us (0.33%, 0.01%)
import/darknet/residual0/conv1/batch_normalization/FusedBatchNormV3-1-ReshapeNHWCToNCHW-LayoutOptimizer           256B (0.01%, 0.00%),             6us (0.09%, 0.00%),             0us (0.00%, 0.00%),             6us (0.33%, 0.01%)
import/darknet/residual14/conv1/batch_normalization/FusedBatchNormV3-1-ReshapeNHWCToNCHW-LayoutOptimizer         1.02KB (0.01%, 0.00%),             6us (0.09%, 0.00%),             0us (0.00%, 0.00%),             6us (0.32%, 0.01%)
import/conv58/batch_normalization/FusedBatchNormV3/Mul-1-ReshapeNHWCToNCHW-LayoutOptimizer         1.02KB (0.01%, 0.00%),             6us (0.09%, 0.00%),             0us (0.00%, 0.00%),             6us (0.31%, 0.01%)
import/conv61/batch_normalization/FusedBatchNormV3-1-ReshapeNHWCToNCHW-LayoutOptimizer         2.05KB (0.01%, 0.00%),             6us (0.09%, 0.00%),             0us (0.00%, 0.00%),             6us (0.31%, 0.01%)
import/darknet/residual21/conv2/batch_normalization/FusedBatchNormV3/Mul-1-ReshapeNHWCToNCHW-LayoutOptimizer         4.10KB (0.01%, 0.00%),             6us (0.09%, 0.00%),             0us (0.00%, 0.00%),             6us (0.30%, 0.01%)
import/darknet/residual10/conv2/batch_normalization/FusedBatchNormV3-1-ReshapeNHWCToNCHW-LayoutOptimizer         1.02KB (0.00%, 0.00%),             6us (0.08%, 0.00%),             0us (0.00%, 0.00%),             6us (0.29%, 0.01%)
import/darknet/residual21/conv2/batch_normalization/FusedBatchNormV3-1-ReshapeNHWCToNCHW-LayoutOptimizer         4.10KB (0.00%, 0.00%),             6us (0.08%, 0.00%),             0us (0.00%, 0.00%),             6us (0.28%, 0.01%)
import/conv_sobj_branch/batch_normalization/FusedBatchNormV3/Mul-1-ReshapeNHWCToNCHW-LayoutOptimizer         1.02KB (0.00%, 0.00%),             6us (0.08%, 0.00%),             0us (0.00%, 0.00%),             6us (0.28%, 0.01%)
import/darknet/residual21/conv1/batch_normalization/FusedBatchNormV3/Mul-1-ReshapeNHWCToNCHW-LayoutOptimizer         2.05KB (0.00%, 0.00%),             6us (0.08%, 0.00%),             0us (0.00%, 0.00%),             6us (0.27%, 0.01%)
import/darknet/residual1/conv2/batch_normalization/FusedBatchNormV3-1-ReshapeNHWCToNCHW-LayoutOptimizer           512B (0.00%, 0.00%),             6us (0.08%, 0.00%),             0us (0.00%, 0.00%),             6us (0.26%, 0.01%)
import/darknet/residual10/conv2/batch_normalization/FusedBatchNormV3/Mul-1-ReshapeNHWCToNCHW-LayoutOptimizer         1.02KB (0.00%, 0.00%),             6us (0.07%, 0.00%),             0us (0.00%, 0.00%),             6us (0.26%, 0.01%)
import/darknet/residual20/conv2/batch_normalization/FusedBatchNormV3/Mul-1-ReshapeNHWCToNCHW-LayoutOptimizer         4.10KB (0.00%, 0.00%),             6us (0.07%, 0.00%),             0us (0.00%, 0.00%),             6us (0.25%, 0.01%)
import/conv62/batch_normalization/FusedBatchNormV3-1-ReshapeNHWCToNCHW-LayoutOptimizer         1.02KB (0.00%, 0.00%),             6us (0.07%, 0.00%),             0us (0.00%, 0.00%),             6us (0.24%, 0.01%)
import/darknet/conv0/batch_normalization/FusedBatchNormV3-1-ReshapeNHWCToNCHW-LayoutOptimizer           256B (0.00%, 0.00%),             6us (0.07%, 0.00%),             0us (0.00%, 0.00%),             6us (0.23%, 0.01%)
import/darknet/residual20/conv1/batch_normalization/FusedBatchNormV3-1-ReshapeNHWCToNCHW-LayoutOptimizer         2.05KB (0.00%, 0.00%),             6us (0.07%, 0.00%),             0us (0.00%, 0.00%),             6us (0.23%, 0.01%)
import/darknet/residual2/conv2/batch_normalization/FusedBatchNormV3/Mul-1-ReshapeNHWCToNCHW-LayoutOptimizer           512B (0.00%, 0.00%),             6us (0.06%, 0.00%),             0us (0.00%, 0.00%),             6us (0.22%, 0.01%)
import/darknet/residual11/conv1/batch_normalization/FusedBatchNormV3-1-ReshapeNHWCToNCHW-LayoutOptimizer         1.02KB (0.00%, 0.00%),             6us (0.06%, 0.00%),             0us (0.00%, 0.00%),             6us (0.21%, 0.01%)
import/darknet/residual19/conv2/batch_normalization/FusedBatchNormV3-1-ReshapeNHWCToNCHW-LayoutOptimizer         4.10KB (0.00%, 0.00%),             6us (0.06%, 0.00%),             0us (0.00%, 0.00%),             6us (0.21%, 0.01%)
import/conv57/batch_normalization/FusedBatchNormV3-1-ReshapeNHWCToNCHW-LayoutOptimizer         1.02KB (0.00%, 0.00%),             6us (0.06%, 0.00%),             0us (0.00%, 0.00%),             6us (0.20%, 0.01%)
import/darknet/residual18/conv2/batch_normalization/FusedBatchNormV3/Mul-1-ReshapeNHWCToNCHW-LayoutOptimizer         2.05KB (0.00%, 0.00%),             6us (0.06%, 0.00%),             0us (0.00%, 0.00%),             6us (0.19%, 0.01%)
import/conv54/batch_normalization/FusedBatchNormV3/Mul-1-ReshapeNHWCToNCHW-LayoutOptimizer         2.05KB (0.00%, 0.00%),             6us (0.05%, 0.00%),             0us (0.00%, 0.00%),             6us (0.18%, 0.01%)
import/darknet/residual19/conv1/batch_normalization/FusedBatchNormV3-1-ReshapeNHWCToNCHW-LayoutOptimizer         2.05KB (0.00%, 0.00%),             6us (0.05%, 0.00%),             0us (0.00%, 0.00%),             6us (0.18%, 0.01%)
import/conv61/batch_normalization/FusedBatchNormV3/Mul-1-ReshapeNHWCToNCHW-LayoutOptimizer         2.05KB (0.00%, 0.00%),             6us (0.05%, 0.00%),             0us (0.00%, 0.00%),             6us (0.17%, 0.01%)
import/darknet/residual19/conv2/batch_normalization/FusedBatchNormV3/Mul-1-ReshapeNHWCToNCHW-LayoutOptimizer         4.10KB (0.00%, 0.00%),             6us (0.05%, 0.00%),             0us (0.00%, 0.00%),             6us (0.16%, 0.01%)
import/conv53/batch_normalization/FusedBatchNormV3/Mul-1-ReshapeNHWCToNCHW-LayoutOptimizer         4.10KB (0.00%, 0.00%),             6us (0.05%, 0.00%),             0us (0.00%, 0.00%),             6us (0.16%, 0.01%)
import/darknet/residual2/conv2/batch_normalization/FusedBatchNormV3-1-ReshapeNHWCToNCHW-LayoutOptimizer           512B (0.00%, 0.00%),             6us (0.04%, 0.00%),             0us (0.00%, 0.00%),             6us (0.15%, 0.01%)
import/darknet/residual12/conv1/batch_normalization/FusedBatchNormV3-1-ReshapeNHWCToNCHW-LayoutOptimizer         1.02KB (0.00%, 0.00%),             5us (0.04%, 0.00%),             0us (0.00%, 0.00%),             5us (0.14%, 0.01%)
import/darknet/residual9/conv2/batch_normalization/FusedBatchNormV3/Mul-1-ReshapeNHWCToNCHW-LayoutOptimizer         1.02KB (0.00%, 0.00%),             5us (0.04%, 0.00%),             0us (0.00%, 0.00%),             5us (0.14%, 0.01%)
import/darknet/residual11/conv1/batch_normalization/FusedBatchNormV3/Mul-1-ReshapeNHWCToNCHW-LayoutOptimizer         1.02KB (0.00%, 0.00%),             5us (0.04%, 0.00%),             0us (0.00%, 0.00%),             5us (0.13%, 0.01%)
import/conv55/batch_normalization/FusedBatchNormV3/Mul-1-ReshapeNHWCToNCHW-LayoutOptimizer         4.10KB (0.00%, 0.00%),             5us (0.04%, 0.00%),             0us (0.00%, 0.00%),             5us (0.12%, 0.01%)
import/conv58/batch_normalization/FusedBatchNormV3-1-ReshapeNHWCToNCHW-LayoutOptimizer         1.02KB (0.00%, 0.00%),             5us (0.03%, 0.00%),             0us (0.00%, 0.00%),             5us (0.12%, 0.01%)
import/darknet/residual9/conv2/batch_normalization/FusedBatchNormV3-1-ReshapeNHWCToNCHW-LayoutOptimizer         1.02KB (0.00%, 0.00%),             5us (0.03%, 0.00%),             0us (0.00%, 0.00%),             5us (0.11%, 0.01%)
import/darknet/conv43/batch_normalization/FusedBatchNormV3-1-ReshapeNHWCToNCHW-LayoutOptimizer         4.10KB (0.00%, 0.00%),             5us (0.03%, 0.00%),             0us (0.00%, 0.00%),             5us (0.11%, 0.01%)
_retval_import/pred_mbbox/concat_2_0_1             0B (0.00%, 0.00%),             5us (0.03%, 0.00%),             0us (0.00%, 0.00%),             5us (0.10%, 0.01%)
import/darknet/residual10/conv1/batch_normalization/FusedBatchNormV3-1-ReshapeNHWCToNCHW-LayoutOptimizer           512B (0.00%, 0.00%),             5us (0.03%, 0.00%),             0us (0.00%, 0.00%),             5us (0.09%, 0.01%)
import/darknet/residual12/conv1/batch_normalization/FusedBatchNormV3/Mul-1-ReshapeNHWCToNCHW-LayoutOptimizer         1.02KB (0.00%, 0.00%),             5us (0.03%, 0.00%),             0us (0.00%, 0.00%),             5us (0.09%, 0.01%)
import/conv59/batch_normalization/FusedBatchNormV3-1-ReshapeNHWCToNCHW-LayoutOptimizer         2.05KB (0.00%, 0.00%),             5us (0.02%, 0.00%),             0us (0.00%, 0.00%),             5us (0.08%, 0.01%)
import/darknet/residual22/conv1/batch_normalization/FusedBatchNormV3-1-ReshapeNHWCToNCHW-LayoutOptimizer         2.05KB (0.00%, 0.00%),             5us (0.02%, 0.00%),             0us (0.00%, 0.00%),             5us (0.08%, 0.01%)
import/conv_sobj_branch/batch_normalization/FusedBatchNormV3-1-ReshapeNHWCToNCHW-LayoutOptimizer         1.02KB (0.00%, 0.00%),             5us (0.02%, 0.00%),             0us (0.00%, 0.00%),             5us (0.07%, 0.01%)
import/darknet/residual21/conv1/batch_normalization/FusedBatchNormV3-1-ReshapeNHWCToNCHW-LayoutOptimizer         2.05KB (0.00%, 0.00%),             5us (0.02%, 0.00%),             0us (0.00%, 0.00%),             5us (0.07%, 0.01%)
import/conv53/batch_normalization/FusedBatchNormV3-1-ReshapeNHWCToNCHW-LayoutOptimizer         4.10KB (0.00%, 0.00%),             5us (0.02%, 0.00%),             0us (0.00%, 0.00%),             5us (0.06%, 0.01%)
import/darknet/residual20/conv1/batch_normalization/FusedBatchNormV3/Mul-1-ReshapeNHWCToNCHW-LayoutOptimizer         2.05KB (0.00%, 0.00%),             5us (0.02%, 0.00%),             0us (0.00%, 0.00%),             5us (0.05%, 0.01%)
import/conv_mobj_branch/batch_normalization/FusedBatchNormV3/Mul-1-ReshapeNHWCToNCHW-LayoutOptimizer         2.05KB (0.00%, 0.00%),             5us (0.01%, 0.00%),             0us (0.00%, 0.00%),             5us (0.05%, 0.01%)
import/darknet/residual3/conv2/batch_normalization/FusedBatchNormV3-1-ReshapeNHWCToNCHW-LayoutOptimizer         1.02KB (0.00%, 0.00%),             5us (0.01%, 0.00%),             0us (0.00%, 0.00%),             5us (0.04%, 0.01%)
import/conv52/batch_normalization/FusedBatchNormV3-1-ReshapeNHWCToNCHW-LayoutOptimizer         2.05KB (0.00%, 0.00%),             5us (0.01%, 0.00%),             0us (0.00%, 0.00%),             5us (0.04%, 0.01%)
import/conv_lobj_branch/batch_normalization/FusedBatchNormV3-1-ReshapeNHWCToNCHW-LayoutOptimizer         4.10KB (0.00%, 0.00%),             5us (0.01%, 0.00%),             0us (0.00%, 0.00%),             5us (0.03%, 0.01%)
import/darknet/residual18/conv1/batch_normalization/FusedBatchNormV3/Mul-1-ReshapeNHWCToNCHW-LayoutOptimizer         1.02KB (0.00%, 0.00%),             5us (0.01%, 0.00%),             0us (0.00%, 0.00%),             5us (0.02%, 0.01%)
import/darknet/conv4/batch_normalization/FusedBatchNormV3-1-ReshapeNHWCToNCHW-LayoutOptimizer           512B (0.00%, 0.00%),             5us (0.01%, 0.00%),             0us (0.00%, 0.00%),             5us (0.02%, 0.01%)
import/darknet/residual15/conv1/batch_normalization/FusedBatchNormV3-1-ReshapeNHWCToNCHW-LayoutOptimizer         1.02KB (0.00%, 0.00%),             5us (0.00%, 0.00%),             0us (0.00%, 0.00%),             5us (0.01%, 0.01%)
import/conv62/batch_normalization/FusedBatchNormV3/Mul-1-ReshapeNHWCToNCHW-LayoutOptimizer         1.02KB (0.00%, 0.00%),             5us (0.00%, 0.00%),             0us (0.00%, 0.00%),             5us (0.01%, 0.01%)

