0.131631
0.125233
0.124660
0.125197
0.124070
0.125612
0.127356
0.123895
0.123756
0.123856
0.125412
0.122791
0.123329
0.123136
0.123416
0.123895
0.123435
0.123012
0.123521
0.124003
0.125647
0.124446
0.122681
0.123919
0.125486
0.122348
0.124954
0.122915
0.123523
0.123880
0.122214
0.125962
0.122722
0.121927
0.124521
0.123736
0.125014
0.122520
0.123929
0.125833
0.121925
0.120342
0.121981
0.124067
0.127342
0.123186
0.124276
0.123533
0.124591
0.124975
0.121752
0.121510
0.123147
0.121901
0.121339
0.123848
0.126124
0.124655
0.125913
0.123115
0.123826
0.124084
0.124388
0.126241
0.124141
0.124245
0.125095
0.124593
0.127069
0.122778
0.125140
0.125358
0.124489
0.126570
0.124686
0.123844
0.124666
0.124057
0.124431
0.124805
0.126412
0.124171
0.127212
0.124004
0.123152
0.122926
0.123916
0.125252
0.124097
0.125844
0.123609
0.123503
0.121468
0.123305
0.122471
0.122726
0.122836
0.124907
0.123661
0.123845
0.124287
0.121795
0.125111
0.121007
0.123198
0.125311
0.123853
0.126377
0.123856
0.124691
0.123341
0.122878
0.123822
0.123787
0.122834
0.123938
0.123811
0.121954
0.122583
0.123433
0.124421
0.124078
0.121902
0.122514
0.123256
0.123860
0.124726
0.122331
0.124172
0.128614
0.124760
0.125531
0.124795
0.123395
0.124654
0.124429
0.126257
0.122635
0.123799
0.125178
0.123089
0.124404
0.122949
0.124401
0.123825
0.124220
0.122605
0.124083
0.124375
0.124525
0.125249
0.124450
0.125466
0.123845
0.124963
0.122726
0.124900
0.121738
0.122585
0.125491
0.124252
0.123269
0.123445
0.123414
0.124955
0.126818
0.123219
0.123567
0.125052
0.122406
0.124039
0.123291
0.123542
0.123847
0.123763
0.125003
0.121599
0.121405
0.126553
0.123433
0.123944
0.122915
0.123196
0.122983
0.122031
0.122339
0.124081
0.124290
0.124321
0.123757
0.126362
0.123989
0.123959
0.123290
0.122791
0.125008
0.122950
0.123753
0.125181
0.124619
0.126038
0.123134
0.123965
0.124839
0.122413
0.124915
0.124287
0.123771
0.122842
0.125780
0.124537
0.122866
0.123071
0.125238
0.123091
0.125486
0.124874
0.125044
0.123054
0.127461
0.125228
0.123998
0.124020
0.123113
0.125527
0.123619
0.122234
0.126600
0.124659
0.123201
0.121661
0.122318
0.123875
0.125200
0.125541
0.123109
0.121696
0.123055
0.124975
0.120702
0.121861
0.124951
0.125314
0.122468
0.122602
0.123123
0.125357
0.123715
0.123629
0.122717
0.123732
0.123635
0.124510
0.125383
0.120969
0.124430
0.124807
0.123857
0.130578
0.123914
0.123678
0.125120
0.125223
0.125882
0.123862
0.125134
0.121843
0.123180
0.122504
0.125267
0.123847
0.123672
0.123569
0.124501
0.124336
0.126111
0.121560
0.123865
0.126055
0.124290
0.124685
0.123667
0.124045
0.125875
0.124613
0.123561
0.121968
0.123221
0.125515
0.121717
0.123198
0.123941
0.124437
0.122704
0.123833
0.123826
0.123020
0.122692
0.122789
0.124349
0.124841
0.128328
0.126290
0.124366
0.123550
0.122542
0.121746
0.126290
0.123741
0.125211
0.124193
0.123809
0.126838
0.122270
0.124166
0.125379
0.122488
0.125285
0.124146
0.123833
0.123152
0.121503
0.122411
0.121615
0.124108
0.125028
0.126745
0.122824
0.124143
0.124866
0.123669
0.125040
0.123692
0.123932
0.122065
0.124272
0.128875
0.122998
0.124425
0.124334
0.121128
0.125650
0.121045
0.122981
0.123597
0.123539
0.126954
0.124799
0.124515
0.122598
0.128743
0.126633
0.123073
0.124528
0.124001
0.123482
0.124707
0.124268
0.122409
0.123750
0.124069
0.126142
0.123084
0.122350
0.123871
0.122320
0.124845
0.122997
0.122893
0.123363
0.121739
0.125928
0.122906
0.121726
0.123528
0.125325
0.123893
0.123832
0.124948
0.123460
0.124730
0.129817
0.123521
0.123819
0.126018
0.123539
0.127092
0.123178
0.123186
0.122086
0.125788
0.121961
0.124044
0.124769
0.124622
0.125600
0.122705
0.122387
0.122891
0.127134
0.126048
0.124078
0.124715
0.124694
0.125306
0.123573
0.122229
0.126323
0.122923
0.122858
0.123601
0.123157
0.124416
0.123177
0.124200
0.122659
0.123616
0.124346
0.121858
0.124505
0.123441
0.124657
0.124250
0.123357
0.126816
0.121722
0.124032
0.123871
0.123657
0.125093
0.122207
0.124571
0.123838
0.123523
0.125370
0.121093
0.122803
0.122474
0.122790
0.124629
0.125114
0.125248
0.123747
0.124385
0.126508
0.124223
0.122488
0.123178
0.127087
0.125529
0.124488
0.122951
0.124228
0.125420
0.124878
0.124759
0.122600
0.123946
0.121881
0.125007
0.126152
0.124837
0.125457
0.126255
0.124222
0.124491
0.123846
0.124848
0.123599
0.122385
0.123262
0.123015
0.122494
0.127058
0.123280
0.125480
0.125055
0.123853
0.125585
0.122345
0.122443
0.120814
0.122928
0.124665
0.122557
0.124604
0.123528
0.124607
0.126078
0.123793
0.124846
0.124251
0.122537
0.124314
0.123439
0.123694
0.123423
0.126327
0.122850
0.122107
0.124482
0.124421
0.123225
0.122689
0.122075
0.123007
0.122792
0.125252
0.122780
0.123584
0.124816
0.122694
0.124098
0.121800
0.121355
0.120993
0.121788
0.125028
0.122167
0.122457
0.124213
0.124052
0.126295
0.122541
0.124694
0.122363
0.121419
0.125633
0.123070
0.123223
0.123718
0.122618
0.123203
0.125402
0.124647
0.123170
0.121617
0.123788
0.121136
0.123653
0.122844
0.123559
0.124268
0.123465
0.124117
0.123401
0.124321
0.127302
0.121430
0.122870
0.122954
0.123026
0.124198
0.122632
0.122722
0.122573
0.122656
0.125031
0.122946
0.123131
0.122203
0.124045
0.122008
0.122712
0.123585
0.122009
0.122123
0.122828
0.122636
0.123754
0.123419
0.128174
0.123448
0.122485
0.122601
0.123144
0.123959
0.121474
0.122385
0.123525
0.122056
0.125944
0.122613
0.122117
0.124944
0.123674
0.123505
0.123314
0.123021
0.122502
0.123527
0.124523
0.122465
0.120950
0.122247
0.123295
0.123556
0.122083
0.122283
0.121150
0.122903
0.125306
0.122185
0.122470
0.123120
0.123540
0.125860
0.124066
0.123247
0.123979
0.122539
0.121652
0.123123
0.122220
0.121942
0.127891
0.120483
0.122078
0.123018
0.123346
0.122832
0.126212
0.123995
0.121856
0.122265
0.124326
0.123557
0.122912
0.122038
0.123262
0.125951
0.121595
0.122389
0.123406
0.122414
0.125217
0.122310
0.122507
0.123304
0.122416
0.126700
0.123700
0.123619
0.123878
0.122960
0.126874
0.123808
0.122497
0.121982
0.122593
0.123846
0.121181
0.122003
0.121759
0.121536
0.121741
0.122069
0.121752
0.122337
0.122365
0.120839
0.121531
0.121606
0.122346
0.122244
0.121760
0.124135
0.123130
0.122198
0.125641
0.124346
0.123324
0.121736
0.123748
0.124398
0.122247
0.122359
0.124647
0.123468
0.124209
0.123233
0.123198
0.122710
0.124211
0.125196
0.124976
0.121438
0.123879
0.123033
0.125828
0.122887
0.122902
0.121588
0.122227
0.122823
0.125224
0.123221
0.123527
0.123622
0.122310
0.124338
0.122431
0.122677
0.124562
0.125646
0.123138
0.123526
0.123290
0.123789
0.124736
0.121212
0.123111
0.121733
0.123950
0.121781
0.124358
0.122877
0.122319
0.124521
0.126463
0.120359
0.121616
0.122530
0.124135
0.121582
0.123554
0.121971
0.120701
0.124406
0.123688
0.122219
0.122369
0.121497
0.122715
0.121524
0.123123
0.123702
0.123455
0.125758
0.124669
0.125838
0.124238
0.123473
0.121440
0.125656
0.123411
0.122625
0.125586
0.124041
0.124690
0.123690
0.122697
0.124008
0.121881
0.122163
0.122570
0.123429
0.124791
0.122621
0.122731
0.123685
0.122651
0.124424
0.121293
0.122738
0.122311
0.121647
0.124732
0.121762
0.124204
0.122430
0.122992
0.125138
0.121000
0.120302
0.121785
0.120713
0.124114
0.121949
0.125092
0.121558
0.122901
0.123117
0.121514
0.122883
0.119391
0.120524
0.121907
0.123505
0.123389
0.121570
0.121150
0.123849
0.123360
0.122221
0.121363
0.121571
0.120764
0.122943
0.124778
0.122480
0.124199
0.123398
0.122135
0.122949
0.123407
0.123702
0.125681
0.122216
0.122492
0.122973
0.125125
0.121511
0.123413
0.123216
0.122203
0.124617
0.121957
0.126638
0.124021
0.123751
0.124673
0.121309
0.122220
0.123971
0.122001
0.122220
0.122626
0.123754
0.123101
0.123089
0.124416
0.123479
0.121943
0.121205
0.124728
0.123795
0.124618
0.124718
0.124939
0.125789
0.122756
0.121604
0.122681
0.123632
0.124447
0.120520
0.121832
0.123283
0.122144
0.126487
0.122254
0.124270
0.121730
0.122427
0.124572
0.123939
0.123468
0.122742
0.121425
0.124602
0.121590
0.122889
0.123885
0.122887
0.123523
0.123152
0.124897
0.126200
0.123040
0.122559
0.122969
0.124590
0.124429
0.125505
0.127783
0.124298
0.124768
0.123328
0.124871
0.123894
0.124779
0.124207
0.122566
0.125334
0.122801
0.123738
0.122839
0.123612
0.128112
0.123812
0.122516
0.125808
0.123181
0.125139
0.125166
0.123069
0.122666
0.124795
0.126199
0.120870
0.123307
0.122866
0.123260
0.125648
0.123205
0.122431
0.124146
0.122758
0.122694
0.123998
0.123096
0.124458
0.123259
0.123458
0.123042
0.123752
0.125620
0.126541
0.124441
0.123783
0.124442
0.122542
0.124431
0.121409
0.124466
0.122817
0.123992
0.125566
0.123702
0.123180
0.126268
0.123757
0.125311
0.122954
0.123555
0.123270
0.122507
0.125613
0.122068
0.122393
0.128516
0.125540
0.123678
0.124688
0.123903
0.122049
0.124315
0.123335
0.123332
0.122523
0.122511
0.122644
0.124321
0.123219
0.124717
0.124481
0.124777
0.123541
0.123414
0.120727
0.122294
0.125198
0.121210
0.123261
0.123546
0.125495
0.125699
0.123008
0.123045
0.124291
0.122891
0.124012
0.121936
0.123417
0.123648
0.122399
0.125503
0.124524
0.121425
0.122758
0.123747
0.125909
0.124224
0.123456
0.125560
0.126511
0.124713
0.124775
0.123638
0.127874
0.124122
0.126029
0.123730
0.122140
0.123900
0.123420
0.123605
0.122616
0.120777
0.121174
0.123906
0.124001
0.124455
0.125702
0.124538
0.125017
0.125024
0.124394
0.124496
0.125035
0.126895
0.122160
0.124408
0.124334
0.127302
0.126432
0.123672
0.122949
0.122972
0.124266
0.126285
0.125186
0.124016
0.124743
0.123242
0.123600
0.125022
0.123471
0.124180
0.125051
0.124395
0.124562
0.124877
0.123972
0.127905
0.123969
0.123489
0.122478
0.127668
0.126230
0.124385
0.124957
0.121972
0.122615
0.124195
0.121578
0.125242
0.122432
0.123661
0.126112
0.124092
0.122516
0.122792
0.124707
0.122568
0.122685
0.122132
0.124050
0.124990
0.124199
0.124829
0.124405
0.122076
0.127370
0.126197
0.120988
0.124054
0.122424
0.123249
0.127130
0.123514
0.124315
0.122087
0.126222
0.124579
0.123345
0.124362
0.122609
0.124290
0.126687
0.123168
0.124070
0.123925
0.124933
0.124828
0.124074
0.125370
0.128931
0.126562
0.124948
0.123022
0.122795
0.124056
0.127490
0.124130
0.122264
0.122777
0.121570
0.126738
0.124844
0.122922
0.122373
0.122074
0.124378
0.123009
0.122676
0.125407
0.123116
0.125729
0.125009
0.124915
0.123933
0.126092
0.123801
0.123210
0.124336
0.122389
0.123065
0.124510
0.124334
0.123056
0.124830
0.125932
0.123207
0.125434
0.123538
0.123150
0.125629
0.123967
0.123944
0.124388
0.124259
0.124409
0.122899
0.125305
0.123494
0.128451
0.127151
0.124819
0.123718
0.123056
0.123709
0.125733
0.124062
0.122290
0.123985
0.123744
0.122055
0.121045
0.123557
0.125661
0.125018
0.124175
0.123705
0.124348
0.126134
0.126675
0.125012
0.124892
0.124625
0.125322
0.129299
0.125717
0.122221
0.127388
0.124123
0.125613
0.124922
0.123930
0.123375
0.127526
0.124457
0.123480
0.122268
0.122979
0.122912
0.125861
0.126259
0.123520
0.123942
0.125468
0.124785
0.123567
0.122629
0.124075
0.126629
0.124987
0.126051
0.128039
0.124034
0.125366
0.122012
0.123473
0.124133
0.122954
0.123881
0.123818
0.125029
0.124574
0.124268
0.122741
0.123614
0.123657
0.123899
0.126743
0.124614
0.124296
0.123734
0.123493
0.129535
0.124044
0.123360
0.121858
0.124316
0.127105
0.125472
0.125586
0.124192
0.122347
0.123940
0.123654
0.124648
0.123385
0.124615
0.125477
0.124670
0.126860
0.125629
0.122520
0.122229
0.125157
0.123776
0.122730
0.123838
0.127743
0.125227
0.124534
0.124316
0.125061
0.126121
0.124154
0.124001
0.125559
0.124183
0.125348
0.124261
0.123552
0.123556
0.125901
0.123615
0.123901
0.124686
0.123257
0.123406
0.123682
0.123350
0.124762
0.123702
0.127159
0.123783
0.122995
0.124242
0.124232
0.124382
0.121064
0.123910
0.124447
0.126023
0.123293
0.124255
0.123200
0.123176
0.125851
0.122323
0.123930
0.124417
0.128527
0.125022
0.124165
0.125429
0.123226
0.124075
0.126122
0.125733
0.123227
0.124586
0.124282
0.123416
0.124039
0.122434
0.122655
0.124120
0.125291
0.122323
0.123450
0.124891
0.124923
0.123033
0.122990
0.123562
0.122281
0.125664
0.124428
0.123121
0.123945
0.126037
0.124715
0.125306
0.122610
0.124391
0.124253
0.125174
0.124374
0.123292
0.123124
0.124728
0.124452
0.125192
0.126165
0.123154
0.124748
0.125725
0.123036
0.124662
0.122512
0.123692
0.127560
0.123361
0.123275
0.123308
0.124014
0.124845
0.124743
0.123295
0.123551
0.124819
0.123708
0.123940
0.124016
0.123868
0.123653
0.122789
0.122320
0.124270
0.124226
0.125089
0.123661
0.123472
0.125277
0.124074
0.123770
0.123609
0.093974
0.125741
0.125373
0.126026
0.124770
0.123388
0.122502
0.123541
0.126855
0.124390
0.124073
0.123610
0.123768
0.124869
0.122273
0.123609
0.125075
0.123341
0.125953
0.123626
0.124511
0.125391
0.123695
0.123620
0.124283
0.122718
0.122890
0.123127
0.124292
0.126885
0.121659
0.124835
0.127007
0.125460
0.123208
0.124551
0.123195
0.124520
0.121063
0.125409
0.124096
0.124027
0.127720
0.124203
0.123162
0.123570
0.123318
0.125623
0.123997
0.124653
0.123769
0.124562
0.122311
0.127024
0.124645
0.124465
0.123221
0.127470
0.124446
0.124343
0.124768
0.123071
0.125545
0.124519
0.123933
0.125420
0.123478
0.125998
0.124426
0.124025
0.123053
0.124523
0.123258
0.123708
0.123555
0.123070
0.122512
0.122836
0.125272
0.123045
0.124340
0.123344
0.122623
0.123948
0.124932
0.123880
0.124491
0.123019
0.122894
0.123110
0.122413
0.121579
0.124412
0.121758
0.122776
0.124329
0.123435
0.123901
0.122724
0.122507
0.122871
0.125977
0.128454
0.124167
0.124295
0.122526
0.125247
0.121541
0.123807
0.122658
0.122771
0.125239
0.121353
0.120582
0.122579
0.121311
0.135893
0.122129
0.124234
0.123119
0.122581
0.122965
0.121072
0.120906
0.122814
0.131258
0.124115
0.127245
0.124908
0.122508
0.125722
0.125921
0.123442
0.122885
0.123597
0.126968
0.123024
0.123569
0.121915
0.122055
0.125449
0.122504
0.124561
0.126834
0.124870
0.126608
0.124816
0.122920
0.122533
0.120990
0.126319
0.127994
0.123675
0.121929
0.123180
0.126062
0.124967
0.124754
0.125391
0.124263
0.124361
0.124171
0.125702
0.124766
0.126083
0.126310
0.124900
0.124887
0.126135
0.125185
0.125242
0.124797
0.124208
0.123105
0.123328
0.122893
0.123491
0.123086
0.123702
0.125773
0.125237
0.123079
0.122738
0.121939
0.123888
0.123661
0.122420
0.123782
0.124821
0.127816
0.124206
0.123268
0.123897
0.124229
0.124649
0.123762
0.123900
0.123513
0.124159
0.121789
0.127262
0.124133
0.123682
0.125273
0.123690
0.123911
0.120819
0.124500
0.125781
0.124022
0.122759
0.123845
0.123945
0.124580
0.123349
0.121391
0.124292
0.122930
0.126890
0.125333
0.124170
0.123484
0.124750
0.125869
0.124032
0.125346
0.123598
0.123690
0.121909
0.122733
0.125195
0.125627
0.124442
0.122627
0.124421
0.124814
0.123363
0.126725
0.124795
0.124901
0.124844
0.125029
0.124853
0.123094
0.123925
0.122948
0.123291
0.124636
0.121399
0.127813
0.123962
0.122141
0.125219
0.124106
0.122861
0.123246
0.123082
0.125390
0.125250
0.124417
0.125060
0.123384
0.122757
0.123472
0.123613
0.123467
0.126629
0.124906
0.124021
0.124139
0.124645
0.125018
0.122683
0.123990
0.124649
0.124020
0.125587
0.125297
0.124536
0.125837
0.123756
0.124998
0.121340
0.124564
0.124047
0.124222
0.123087
0.123833
0.122479
0.125323
0.123811
0.121703
0.123145
0.123033
0.124022
0.123481
0.124508
0.122988
0.127167
0.123958
0.125333
0.121806
0.122649
0.123459
0.122484
0.125855
0.124434
0.121786
0.123068
0.124411
0.127225
0.124795
0.123160
0.123426
0.122735
0.126796
0.125331
0.123691
0.124304
0.127079
0.124707
0.125294
0.125839
0.125867
0.124006
0.126591
0.124546
0.123341
0.123703
0.124204
0.126779
0.124082
0.124595
0.124294
0.124363
0.124735
0.123864
0.122076
0.123535
0.123536
0.122521
0.123570
0.123860
0.122800
0.126093
0.124736
0.123552
0.129275
0.124586
0.124704
0.123661
0.121420
0.123765
0.125233
0.125840
0.121833
0.120836
0.122474
0.122796
0.125426
0.124257
0.123682
0.122843
0.123200
0.124332
0.124221
0.123122
0.124415
0.120851
0.125281
0.121729
0.122082
0.125484
0.123563
0.124605
0.122567
0.123651
0.123930
0.124040
0.121401
0.123414
0.124258
0.123730
0.124555
0.123355
0.123253
0.125264
0.123554
0.125436
0.124221
0.123428
0.121713
0.123132
0.125637
0.123963
0.124096
0.128152
0.123180
0.126324
0.130069
0.121996
0.123879
0.123106
0.122385
0.122156
0.121429
0.122599
0.123473
0.120870
0.122388
0.123723
0.122173
0.123720
0.123587
0.123260
0.124431
0.124107
0.121936
0.125030
0.124334
0.124319
0.124175
0.123058
0.124556
0.123108
0.122587
0.122786
0.122451
0.125716
0.122681
0.123052
0.124021
0.123147
0.123480
0.123089
0.122419
0.123618
0.123512
0.125798
0.124890
0.126059
0.122686
0.122165
0.122931
0.127167
0.126207
0.122799
0.124898
0.125341
0.125472
0.125276
0.124590
0.126572
0.122658
0.121828
0.123014
0.122801
0.125084
0.124129
0.123935
0.124097
0.123582
0.124298
0.124557
0.125261
0.125551
0.123838
0.123346
0.122139
0.123777
0.127155
0.124286
0.126224
0.123045
0.123120
0.124392
0.125872
0.122882
0.122960
0.122105
0.125247
0.125748
0.123939
0.122613
0.122275
0.126559
0.125103
0.123198
0.124603
0.124018
0.123623
0.125934
0.124429
0.124412
0.126139
0.122506
0.124340
0.125073
0.125296
0.122712
0.124605
0.125413
0.121812
0.123870
0.125909
0.123945
0.124839
0.124013
0.123752
0.123147
0.122946
0.122867
0.124096
0.123478
0.123329
0.124542
0.125947
0.123493
0.124134
0.126704
0.123375
0.125021
0.125547
0.123695
0.123046
0.121362
0.122953
0.121799
0.122123
0.121529
0.126649
0.124756
0.124653
0.123440
0.123226
0.125134
0.122219
0.122527
0.124553
0.123594
0.124026
0.124166
0.122371
0.122670
0.125076
0.125523
0.122154
0.123888
0.123166
0.123352
0.126118
0.123409
0.123441
0.122022
0.123162
0.123996
0.124337
0.122057
0.123264
0.122096
0.122506
0.122369
0.124004
0.124660
0.125506
0.123854
0.124050
0.123482
0.128068
0.124710
0.120960
0.123165
0.124276
0.120708
0.125232
0.123551
0.124544
0.124782
0.123283
0.126291
0.123552
0.123182
0.122827
0.124689
0.123497
0.123831
0.124251
0.123451
0.125029
0.127129
0.122860
0.123698
0.123605
0.124717
0.124836
0.123386
0.121504
0.122896
0.123921
0.125427
0.123627
0.122615
0.122327
0.123211
0.123367
0.123724
0.123583
0.124444
0.123166
0.123325
0.124684
0.125393
0.123550
0.123737
0.122817
0.124606
0.123569
0.126686
0.125385
0.123337
0.123926
0.123909
0.124281
0.128524
0.123442
0.123939
0.122152
0.123251
0.125889
0.121244
0.123121
0.125303
0.123924
0.125646
0.122299
0.124539
0.124258
0.124364
0.126536
0.124827
0.123480
0.124366
0.126394
0.126368
0.123765
0.123992
0.122893
0.126010
0.122653
0.124213
0.124256
0.123343
0.124565
0.123265
0.124191
0.124263
0.122785
0.127274
0.124069
0.124496
0.122525
0.123527
0.124726
0.123491
0.122980
0.123351
0.125983
0.125928
0.122437
0.122184
0.123922
0.123742
0.123019
0.124691
0.124380
0.123106
0.123911
0.125268
0.124157
0.124503
0.123245
0.123799
0.122331
0.122729
0.122195
0.120894
0.123427
0.124678
0.123868
0.122968
0.123984
0.125411
0.124873
0.121964
0.124421
0.122459
0.125832
0.124821
0.123689
0.124078
0.124192
0.124949
0.121963
0.124734
0.123485
0.123055
0.123938
0.123887
0.122695
0.122173
0.123004
0.126215
0.121785
0.124071
0.125079
0.126353
0.126265
0.123379
0.123360
0.122604
0.123983
0.126585
0.123184
0.124439
0.123282
0.122389
0.124886
0.123822
0.124461
0.123272
0.119839
0.126889
0.134538
0.131999
0.125915
0.133462
0.127272
0.120800
0.132460
0.132006
0.123253
0.123080
0.123398
0.123636
0.121771
0.125196
0.122113
0.122706
0.133414
0.135534
0.125584
0.134241
0.131609
0.127908
0.132496
0.125374
0.126512
0.125954
0.134108
0.132886
0.122425
0.122710

