0.130911
0.126594
0.124099
0.131177
0.129766
0.118674
0.123888
0.129497
0.122914
0.121734
0.131759
0.123004
0.125285
0.12405
0.123852
0.123523
0.12333
0.123676
0.130346
0.122002
0.12276
0.124489
0.124175
0.124998
0.125541
0.121176
0.124989
0.127395
0.120042
0.124023
0.125953
0.119031
0.122628
0.123711
0.120184
0.127162
0.124783
0.120947
0.125467
0.127661
0.133417
0.122642
0.126694
0.142654
0.128046
0.123402
0.119607
0.130165
0.128261
0.124647
0.121978
0.121254
0.125594
0.126338
0.121186
0.129319
0.125599
0.120854
0.123395
0.12585
0.121305
0.123721
0.127976
0.119126
0.128769
0.127216
0.120771
0.124592
0.124249
0.120077
0.122333
0.128296
0.124986
0.129269
0.128459
0.119797
0.121637
0.127576
0.122891
0.124668
0.121732
0.123927
0.12846
0.119165
0.12886
0.130914
0.133493
0.131896
0.123059
0.121932
0.121555
0.125067
0.125446
0.122241
0.126609
0.119607
0.126525
0.126712
0.119293
0.122987
0.124805
0.120137
0.127198
0.124235
0.119459
0.124643
0.12252
0.122986
0.124877
0.119661
0.123443
0.126422
0.118215
0.123041
0.125781
0.121945
0.124013
0.123915
0.119512
0.124033
0.130634
0.121478
0.124426
0.122999
0.122347
0.125522
0.120743
0.122876
0.12339
0.126207
0.127442
0.126433
0.121115
0.123719
0.12503
0.120965
0.122174
0.123824
0.11901
0.124528
0.12388
0.121684
0.125324
0.128554
0.123663
0.127615
0.119833
0.12172
0.123694
0.120684
0.125729
0.124246
0.126314
0.122575
0.124881
0.119914
0.122951
0.121021
0.119969
0.122448
0.120672
0.121785
0.122424
0.120035
0.126133
0.125487
0.120527
0.122688
0.125148
0.122095
0.12279
0.120443
0.120716
0.123226
0.119579
0.1213
0.123605
0.12076
0.125321
0.125767
0.119357
0.121948
0.124374
0.120265
0.13207
0.126055
0.124379
0.124721
0.132291
0.120377
0.123241
0.121772
0.120838
0.123701
0.129916
0.122387
0.124152
0.127782
0.123216
0.132065
0.119296
0.125039
0.125182
0.120046
0.122495
0.124764
0.119684
0.122293
0.123788
0.121162
0.126048
0.121743
0.122097
0.123028
0.12472
0.121711
0.132862
0.121413
0.123344
0.123894
0.121103
0.121745
0.123283
0.119418
0.122445
0.12476
0.119742
0.124432
0.121328
0.122504
0.124037
0.11902
0.123295
0.124667
0.119554
0.122935
0.125103
0.119724
0.124401
0.124465
0.120669
0.124837
0.1224
0.120032
0.125669
0.126689
0.129023
0.133445
0.133911
0.11926
0.124376
0.122791
0.121965
0.130725
0.119473
0.122553
0.123962
0.122388
0.123679
0.124765
0.126169
0.12302
0.125655
0.120486
0.125279
0.126907
0.12104
0.123497
0.122151
0.119261
0.124003
0.12039
0.120009
0.122861
0.118538
0.122586
0.13131
0.119254
0.122657
0.123771
0.119004
0.125215
0.122755
0.121599
0.12712
0.118328
0.125399
0.12427
0.118532
0.123466
0.124192
0.127951
0.125161
0.126405
0.120054
0.12128
0.122378
0.118457
0.122972
0.129316
0.120034
0.124174
0.121716
0.124359
0.124108
0.126951
0.125404
0.123724
0.119441
0.124375
0.125454
0.120123
0.121688
0.128779
0.119001
0.122636
0.123745
0.121177
0.126503
0.121683
0.122771
0.124078
0.127102
0.121965
0.124039
0.121548
0.123397
0.124108
0.119031
0.12237
0.124002
0.119759
0.125407
0.121351
0.122055
0.125425
0.125997
0.120915
0.12376
0.120588
0.124287
0.125409
0.119758
0.122709
0.127206
0.119345
0.12377
0.123532
0.12567
0.123544
0.120806
0.123665
0.128816
0.12129
0.123059
0.124843
0.118233
0.12337
0.124682
0.119593
0.123492
0.125024
0.120177
0.12239
0.121702
0.120934
0.122384
0.125212
0.123121
0.124725
0.119972
0.123025
0.124288
0.119235
0.122688
0.124627
0.120174
0.122952
0.123608
0.12078
0.124035
0.12187
0.123054
0.123973
0.128002
0.127584
0.125751
0.12067
0.123402
0.124399
0.120219
0.124123
0.126777
0.119268
0.122399
0.123286
0.11892
0.125342
0.121961
0.12071
0.124482
0.12184
0.123022
0.123695
0.119767
0.123178
0.124182
0.120133
0.122601
0.132517
0.121181
0.12291
0.125161
0.12071
0.123797
0.129936
0.11929
0.123405
0.127825
0.123591
0.12474
0.118638
0.122648
0.123745
0.123272
0.124605
0.124987
0.119986
0.123188
0.124757
0.120355
0.123818
0.124146
0.121651
0.125659
0.122318
0.121317
0.12907
0.119006
0.124102
0.12519
0.119907
0.122751
0.124204
0.11775
0.123233
0.12355
0.120556
0.124
0.121423
0.123465
0.124643
0.121581
0.122181
0.124722
0.120062
0.127032
0.125103
0.119457
0.119795
0.122523
0.118617
0.122975
0.12245
0.122827
0.124273
0.1191
0.123676
0.124118
0.118518
0.122212
0.124516
0.119002
0.123731
0.124126
0.12292
0.131476
0.121013
0.127726
0.121255
0.127973
0.123876
0.12489
0.12289
0.127227
0.128344
0.120304
0.122246
0.132091
0.12555
0.122622
0.124118
0.11812
0.128794
0.126935
0.120669
0.12417
0.125788
0.119734
0.121531
0.121479
0.120039
0.125954
0.123721
0.122354
0.129905
0.121301
0.121975
0.123058
0.118527
0.120671
0.125311
0.119829
0.123764
0.12518
0.11842
0.132406
0.123438
0.120871
0.124136
0.121705
0.122801
0.131642
0.119715
0.122426
0.125161
0.118544
0.122623
0.123131
0.119395
0.124437
0.124317
0.11871
0.12394
0.121732
0.12304
0.125894
0.121416
0.128672
0.124466
0.119465
0.123452
0.123289
0.119431
0.121947
0.124991
0.119159
0.121346
0.120239
0.119172
0.131843
0.121995
0.123136
0.124964
0.119496
0.124519
0.125341
0.121789
0.124547
0.124301
0.118905
0.122936
0.132765
0.126472
0.120553
0.123097
0.126946
0.122422
0.130751
0.120294
0.123443
0.122071
0.121889
0.126261
0.120213
0.121987
0.124143
0.127407
0.123397
0.125689
0.127679
0.123863
0.125377
0.118897
0.124444
0.126595
0.119814
0.123385
0.122365
0.119616
0.124619
0.120829
0.122023
0.123888
0.119955
0.123148
0.124484
0.121636
0.122729
0.123872
0.1198
0.123703
0.123634
0.12055
0.124706
0.127363
0.121871
0.123515
0.119261
0.124245
0.124924
0.119842
0.123505
0.123855
0.119893
0.122865
0.12472
0.120901
0.124157
0.121882
0.121063
0.128373
0.121721
0.124248
0.129983
0.118
0.122797
0.124337
0.119809
0.124144
0.126074
0.12
0.122707
0.131729
0.118826
0.123006
0.12269
0.120924
0.125333
0.12195
0.122062
0.124502
0.118873
0.123567
0.131089
0.122939
0.122963
0.125162
0.119549
0.123157
0.123936
0.119908
0.129607
0.13297
0.119567
0.12267
0.132304
0.120721
0.124265
0.120889
0.123243
0.126732
0.121306
0.12269
0.124769
0.119228
0.123366
0.123402
0.117905
0.121751
0.123786
0.119723
0.123052
0.122642
0.122112
0.125496
0.119543
0.123078
0.123945
0.119457
0.123626
0.124151
0.125197
0.121838
0.125322
0.122142
0.123777
0.130465
0.122383
0.12924
0.123469
0.119661
0.122868
0.12241
0.129363
0.124655
0.120535
0.126237
0.125359
0.122991
0.123896
0.125163
0.119683
0.122942
0.124591
0.119758
0.126726
0.124204
0.120217
0.123146
0.121836
0.123522
0.124368
0.12306
0.122393
0.123296
0.120744
0.120837
0.124205
0.119117
0.125239
0.132226
0.119405
0.121803
0.119756
0.125341
0.124734
0.125169
0.123723
0.125087
0.121029
0.121373
0.124338
0.11964
0.12278
0.125134
0.123433
0.12344
0.124486
0.119873
0.124139
0.131594
0.123384
0.129992
0.122268
0.11877
0.124795
0.121547
0.125326
0.125346
0.127068
0.129444
0.123739
0.118973
0.124832
0.126617
0.119692
0.122873
0.123799
0.119444
0.124202
0.124421
0.128028
0.122632
0.130787
0.119154
0.127283
0.124967
0.121358
0.125434
0.122076
0.123284
0.124189
0.120214
0.122171
0.124425
0.120281
0.121896
0.12427
0.11897
0.121434
0.121873
0.121044
0.123637
0.119945
0.123844
0.126516
0.120256
0.123382
0.124515
0.120366
0.121844
0.123501
0.119333
0.123812
0.124666
0.119764
0.124447
0.121543
0.123424
0.124583
0.118863
0.124356
0.124327
0.120299
0.125
0.12397
0.11928
0.122765
0.124061
0.119719
0.122543
0.122668
0.121989
0.132074
0.121235
0.122338
0.124201
0.119799
0.121066
0.12303
0.11902
0.121951
0.121057
0.120137
0.13339
0.121997
0.122397
0.1229
0.129832
0.119571
0.124086
0.120785
0.121312
0.124826
0.11798
0.121437
0.123268
0.121288
0.123486
0.130369
0.119343
0.12973
0.121612
0.119582
0.130887
0.122509
0.125163
0.131987
0.120835
0.121292
0.122821
0.126541
0.12366
0.124725
0.1281
0.125055
0.126093
0.127294
0.122702
0.122997
0.118431
0.122878
0.131752
0.119452
0.124678
0.125899
0.119147
0.12179
0.120968
0.122685
0.133639
0.121298
0.121965
0.125035
0.11907
0.123188
0.123674
0.119517
0.124371
0.124572
0.119519
0.1296
0.122934
0.125177
0.124939
0.122367
0.124613
0.125429
0.120802
0.120822
0.124136
0.119777
0.125503
0.131546
0.121494
0.123966
0.124777
0.130352
0.12148
0.130081
0.119069
0.124455
0.125214
0.120217
0.132305
0.125425
0.126237
0.122698
0.127844
0.118124
0.122877
0.121854
0.122924
0.125213
0.11961
0.125967
0.124676
0.124569
0.128893
0.125608
0.121098
0.123755
0.12684
0.119841
0.122606
0.123668
0.119569
0.123359
0.120923
0.119842
0.128906
0.12754
0.125938
0.123567
0.126805
0.123677
0.124472
0.120695
0.124941
0.124735
0.119484
0.121023
0.124116
0.119121
0.122407
0.132934
0.120144
0.122575
0.120666
0.120835
0.124902
0.122092
0.122911
0.12503
0.120607
0.124263
0.124747
0.120959
0.124983
0.12419
0.120479
0.121918
0.12207
0.120561
0.124294
0.123446
0.121738
0.123316
0.119613
0.124649
0.126853
0.119948
0.121118
0.123356
0.120205
0.122655
0.122922
0.122577
0.123485
0.120577
0.120799
0.12323
0.119524
0.125107
0.127249
0.118542
0.122133
0.124231
0.122334
0.122314
0.12122
0.119429
0.124761
0.128179
0.121717
0.123115
0.11836
0.123789
0.134695
0.120917
0.12301
0.122816
0.119457
0.122319
0.123805
0.120087
0.12165
0.123578
0.120785
0.126014
0.119656
0.123736
0.125157
0.120062
0.129715
0.124347
0.12033
0.123155
0.124898
0.119094
0.121655
0.123353
0.121915
0.122733
0.121745
0.122664
0.125228
0.120302
0.120467
0.127409
0.121024
0.122659
0.125191
0.118522
0.120903
0.122654
0.126442
0.128617
0.123077
0.120118
0.131928
0.120825
0.123464
0.130752
0.127721
0.12025
0.132074
0.121706
0.123538
0.123852
0.118999
0.123247
0.124604
0.127362
0.122491
0.123824
0.119207
0.121503
0.125537
0.120647
0.132716
0.131491
0.120387
0.121862
0.120541
0.120926
0.125429
0.120239
0.123662
0.124434
0.121184
0.122808
0.125218
0.121009
0.122251
0.124409
0.119713
0.122305
0.12138
0.118029
0.124089
0.119706
0.120988
0.123939
0.118446
0.122212
0.124651
0.119946
0.122274
0.12552
0.120339
0.123553
0.121913
0.121686
0.124307
0.125856
0.121315
0.124711
0.119396
0.123557
0.126485
0.120264
0.122227
0.123878
0.119357
0.12381
0.121317
0.121967
0.130986
0.128082
0.121227
0.123694
0.11991
0.124387
0.124391
0.118302
0.12109
0.123952
0.119495
0.124417
0.126331
0.11981
0.128101
0.120742
0.123962
0.122993
0.120732
0.121633
0.124173
0.119733
0.122909
0.124302
0.125921
0.121135
0.124708
0.118927
0.12128
0.121651
0.121715
0.132684
0.122054
0.121585
0.123454
0.126091
0.121345
0.125057
0.118588
0.124019
0.126824
0.118167
0.121402
0.127462
0.120579
0.123167
0.120403
0.123444
0.124983
0.120083
0.123111
0.125372
0.118168
0.121661
0.123324
0.121443
0.121854
0.123478
0.120536
0.12356
0.120072
0.121437
0.124938
0.119681
0.123309
0.124971
0.119873
0.122417
0.125152
0.118636
0.121513
0.124956
0.119774
0.123941
0.12083
0.120998
0.12372
0.121009
0.122862
0.125146
0.120435
0.124138
0.124519
0.11947
0.121673
0.124844
0.119439
0.123521
0.120912
0.121247
0.125152
0.119751
0.124617
0.123826
0.119937
0.121534
0.127424
0.119769
0.125725
0.124264
0.118609
0.123089
0.121504
0.12415
0.132562
0.12285
0.123936
0.122919
0.12705
0.123444
0.12495
0.120053
0.122911
0.123683
0.125573
0.122033
0.124078
0.120443
0.124789
0.122911
0.120758
0.120738
0.119789
0.121988
0.125029
0.119349
0.122687
0.122375
0.118836
0.124422
0.126033
0.126475
0.123082
0.124272
0.126295
0.122134
0.121039
0.122962
0.123807
0.119732
0.123215
0.124843
0.12041
0.123146
0.124254
0.119425
0.124887
0.125556
0.121428
0.12314
0.123456
0.119935
0.126344
0.122411
0.127662
0.124618
0.120682
0.121674
0.122611
0.119169
0.121894
0.124607
0.119243
0.121951
0.13
0.11923
0.127742
0.121602
0.120314
0.125135
0.120374
0.126643
0.124167
0.119108
0.12481
0.125648
0.11955
0.122047
0.122826
0.119781
0.122513
0.12311
0.118801
0.124863
0.120299
0.124161
0.126636
0.120434
0.125099
0.124944
0.119349
0.122093
0.132015
0.126933
0.121289
0.124308
0.118847
0.124137
0.126397
0.123437
0.12292
0.122179
0.120535
0.132865
0.133656
0.120013
0.127131
0.122421
0.123838
0.124958
0.120269
0.121348
0.124347
0.120784
0.123665
0.124298
0.119485
0.123237
0.124065
0.11956
0.123083
0.122068
0.123728
0.126214
0.123434
0.120307
0.123268
0.118005
0.126792
0.122971
0.11928
0.123795
0.124176
0.119773
0.122628
0.121279
0.122087
0.123878
0.12113
0.12276
0.123568
0.119444
0.124925
0.127426
0.121317
0.123447
0.125719
0.119591
0.123123
0.125953
0.120544
0.124043
0.120587
0.127353
0.1314
0.120933
0.12244
0.125444
0.126083
0.12316
0.126102
0.120108
0.124048
0.124718
0.118837
0.122248
0.123909
0.120703
0.123666
0.124139
0.119196
0.12499
0.122636
0.122946
0.125657
0.119242
0.123856
0.123454
0.11836
0.122842
0.127127
0.123419
0.122335
0.126729
0.122963
0.123765
0.122222
0.121129
0.1242
0.121238
0.122009
0.124776
0.121174
0.123537
0.13074
0.126801
0.123724
0.125135
0.119958
0.122486
0.124142
0.119327
0.125042
0.12205
0.120742
0.126749
0.123522
0.123289
0.124171
0.119712
0.122643
0.12461
0.121054
0.12344
0.12579
0.124085
0.129732
0.131865
0.119526
0.123242
0.124096
0.119806
0.123726
0.125343
0.119047
0.125024
0.122681
0.126222
0.125131
0.127963
0.121056
0.126126
0.122255
0.126402
0.124916
0.128258
0.122841
0.123451
0.118694
0.122169
0.131335
0.120865
0.123118
0.124678
0.119278
0.12338
0.129345
0.122
0.126023
0.128052
0.120934
0.125783
0.120459
0.121804
0.125588
0.120233
0.123085
0.124423
0.119128
0.123135
0.130376
0.120755
0.123345
0.128194
0.127214
0.12266
0.121308
0.122456
0.125914
0.122562
0.120976
0.124157
0.11916
0.123628
0.124677
0.120128
0.121996
0.125486
0.119685
0.122575
0.12508
0.121493
0.123458
0.121661
0.123818
0.123997
0.119599
0.128795
0.126531
0.121118
0.123368
0.124095
0.128747
0.122347
0.125203
0.119869
0.124073
0.126273
0.120973
0.124065
0.129793
0.118948
0.124757
0.123101
0.124052
0.125559
0.121181
0.124258
0.128045
0.120157
0.123426
0.124933
0.120442
0.12148
0.125172
0.11757
0.123219
0.131107
0.121255
0.131044
0.124468
0.119676
0.131764
0.123033
0.122022
0.132439
0.12218
0.124324
0.133417
0.124089
0.121647
0.125744
0.128183
0.122782
0.123889
0.121174
0.122642
0.131919
0.120765
0.123978
0.12417
0.118991
0.124692
0.125384
0.11995
0.122572
0.122172
0.118671
0.124865
0.123482
0.123302
0.125605
0.120415
0.120964
0.122631
0.119136
0.121784
0.1247
0.120032
0.1234
0.132374
0.12192
0.122145
0.13602
0.120539
0.122864
0.121319
0.120234
0.125014
0.12141
0.121688
0.124055
0.118787
0.123356
0.123745
0.119114
0.123873
0.132301
0.121287
0.123285
0.1248
0.120098
0.124618
0.121673
0.123104
0.124327
0.12046
0.123925
0.125343
0.119946
0.122441
0.125667
0.119491
0.121783
0.123898
0.122075
0.12331
0.121559
0.123575
0.124304
0.120314
0.122355
0.12483
0.120086
0.123224
0.124134
0.125773
0.122826
0.125037
0.121139
0.122103
0.121644
0.118985
0.122934
0.121503
0.121686
0.124226
0.119367
0.122788
0.124797
0.119799
0.125462
0.125267
0.120485
0.12253
0.122371
0.120935
0.125687
0.120458
0.122039
0.124133
0.120865
0.121305
0.12455
0.11921
0.124256
0.124738
0.119031
0.12438
0.124341
0.119383
0.123757
0.121428
0.123122
0.123883
0.120483
0.124177
0.123013
0.119171
0.121466
0.124661
0.12261
0.122512
0.120141
0.122578
0.124876
0.121652
0.121777
0.125785
0.118345
0.123692
0.12675
0.119501
0.121711
0.124463
0.118364
0.121957
0.120421
0.122461
0.124099
0.120494
0.120788
0.12559
0.126154
0.124799
0.124308
0.127528
0.123971
0.131224
0.118469
0.122695
0.131887
0.12251
0.123113
0.124457
0.121385
0.124939
0.130573
0.120916
0.123494
0.120533
0.122894
0.124261
0.120256
0.120836
0.125152
0.120921
0.124163
0.126268
0.128272
0.121822
0.131383
0.119637
0.123799
0.132102
0.119345
0.123736
0.124457
0.11991
0.131038
0.122418
0.121275
0.124744
0.121479
0.122282
0.124137
0.129367
0.121688
0.124861
0.119969
0.122078
0.124012
0.11928
0.123504
0.124629
0.121323
0.123843
0.122692
0.119428
0.123738
0.129153
0.121964
0.124871
0.121306
0.125272
0.124525
0.120631
0.123446
0.124722
0.119082
0.122337
0.123834
0.119007
0.12166
0.123263
0.12152
0.125042
0.1205
0.122801
0.125336
0.12071
0.121097
0.124195
0.119969
0.122597
0.125597
0.120215
0.124201
0.123926
0.12145
0.126184
0.128275
0.123867
0.124302
0.119512
0.123816
0.125726
0.122646
0.124348
0.124699
0.119426
0.122619
0.124893
0.121765
0.123291
0.132179
0.119606
0.123191
0.123365
0.126697
0.124729
0.122769
0.123368
0.125369
0.119684
0.123204
0.125785
0.119963
0.123542
0.124509
0.120718
0.123344
0.125489
0.12021
0.12473
0.125134
0.121394
0.125545
0.12352
0.123977
0.126057
0.121969
0.121267
0.125763
0.120437
0.123846
0.125628
0.11991
0.12956
0.127751
0.121604
0.122945
0.125747
0.127083
0.124385
0.125281
0.124022
0.123767
0.12457
0.120289
0.124975
0.121326
0.125766
0.131083
0.120322
0.124028
0.124966
0.119383
0.122375
0.123834
0.120711
0.12974
0.12457
0.118476
0.123214
0.127001
0.120827
0.131035
0.124316
0.120673
0.124688
0.122114
0.122188
0.124147
0.118466
0.124257
0.127005
0.127401
0.125459
0.124797
0.120451
0.122767
0.124257
0.118722
0.122184
0.124424
0.12713
0.122394
0.120808
0.123331
0.141228
0.133381
0.129385
0.132542
0.124369
0.137971
0.126158
0.123183
0.119338
0.123974
0.122996
0.126005
0.123194
0.1226
0.12504
0.125624
0.121756
0.143468
0.132822
0.123114
0.122017
0.129042
0.133482
0.129373
0.124047
0.13978
0.124534
0.126712
0.124796
0.122103
0.130515
0.128476
0.135602
0.130528
0.120276
