0.226021 29.9671 23.422 1212.99 0.227928
29.6719
0.135183 6.80494 28.775 85.077 1266.72
6.47092
0.128984 6.41394 26.8869 79.0551 120.907
6.25491
0.121117 6.19602 27.703 83.354 112.606
6.02412
0.104904 6.20508 25.2888 80.6701 117.471
6.03795
0.0989437 6.39105 30.8809 74.821 112.352
6.20604
0.108957 6.33192 25.126 82.4552 112.316
6.18696
0.129938 6.13713 25.7709 79.515 114.244
5.9638
0.123024 6.37913 26.489 82.1788 111.663
6.19483
0.123978 6.459 25.708 79.55 115.285
6.30522
0.138998 6.28495 25.136 82.706 111.973
6.13379
0.128031 6.18887 24.106 85.063 114.339
6.01315
0.133991 6.14691 25.439 80.837 115.604
5.97286
0.103951 10.1972 19.8739 85.211 112.611
10.0429
0.131845 6.21915 24.657 80.2319 115.533
6.05583
0.104904 6.17218 27.091 78.5198 111.335
6.01983
0.128031 6.07491 23.962 83.9419 112.026
5.90205
0.120878 6.15406 25.3379 78.1331 114.214
5.96905
0.117064 6.03795 25.342 82.9489 109.832
5.90992
0.102997 6.23512 23.8199 84.1799 114.517
6.11806
0.12207 6.49691 25.095 80.353 114.468
6.35409
0.141144 8.03304 22.79 81.8369 112.172
7.87497
0.207186 6.078 24.148 77.8549 112.955
5.9092
0.130892 6.14405 23.8781 85.609 108.304
5.96094
0.133991 6.19602 23.993 79.0999 115.884
6.04606
0.10705 6.14595 24.7271 84.017 109.503
5.9948
0.131845 6.31595 23.864 84.4531 115.137
6.16479
0.108004 6.4199 23.705 79.953 114.857
6.25014
0.138044 6.14095 23.7539 87.9562 110.329
5.9669
0.11301 6.20484 25.8851 76.39 118.076
6.05893
0.118017 8.53682 22.1221 81.794 108.721
8.394
0.190973 6.18196 24.38 79.488 112.773
6.02603
0.120878 6.38199 23.5059 79.8321 110.257
6.21104
0.133991 6.32095 25.0101 83.885 109.969
6.17599
0.101805 6.51312 24.3881 79.0629 115.533
6.34289
0.112057 6.23107 25.9359 82.0961 110.191
6.07896
0.09799 5.92279 24.6692 80.9 114.475
5.78189
0.104904 6.00505 25.027 81.641 111.699
5.867
0.131845 6.08301 24.019 87.2881 112.916
5.93495
0.130892 8.11291 24.0061 81.8329 117.637
8.003
0.138998 6.06108 24.426 82.761 114.202
5.91111
0.130892 6.57296 24.5922 78.2409 113.503
6.4261
0.105858 7.82704 25.775 79.0341 109.643
7.66182
0.12207 8.45599 22.548 84.054 112.846
8.29005
0.106812 6.0091 26.144 76.982 115.26
5.88107
0.12207 6.1779 27.1552 83.5299 109.395
6.001
0.115871 6.12617 25.528 81.774 117.143
6.006
0.132084 6.46687 25.125 81.095 113.684
6.31499
0.144005 5.98097 23.9551 83.1029 112.949
5.80812
0.151157 6.11687 25.6882 76.1139 113.299
5.94997
0.137091 6.2089 24.7211 84.152 108.172
6.05702
0.148058 6.06108 23.946 83.559 115.322
5.9011
0.129938 6.45304 23.7169 84.0721 113.8
6.32596
0.13113 7.33399 22.5949 83.725 114.483
7.22289
0.146866 6.356 23.664 81.3131 113.917
6.18505
0.117064 6.14905 24.0169 83.5512 111.545
6.03414
0.135899 6.25491 23.5031 80.641 113.971
6.10399
0.174046 6.43611 23.731 83.9469 110.692
6.29401
0.118971 6.26802 23.7739 82.463 114.354
6.11997
0.10705 6.03795 23.9611 79.632 112.701
5.89609
0.132084 6.2139 23.957 83.452 109.888
6.03604
0.183821 6.36721 23.3619 80.0729 113.921
6.22606
0.131845 6.15811 23.8059 83.9951 110.045
5.98693
0.100136 6.05392 23.8659 83.5721 114.178
5.88179
0.110865 8.69012 21.5459 85.146 113.718
8.54707
0.133038 6.04296 23.8369 83.544 115.637
5.8639
0.126123 6.22201 24.431 79.896 113.73
6.04796
0.100136 6.37794 23.6928 83.1931 110.768
6.23393
0.133991 6.26302 24.296 77.873 113.521
6.09684
0.104904 6.23393 23.962 81.764 108.626
6.10685
0.126123 6.41894 23.5178 82.2291 112.206
6.26493
0.0970364 6.39987 23.4871 78.0461 112.384
6.25014
0.161171 6.19388 23.948 86.7691 108.212
6.03986
0.123978 8.20303 22.378 78.438 117.125
8.08406
0.101089 6.27112 24.035 83.2548 109.236
6.10399
0.123024 6.10709 23.844 83.2961 113.799
5.96404
0.109911 6.26802 25.6431 75.6869 113.475
6.12998
0.131845 6.17123 23.875 85.8529 107.85
6.00505
0.108004 6.11782 23.9182 77.5881 116.1
5.98407
0.144958 6.19793 24.153 83.7171 107.891
6.02794
0.109911 6.25014 23.7188 80.03 114.302
6.08802
0.13113 6.80089 23.1471 83.3549 110.272
6.68216
0.145912 6.51288 23.3901 87.266 113.568
6.39892
0.112772 7.08103 24.6751 88.2039 117.393
6.96898
0.09799 5.99504 24.8408 85.3732 120.173
5.82385
0.139952 6.27208 25.0919 79.4351 116.464
6.11806
0.104189 8.04281 23.6351 78.299 110.992
7.89189
0.142097 6.145 24.729 83.338 110.306
5.86605
0.133038 6.08897 24.106 82.3488 114.462
5.93805
0.121832 6.27804 24.4732 82.9098 112.773
6.10304
0.116825 6.11115 24.0629 81.8832 113.897
5.94711
0.139952 6.31094 25.3799 80.4322 112.962
6.13999
0.133038 6.22201 25.5561 82.6678 112.344
6.05917
0.138044 6.2499 25.228 78.0029 114.705
6.09899
0.138998 6.23703 23.936 82.9799 109.733
6.09803
0.138044 8.23879 22.3832 77.642 113.412
8.09097
0.102997 5.91016 24.3359 84.496 108.467
5.80096
0.198126 6.08706 25.1758 81.0502 115.057
5.92303
0.11301 6.12879 23.8042 79.864 112.552
5.95903
0.142097 6.12307 25.2819 83.5109 110.065
5.96714
0.115871 6.16312 25.2469 76.7632 115.139
5.90491
0.125885 6.34909 24.575 82.561 108.473
6.19817
0.130892 6.14214 24.652 79.7489 113.786
5.98884
0.135899 6.05106 23.751 79.6928 110.797
5.90491
0.146151 6.01196 23.886 87.945 109.754
5.85604
0.133038 6.33502 23.8109 76.9422 118.092
6.19507
0.139952 8.37207 23.1769 82.0589 107.341
8.214
0.165939 6.13499 23.895 79.4911 113.89
5.99599
0.152826 6.69408 23.268 83.5791 109.786
6.53696
0.146151 6.44898 23.834 84.435 113.803
6.31309
0.133038 6.44779 23.7942 78.613 114.967
6.30498
0.154972 6.43301 25.399 82.8519 109.117
6.29401
0.145912 6.43206 24.0729 78.1121 114.938
6.27184
0.115871 6.52719 23.5469 83.4639 108.834
6.37889
0.147104 6.39391 25.2972 80.4219 113.808
6.25801
0.143051 6.47306 23.484 80.791 112.38
6.34003
0.142097 6.23107 25.1169 82.1619 111.009
6.09708
0.133991 6.68907 23.396 78.8829 113.755
6.55007
0.169039 7.00998 23.0238 89.1571 109.264
6.86812
0.148058 6.2561 25.1758 82.6881 119.446
6.10209
0.137806 6.42014 23.833 80.7009 114.379
6.20508
0.139952 7.21192 24.2071 81.9349 111.203
7.04694
0.128984 6.38485 25.959 75.0821 113.614
6.24704
0.129938 6.37317 23.9248 83.05 107.674
6.21986
0.180006 6.58488 24.74 79.519 113.637
6.4261
0.130892 6.45614 24.8129 80.997 111.089
6.32215
0.142097 6.26993 24.101 83.288 112.532
6.08706
0.108004 7.19905 25.0778 86.4811 113.86
7.09295
0.136852 6.48308 26.005 83.045 119.016
6.34313
0.102043 5.80883 24.1489 85.4242 115.87
5.66196
0.138044 6.05106 25.4588 80.2481 115.604
5.89299
0.133038 6.17504 23.67 84.971 112.014
6.0029
0.137806 6.1202 25.0938 76.9482 115.07
5.94592
0.141859 6.14119 23.9699 83.086 108.424
5.96404
0.136852 6.03199 25.0881 80.4789 113.462
5.86486
0.108004 6.15096 23.8011 82.0739 111.837
5.99098
0.110149 6.23894 23.8609 85.465 112.844
6.078
0.131845 6.11997 23.8411 77.265 115.82
5.96094
0.123024 5.98693 24.0822 82.2239 107.475
5.826
0.142097 6.02698 23.8709 77.436 112.557
5.92399
0.141144 5.84793 24.241 87.3401 107.621
5.70416
0.144005 6.30808 23.72 83.3609 117.692
6.17099
0.126123 5.88083 24.399 83.807 113.636
5.73397
0.109911 6.25587 23.8621 86.1449 114.325
6.08587
0.132084 6.19102 26.3529 76.0741 116.493
6.05392
0.112057 5.80907 24.251 88.465 108.992
5.65195
0.138998 6.14882 23.7341 83.4649 118.756
6.01196
0.131845 5.89108 24.338 83.354 113.609
5.74899
0.137091 6.14786 24.0271 84.234 113.837
5.98001
0.129938 6.356 24.539 78.3651 114.667
6.22201
0.101089 6.34503 23.823 83.9369 109.484
6.181
0.130892 6.08706 24.704 83.421 114.358
5.92303
0.152826 6.10113 23.9789 81.846 114.488
5.92995
0.148058 6.05011 23.8929 83.322 112.196
5.88512
0.109911 6.04606 23.6819 78.593 113.502
5.92899
0.138998 6.44302 23.8431 83.313 108.582
6.29497
0.144005 6.8481 23.067 80.1699 113.863
6.742
0.101089 8.26287 22.3141 79.627 110.278
8.10599
0.136137 6.06489 23.901 84.1391 110.451
5.89705
0.142097 6.24084 24.435 76.8371 114.339
6.08706
0.138998 6.27589 24.1261 83.792 107.772
6.09994
0.136137 6.06585 23.9892 80.9388 114.453
5.90611
0.111103 6.08802 24.7478 79.921 111.22
5.93591
0.141859 6.09612 24.3399 84.517 110.996
5.9371
0.138998 6.145 24.565 77.7211 115.214
5.98097
0.133038 8.34513 23.9308 82.1841 108.686
8.19921
0.144958 6.28805 23.5698 78.495 114.729
6.15191
0.154018 6.23512 24.0901 82.742 108.63
6.10209
0.138998 6.27398 23.6609 81.861 113.327
6.13904
0.138044 6.02603 23.8299 78.2781 112.029
5.89585
0.141859 6.05702 26.71 81.377 108.389
5.90301
0.111103 7.61199 23.1781 81.0289 114.343
7.49397
0.108004 6.12998 25.526 92.149 112.013
5.98693
0.151157 6.35791 24.3671 84.265 124.11
6.20008
0.150919 6.34122 24.4188 81.1272 115.259
6.16503
0.135183 6.19292 23.8731 83.3108 112.163
6.02508
0.128031 6.18386 24.9522 77.534 113.631
6.01697
0.133991 6.22296 23.8261 83.95 108.932
6.04796
0.133991 6.13189 25.0371 80.03 114.269
5.96118
0.11301 6.16813 28.368 82.587 111.413
6.04486
0.123978 6.10399 24.873 84.034 117.366
5.92709
0.133991 8.06904 22.09 78.6071 115.788
7.92098
0.136137 5.87893 24.822 89.8349 109.025
5.74398
0.139952 6.1419 24.682 79.8969 120.794
5.97
0.123978 6.02293 24.9691 79.88 110.959
5.90801
0.118017 6.10304 26.5961 81.171 111.104
5.97882
0.123978 5.90801 24.035 83.9579 114.107
5.7621
0.135899 6.63614 24.035 85.156 114.152
6.46615
0.11611 8.50701 22.3279 78.918 116.037
8.35586
0.132084 5.91803 24.955 85.3179 109.994
5.76997
0.126839 6.01602 23.886 84.764 116.432
5.87177
0.101089 6.44588 23.458 77.728 114.879
6.33907
0.128031 6.34885 23.7391 83.401 107.875
6.19316
0.13113 6.1748 23.9952 78.618 113.73
6.01888
0.10705 8.22282 23.4902 80.2519 109.014
8.0409
0.127792 5.81503 24.061 90.6951 112.327
5.68986
0.134945 6.03604 25.5032 77.7688 120.825
5.87082
0.139952 6.38103 23.6211 85.218 109.565
6.20794
0.138998 6.17909 24.466 78.8469 115.466
6.03104
0.140905 6.27995 24.256 82.5791 109.725
6.12116
0.138998 6.1059 25.507 83.4172 113.368
5.94378
0.130177 5.96404 23.916 81.4948 115.274
5.81908
0.18096 6.02317 24.2748 83.2469 111.667
5.86295
0.141144 8.14199 22.7609 77.4801 113.796
7.98297
0.118017 6.16598 23.9742 82.7138 108.616
6.03914
0.133038 5.96714 24.1749 85.1529 113.105
5.82409
0.138044 6.47497 23.6719 78.068 115.547
6.30808
0.131845 6.42896 23.793 82.5331 108.466
6.28996
0.134945 6.17099 25.0711 76.1569 113.008
6.01983
0.128984 6.21009 23.659 84.022 107.638
6.04606
0.141859 8.20708 21.6751 80.4479 114.157
8.08978
0.133991 5.92899 23.9959 86.1292 110.576
5.79214
0.137091 6.17194 23.6831 82.8228 116.305
6.02198
0.140905 6.07991 23.7911 79.3321 112.932
5.92613
0.145912 6.12903 23.829 85.036 109.461
5.96285
0.133038 6.30593 23.87 77.8441 115.234
6.15788
0.126123 6.11305 27.2799 87.9259 108.254
5.96595
0.138998 8.18706 21.6742 83.195 121.571
8.03804
0.138998 6.4199 23.7131 77.8589 113.337
6.28304
0.124931 6.50787 23.8621 84.0731 108.247
6.35314
0.10705 6.19888 23.9329 80.3361 114.699
6.05702
0.109911 6.61206 23.86 85.222 110.713
6.44302
0.144958 6.09398 24.127 82.9401 115.957
5.93185
0.108004 6.18291 24.4811 83.0691 113.375
6.06799
0.139952 9.42588 20.942 83.2992 114.011
9.28211
0.149012 6.3529 25.3952 78.14 113.944
6.21104
0.155926 6.47306 23.891 85.52 110.769
6.32405
0.137091 5.90491 24.2801 86.813 116.222
5.76496
0.145912 6.23202 24.8861 77.5669 117.27
6.07085
0.133038 6.29497 24.1551 82.7949 108.939
6.13189
0.192881 7.05409 23.0889 77.6081 113.57
6.91199
0.208855 6.742 23.3049 84.1432 108.084
6.61588
0.155926 6.08397 24.1411 86.792 114.468
5.94592
0.155926 6.11115 23.8929 78.4671 117.293
5.93805
0.144005 6.32095 23.459 84.511 108.736
6.15907
0.118017 6.26516 23.998 77.621 114.508
6.11997
0.134945 6.41704 25.254 83.7939 108.141
6.27422
0.142097 6.2499 26.525 77.956 115.729
6.09899
0.108957 5.88012 24.7288 81.6722 110.954
5.76496
0.13423 6.29282 23.834 81.7921 112.545
6.16097
0.131845 6.53195 24.086 76.75 112.168
6.3889
0.135899 6.25801 24.5891 85.0708 107.596
6.09684
0.144005 6.04391 24.107 88.0971 116.18
5.9042
0.137091 6.31499 23.6309 83.9422 118.498
6.14285
0.138998 6.16193 23.7391 82.469 114.152
6.01912
0.137091 6.33883 23.4811 78.512 112.636
6.19793
0.135899 6.16097 24.1711 83.2751 108.584
6.02293
0.148058 6.35195 23.8171 78.265 113.875
6.20794
0.13423 7.32684 24.1921 83.137 108.679
7.15685
0.142097 6.27708 24.5109 83.879 114.913
6.13403
0.123024 6.69193 23.417 76.4551 114.887
6.57415
0.118017 6.212 24.087 82.9761 106.8
6.07514
0.130892 6.15191 25.449 75.9091 113.517
6.01196
0.130892 6.25205 23.845 84.3601 107.773
6.10805
0.137091 6.44112 23.561 82.938 114.709
6.29711
0.227928 6.40917 27.2179 75.4001 113.352
6.29306
0.108004 6.15215 23.705 85.814 109.334
6.04296
0.10705 6.15191 24.0221 78.32 115.921
6.0091
0.109196 6.16693 24.0459 88.2471 108.771
6.03104
0.128031 6.13499 23.9 84.5509 118.738
5.98216
0.128031 6.19316 23.67 89.699 114.832
6.03485
0.100851 6.17695 23.8042 85.7959 119.78
6.05106
0.140905 6.33502 23.7761 79.4089 116.034
6.18911
0.133991 6.56986 23.504 84.9521 109.775
6.41799
0.09799 6.12903 23.8018 80.8251 115.242
5.9669
0.126839 6.22797 23.7291 80.096 110.954
6.09112
0.137806 6.1841 23.917 83.5371 110.307
6.04606
0.125885 6.09708 23.993 89.509 113.883
5.94711
0.101089 5.96404 24.137 92.001 119.816
5.78904
0.100851 6.34718 23.7389 84.3711 122.268
6.24323
0.100136 6.07204 25.7869 81.3441 114.688
5.89108
0.116825 6.35004 23.736 88.443 113.883
6.24585
0.128031 6.16908 23.6869 90.3831 118.771
6.02102
0.130177 6.50597 23.8268 87.9512 120.459
6.34694
0.123024 6.12712 24.5919 83.065 118.523
5.99098
0.124931 6.68502 23.3591 81.444 114.023
6.54101
0.125885 6.93107 23.7319 87.6 111.737
6.82807
0.41914 6.71887 23.905 79.8199 118.914
6.61588
0.0960827 7.84802 23.246 84.0969 110.648
7.71213
0.236034 6.04606 23.948 83.178 115.525
5.90014
0.143051 6.11806 24.0989 80.0521 113.425
5.95713
0.167847 6.02198 23.958 83.322 110.585
5.87678
0.123024 6.41418 23.4489 78.0039 113.537
6.18815
0.119925 6.47902 24.3599 84.9061 108.097
6.35409
0.124931 6.19102 23.8521 85.932 115.988
6.02698
0.134945 6.42991 25.1632 80.302 116.217
6.27398
0.120878 6.40607 24.334 83.8969 112.132
6.27112
0.0989437 6.13403 26.4261 75.7189 114.851
6.00195
0.0989437 6.36792 25.4111 93.226 108.489
6.23202
0.129938 6.28805 23.7908 85.6462 125.245
6.12903
0.124931 6.57201 24.2059 79.844 115.942
6.4621
0.18096 6.24394 23.6721 81.084 110.991
6.09303
0.125885 6.19721 25.682 77.5769 111.244
6.02984
0.136137 6.11186 23.9 79.5219 109.709
5.95498
0.132084 6.01792 25.147 77.0731 109.779
5.85198
0.105858 7.67803 23.3929 110.799 108.435
7.53903
0.142097 6.66499 24.766 77.122 142.109
6.56199
