0.22006 52.989 0.0109673 1134.3 0.22006
0.125885 46.5801 0.00286102 89.5081 1187.72
0.123024 38.363 0.00500679 89.7899 136.322
0.129938 41.0531 0.00405312 87.6369 128.401
0.103951 39.0739 0.00500679 88.155 128.886
0.113964 42.14 0.00500679 91.085 127.461
0.119925 41.6141 0.00405312 87.2159 133.483
0.143051 38.142 0.00500679 83.163 129.561
0.132084 45.222 0.00500679 86.6518 121.552
0.128984 41.132 0.0228882 86.6742 132.12
0.132084 41.029 0.00500679 80.6301 128.076
0.231028 42.4352 0.00500679 81.3558 122.025
0.102997 38.97 0.00405312 88.479 124.123
0.139952 42.937 0.0038147 79.843 127.698
0.106096 44.0838 0.00500679 87.2412 122.97
0.126839 38.7452 0.00691414 91.825 131.608
0.110865 46.159 0.00405312 73.8931 130.774
0.138044 40.3919 0.00405312 84.6851 120.31
0.146151 41.0328 0.00405312 88.881 125.342
0.105858 40.071 0.00405312 80.8349 130.127
0.193119 42.6259 0.00405312 82.2699 121.204
0.108004 41.7371 0.00405312 86.5219 125.123
0.103951 39.2191 0.00500679 82.9189 128.432
0.237942 43.9401 0.00500679 81.8729 122.493
0.128984 40.6499 0.00405312 84.2159 126.061
0.09799 38.965 0.00500679 83.2291 125.076
0.132084 41.3771 0.00596046 85.439 122.437
0.13113 43.077 0.00405312 81.0869 127.075
0.138998 41.5349 0.00596046 83.178 124.424
0.138998 44.1349 0.00500679 83.9009 124.958
0.123978 42.9401 0.00596046 81.0659 128.275
0.103951 42.83 0.00405312 81.1861 124.234
0.135899 40.0651 0.00500679 84.9719 124.233
0.128984 44.431 0.00500679 89.7379 125.286
0.112057 41.0421 0.00500679 83.859 134.41
0.120878 42.3501 0.00500679 85.3789 125.158
0.134945 40.7519 0.00596046 80.1721 127.992
0.110865 46.669 0.00405312 79.5951 121.12
0.128984 42.9101 0.00500679 88.9201 126.502
0.0989437 41.173 0.00405312 81.4691 132.051
0.133038 41.981 0.00405312 80.8461 122.858
0.132084 39.0339 0.00405312 87.3489 123.078
0.108004 40.8549 0.00405312 80.7488 126.708
0.136137 46.1099 0.00500679 79.9441 121.848
0.135899 37.7371 0.00596046 90.4319 126.304
0.143051 40.3612 0.0038147 85.6171 128.4
0.144005 45.6748 0.00405312 81.1481 126.235
0.128984 42.3341 0.00691414 86.3421 127.084
0.138998 40.7519 0.00405312 81.017 128.949
0.115156 44.6398 0.00405312 80.8442 121.997
0.147104 40.1649 0.00405312 85.5429 125.757
0.128984 39.2561 0.00500679 82.655 125.96
0.13113 44.101 0.00500679 85.346 122.194
0.149965 41.167 0.00500679 86.8299 129.73
0.108004 41.7349 0.00500679 80.281 128.205
0.118971 43.133 0.00500679 84.8031 122.302
0.106096 41.2178 0.00405312 85.2611 128.187
0.128984 41.837 0.00405312 79.7698 126.71
0.128031 50.014 0.00500679 74.944 121.973
0.102043 38.2409 0.00500679 88.5601 125.182
0.124931 40.071 0.0259876 82.8061 127.032
0.103951 40.4248 0.00405312 84.3651 123.13
0.103951 41.209 0.00405312 85.9098 124.992
0.232935 39.0191 0.00405312 82.0339 127.49
0.12517 42.604 0.00500679 81.4989 121.304
0.131845 48.753 0.00405312 76.781 124.425
0.104904 40.5669 0.00500679 80.9312 125.751
0.128031 47.6379 0.00405312 76.4859 121.75
0.132084 40.905 0.00405312 82.2089 124.386
0.112772 45.8262 0.00691414 78.984 123.319
0.13113 38.2071 0.00691414 90.529 125.066
0.133038 39.1228 0.00619888 84.4228 128.996
0.115871 43.8941 0.00500679 80.622 123.767
0.141859 46.607 0.00500679 85.8111 124.78
0.138044 42.5379 0.00405312 86.6301 132.742
0.105858 43.283 0.00500679 80.7271 129.403
0.105858 40.971 0.00596046 84.7211 124.255
0.211954 40.889 0.00596046 87.5871 125.984
0.115871 41.0039 0.00500679 90.5561 128.699
0.140905 85.928 0.00500679 48.141 131.855
0.154018 40.5481 0.00286102 85.9962 134.347
0.112057 45.6409 0.00405312 83.3368 126.764
0.10705 46.0229 0.00500679 83.142 129.183
0.132084 43.973 0.00405312 95.3259 129.423
0.212193 43.1938 0.00405312 81.701 139.612
0.108957 48.373 0.00500679 74.9052 125.14
0.103951 40.8359 0.00405312 85.3691 123.483
0.138044 38.6169 0.00405312 81.254 126.439
0.216007 41.6741 0.00500679 83.8878 120.799
0.132084 41.0721 0.00500679 85.3369 125.823
0.142097 38.1751 0.00500679 82.5748 126.67
0.131845 41.615 0.00405312 80.8191 121.005
0.132084 39.6519 0.00619888 84.8949 122.688
0.134945 42.417 0.00810623 80.9739 124.81
0.115156 38.8939 0.00405312 85.5019 123.653
0.102043 40.5951 0.00500679 80.2128 124.65
0.277042 41.61 0.00405312 81.986 121.651
0.119925 42.2261 0.00500679 84.8808 123.811
0.133991 40.7238 0.00405312 79.972 127.355
0.144005 47.3089 0.00405312 77.981 120.943
0.131845 37.776 0.00596046 90.153 125.539
0.125885 40.518 0.00596046 80.6179 128.184
0.10705 45.3579 0.00309944 82.7711 121.372
0.124216 41.636 0.00500679 83.8859 128.376
0.114918 40.8909 0.00619888 81.708 125.738
0.139952 44.307 0.00500679 79.5741 122.845
0.141144 41.1539 0.00500679 86.375 124.158
0.13113 40.7889 0.00500679 82.9492 127.78
0.102997 48.913 0.00500679 77.1379 123.962
0.123024 38.0049 0.00500679 87.358 126.278
