0.268936 31.1129 19.1221 1144.61 0.26989
30.762
0.152826 18.5871 21.5211 99.5049 1195.23
18.1379
0.128984 12.398 21.4989 80.009 139.854
12.2561
0.103951 12.5592 18.8069 77.297 114.111
12.4099
0.129938 12.4409 19.726 81.4321 108.91
12.3031
0.118017 12.0699 19.0301 79.428 113.809
11.9681
0.135899 13.8011 17.957 86.0989 110.789
13.6499
0.104904 12.156 17.9782 82.068 118.073
12.033
0.110149 12.491 19.119 78.1648 112.408
12.264
0.124931 14.0729 18.2512 81.1968 110.012
13.9329
0.134945 12.1472 19.8669 77.2259 113.772
11.9729
0.132799 11.878 18.9221 98.129 109.482
11.7481
0.118017 12.3639 18.549 81.521 129.197
12.2149
0.121117 14.7901 16.0949 78.6951 112.71
14.6019
0.11611 12.1419 20.1859 82.566 109.776
11.997
0.102997 12.4249 17.7369 81.3739 115.148
12.2969
0.113964 14.4169 17.8821 83.914 111.81
14.2541
0.127077 12.0029 19.5 80.4849 116.577
11.867
0.0970364 12.517 18.4581 81.3329 112.172
12.409
0.130892 12.5411 17.4019 84.965 112.567
12.3971
0.102997 13.9661 17.9451 76.556 115.211
13.8111
0.111103 12.0699 18.2979 85.603 108.734
11.929
0.127077 12.1069 17.915 78.5561 116.224
11.9691
0.102043 12.12 22.6109 76.75 108.791
11.991
0.124931 15.4161 16.1419 83.955 111.746
15.275
0.140905 14.4231 15.7709 79.2871 115.745
14.3011
0.132084 12.1739 18.4731 87.373 109.73
12.0301
0.0941753 12.4679 18.78 79.854 118.219
12.3279
0.102997 13.1481 18.2681 83.1749 111.321
12.9449
0.108004 12.1419 18.815 82.757 114.779
11.9269
0.101805 12.3711 17.6702 78.2309 113.907
12.2008
0.126123 12.167 22.1879 79.447 108.496
12.0251
0.117064 12.2828 17.652 82.449 114.159
12.1429
0.10705 12.4428 20.0071 83.966 112.579
12.3341
0.126123 12.2039 19.2261 83.468 116.665
12.042
0.09799 12.1632 18.8189 78.3911 115.084
12.0559
0.131845 12.1212 18.8739 83.509 109.619
11.981
0.135899 12.162 17.8289 89.2351 114.76
12.023
0.105858 12.495 18.703 85.2079 119.502
12.3451
0.118971 12.1629 17.9071 83.822 116.648
12.012
0.139952 12.2371 22.851 74.779 114.117
12.0981
0.144005 12.145 21.1039 82.756 110.135
12.0039
0.11611 11.9839 17.94 78.5451 116.232
11.8432
0.141859 12.0521 19.295 83.9331 108.732
11.9169
0.114918 11.9641 19.351 80.5829 115.541
11.8251
0.100136 12.203 21.1489 75.2192 112.754
12.104
0.112057 11.9262 20.3478 86.7171 108.841
11.785
0.13113 17.982 12.8758 90.785 119.248
17.869
0.102997 12.166 19.315 91.49 121.866
12.0239
0.124931 11.9619 18.0202 82.5999 123.231
11.827
0.129938 13.3591 16.856 79.5381 112.838
13.2139
0.103951 12.0289 19.2001 83.1599 110.015
11.8899
0.133038 12.0029 19.134 77.8999 114.663
11.862
0.134945 14.0371 16.3989 83.1809 109.3
13.8891
0.128984 12.1219 18.9641 84.0831 113.88
11.9641
0.195026 12.0258 18.3561 75.8121 115.498
11.7681
0.146151 12.085 18.518 82.7971 106.465
11.945
0.100136 13.9449 17.7531 85.0198 113.625
13.7949
0.140905 12.229 17.9942 84.6319 117
12.0909
0.136137 12.0559 20.5851 84.626 115.129
11.9171
0.120163 14.3189 17.7019 76.1311 117.516
14.179
0.137806 12.1541 19.0921 83.097 108.415
12.0111
0.138044 12.043 17.8111 81.0759 114.583
11.8859
0.131845 12.0671 19.403 84.8579 111.257
11.9371
0.108957 13.938 16.7201 83.57 116.589
13.7961
0.136852 12.1651 19.3501 77.889 114.503
12.0258
0.133991 12.141 17.8361 83.7278 109.672
12.0008
0.108957 12.167 18.503 85.639 113.964
12.0301
0.109911 14.5471 16.583 86.2379 116.533
14.4441
0.145197 14.1418 16.4261 81.634 117.628
13.9999
0.108004 12.121 18.7969 78.8202 112.402
12.0082
0.143051 12.217 19.614 83.204 110.002
12.085
0.147104 12.161 17.8568 78.6481 115.273
12.017
0.133991 14.4641 17.0131 84.1379 108.923
14.328
0.125885 12.1241 18.6479 80.8232 115.868
11.976
0.0982285 12.8038 17.133 85.6912 111.809
12.6929
0.103951 13.9999 17.036 84.522 115.822
13.8891
0.106096 12.0819 19.3961 78.6781 115.776
11.9381
0.103951 12.203 19.1 84.4722 110.423
12.0568
0.123978 12.0668 18.8441 79.828 115.979
11.9319
0.100851 12.5849 17.3771 83.673 110.956
12.4338
0.132799 14.0822 17.1089 90.0331 113.888
13.9611
0.137091 12.3219 18.0361 77.1148 121.475
12.1062
0.142097 12.301 17.7209 84.0242 107.731
12.1439
0.139952 14.1902 15.8739 79.6571 114.306
13.9771
0.142813 12.3701 17.7479 90.461 109.955
12.114
0.118017 12.1789 17.643 82.618 120.783
12.033
0.110865 12.0552 17.8909 79.1221 112.671
11.904
0.137091 12.1529 17.8211 85.3751 109.319
11.9748
0.150919 12.1231 18.2099 77.481 116.121
11.9872
0.167847 12.2612 19.392 81.383 108.099
12.0969
0.11611 11.9569 17.9989 85.1941 113.296
11.7819
0.108004 12.218 17.9138 77.9731 115.346
12.114
0.138044 12.1951 18.744 83.2129 108.358
11.9488
0.144958 12.2321 17.9181 80.2519 114.413
12.0969
0.115871 14.364 15.5571 83.5221 110.629
14.231
0.149012 12.526 17.8518 85.4602 113.714
12.3751
0.120163 12.671 17.406 78.1169 116.091
12.521
0.11301 12.5651 18.038 83.0729 108.461
12.4071
0.114202 12.5549 19.6271 75.1879 113.902
12.382
0.180006 12.6061 17.6139 83.806 107.645
12.4609
0.111818 12.459 17.483 78.1221 114.255
12.315
0.133991 12.5432 17.818 81.728 108.32
12.3942
0.152111 12.4159 17.9012 84.8858 112.363
12.2061
0.123978 12.217 20.3531 75.4969 115.444
12.0678
0.129938 12.2061 17.9219 85.324 108.315
12.0699
0.105143 14.281 15.9669 78.8419 115.712
14.1339
0.140905 12.001 18.3899 84.76 109.34
11.8301
0.182152 11.8949 17.9911 82.4828 115.445
11.7528
0.141859 13.865 16.768 76.4401 112.619
13.725
0.169992 12.038 19.5422 81.636 107.353
11.8558
0.102997 12.114 18.7361 78.2909 113.435
12.0029
0.102997 12.315 29.67 76.9398 109.353
12.202
0.135899 12.9762 17.334 86.031 119.176
12.8078
0.133038 12.6939 17.699 79.391 116.594
12.5439
0.124216 12.1369 17.9999 85.5322 110.024
11.9839
0.130177 12.6479 17.359 80.471 115.917
12.5029
0.133038 13.3331 19.7279 81.1141 110.719
13.1922
0.0929832 12.085 19.453 78.7301 114.443
11.9441
0.123024 12.454 19.105 77.08 110.53
12.306
0.0989437 13.2751 19.4509 79.968 108.901
13.1001
0.12517 12.1188 22.4111 74.6689 112.928
11.97
0.127077 13.1769 18.8861 81.7389 109.463
13.021
0.121832 12.4431 17.4789 83.3862 114.056
12.3069
0.0970364 12.361 18.7929 80.2262 113.514
12.2411
0.137091 14.482 16.814 87.96 111.653
14.323
0.109911 12.516 19.444 78.331 119.503
12.358
0.128031 12.358 20.0322 82.937 110.552
12.213
0.100851 13.216 17.8342 81.8088 115.581
13.0551
0.110865 13.5322 17.3888 83.405 113.081
13.422
0.102997 12.6619 29.2699 73.3061 114.659
12.5551
0.108957 12.12 19.388 76.1449 115.503
11.961
0.110865 14.092 16.6531 82.8409 107.917
13.937
0.104904 12.187 21.6351 73.7491 113.816
12.0411
0.130892 12.2881 19.2411 84.3308 108.407
12.1291
0.142097 13.0599 17.9861 82.8321 116.124
12.928
0.138044 12.28 19.9831 76.2939 114.235
12.1319
0.142097 12.439 18.1248 83.8201 108.833
12.2771
0.137806 13.195 17.0271 78.4249 114.658
13.067
0.140905 12.1021 20.453 84.2659 108.924
11.996
0.118017 12.1839 19.0701 80.3049 117.09
12.038
0.113964 12.176 19.2728 76.6821 111.822
12.017
0.144958 12.14 18.9769 83.1771 108.379
11.9998
0.120878 12.2011 18.0418 78.568 114.545
12.0358
0.13113 12.239 20.638 82.962 109.042
12.094
0.133991 12.1522 19.892 78.7928 116.1
12.012
0.11301 12.0001 17.942 80.6379 111.104
11.8551
0.113964 11.996 17.843 89.592 110.842
11.8511
0.155926 12.1269 18.6901 76.7839 119.721
11.9879
0.137091 12.1028 19.0101 82.4289 107.873
11.9531
0.126123 12.0721 23.1378 75.5022 113.806
11.9309
0.11611 12.3689 18.4669 81.5661 111.028
12.2411
0.141144 12.388 17.565 86.4799 112.676
12.2461
0.118017 12.2421 18.1658 78.903 116.667
12.1331
0.138044 12.152 19.3949 82.8991 109.589
11.9991
0.142097 12.013 19.078 80.7619 114.719
11.874
0.118017 12.131 18.465 85.1278 112.086
11.9839
0.151873 12.1171 18.0478 82.7942 116.027
11.975
0.138044 12.0721 18.528 77.548 113.225
11.9362
0.12207 12.7258 17.6241 82.129 108.419
12.6181
0.14019 12.1398 18.137 76.4332 112.744
12.001
0.123978 12.156 18.436 83.9479 106.977
12.008
0.134945 12.0571 17.602 82.005 114.799
11.8918
0.113964 12.059 18.3232 76.556 111.901
11.956
0.112057 12.0749 20.0639 80.745 107.16
11.9729
0.114918 11.9591 17.9789 82.427 113.098
11.852
0.134945 12.1071 19.7189 84.708 112.602
11.9331
0.144005 12.0459 18.0061 81.7449 116.784
11.9011
0.142097 12.0299 17.9861 84.3909 112.039
11.883
0.123978 12.2032 18.5399 84.234 114.673
12.0649
0.113964 13.787 17.0538 87.728 115.236
13.6671
0.128984 12.0652 18.8909 88.238 118.835
11.894
0.0989437 12.0451 17.9961 80.6119 119.518
11.903
0.13113 12.321 17.931 79.036 110.941
12.212
0.113964 12.1551 17.9029 85.4242 109.488
12.0509
0.128984 12.219 17.8301 77.424 115.713
12.063
0.183105 12.301 19.825 83.179 107.765
12.1651
0.128984 12.0289 17.9811 85.15 115.546
11.8799
0.13113 12.4609 18.008 81.2571 115.403
12.32
0.09799 12.6259 17.2889 85.5112 111.966
12.486
0.131845 11.946 18.285 85.907 115.696
11.7989
0.127077 12.0468 18.1651 83.668 116.394
11.9259
0.130892 12.0809 17.8902 83.7848 114.132
11.9359
0.105143 12.4419 19.1422 83.0998 114.555
12.3229
0.137091 12.192 17.797 95.691 114.942
12.0509
0.111103 12.7349 17.514 78.0151 125.92
12.5561
0.130892 12.2299 18.666 83.8141 108.477
12.094
0.110149 12.2659 18.5511 83.1978 115.047
12.1269
0.102997 11.9588 17.797 78.8321 114.232
11.7981
0.13113 12.1629 18.6839 80.8101 108.817
12.0161
0.143051 12.1439 17.8192 77.153 111.921
12.007
0.144005 12.0409 18.034 85.0379 107.388
11.8921
0.118017 12.661 17.5428 85.186 115.323
12.5439
0.123978 12.156 23.6468 76.8261 115.638
12.022
0.118971 12.058 18.167 83.0259 112.864
11.9221
0.202894 12.14 17.8099 77.8081 113.575
11.997
0.10705 12.0029 18.574 84.5189 108.116
11.858
0.137806 12.2311 17.854 79.443 115.331
12.09
0.112057 12.1579 20.22 79.3939 109.803
12.0239
0.140905 12.2979 17.652 84.1911 112.041
12.1908
0.128031 12.3711 17.452 80.7309 114.385
12.2201
0.139952 11.9591 17.906 84.017 110.832
11.7919
0.137091 12.064 17.7879 76.649 114.135
11.924
0.116825 11.951 18.6381 85.2189 106.765
11.8051
0.133991 12.162 17.972 79.8061 116.06
12.017
0.139952 12.413 17.8719 78.0292 110.175
12.2662
0.134945 12.439 18.0359 84.2261 108.57
12.289
0.138044 12.465 18.6491 78.3319 114.956
12.3138
0.136852 12.6481 17.4549 86.194 109.698
12.5089
0.142097 12.4331 17.7789 80.045 116.596
12.2142
0.108957 12.665 21.5111 77.9839 110.498
12.5399
0.113964 12.1021 18.8758 82.9711 112.429
11.9619
0.142097 12.007 18.157 78.481 114.228
11.8611
0.114918 11.976 19.8901 81.136 108.928
11.8332
0.142813 12.13 17.993 92.591 113.276
11.9789
0.11301 14.4939 17.6001 79.694 122.957
14.3671
0.152826 12.0802 17.7679 85.3481 112.068
11.935
0.130177 12.527 17.9589 77.3571 115.473
12.418
0.152111 12.228 17.9729 84.892 108.128
12.09
0.159025 13.891 16.135 91.9249 115.372
13.742
0.117064 12.3811 17.772 81.6 122.225
12.2449
0.11301 12.4419 19.6211 81.1589 112.026
12.2659
0.11301 12.0208 18.059 76.869 113.468
11.8852
0.133038 12.8531 18.8608 83.3631 107.293
12.701
0.109911 12.125 17.9451 82.1121 115.333
11.992
0.101089 12.167 17.849 82.9499 113.091
12.012
0.115871 11.884 18.013 85.223 113.208
11.7419
0.118971 14.0371 18.4329 80.0781 115.337
13.8788
0.11301 12.5031 17.8058 83.858 112.827
12.3551
0.118971 12.2919 17.7381 78.6669 114.447
12.1589
0.10705 12.6569 17.575 86.7059 108.962
12.5079
0.215054 14.5421 16.8068 82.304 117.288
14.395
0.109911 12.3062 17.6349 84.7211 113.87
12.193
0.123978 12.361 18.8808 81.2781 114.945
12.2249
0.104904 12.336 18.2631 77.435 112.781
12.166
0.115871 14.4022 16.022 86.6821 108.29
14.255
0.110865 12.392 19.6581 83.7228 117.364
12.2561
0.129938 12.4321 17.612 79.2549 116.004
12.289
0.135899 14.3011 16.957 83.3831 109.567
14.1561
0.108004 12.66 17.7031 78.496 114.903
12.5141
0.108004 12.881 19.5739 84.3501 109.12
12.794
0.133038 12.316 17.585 79.7889 117.074
12.1729
0.205994 12.4259 18.1062 79.53 110.024
12.284
0.128031 14.544 16.5379 80.7261 110.319
14.3931
0.11301 12.3222 17.7829 77.9469 112.058
12.1732
0.135899 14.6351 18.754 84.028 108.313
14.4582
0.110149 12.46 17.8878 82.0451 117.658
12.3219
0.147104 14.5938 16.1531 81.82 112.667
14.487
0.143051 12.054 18.096 83.472 112.831
11.9131
0.104904 12.4991 17.94 77.287 113.85
12.347
0.133038 12.3749 19.259 87.1181 107.991
12.2161
0.102043 13.015 18.434 85.0921 119.008
12.8739
0.106812 12.2292 22.5649 80.261 116.765
12.1269
0.133991 12.1891 17.8618 86.1921 115.332
12.042
0.115871 13.272 16.849 93.2579 116.499
13.1269
0.136137 12.3489 18.09 84.085 123.641
12.212
0.138998 12.3551 20.7269 79.6959 114.785
12.2058
0.121832 12.094 18.219 80.245 113.029
11.9431
0.132084 12.0089 18.229 108.946 110.831
11.867
0.153065 12.284 17.7019 83.2961 139.467
12.048
0.124931 12.681 19.244 83.5571 113.509
12.5639
0.115871 12.157 17.848 85.851 115.769
12.0161
0.138044 12.4021 17.8239 80.225 116.128
12.2569
0.207186 13.1838 18.1201 85.5401 110.774
13.0751
0.11611 12.6741 17.2198 93.1511 117.048
12.5301
0.138998 13.1259 17.7121 83.848 123.243
12.9781
0.174046 17.8161 15.6999 80.112 114.976
17.668
0.146866 13.4859 17.4921 79.967 113.888
13.329
0.110865 17.9961 11.8711 109.362 111.176
17.8888
0.356197 12.1589 17.683 79.875 139.719
12.0161
