0.118575
0.124275
0.109102
0.128226
0.122355
0.125778
0.13211
0.131033
0.12468
0.131533
0.125612
0.124024
0.133694
0.136315
0.129146
0.127205
0.127069
0.124025
0.125569
0.127168
0.123014
0.123879
0.128724
0.126022
0.125013
0.118989
0.126183
0.12729
0.123005
0.126415
0.126136
0.120701
0.127301
0.126525
0.124431
0.136085
0.142219
0.123776
0.1294
0.127589
0.125445
0.129477
0.125506
0.130719
0.125029
0.125404
0.125906
0.127719
0.123429
0.123509
0.127
0.12717
0.123583
0.126666
0.139097
0.135366
0.123185
0.140116
0.127057
0.121691
0.133408
0.127092
0.124416
0.138538
0.12679
0.120625
0.12298
0.125429
0.121623
0.1273
0.123121
0.12355
0.125969
0.12573
0.12879
0.12578
0.124792
0.125198
0.125429
0.124976
0.124079
0.125448
0.12148
0.125322
0.127021
0.120737
0.124759
0.12767
0.126384
0.127834
0.127724
0.122691
0.13928
0.128912
0.123525
0.125451
0.126129
0.121016
0.124698
0.126649
0.122469
0.127196
0.127741
0.126662
0.126245
0.128055
0.135565
0.128551
0.12606
0.121579
0.125959
0.127572
0.124631
0.126366
0.128483
0.123168
0.127461
0.126736
0.121593
0.124419
0.140278
0.120872
0.126928
0.126351
0.120846
0.124127
0.126842
0.121844
0.125051
0.12618
0.121586
0.124875
0.123569
0.124007
0.124464
0.122545
0.12606
0.127852
0.122421
0.128033
0.125947
0.122083
0.12527
0.126542
0.122739
0.128257
0.127206
0.122177
0.125753
0.126086
0.121763
0.124883
0.126728
0.121243
0.125531
0.127204
0.127216
0.127982
0.127115
0.126892
0.125432
0.128178
0.120698
0.125737
0.125724
0.122021
0.125939
0.125843
0.123227
0.125708
0.124337
0.126848
0.125156
0.123276
0.124665
0.127391
0.122586
0.125475
0.124766
0.119793
0.126471
0.126336
0.121623
0.126948
0.127006
0.121341
0.127768
0.126186
0.121303
0.123227
0.135092
0.121137
0.124973
0.124823
0.121303
0.125689
0.139275
0.123288
0.124467
0.127835
0.1214
0.125491
0.12281
0.12253
0.122426
0.122287
0.123861
0.126638
0.121894
0.127991
0.126771
0.121697
0.127225
0.127093
0.121585
0.126697
0.127181
0.120527
0.125494
0.13778
0.121278
0.12579
0.127961
0.123427
0.125149
0.125188
0.121489
0.125383
0.128815
0.12109
0.138252
0.126735
0.119996
0.123347
0.126333
0.127314
0.124946
0.12816
0.135397
0.125592
0.126637
0.122482
0.14021
0.126723
0.122006
0.123688
0.125712
0.119837
0.123158
0.123996
0.122606
0.127024
0.125909
0.123059
0.125287
0.123103
0.12356
0.127491
0.127439
0.126736
0.127662
0.121899
0.125248
0.126097
0.121986
0.126075
0.12669
0.121735
0.126453
0.12708
0.122316
0.125169
0.125092
0.120679
0.12317
0.126414
0.122148
0.138457
0.125043
0.120493
0.125486
0.122583
0.120152
0.125426
0.123794
0.124413
0.125291
0.121594
0.124699
0.125742
0.125746
0.126354
0.127577
0.121518
0.126265
0.126552
0.121365
0.125209
0.127513
0.122378
0.125769
0.126487
0.122191
0.126048
0.127844
0.132933
0.127871
0.127924
0.12289
0.12471
0.125325
0.120448
0.123013
0.125771
0.122833
0.126011
0.126963
0.122063
0.125327
0.123856
0.124791
0.127206
0.121601
0.124279
0.140282
0.123937
0.12394
0.126482
0.121623
0.124597
0.126996
0.127085
0.126304
0.126193
0.124489
0.128773
0.126738
0.121859
0.127414
0.126302
0.122543
0.125826
0.126339
0.122409
0.12546
0.126502
0.120313
0.123692
0.126332
0.132817
0.124919
0.139771
0.120658
0.127084
0.127852
0.122573
0.126066
0.125963
0.11989
0.123617
0.126906
0.121616
0.125869
0.125478
0.122998
0.138734
0.126559
0.121947
0.124903
0.123525
0.122293
0.125099
0.137332
0.122153
0.123771
0.123385
0.123205
0.124179
0.136077
0.12313
0.124823
0.134535
0.124221
0.125301
0.122873
0.127337
0.12739
0.121779
0.127708
0.127983
0.121131
0.123984
0.125189
0.122616
0.124941
0.126071
0.121032
0.127184
0.125909
0.135562
0.126354
0.125918
0.120949
0.126625
0.125356
0.121129
0.124726
0.125813
0.120502
0.123293
0.123177
0.122636
0.126021
0.124572
0.124618
0.126881
0.121794
0.123725
0.124639
0.12105
0.127841
0.126643
0.122965
0.127024
0.125971
0.120561
0.125193
0.126049
0.120608
0.12403
0.126128
0.121389
0.124234
0.123961
0.122952
0.125792
0.126967
0.125269
0.125575
0.136144
0.132109
0.12462
0.139072
0.120887
0.12182
0.123797
0.118266
0.122503
0.131235
0.122856
0.125283
0.123287
0.139711
0.125419
0.123908
0.125212
0.123712
0.121925
0.128417
0.131667
0.123071
0.126861
0.126557
0.122465
0.127119
0.127429
0.121788
0.127488
0.127287
0.121964
0.126603
0.125589
0.1219
0.12542
0.126724
0.121102
0.124187
0.13802
0.120459
0.126476
0.139697
0.134809
0.124469
0.12817
0.122699
0.126146
0.128468
0.122772
0.138695
0.126051
0.120911
0.126006
0.127486
0.121562
0.125757
0.126869
0.12118
0.127491
0.131863
0.1221
0.125508
0.12763
0.12068
0.127635
0.128096
0.121286
0.123598
0.125914
0.12146
0.124874
0.122988
0.124049
0.138513
0.126327
0.121797
0.125682
0.124206
0.121506
0.124822
0.119946
0.12451
0.126981
0.120345
0.124302
0.125269
0.121857
0.125436
0.125987
0.120429
0.124948
0.127514
0.121311
0.124766
0.12657
0.132936
0.124554
0.135015
0.122074
0.123651
0.125662
0.123151
0.125084
0.124918
0.121952
0.124571
0.123891
0.124383
0.126158
0.121824
0.124675
0.127703
0.122536
0.125518
0.127763
0.123528
0.125035
0.132142
0.123904
0.123241
0.138356
0.133308
0.125928
0.126001
0.125952
0.124829
0.138069
0.123258
0.124992
0.127623
0.120815
0.12516
0.127201
0.121458
0.12677
0.127608
0.122699
0.127166
0.127517
0.132939
0.125323
0.126945
0.135712
0.135188
0.127775
0.124395
0.12546
0.125704
0.121734
0.126755
0.126314
0.120638
0.125753
0.127008
0.123421
0.124718
0.139409
0.123095
0.126692
0.12719
0.122265
0.126597
0.125623
0.121191
0.12374
0.126389
0.121897
0.125314
0.126257
0.121023
0.125132
0.12614
0.120875
0.124513
0.126912
0.122952
0.12578
0.122477
0.123893
0.126418
0.125363
0.124567
0.126296
0.121974
0.125799
0.125606
0.121605
0.12482
0.125027
0.119876
0.124991
0.126384
0.121349
0.124091
0.126585
0.124467
0.124747
0.127343
0.122573
0.123981
0.12509
0.12275
0.125663
0.124059
0.125194
0.127416
0.125809
0.127111
0.125139
0.122729
0.126021
0.130404
0.123038
0.126003
0.126459
0.12291
0.127556
0.127974
0.122617
0.126281
0.127353
0.125383
0.126155
0.127475
0.12305
0.126058
0.139682
0.122608
0.12766
0.127646
0.123322
0.126196
0.125229
0.135515
0.12628
0.135536
0.12213
0.127661
0.128663
0.13685
0.125162
0.12635
0.124876
0.128889
0.126027
0.137563
0.122035
0.125426
0.123461
0.128683
0.125081
0.12368
0.127672
0.140321
0.127301
0.122593
0.1243
0.123947
0.124151
0.12295
0.134806
0.124899
0.125131
0.123386
0.124012
0.12739
0.126077
0.127193
0.136413
0.125123
0.125557
0.124087
0.121735
0.125163
0.136248
0.122967
0.125599
0.139538
0.122411
0.135576
0.125025
0.124123
0.126587
0.133077
0.122042
0.122223
0.140458
0.12678
0.121431
0.124334
0.122353
0.124066
0.134301
0.122372
0.127092
0.126846
0.123992
0.125175
0.130258
0.127926
0.12739
0.126281
0.124364
0.125009
0.124678
0.120628
0.125232
0.126497
0.122186
0.126644
0.127283
0.12162
0.126301
0.125127
0.11957
0.135376
0.126793
0.12214
0.126121
0.126086
0.121502
0.123589
0.126691
0.123231
0.125052
0.127143
0.122563
0.125536
0.123612
0.125417
0.124918
0.12356
0.124436
0.126931
0.122091
0.124106
0.127835
0.122212
0.126381
0.126447
0.121398
0.125553
0.126995
0.121583
0.128636
0.133645
0.121524
0.127458
0.128564
0.121902
0.126199
0.126903
0.121414
0.134999
0.126858
0.122373
0.126481
0.12686
0.125752
0.125909
0.127766
0.12153
0.12541
0.126279
0.122727
0.122617
0.122503
0.12128
0.124383
0.123606
0.123898
0.127727
0.121991
0.125009
0.125125
0.119842
0.124688
0.1259
0.120723
0.127646
0.125921
0.120656
0.12326
0.125714
0.120364
0.126812
0.127543
0.121561
0.123672
0.121234
0.124182
0.12391
0.121012
0.126401
0.126227
0.134347
0.125211
0.12851
0.1226
0.126002
0.134288
0.120746
0.12536
0.135526
0.123772
0.125134
0.127647
0.121597
0.124311
0.126489
0.122092
0.130227
0.127147
0.121639
0.124513
0.127011
0.121327
0.125492
0.139603
0.121898
0.126943
0.127275
0.12811
0.127076
0.126886
0.12296
0.126528
0.126793
0.121093
0.128925
0.126325
0.132796
0.125193
0.127329
0.120123
0.123263
0.127252
0.121172
0.126593
0.126185
0.120324
0.136897
0.137
0.120872
0.123443
0.136693
0.133273
0.126206
0.127124
0.126305
0.136166
0.126047
0.121709
0.125175
0.126477
0.121193
0.127482
0.126925
0.121644
0.125137
0.126241
0.122448
0.12597
0.135258
0.121118
0.124519
0.125606
0.122088
0.136135
0.127967
0.120667
0.12437
0.133741
0.120844
0.124199
0.126443
0.122786
0.124604
0.122988
0.123376
0.125568
0.121274
0.125575
0.125496
0.121759
0.124279
0.133751
0.121711
0.126287
0.129616
0.135536
0.124317
0.127308
0.123067
0.127107
0.126104
0.121971
0.126136
0.126941
0.121654
0.126881
0.127918
0.122563
0.126962
0.125865
0.119591
0.122756
0.137501
0.132221
0.126271
0.12655
0.121205
0.124532
0.140493
0.125882
0.127243
0.139959
0.134449
0.125323
0.127368
0.124022
0.123358
0.126072
0.121241
0.125033
0.126469
0.140277
0.124515
0.126071
0.121132
0.125622
0.125428
0.122941
0.127125
0.126921
0.122559
0.125422
0.125808
0.135323
0.125769
0.13874
0.122459
0.123721
0.127293
0.121626
0.127214
0.126322
0.121374
0.126547
0.126972
0.135759
0.127456
0.139702
0.123638
0.126078
0.127773
0.120856
0.12639
0.1257
0.123866
0.124997
0.126712
0.133173
0.125478
0.126561
0.12252
0.126987
0.138751
0.121807
0.125483
0.139384
0.121681
0.125251
0.125846
0.121179
0.124983
0.139101
0.120651
0.125724
0.129585
0.121246
0.124705
0.126048
0.121113
0.125411
0.126758
0.119288
0.122857
0.12487
0.121031
0.124844
0.125058
0.120502
0.123826
0.121496
0.133597
0.123572
0.121698
0.132705
0.125459
0.124362
0.126769
0.127243
0.122069
0.125239
0.128064
0.120435
0.125567
0.127137
0.122507
0.125476
0.126813
0.121895
0.125846
0.128283
0.120943
0.12386
0.128153
0.134699
0.125837
0.128697
0.134732
0.12611
0.124996
0.120348
0.126116
0.126408
0.122272
0.123655
0.128138
0.123693
0.13443
0.1255
0.120311
0.136299
0.126574
0.12112
0.137221
0.127368
0.121088
0.132407
0.125413
0.121475
0.124938
0.127088
0.120942
0.124862
0.13394
0.128527
0.1423
0.127934
0.142762
0.126742
0.125661
0.121465
0.124476
0.127836
0.138059
0.125271
0.126698
0.127494
0.12685
0.127671
0.12112
0.125349
0.128384
0.123319
0.125974
0.127096
0.12848
0.125882
0.126171
0.122563
0.129137
0.126592
0.120831
0.126154
0.127121
0.135385
0.137074
0.127783
0.12374
0.126055
0.127962
0.122653
0.127544
0.127434
0.121941
0.128053
0.12698
0.128833
0.125157
0.128083
0.12426
0.127747
0.126941
0.122206
0.127472
0.126228
0.121474
0.12775
0.126382
0.136498
0.128399
0.127342
0.12195
0.131447
0.128975
0.136799
0.124791
0.124919
0.120846
0.126567
0.131248
0.122943
0.129055
0.128871
0.123853
0.128788
0.128062
0.123643
0.126846
0.126443
0.121388
0.127048
0.140352
0.122808
0.134744
0.12821
0.12582
0.127565
0.126216
0.125731
0.126961
0.14036
0.124061
0.125206
0.126217
0.134979
0.124608
0.129301
0.125876
0.122203
0.12443
0.121618
0.124575
0.128074
0.125048
0.13238
0.126986
0.124932
0.127247
0.127599
0.122254
0.126668
0.125253
0.127859
0.125814
0.129069
0.127554
0.13386
0.12513
0.122603
0.129843
0.124622
0.123318
0.125821
0.129113
0.123814
0.126927
0.12824
0.12322
0.125885
0.128899
0.123274
0.12756
0.126855
0.123572
0.127134
0.138713
0.124595
0.127326
0.127696
0.123564
0.127796
0.130128
0.124611
0.126252
0.127012
0.121174
0.12629
0.127601
0.123475
0.127157
0.135697
0.125865
0.124573
0.127808
0.123733
0.127919
0.128147
0.121853
0.125909
0.127365
0.122653
0.126814
0.128367
0.123159
0.128285
0.140446
0.121842
0.126247
0.128268
0.125079
0.126105
0.128721
0.123402
0.128281
0.127868
0.121762
0.125985
0.127363
0.121732
0.148816
0.133492
0.123444
0.124035
0.126689
0.123279
0.126337
