0.000482
1.363316
0.177175
0.163614
0.184524
0.211855
0.234384
0.182986
0.186557
0.190059
0.211302
0.187943
0.186540
0.197802
0.193844
0.190583
0.177934
0.186571
0.186547
0.181113
0.216085
0.200125
0.292290
0.176711
0.208258
0.181070
0.171573
0.178348
0.192309
0.232805
0.211031
0.243608
0.222692
0.196554
0.236994
0.246170
0.241558
0.279501
0.217244
0.219886
0.247874
0.266782
0.215142
0.210276
0.219716
0.207503
0.197055
0.205876
0.254564
0.202693
0.233225
0.209961
0.216076
0.299716
0.276031
0.319324
0.213247
0.193137
0.198130
0.193881
0.203997
0.195984
0.213720
0.199358
0.192676
0.186194
0.181750
0.182247
0.182634
0.178916
0.193482
0.193621
0.201253
0.201872
0.184694
0.200962
0.193248
0.217774
0.245764
0.191128
0.200540
0.225289
0.200573
0.211598
0.271707
0.316220
0.243360
0.468550
0.313324
0.613599
0.438968
0.422578
0.171313
0.185417
0.174998
0.192725
0.175526
0.169856
0.224206
0.183880
0.175743
0.173870
0.187297
0.179892
0.173390
0.193841
0.172652
0.174649
0.480196
0.176082
0.185086
0.174017
0.188020
0.175993
0.176770
0.173695
0.184853
0.198758
0.192950
0.188601
0.177733
0.187359
0.170100
0.173042
0.172931
0.180670
0.172401
0.173423
0.185976
0.186276
0.176232
0.173434
0.174401
0.173016
0.186232
0.173144
0.177974
0.178370
0.173730
0.199377
0.190601
0.213129
0.170561
0.172152
0.182165
0.193541
0.170777
0.184025
0.188746
0.188858
0.175555
0.180316
0.186904
0.171298
0.223961
0.185746
0.175505
0.550725
0.472925
0.537151
0.437044
0.332933
0.246177
0.367580
0.357838
0.386089
0.324635
0.267706
0.264211
0.353724
0.391498
0.391358
0.363857
0.458889
0.359572
0.327046
0.526800
0.556960
0.543506
0.417316
0.547608
0.443753
0.472203
0.428383
0.445124
0.248115
0.339798
0.527573
0.357107
0.521086
0.374608
0.538527
0.376273
0.473444
0.408625
1.144493
0.425409
0.330772
0.305797
0.258852
0.533759
0.535936
0.412199
0.471844
0.440318
0.295688
0.334946
0.267836
0.545367
0.488895
0.535471
0.431631
0.451751
0.541923
0.549021
0.542751
0.556235
0.453050
0.204941
0.184685
0.200864
0.267785
0.294242
0.195638
0.196220
0.211182
0.369038
0.582794
0.408759
0.395165
0.283971
0.531934
0.536631
0.290355
0.174765
0.515344
0.365748
0.344245
0.524809
0.298783
0.180948
0.181063
0.616604
0.209819
0.290035
0.430900
0.326460
0.306557
0.532832
0.296212
0.285122
0.190270
0.178636
0.265749
0.342490
0.230836
0.204666
0.217298
0.173578
0.176189
0.186467
0.176899
0.173986
0.232204
0.174364
0.173331
0.175738
0.190478
0.193813
0.175956
0.198215
0.174360
0.179622
0.183954
0.220673
0.172927
0.185819
0.190991
0.179234
0.172853
0.181026
0.177953
0.174802
0.172245
0.181877
0.188931
0.189144
0.177127
0.174002
0.200514
0.175263
0.180815
0.179838
0.173840
0.172394
0.185907
0.180327
0.174339
0.173898
0.196215
0.172841
0.178764
0.174290
0.172931
0.182616
0.175549
0.173012
0.182589
0.189152
0.188119
0.177006
0.173312
0.174826
0.182942
0.170146
0.175117
0.171531
0.183857
0.172145
0.171689
0.181134
0.209702
0.176585
0.177497
0.194847
0.174404
0.186003
0.184478
0.171101
0.172845
0.172936
0.179389
0.177424
0.185563
0.189256
0.174068
0.178868
0.179140
0.178928
0.180645
0.182418
0.188256
0.186127
0.173396
0.171785
0.173633
0.175025
0.177181
0.174456
0.172041
0.190053
0.171994
0.175517
0.174285
0.177169
0.170742
0.176051
0.175643
0.175886
0.171630
0.183671
0.173847
0.172845
0.172770
0.178576
0.177105
0.175062
0.174205
0.180974
0.176228
0.169366
0.180460
0.175719
0.174738
0.174586
0.172879
0.184954
0.164916
0.176903
0.170789
0.178497
0.189805
0.176418
0.176715
0.174771
0.173080
0.176217
0.172196
0.175384
0.173761
0.176048
0.170958
0.174430
0.194416
0.185033
0.170433
0.178402
0.176766
0.178210
0.175378
0.175272
0.174185
0.177134
0.173516
0.173653
0.177783
0.173265
0.174655
0.176697
0.173775
0.178148
0.170989
0.172351
0.175289
0.175249
0.172694
0.177116
0.176504
0.171803
0.170433
0.184952
0.229418
0.178677
0.173292
0.183259
0.173229
0.183071
0.175393
0.174499
0.175090
0.193622
0.209879
0.218835
0.170605
0.175374
0.172124
0.176979
0.175558
0.176251
0.184954
0.201213
0.191408
0.175314
0.181060
0.173259
0.190641
0.185950
0.171750
0.189029
0.183774
0.174182
0.187806
0.200438
0.180934
0.215480
0.183699
0.186988
0.197511
0.173868
0.181467
0.176740
0.170760
0.172087
0.172780
0.174749
0.173902
0.177031
0.172746
0.170313
0.171146
0.174914
0.172293
0.173176
0.176673
0.173633
0.173370
0.184727
0.173770
0.173714
0.171079
0.177270
0.172437
0.173789
0.173427
0.173378
0.170174
0.172468
0.173260
0.176495
0.171281
0.171706
0.172129
0.171795
0.172385
0.175049
0.173874
0.171773
0.171195
0.174293
0.173678
0.173695
0.171593
0.172891
0.172467
0.172574
0.186088
0.171038
0.168070
0.170012
0.172050
0.171760
0.176048
0.172087
0.172573
0.171244
0.170847
0.172184
0.173347
0.174171
0.171091
0.171531
0.172888
0.184658
0.172047
0.172331
0.169560
0.173171
0.170798
0.170323
0.174345
0.173705
0.171698
0.171404
0.181512
0.184470
0.175099
0.171274
0.172460
0.174824
0.172559
0.172007
0.170095
0.171339
0.172793
0.170452
0.171671
0.175085
0.184733
0.171713
0.171217
0.170939
0.169338
0.172196
0.170503
0.171438
0.173825
0.171337
0.175640
0.170642
0.171758
0.172202
0.170068
0.171752
0.181347
0.173749
0.172470
0.179324
0.169468
0.172156
0.173318
0.169798
0.173358
0.174474
0.173659
0.172911
0.172329
0.172612
0.170889
0.172307
0.170391
0.173011
0.174814
0.172740
0.175886
0.172163
0.171842
0.173589
0.176200
0.172507
0.173577
0.171709
0.179352
0.181081
0.173963
0.171787
0.170869
0.173386
0.172744
0.172306
0.170058
0.178816
0.171723
0.171804
0.173364
0.172466
0.170185
0.174257
0.171463
0.173596
0.175638
0.170107
0.173579
0.173365
0.173452
0.171530
0.173954
0.171374
0.172037
0.172797
0.173974
0.176027
0.180535
0.174856
0.174886
0.172650
0.172017
0.174089
0.173247
0.181929
0.174208
0.186744
0.175170
0.187870
0.172529
0.172508
0.172301
0.162658
0.171508
0.179606
0.185878
0.191495
0.177139
0.175879
0.179278
0.180361
0.200332
0.174571
0.176079
0.186901
0.174886
0.173089
0.174484
0.174942
0.173478
0.185245
0.176505
0.171971
0.175578
0.171689
0.175780
0.172838
0.173182
0.173566
0.173444
0.173957
0.173164
0.178858
0.173753
0.172747
0.174769
0.174656
0.172072
0.186642
0.182930
0.175252
0.181372
0.185004
0.189670
0.175821
0.174206
0.178700
0.174863
0.178357
0.175963
0.175409
0.174925
0.181265
0.176012
0.185307
0.178310
0.187535
0.175960
0.180081
0.173670
0.180801
0.177581
0.182728
0.182972
0.180154
0.187714
0.179157
0.174081
0.182362
0.173793
0.173115
0.191778
0.186678
0.174265
0.173904
0.171852
0.176238
0.175560
0.177096
0.172570
0.174114
0.172296
0.179100
0.178362
0.177685
0.171982
0.173592
0.175341
0.187705
0.187271
0.178871
0.175549
0.179051
0.176262
0.174155
0.176358
0.186438
0.175930
0.177707
0.183922
0.176612
0.174001
0.173186
0.175418
0.176444
0.174800
0.175905
0.185282
0.176304
0.178748
0.181953
0.177244
0.180909
0.166217
0.193768
0.180073
0.181621
0.180538
0.173651
0.178960
0.181410
0.187061
0.185677
0.189984
0.192724
0.175931
0.182392
0.190568
0.177186
0.193013
0.191880
0.179931
0.176450
0.181824
0.174579
0.172675
0.182475
0.174487
0.175195
0.174395
0.174020
0.171994
0.174998
0.178231
0.183426
0.171197
0.173147
0.170895
0.184935
0.176967
0.178008
0.177387
0.174933
0.176867
0.173057
0.185968
0.177401
0.180900
0.176391
0.173485
0.177491
0.174281
0.180819
0.173911
0.171300
0.173422
0.176467
0.173402
0.178970
0.176643
0.174802
0.182673
0.178085
0.176328
0.174202
0.174526
0.176487
0.175324
0.177606
0.181418
0.172138
0.177864
0.184869
0.203993
0.184143
0.212481
0.173616
0.177804
0.188135
0.193548
0.175180
0.207791
0.180154
0.183412
0.178325
0.173906
0.173950
0.191504
0.184634
0.179825
0.180843
0.173465
0.185991
0.188057
0.176890
0.181819
0.179326
0.174019
0.174712
0.174498
0.191218
0.184019
0.167739
0.180824
0.176223
0.175274
0.178005
0.177938
0.181796
0.171545
0.175137
0.181744
0.206020
0.186770
0.197439
0.194151
0.178456
0.185595
0.192330
0.173704
0.182188
0.197332
0.180025
0.187868
0.183369
0.181288
0.178191
0.178935
0.181909
0.180702
0.182194
0.173998
0.172741
0.179166
0.172693
0.191262
0.181825
0.178905
0.170941
0.174233
0.183593
0.176118
0.171689
0.174101
0.181958
0.177827
0.174245
0.178812
0.174860
0.175706
0.174412
0.177568
0.174552
0.175856
0.173090
0.171774
0.181773
0.175226
0.174816
0.173768
0.174104
0.174040
0.177919
0.173582
0.175771
0.171527
0.178376
0.175539
0.176200
0.172517
0.173981
0.176554
0.174188
0.176110
0.171228
0.173405
0.172434
0.173974
0.176905
0.173192
0.173090
0.174218
0.184175
0.174094
0.184123
0.180391
0.175200
0.171825
0.176278
0.170567
0.175860
0.174922
0.175166
0.174438
0.173978
0.180519
0.175410
0.173717
0.175446
0.177784
0.173028
0.172315
0.171869
0.173283
0.172319
0.172220
0.173513
0.175009
0.178396
0.178013
0.187957
0.174192
0.174628
0.186436
0.177691
0.177731
0.179405
0.173408
0.185937
0.189237
0.180918
0.177950
0.174210
0.185564
0.181017
0.178753
0.172124
0.172978
0.179348
0.173701
0.178222
0.176380
0.177254
0.177903
0.175106
0.183880
0.170173
0.184378
0.173735
0.170722
0.176018
0.184876
0.180561
0.174939
0.185857
0.186536
0.174133
0.181044
0.174317
0.189380
0.181659
0.198661
0.184370
0.182985
0.184588
0.174360
0.176699
0.184605
0.172660
0.178388
0.178987
0.182070
0.185099
0.175968
0.180201
0.172935
0.172952
0.176428
0.177771
0.206316
0.175551
0.173195
0.173165
0.181377
0.178361
0.178755
0.171265
0.174148
0.174866
0.173344
0.174201
0.180049
0.186902
0.182036
0.222592
0.176161
0.173582
0.176234
0.173715
0.185143
0.190249
0.174757
0.176570
0.192708
0.179017
0.193288
0.221057
0.177974
0.176925
0.172736
0.182770
0.177335
0.192181
0.218862
0.181502
0.174518
0.177086
0.179062
0.180538
0.175162
0.176747
0.174402
0.172923
0.173894
0.174584
0.174826
0.173515
0.173829
0.175111
0.173253
0.176394
0.187713
0.176454
0.172587
0.184938
0.172813
0.175399
0.170129
0.175985
0.172168
0.177820
0.173084
0.176919
0.173847
0.190476
0.188029
0.191964
0.187238
0.184461
0.183871
0.189487
0.180091
0.176004
0.183924
0.173990
0.175508
0.180165
0.173601
0.188849
0.171961
0.174281
0.174155
0.186118
0.175304
0.175124
0.187121
0.172255
0.177314
0.175607
0.179523
0.173933
0.213156
0.177347
0.175430
0.178455
0.176504
0.168941
0.172653
0.181830
0.173822
0.175134
0.173601
0.176331
0.174039
0.178551
0.174496
0.173396
0.175355
0.170697
0.182703
0.188935
0.189213
0.168763
0.172831
0.175488
0.177138
0.210649
0.175042
0.177268
0.175871
0.175717
0.187053
0.172447
0.172823
0.172654
0.179006
0.188008
0.176590
0.171465
0.184171
0.192097
0.180884
0.179697
0.191737
0.204811
0.174339
0.180135
0.184659
0.221069
0.175235
0.175405
0.175139
