20955 root      20   0 34.464g 1.022g 160588 S  70.0  3.3   0:52.76 darknet_ros
20955 root      20   0 34.464g 1.022g 160600 S  49.1  3.3   0:53.28 darknet_ros
20955 root      20   0 34.464g 1.022g 160608 S  56.7  3.3   0:53.87 darknet_ros
20955 root      20   0 34.464g 1.022g 160616 S  50.5  3.3   0:54.40 darknet_ros
20955 root      20   0 34.464g 1.022g 160624 S  50.9  3.3   0:54.94 darknet_ros
20955 root      20   0 34.464g 1.022g 160632 S  48.1  3.3   0:55.46 darknet_ros
20955 root      20   0 34.464g 1.022g 160644 S  54.6  3.3   0:56.05 darknet_ros
20955 root      20   0 34.464g 1.022g 160648 S  53.8  3.3   0:56.61 darknet_ros
20955 root      20   0 34.464g 1.022g 160656 S  51.9  3.3   0:57.16 darknet_ros
20955 root      20   0 34.464g 1.022g 160668 S  53.8  3.3   0:57.72 darknet_ros
20955 root      20   0 34.464g 1.022g 160676 S  52.4  3.3   0:58.27 darknet_ros
20955 root      20   0 34.464g 1.022g 160688 S  53.3  3.3   0:58.83 darknet_ros
20955 root      20   0 34.464g 1.022g 160692 S  51.4  3.3   0:59.37 darknet_ros
20955 root      20   0 34.464g 1.022g 160700 S  53.3  3.3   0:59.93 darknet_ros
20955 root      20   0 34.464g 1.022g 160712 S  52.4  3.3   1:00.48 darknet_ros
20955 root      20   0 34.464g 1.022g 160720 S  52.4  3.3   1:01.03 darknet_ros
20955 root      20   0 34.464g 1.023g 160732 S  52.4  3.3   1:01.58 darknet_ros
20955 root      20   0 34.464g 1.023g 160740 S  53.3  3.3   1:02.14 darknet_ros
20955 root      20   0 34.464g 1.023g 160748 S  58.1  3.3   1:02.75 darknet_ros
20955 root      20   0 34.464g 1.023g 160756 S  50.0  3.3   1:03.28 darknet_ros
20955 root      20   0 34.464g 1.023g 160764 S  55.2  3.3   1:03.86 darknet_ros
20955 root      20   0 34.464g 1.023g 160776 S  50.9  3.3   1:04.40 darknet_ros
20955 root      20   0 34.464g 1.023g 160784 S  51.4  3.3   1:04.94 darknet_ros
20955 root      20   0 34.464g 1.023g 160792 S  51.9  3.3   1:05.49 darknet_ros
20955 root      20   0 34.464g 1.023g 160800 S  50.0  3.3   1:06.04 darknet_ros
20955 root      20   0 34.464g 1.023g 160808 S  52.4  3.3   1:06.59 darknet_ros
20955 root      20   0 34.464g 1.023g 160816 S  52.9  3.3   1:07.14 darknet_ros
20955 root      20   0 34.464g 1.023g 160824 S  52.4  3.3   1:07.69 darknet_ros
20955 root      20   0 34.464g 1.023g 160824 S  53.8  3.3   1:08.25 darknet_ros
20955 root      20   0 34.464g 1.023g 160828 S  52.4  3.3   1:08.80 darknet_ros
20955 root      20   0 34.464g 1.023g 160828 S  56.2  3.3   1:09.39 darknet_ros
20955 root      20   0 34.464g 1.023g 160832 S  57.1  3.3   1:09.99 darknet_ros
20955 root      20   0 34.464g 1.023g 160832 S  54.2  3.3   1:10.57 darknet_ros
20955 root      20   0 34.464g 1.023g 160832 S  54.3  3.3   1:11.14 darknet_ros
20955 root      20   0 34.464g 1.023g 160836 S  53.3  3.3   1:11.70 darknet_ros
20955 root      20   0 34.464g 1.023g 160836 S  50.9  3.3   1:12.24 darknet_ros
20955 root      20   0 34.464g 1.023g 160836 S  49.1  3.3   1:12.76 darknet_ros
20955 root      20   0 34.464g 1.023g 160840 S  50.5  3.3   1:13.29 darknet_ros
20955 root      20   0 34.464g 1.023g 160840 S  54.8  3.3   1:13.86 darknet_ros
20955 root      20   0 34.464g 1.023g 160844 S  51.4  3.3   1:14.40 darknet_ros
20955 root      20   0 34.464g 1.023g 160844 S  53.8  3.3   1:14.96 darknet_ros
20955 root      20   0 34.464g 1.023g 160844 S  52.4  3.3   1:15.51 darknet_ros
20955 root      20   0 34.464g 1.023g 160848 S  54.8  3.3   1:16.08 darknet_ros
20955 root      20   0 34.464g 1.023g 160848 S  51.4  3.3   1:16.63 darknet_ros
20955 root      20   0 34.464g 1.023g 160852 S  53.8  3.3   1:17.20 darknet_ros
20955 root      20   0 34.464g 1.023g 160852 S  53.8  3.3   1:17.76 darknet_ros
20955 root      20   0 34.464g 1.023g 160852 S  47.7  3.3   1:18.27 darknet_ros
20955 root      20   0 34.464g 1.023g 160856 R  51.4  3.3   1:18.81 darknet_ros
20955 root      20   0 34.464g 1.023g 160856 S  54.8  3.3   1:19.38 darknet_ros
20955 root      20   0 34.464g 1.023g 160856 S  52.4  3.3   1:19.93 darknet_ros
20955 root      20   0 34.464g 1.023g 160860 S  55.8  3.3   1:20.51 darknet_ros
20955 root      20   0 34.464g 1.023g 160860 S  51.4  3.3   1:21.05 darknet_ros
20955 root      20   0 34.464g 1.023g 160864 S  53.3  3.3   1:21.61 darknet_ros
20955 root      20   0 34.464g 1.023g 160864 S  54.8  3.3   1:22.18 darknet_ros
20955 root      20   0 34.464g 1.023g 160864 S  52.8  3.3   1:22.74 darknet_ros
20955 root      20   0 34.464g 1.023g 160868 R  49.5  3.3   1:23.26 darknet_ros
20955 root      20   0 34.464g 1.023g 160868 S  51.4  3.3   1:23.80 darknet_ros
20955 root      20   0 34.464g 1.023g 160872 S  55.2  3.3   1:24.38 darknet_ros
20955 root      20   0 34.464g 1.023g 160872 S  51.9  3.3   1:24.93 darknet_ros
20955 root      20   0 34.464g 1.023g 160872 S  54.3  3.3   1:25.50 darknet_ros
20955 root      20   0 34.464g 1.023g 160876 S  52.8  3.3   1:26.06 darknet_ros
20955 root      20   0 34.464g 1.023g 160876 S  53.8  3.3   1:26.63 darknet_ros
20955 root      20   0 34.464g 1.023g 160876 S  54.7  3.3   1:27.21 darknet_ros
20955 root      20   0 34.464g 1.023g 160880 S  50.9  3.3   1:27.76 darknet_ros
20955 root      20   0 34.464g 1.023g 160880 R  54.3  3.3   1:28.33 darknet_ros
20955 root      20   0 34.464g 1.023g 160884 S  52.8  3.3   1:28.89 darknet_ros
20955 root      20   0 34.464g 1.023g 160884 S  49.5  3.3   1:29.42 darknet_ros
20955 root      20   0 34.464g 1.023g 160884 S  47.2  3.3   1:29.92 darknet_ros
20955 root      20   0 34.464g 1.023g 160888 S  54.3  3.3   1:30.49 darknet_ros
20955 root      20   0 34.464g 1.023g 160888 S  52.4  3.3   1:31.04 darknet_ros
20955 root      20   0 34.464g 1.023g 160888 S  50.5  3.3   1:31.58 darknet_ros
20955 root      20   0 34.464g 1.023g 160892 S  47.6  3.3   1:32.08 darknet_ros
20955 root      20   0 34.464g 1.023g 160892 S  55.2  3.3   1:32.66 darknet_ros
20955 root      20   0 34.464g 1.023g 160896 S  53.3  3.3   1:33.22 darknet_ros
20955 root      20   0 34.464g 1.023g 160896 S  54.3  3.3   1:33.79 darknet_ros
20955 root      20   0 34.464g 1.023g 160896 S  44.9  3.3   1:34.27 darknet_ros
20955 root      20   0 34.464g 1.023g 160900 S  52.8  3.3   1:34.83 darknet_ros
20955 root      20   0 34.464g 1.023g 160900 R  52.9  3.3   1:35.38 darknet_ros
20955 root      20   0 34.464g 1.023g 160900 S  53.3  3.3   1:35.94 darknet_ros
20955 root      20   0 34.464g 1.023g 160904 S  52.4  3.3   1:36.49 darknet_ros
20955 root      20   0 34.464g 1.023g 160904 S  51.9  3.3   1:37.03 darknet_ros
20955 root      20   0 34.464g 1.023g 160908 S  53.7  3.3   1:37.61 darknet_ros
20955 root      20   0 34.464g 1.023g 160908 S  52.9  3.3   1:38.16 darknet_ros
20955 root      20   0 34.464g 1.023g 160908 S  52.4  3.3   1:38.71 darknet_ros
20955 root      20   0 34.464g 1.023g 160912 S  51.9  3.3   1:39.26 darknet_ros
20955 root      20   0 34.464g 1.023g 160912 S  53.3  3.3   1:39.82 darknet_ros
20955 root      20   0 34.464g 1.023g 160916 S  51.4  3.3   1:40.36 darknet_ros
20955 root      20   0 34.464g 1.023g 160916 S  54.3  3.3   1:40.93 darknet_ros
20955 root      20   0 34.464g 1.023g 160916 S  53.8  3.3   1:41.49 darknet_ros
20955 root      20   0 34.464g 1.023g 160920 S  53.3  3.3   1:42.05 darknet_ros
20955 root      20   0 34.464g 1.023g 160920 S  52.4  3.3   1:42.60 darknet_ros
20955 root      20   0 34.464g 1.023g 160924 S  50.5  3.3   1:43.13 darknet_ros
20955 root      20   0 34.464g 1.023g 160924 S  51.9  3.3   1:43.68 darknet_ros
20955 root      20   0 34.464g 1.023g 160924 S  50.5  3.3   1:44.21 darknet_ros
20955 root      20   0 34.464g 1.023g 160928 S  50.9  3.3   1:44.75 darknet_ros
20955 root      20   0 34.464g 1.023g 160928 S  53.8  3.3   1:45.31 darknet_ros
20955 root      20   0 34.464g 1.023g 160928 S  51.9  3.3   1:45.86 darknet_ros
20955 root      20   0 34.464g 1.023g 160932 S  52.4  3.3   1:46.41 darknet_ros
20955 root      20   0 34.464g 1.023g 160932 S  50.5  3.3   1:46.94 darknet_ros
20955 root      20   0 34.464g 1.023g 160936 S  55.2  3.3   1:47.52 darknet_ros
