20940 root      20   0  626304 111512  65264 R   5.0  0.3   0:07.13 usb_cam_node
20940 root      20   0  626304 111512  65264 S   6.6  0.3   0:07.20 usb_cam_node
20940 root      20   0  626304 111512  65264 S   7.7  0.3   0:07.28 usb_cam_node
20940 root      20   0  626304 111512  65264 S   4.7  0.3   0:07.33 usb_cam_node
20940 root      20   0  626304 111512  65264 S   6.6  0.3   0:07.40 usb_cam_node
20940 root      20   0  626304 111512  65264 S   5.6  0.3   0:07.46 usb_cam_node
20940 root      20   0  626304 111512  65264 S   6.6  0.3   0:07.53 usb_cam_node
20940 root      20   0  626304 111512  65264 R   6.5  0.3   0:07.60 usb_cam_node
20940 root      20   0  626304 111512  65264 S   5.7  0.3   0:07.66 usb_cam_node
20940 root      20   0  626304 111512  65264 S   6.6  0.3   0:07.73 usb_cam_node
20940 root      20   0  626304 111512  65264 S   5.7  0.3   0:07.79 usb_cam_node
20940 root      20   0  626304 111512  65264 S   7.6  0.3   0:07.87 usb_cam_node
20940 root      20   0  626304 111512  65264 S   7.7  0.3   0:07.95 usb_cam_node
20940 root      20   0  626304 111512  65264 S   5.7  0.3   0:08.01 usb_cam_node
20940 root      20   0  626304 111512  65264 S   5.7  0.3   0:08.07 usb_cam_node
20940 root      20   0  626304 111512  65264 S   6.5  0.3   0:08.14 usb_cam_node
20940 root      20   0  626304 111512  65264 R   5.7  0.3   0:08.20 usb_cam_node
20940 root      20   0  626304 111512  65264 S   8.5  0.3   0:08.29 usb_cam_node
20940 root      20   0  626304 111512  65264 R   6.7  0.3   0:08.36 usb_cam_node
20940 root      20   0  626304 111512  65264 S   6.6  0.3   0:08.43 usb_cam_node
20940 root      20   0  626304 111512  65264 S   6.6  0.3   0:08.50 usb_cam_node
20940 root      20   0  626304 111512  65264 S   5.7  0.3   0:08.56 usb_cam_node
20940 root      20   0  626304 111512  65264 S   6.6  0.3   0:08.63 usb_cam_node
20940 root      20   0  626304 111512  65264 S   5.7  0.3   0:08.69 usb_cam_node
20940 root      20   0  626304 111512  65264 S   7.5  0.3   0:08.77 usb_cam_node
20940 root      20   0  626304 111512  65264 S   5.7  0.3   0:08.83 usb_cam_node
20940 root      20   0  626304 111512  65264 S   6.7  0.3   0:08.90 usb_cam_node
20940 root      20   0  626304 111512  65264 S   5.7  0.3   0:08.96 usb_cam_node
20940 root      20   0  626304 111512  65264 S   7.7  0.3   0:09.04 usb_cam_node
20940 root      20   0  626304 111512  65264 R   7.5  0.3   0:09.12 usb_cam_node
20940 root      20   0  626304 111512  65264 S   5.7  0.3   0:09.18 usb_cam_node
20940 root      20   0  626304 111512  65264 S   5.6  0.3   0:09.24 usb_cam_node
20940 root      20   0  626304 111512  65264 R   6.4  0.3   0:09.31 usb_cam_node
20940 root      20   0  626304 111512  65264 S   6.6  0.3   0:09.38 usb_cam_node
20940 root      20   0  626304 111512  65264 R   5.7  0.3   0:09.44 usb_cam_node
20940 root      20   0  626304 111512  65264 S   7.6  0.3   0:09.52 usb_cam_node
20940 root      20   0  626304 111512  65264 R   4.8  0.3   0:09.57 usb_cam_node
20940 root      20   0  626304 111512  65264 S   6.7  0.3   0:09.64 usb_cam_node
20940 root      20   0  626304 111512  65264 S   7.7  0.3   0:09.72 usb_cam_node
20940 root      20   0  626304 111512  65264 S   6.7  0.3   0:09.79 usb_cam_node
20940 root      20   0  626304 111512  65264 S   6.7  0.3   0:09.86 usb_cam_node
20940 root      20   0  626304 111512  65264 S   6.2  0.3   0:09.93 usb_cam_node
20940 root      20   0  626304 111512  65264 S   7.5  0.3   0:10.01 usb_cam_node
20940 root      20   0  626304 111512  65264 S   5.7  0.3   0:10.07 usb_cam_node
20940 root      20   0  626304 111512  65264 S   7.7  0.3   0:10.15 usb_cam_node
20940 root      20   0  626304 111512  65264 S   5.7  0.3   0:10.21 usb_cam_node
20940 root      20   0  626304 111512  65264 S   7.7  0.3   0:10.29 usb_cam_node
20940 root      20   0  626304 111512  65264 S   6.7  0.3   0:10.36 usb_cam_node
20940 root      20   0  626304 111512  65264 S   6.7  0.3   0:10.43 usb_cam_node
20940 root      20   0  626304 111512  65264 S   6.7  0.3   0:10.50 usb_cam_node
20940 root      20   0  626304 111512  65264 S   6.7  0.3   0:10.57 usb_cam_node
20940 root      20   0  626304 111512  65264 S   5.8  0.3   0:10.63 usb_cam_node
20940 root      20   0  626304 111512  65264 S   6.7  0.3   0:10.70 usb_cam_node
20940 root      20   0  626304 111512  65264 S   6.7  0.3   0:10.77 usb_cam_node
20940 root      20   0  626304 111512  65264 S   7.6  0.3   0:10.85 usb_cam_node
20940 root      20   0  626304 111512  65264 S   6.7  0.3   0:10.92 usb_cam_node
20940 root      20   0  626304 111512  65264 S   7.7  0.3   0:11.00 usb_cam_node
20940 root      20   0  626304 111512  65264 S   6.7  0.3   0:11.07 usb_cam_node
20940 root      20   0  626304 111512  65264 S   6.7  0.3   0:11.14 usb_cam_node
20940 root      20   0  626304 111512  65264 S   5.7  0.3   0:11.20 usb_cam_node
20940 root      20   0  626304 111512  65264 S   6.4  0.3   0:11.27 usb_cam_node
20940 root      20   0  626304 111512  65264 R   6.7  0.3   0:11.34 usb_cam_node
20940 root      20   0  626304 111512  65264 S   5.7  0.3   0:11.40 usb_cam_node
20940 root      20   0  626304 111512  65264 S   7.5  0.3   0:11.48 usb_cam_node
20940 root      20   0  626304 111512  65264 S   6.5  0.3   0:11.55 usb_cam_node
20940 root      20   0  626304 111512  65264 S   6.7  0.3   0:11.62 usb_cam_node
20940 root      20   0  626304 111512  65264 S   6.7  0.3   0:11.69 usb_cam_node
20940 root      20   0  626304 111512  65264 S   6.7  0.3   0:11.76 usb_cam_node
20940 root      20   0  626304 111512  65264 S   6.7  0.3   0:11.83 usb_cam_node
20940 root      20   0  626304 111512  65264 S   6.7  0.3   0:11.90 usb_cam_node
20940 root      20   0  626304 111512  65264 S   6.7  0.3   0:11.97 usb_cam_node
20940 root      20   0  626304 111512  65264 S   7.6  0.3   0:12.05 usb_cam_node
20940 root      20   0  626304 111512  65264 S   4.8  0.3   0:12.10 usb_cam_node
20940 root      20   0  626304 111512  65264 S   8.6  0.3   0:12.19 usb_cam_node
20940 root      20   0  626304 111512  65264 S   5.7  0.3   0:12.25 usb_cam_node
20940 root      20   0  626304 111512  65264 S   7.7  0.3   0:12.33 usb_cam_node
20940 root      20   0  626304 111512  65264 S   6.7  0.3   0:12.40 usb_cam_node
20940 root      20   0  626304 111512  65264 S   7.6  0.3   0:12.48 usb_cam_node
20940 root      20   0  626304 111512  65264 S   6.7  0.3   0:12.55 usb_cam_node
20940 root      20   0  626304 111512  65264 S   7.5  0.3   0:12.63 usb_cam_node
20940 root      20   0  626304 111512  65264 S   6.5  0.3   0:12.70 usb_cam_node
20940 root      20   0  626304 111512  65264 S   5.7  0.3   0:12.76 usb_cam_node
20940 root      20   0  626304 111512  65264 S   7.6  0.3   0:12.84 usb_cam_node
20940 root      20   0  626304 111512  65264 S   6.7  0.3   0:12.91 usb_cam_node
20940 root      20   0  626304 111512  65264 S   7.6  0.3   0:12.99 usb_cam_node
20940 root      20   0  626304 111512  65264 S   5.7  0.3   0:13.05 usb_cam_node
20940 root      20   0  626304 111512  65264 S   6.7  0.3   0:13.12 usb_cam_node
20940 root      20   0  626304 111512  65264 S   6.7  0.3   0:13.19 usb_cam_node
20940 root      20   0  626304 111512  65264 S   7.6  0.3   0:13.27 usb_cam_node
20940 root      20   0  626304 111512  65264 S   5.6  0.3   0:13.33 usb_cam_node
20940 root      20   0  626304 111512  65264 S   7.5  0.3   0:13.41 usb_cam_node
20940 root      20   0  626304 111512  65264 S   5.7  0.3   0:13.47 usb_cam_node
20940 root      20   0  626304 111512  65264 S   8.6  0.3   0:13.56 usb_cam_node
20940 root      20   0  626304 111512  65264 S   5.6  0.3   0:13.62 usb_cam_node
20940 root      20   0  626304 111512  65264 S   7.7  0.3   0:13.70 usb_cam_node
20940 root      20   0  626304 111512  65264 S   6.6  0.3   0:13.77 usb_cam_node
20940 root      20   0  626304 111512  65264 S   7.5  0.3   0:13.85 usb_cam_node
20940 root      20   0  626304 111512  65264 S   7.5  0.3   0:13.93 usb_cam_node
20940 root      20   0  626304 111512  65264 S   4.5  0.3   0:13.98 usb_cam_node
20940 root      20   0  626304 111512  65264 S   8.6  0.3   0:14.07 usb_cam_node
