0.115357
0.115902
0.127054
0.122080
0.134068
0.136658
0.122581
0.128313
0.126676
0.127217
0.128201
0.128993
0.125435
0.124598
0.128711
0.126077
0.124866
0.127512
0.126252
0.128578
0.128762
0.127674
0.122862
0.125855
0.126128
0.125703
0.125923
0.131672
0.125789
0.126199
0.126618
0.124813
0.127448
0.133346
0.125447
0.130267
0.126098
0.127157
0.127018
0.125323
0.127003
0.127718
0.131801
0.126577
0.138251
0.125632
0.133144
0.124771
0.132844
0.130862
0.126318
0.125530
0.128749
0.125499
0.125828
0.124565
0.134708
0.132920
0.154583
0.145790
0.125798
0.133064
0.125527
0.125246
0.130156
0.124858
0.128682
0.126113
0.133591
0.124627
0.125594
0.127185
0.125007
0.126090
0.128748
0.128609
0.129222
0.125479
0.126688
0.127192
0.130755
0.126110
0.126919
0.137534
0.143783
0.142005
0.132452
0.127028
0.142769
0.128567
0.136101
0.133569
0.138801
0.141509
0.123395
0.124948
0.127673
0.141056
0.127247
0.127581
0.126466
0.129440
0.125635
0.133857
0.124676
0.126656
0.126009
0.126076
0.132165
0.126114
0.133127
0.126076
0.126223
0.125279
0.126942
0.125376
0.123597
0.126052
0.122942
0.128079
0.129100
0.126254
0.126861
0.126983
0.130375
0.125023
0.125295
0.126158
0.127479
0.128055
0.123751
0.125991
0.125135
0.125777
0.138077
0.123783
0.127370
0.125092
0.124132
0.124653
0.123490
0.126582
0.124900
0.125604
0.128456
0.127602
0.124965
0.129235
0.121946
0.126591
0.125952
0.128455
0.127320
0.127202
0.124763
0.125929
0.125800
0.124048
0.125746
0.125828
0.122576
0.127328
0.127620
0.131593
0.124198
0.125109
0.122980
0.129927
0.128497
0.123449
0.128827
0.127721
0.124267
0.126909
0.129232
0.130986
0.126461
0.132961
0.123008
0.130767
0.126182
0.123729
0.126365
0.125391
0.123782
0.126539
0.126737
0.124667
0.126337
0.125008
0.125801
0.134194
0.133975
0.127160
0.126028
0.125194
0.124074
0.130265
0.135123
0.129796
0.125923
0.153251
0.141676
0.126022
0.124965
0.129667
0.127402
0.126652
0.124451
0.125274
0.126895
0.126359
0.124465
0.125964
0.126354
0.124756
0.126663
0.129201
0.125876
0.125461
0.125295
0.127868
0.130967
0.125084
0.134649
0.131053
0.126754
0.123037
0.131761
0.132898
0.131556
0.128583
0.130974
0.127474
0.126557
0.131845
0.126169
0.122451
0.129880
0.123887
0.126331
0.132732
0.122413
0.125210
0.124713
0.126520
0.125167
0.127236
0.124364
0.129105
0.124661
0.122739
0.124553
0.125073
0.128784
0.125292
0.126771
0.129416
0.130192
0.128073
0.132677
0.128778
0.128657
0.126117
0.125378
0.127170
0.132703
0.136685
0.133605
0.137596
0.131206
0.126958
0.125110
0.123807
0.125856
0.129048
0.133132
0.131665
0.128872
0.126247
0.136530
0.125414
0.123496
0.125920
0.128405
0.127080
0.126576
0.126889
0.125036
0.129419
0.129149
0.125078
0.132171
0.127138
0.125555
0.126675
0.138581
0.124726
0.128261
0.127021
0.125167
0.128696
0.126817
0.128255
0.125238
0.126207
0.122565
0.125862
0.132987
0.135445
0.130891
0.135554
0.151885
0.124956
0.128222
0.133969
0.130723
0.126912
0.146783
0.140224
0.125176
0.125141
0.124715
0.122133
0.130386
0.133600
0.129495
0.128391
0.131298
0.124667
0.127276
0.127550
0.128339
0.124256
0.123918
0.124852
0.125900
0.126897
0.126538
0.129538
0.126003
0.125854
0.127383
0.125272
0.127673
0.141416
0.126920
0.125984
0.124284
0.126455
0.125027
0.126045
0.123658
0.125568
0.126483
0.127507
0.126053
0.126782
0.129984
0.127827
0.126030
0.125966
0.125339
0.126359
0.127015
0.125422
0.126947
0.125121
0.125120
0.129241
0.127318
0.126567
0.127295
0.127837
0.138708
0.126013
0.126311
0.129655
0.137358
0.126930
0.125974
0.128741
0.126970
0.124787
0.125527
0.127316
0.133362
0.142710
0.134947
0.131286
0.125527
0.154688
0.138375
0.125966
0.123329
0.126418
0.126958
0.132922
0.124539
0.122452
0.125430
0.123918
0.125867
0.127792
0.126848
0.126716
0.125775
0.127204
0.125382
0.126745
0.127367
0.126116
0.138769
0.126144
0.124271
0.125939
0.126139
0.142795
0.129055
0.130075
0.131520
0.130990
0.129555
0.127240
0.125658
0.125588
0.126104
0.125834
0.126865
0.124544
0.125587
0.129017
0.125475
0.125795
0.125771
0.125964
0.132765
0.127189
0.127635
0.128212
0.128332
0.125739
0.124028
0.125796
0.132481
0.124508
0.126795
0.124709
0.130636
0.137782
0.133127
0.129260
0.128495
0.130064
0.125543
0.143116
0.128375
0.123216
0.125898
0.134281
0.121472
0.126632
0.129727
0.124355
0.125787
0.127908
0.125409
0.127098
0.127716
0.123026
0.125815
0.127928
0.125132
0.125517
0.127094
0.131601
0.125739
0.122193
0.131825
0.138029
0.131491
0.131033
0.126608
0.129151
0.130196
0.141306
0.125865
0.126330
0.126001
0.126953
0.125570
0.126574
0.124488
0.125950
0.127075
0.129758
0.125758
0.124818
0.129668
0.126200
0.125519
0.124934
0.123538
0.128117
0.124844
0.125957
0.122012
0.125169
0.122771
0.125135
0.124596
0.124121
0.124023
0.126724
0.130713
0.129916
0.124999
0.124723
0.128451
0.126843
0.124579
0.126563
0.128409
0.123860
0.126242
0.124360
0.128370
0.127945
0.125776
0.124976
0.124565
0.126010
0.126895
0.125831
0.128302
0.125952
0.127012
0.127355
0.126480
0.125229
0.125647
0.126778
0.127607
0.125799
0.124991
0.125009
0.127069
0.122662
0.126110
0.123999
0.132040
0.124275
0.123641
0.130872
0.131022
0.123315
0.127617
0.125705
0.126593
0.122725
0.129164
0.124183
0.124361
0.125394
0.124721
0.125928
0.139167
0.125312
0.122665
0.125759
0.129036
0.124460
0.125293
0.124825
0.125443
0.125872
0.124042
0.126387
0.126192
0.125211
0.126514
0.130949
0.125186
0.124903
0.124565
0.126084
0.123531
0.124486
0.122649
0.127647
0.129398
0.127588
0.122555
0.142743
0.131164
0.124821
0.123048
0.125301
0.122321
0.126758
0.124126
0.124809
0.123886
0.122846
0.125420
0.126416
0.125086
0.126325
0.125419
0.124624
0.126687
0.124964
0.127655
0.127939
0.128228
0.125450
0.127684
0.126324
0.126248
0.132012
0.126284
0.126679
0.124877
0.126709
0.123468
0.135898
0.126991
0.124429
0.124209
0.126367
0.124724
0.125180
0.126382
0.130928
0.126332
0.124995
0.125002
0.129176
0.124735
0.125873
0.124234
0.124110
0.128357
0.124296
0.124745
0.128754
0.126032
0.123928
0.124369
0.125664
0.125891
0.126556
0.127906
0.126148
0.124305
0.125572
0.126044
0.123825
0.123269
0.124836
0.124266
0.140097
0.122070
0.123514
0.124264
0.125477
0.124439
0.137288
0.123643
0.125720
0.123663
0.126432
0.123433
0.131317
0.123686
0.124747
0.122814
0.124272
0.124691
0.124677
0.123238
0.127342
0.124646
0.121676
0.123294
0.128265
0.124090
0.126911
0.124951
0.124394
0.127052
0.124452
0.126086
0.128220
0.124539
0.125716
0.139410
0.125037
0.125738
0.123783
0.124844
0.127197
0.125025
0.123480
0.127105
0.124504
0.126936
0.122861
0.123770
0.128906
0.124670
0.124945
0.123490
0.127726
0.126244
0.125099
0.124421
0.127170
0.123787
0.124139
0.124371
0.124588
0.125670
0.126491
0.125192
0.126383
0.126309
0.120808
0.123826
0.124971
0.124754
0.125223
0.124122
0.127409
0.124972
0.126313
0.125190
0.125984
0.124682
0.124859
0.125603
0.125568
0.123826
0.123970
0.125237
0.137249
0.125727
0.123682
0.128595
0.125574
0.124412
0.124219
0.131186
0.141920
0.124923
0.124831
0.129290
0.125514
0.125688
0.125050
0.126053
0.126886
0.139189
0.124771
0.127604
0.127656
0.134998
0.128189
0.124131
0.120049
0.125209
0.125038
0.126418
0.124819
0.124668
0.125894
0.124346
0.122766
0.124896
0.125956
0.127191
0.123516
0.125010
0.125578
0.124510
0.122607
0.127196
0.125707
0.136086
0.125120
0.123538
0.124533
0.133305
0.125076
0.125130
0.120840
0.126538
0.125691
0.124778
0.126008
0.124844
0.126618
0.122210
0.126187
0.129745
0.127970
0.125423
0.129665
0.124004
0.123824
0.127019
0.126082
0.132997
0.120782
0.119361
0.125653
0.126292
0.125103
0.126608
0.126533
0.126665
0.124583
0.122281
0.124120
0.126919
0.124702
0.127350
0.129315
0.125081
0.127399
0.123490
0.124671
0.127210
0.123603
0.126411
0.131226
0.126209
0.124711
0.125156
0.125303
0.125203
0.123862
0.126074
0.124394
0.128948
0.138479
0.125081
0.123288
0.124538
0.123515
0.125935
0.126609
0.125198
0.127446
0.126501
0.124529
0.128249
0.121955
0.127211
0.128691
0.123256
0.125154
0.125651
0.126723
0.123585
0.124758
0.123238
0.127105
0.125894
0.124975
0.119716
0.129439
0.144826
0.124583
0.126128
0.125872
0.125310
0.124487
0.138234
0.124378
0.124409
0.120771
0.127037
0.129117
0.122623
0.123408
0.125174
0.124055
0.121848
0.125027
0.122651
0.125563
0.125191
0.127153
0.126016
0.124985
0.124668
0.122676
0.124246
0.125738
0.123903
0.125554
0.122990
0.125598
0.123853
0.125808
0.124914
0.126385
0.123748
0.121866
0.126360
0.143739
0.127669
0.123329
0.125808
0.129933
0.124326
0.123008
0.127375
0.125681
0.126562
0.122697
0.125767
0.127058
0.126330
0.124661
0.124246
0.125984
0.123154
0.124863
0.123751
0.131158
0.125828
0.127066
0.124925
0.126334
0.124857
0.124997
0.127770
0.125168
0.126427
0.123921
0.140212
0.138229
0.126422
0.125792
0.129635
0.123621
0.125480
0.124014
0.130160
0.132030
0.124902
0.123272
0.125459
0.125325
0.124211
0.127845
0.127153
0.124600
0.125866
0.124560
0.125239
0.126745
0.122602
0.123782
0.122351
0.121952
0.127318
0.123852
0.125198
0.124705
0.126390
0.124848
0.126087
0.125249
0.124992
0.124822
0.124890
0.125144
0.126831
0.124478
0.128712
0.128804
0.123868
0.125143
0.127341
0.124064
0.123556
0.124212
0.130844
0.122508
0.126640
0.125210
0.128127
0.123274
0.124459
0.124901
0.125338
0.132591
0.123868
0.127260
0.129890
0.124712
0.126373
0.126142
0.127892
0.124300
0.123242
0.126277
0.125256
0.126654
0.123177
0.126516
0.123987
0.125874
0.129483
0.129330
0.127427
0.125089
0.124573
0.124705
0.128602
0.125288
0.123449
0.126492
0.127254
0.125864
0.124032
0.121119
0.130773
0.124351
0.122060
0.125680
0.130296
0.126737
0.127152
0.127186
0.122948
0.132625
0.125049
0.125529
0.127713
0.125564
0.127381
0.125571
0.125777
0.123673
0.125543
0.129321
0.124589
0.126497
0.124666
0.124112
0.129543
0.126553
0.123320
0.128144
0.126139
0.125025
0.125344
0.121799
0.125429
0.126826
0.126460
0.126734
0.126190
0.124207
0.126909
0.123425
0.130570
0.125762
0.125760
0.126933
0.123379
0.125852
0.124954
0.124061
0.125732
0.125300
0.126480
0.127591
0.126300
0.123118
0.127479
0.125879
0.124328
0.126880
0.125081
0.127070
0.125742
0.123194
0.127411
0.127327
0.124595
0.125782
0.124460
0.128046
0.122117
0.127717
0.124323
0.124620
0.124023
0.124614
0.125026
0.126861
0.125381
0.126284
0.125253
0.130811
0.125994
0.125739
0.125979
0.126029
0.125076
0.124524
0.127364
0.127400
0.125593
0.125074
0.125876
0.128491
0.122910
0.123518
0.123053
0.124767
0.125488
0.123282
0.126264
0.141291
0.125516
0.124492
0.124960
0.125880
0.125815
0.125464
0.125334
0.127788
0.125228
0.121740
0.127700
0.122809
0.132085
0.125380
0.122882
0.127531
0.124510
0.122881
0.123987
0.128846
0.122973
0.124085
0.122420
0.127456
0.127204
0.124650
0.123997
0.124949
0.122236
0.126518
0.123704
0.128554
0.126166
0.125275
0.123295
0.124628
0.124589
0.124356
0.124460
0.127484
0.124051
0.124308
0.125979
0.125052
0.123093
0.125890
0.123526
0.127525
0.125458
0.122836
0.125330
0.126040
0.122994
0.126637
0.124295
0.125745
0.121972
0.124258
0.127197
0.130063
0.125196
0.124999
0.125435
0.126900
0.123811
0.123447
0.125673
0.122735
0.125848
0.124222
0.122294
0.126978
0.124472
0.122188
0.122895
0.124264
0.124308
0.125690
0.123570
0.129963
0.123444
0.124588
0.125412
0.125310
0.122468
0.126409
0.124078
0.128649
0.121909
0.122649
0.124167
0.124427
0.124057
0.123960
0.126026
0.126364
0.125064
0.124246
0.122944
0.130224
0.125515
0.126208
0.122010
0.123899
0.122935
0.124723
0.127532
0.124406
0.124085
0.125026
0.124531
0.129031
0.125140
0.122760
0.123459
0.124855
0.123880
0.121511
0.124003
0.125338
0.124994
0.123907
0.124329
0.125037
0.124308
0.123432
0.123714
0.125862
0.123288
0.125002
0.129532
0.123945
0.124591
0.124234
0.123455
0.128942
0.126265
0.124537
0.124202
0.143808
0.125622
0.131351
0.126388
0.126844
0.123702
0.125924
0.124327
0.124715
0.124898
0.125289
0.123830
0.125361
0.124783
0.125016
0.126032
0.125419
0.133233
0.126085
0.125495
0.130003
0.126324
0.125836
0.125597
0.126923
0.128220
0.131475
0.127530
0.125266
0.130090
0.124019
0.125380
0.125883
0.135154
0.140174
0.131964
0.127431
0.132293
0.129116
0.133603
0.137474
0.132638
0.129340
0.130129
0.133333
0.125778
0.126302
0.133732
0.131792
0.125235
0.128825
0.126483
0.128517
0.125599
0.130425
0.132169
0.131583
0.127710
0.148748
0.138312
0.126449
0.125734
0.126842
0.130188
0.128343
0.130447
0.133891
0.126966
0.125940
0.128448
0.135628
0.134579
0.126077
0.133887
0.152334
0.126544
0.126805

