0.00023818
1.36412
0.110427
0.109007
0.126521
0.131112
0.122387
0.121242
0.119078
0.120827
0.122412
0.119925
0.124062
0.128326
0.122053
0.121234
0.121015
0.122036
0.122989
0.121976
0.120741
0.121319
0.121204
0.127731
0.122556
0.120504
0.119707
0.125714
0.120056
0.119354
0.120854
0.121185
0.120835
0.120322
0.122875
0.127194
0.119525
0.119986
0.121311
0.126049
0.131868
0.132413
0.119376
0.143624
0.128496
0.121754
0.120727
0.120791
0.119991
0.121216
0.120775
0.120111
0.121585
0.119472
0.121621
0.119147
0.120116
0.121602
0.126927
0.120708
0.120378
0.126383
0.121661
0.121831
0.121009
0.121295
0.121937
0.120051
0.119982
0.120629
0.119767
0.119874
0.120163
0.120809
0.120802
0.121336
0.122838
0.121943
0.123846
0.12176
0.121269
0.123323
0.122105
0.120486
0.119399
0.119501
0.123901
0.121509
0.12179
0.120406
0.121684
0.123708
0.120343
0.1207
0.12426
0.121338
0.123612
0.124321
0.127143
0.121485
0.121755
0.12121
0.119796
0.12039
0.121114
0.121845
0.123737
0.121748
0.123442
0.120189
0.120227
0.121274
0.120202
0.120726
0.12134
0.120823
0.123025
0.122006
0.121647
0.123201
0.121923
0.123216
0.121565
0.121996
0.12245
0.121277
0.121523
0.122395
0.122022
0.12154
0.12246
0.127834
0.122326
0.120798
0.121817
0.122308
0.127677
0.121578
0.123142
0.121905
0.124026
0.121297
0.121437
0.122156
0.121097
0.123759
0.129835
0.121688
0.122488
0.121689
0.123744
0.120065
0.120592
0.122814
0.122331
0.121826
0.12095
0.121725
0.121201
0.121606
0.120341
0.12065
0.125351
0.12401
0.127551
0.120666
0.120742
0.121943
0.121264
0.121266
0.120495
0.122911
0.120778
0.121288
0.126869
0.120289
0.120999
0.122355
0.122892
0.122203
0.120757
0.12089
0.125698
0.122331
0.121395
0.120978
0.121172
0.121727
0.120347
0.121145
0.121712
0.119569
0.122965
0.120488
0.119419
0.120658
0.12062
0.121314
0.121301
0.121803
0.122373
0.121666
0.12129
0.122042
0.121345
0.120417
0.120962
0.122507
0.121856
0.128007
0.119908
0.121017
0.122916
0.120469
0.122651
0.122864
0.121499
0.120635
0.120665
0.120356
0.121552
0.123214
0.122556
0.122708
0.121588
0.122079
0.129712
0.120951
0.12085
0.120692
0.124458
0.122895
0.122307
0.12451
0.121185
0.120928
0.122025
0.122484
0.12045
0.122769
0.121111
0.11861
0.120299
0.12201
0.122
0.12169
0.12221
0.120215
0.120287
0.124518
0.122334
0.122879
0.12259
0.12243
0.121993
0.123398
0.121556
0.121973
0.12047
0.120404
0.121173
0.120895
0.122102
0.120351
0.121412
0.121202
0.120674
0.120064
0.12053
0.119482
0.119823
0.119522
0.119669
0.120311
0.120382
0.121487
0.120673
0.121409
0.118717
0.120406
0.119274
0.127188
0.1226
0.120894
0.12085
0.120221
0.121574
0.121222
0.120671
0.121691
0.122221
0.12333
0.121777
0.121929
0.122859
0.121593
0.127071
0.120597
0.120907
0.121538
0.121368
0.12252
0.120506
0.121456
0.122563
0.121685
0.121619
0.12081
0.122842
0.123774
0.121372
0.121996
0.121336
0.12206
0.12115
0.123385
0.120615
0.121517
0.120483
0.12175
0.12747
0.121307
0.123066
0.128047
0.119343
0.120562
0.120855
0.119989
0.121545
0.120009
0.120806
0.121991
0.120431
0.121084
0.120091
0.11919
0.120601
0.121366
0.121566
0.122096
0.121976
0.120946
0.119457
0.120762
0.120804
0.120474
0.1206
0.122214
0.121595
0.120378
0.120921
0.120275
0.123116
0.119945
0.122531
0.121584
0.123133
0.120057
0.118887
0.119123
0.120497
0.120102
0.11921
0.119844
0.120077
0.1208
0.121856
0.120797
0.119833
0.118828
0.12079
0.120807
0.120927
0.120466
0.121255
0.118961
0.119511
0.120697
0.119762
0.121073
0.11867
0.118969
0.121185
0.121194
0.126913
0.120827
0.120823
0.120204
0.120536
0.121394
0.11997
0.11995
0.131313
0.121569
0.12016
0.119519
0.120194
0.119446
0.119233
0.119731
0.119712
0.12019
0.120967
0.120283
0.121111
0.120764
0.119832
0.121122
0.121068
0.120755
0.119655
0.122207
0.119892
0.119969
0.120412
0.120338
0.119844
0.12109
0.1205
0.119899
0.11979
0.119208
0.120921
0.119955
0.119796
0.123153
0.121718
0.121576
0.120271
0.120408
0.122684
0.120774
0.120921
0.120146
0.120559
0.120066
0.121054
0.120416
0.119662
0.120069
0.120635
0.122769
0.120832
0.120113
0.119075
0.120859
0.121714
0.119666
0.119718
0.123876
0.119645
0.119902
0.121137
0.121986
0.122007
0.121052
0.121834
0.120913
0.120043
0.120553
0.12181
0.120224
0.120548
0.119856
0.12155
0.121054
0.119158
0.121145
0.120628
0.121165
0.121035
0.121144
0.119636
0.121453
0.121916
0.121437
0.121813
0.120723
0.12081
0.11929
0.119516
0.119497
0.119036
0.119274
0.119704
0.120675
0.12162
0.119909
0.121589
0.121384
0.118733
0.120121
0.119236
0.121732
0.121632
0.121102
0.12119
0.121517
0.118929
0.120883
0.120697
0.121162
0.120753
0.122096
0.124283
0.12208
0.121759
0.120868
0.122146
0.120379
0.119293
0.120217
0.120701
0.120461
0.120191
0.120513
0.121159
0.120327
0.119498
0.120333
0.119559
0.119987
0.119448
0.120036
0.119441
0.119437
0.119525
0.12033
0.118793
0.120196
0.120578
0.121285
0.11941
0.119943
0.120664
0.12123
0.12016
0.120964
0.120817
0.119825
0.119588
0.126722
0.120484
0.120613
0.120986
0.119635
0.121492
0.120596
0.121208
0.121615
0.12117
0.121135
0.120507
0.119747
0.120284
0.120557
0.119501
0.12081
0.119734
0.118785
0.121617
0.121049
0.12025
0.121664
0.121626
0.120708
0.120955
0.11992
0.120967
0.120927
0.121339
0.11994
0.119737
0.11984
0.11942
0.121071
0.120814
0.120996
0.120026
0.12059
0.121291
0.121344
0.128382
0.120993
0.121293
0.120974
0.119416
0.126255
0.118839
0.118844
0.126475
0.119845
0.119964
0.11985
0.122064
0.119385
0.121635
0.12087
0.121264
0.120898
0.120176
0.120564
0.121813
0.119162
0.119431
0.118714
0.120327
0.120824
0.11991
0.121574
0.121484
0.120482
0.119872
0.120857
0.119568
0.12072
0.120737
0.121465
0.120284
0.121247
0.121898
0.121725
0.121831
0.120278
0.119836
0.11992
0.120688
0.118904
0.119918
0.118909
0.120028
0.12144
0.121947
0.121472
0.120941
0.119747
0.127285
0.120031
0.12002
0.120369
0.120232
0.120644
0.120057
0.118602
0.125032
0.12011
0.120709
0.121491
0.120415
0.121265
0.121087
0.121999
0.121139
0.120413
0.121011
0.120278
0.119957
0.120271
0.119902
0.120427
0.118563
0.120323
0.119537
0.118997
0.119552
0.120396
0.119796
0.120558
0.120426
0.121165
0.119863
0.11922
0.120789
0.121061
0.121051
0.121473
0.124019
0.126025
0.119383
0.12045
0.121859
0.12429
0.12033
0.119828
0.120319
0.120731
0.120846
0.120574
0.119831
0.121653
0.121262
0.120652
0.120214
0.12517
0.11965
0.119882
0.1198
0.119926
0.120678
0.121434
0.118578
0.120263
0.119872
0.12006
0.126729
0.119716
0.12026
0.121459
0.121873
0.122517
0.119423
0.11987
0.119229
0.120992
0.119748
0.120254
0.119623
0.121078
0.12021
0.120398
0.121071
0.120445
0.120877
0.123459
0.120731
0.11987
0.120055
0.121558
0.121618
0.120861
0.122748
0.120293
0.120858
0.120334
0.120219
0.118897
0.120005
0.121239
0.120804
0.123601
0.119534
0.121175
0.120532
0.122244
0.118685
0.120557
0.119518
0.120417
0.12357
0.120597
0.120447
0.120476
0.120013
0.121533
0.119853
0.119103
0.119322
0.119639
0.120923
0.123628
0.120104
0.12136
0.12064
0.120331
0.119691
0.127533
0.121298
0.119689
0.118824
0.122138
0.12023
0.121538
0.120419
0.129
0.119939
0.121251
0.120916
0.12149
0.120925
0.128308
0.119774
0.119876
0.12029
0.122237
0.12135
0.121998
0.121705
0.120095
0.120904
0.120631
0.120086
0.119924
0.119761
0.120829
0.120923
0.120908
0.120205
0.121573
0.12123
0.120361
0.11931
0.121063
0.120928
0.120822
0.12058
0.121789
0.121734
0.121123
0.120912
0.120273
0.117831
0.119877
0.120667
0.120187
0.120023
0.121449
0.121118
0.12185
0.121665
0.120767
0.119338
0.119804
0.121014
0.12099
0.119669
0.120468
0.121048
0.121116
0.120891
0.11953
0.11943
0.119566
0.120259
0.118774
0.119415
0.118419
0.120054
0.120725
0.120314
0.120484
0.11931
0.120238
0.120024
0.119127
0.12087
0.121081
0.127683
0.121579
0.119776
0.120022
0.119723
0.120749
0.118988
0.118319
0.119257
0.120684
0.120838
0.119531
0.120858
0.119646
0.119622
0.125713
0.119671
0.119229
0.119086
0.118798
0.11988
0.118864
0.118215
0.120131
0.119831
0.118941
0.119147
0.121347
0.120089
0.120845
0.121189
0.121386
0.11896
0.119725
0.119153
0.120585
0.121659
0.119716
0.119434
0.119664
0.12108
0.121428
0.120902
0.120276
0.121001
0.120431
0.119914
0.121339
0.11942
0.119323
0.119593
0.11974
0.124189
0.120449
0.120178
0.121171
0.120038
0.119706
0.121464
0.119131
0.120586
0.119986
0.120774
0.12082
0.121237
0.126502
0.119789
0.12164
0.120711
0.121366
0.121386
0.121165
0.121274
0.120372
0.119921
0.120581
0.11951
0.121767
0.121085
0.120598
0.121461
0.119703
0.119681
0.121475
0.120518
0.121207
0.121708
0.118751
0.120448
0.119461
0.124514
0.12097
0.119935
0.120111
0.12028
0.119815
0.121527
0.118993
0.119626
0.12
0.118977
0.12089
0.121195
0.120626
0.123758
0.120548
0.119389
0.121233
0.121067
0.120831
0.120231
0.125378
0.11955
0.120635
0.121958
0.120726
0.120987
0.120378
0.120396
0.119207
0.119293
0.12051
0.118349
0.119636
0.119909
0.122951
0.120517
0.120744
0.120866
0.121427
0.126036
0.121776
0.120485
0.12619
0.119159
0.119399
0.121889
0.119314
0.118892
0.119555
0.121099
0.121221
0.120315
0.12199
0.122027
0.120105
0.120909
0.120629
0.125099
0.118978
0.120365
0.121118
0.11997
0.11995
0.120032
0.120862
0.119966
0.121047
0.122446
0.122206
0.121528
0.118948
0.120417
0.119033
0.120192
0.121034
0.120548
0.122074
0.120791
0.120226
0.120828
0.120376
0.11983
0.122012
0.122005
0.120334
0.119916
0.119492
0.121977
0.120283
0.119643
0.120953
0.120611
0.120858
0.121337
0.122178
0.121082
0.120974
0.125303
0.120438
0.121546
0.120606
0.1214
0.120259
0.121337
0.120478
0.12145
0.119191
0.12062
0.122744
0.120848
0.120754
0.119411
0.120926
0.120519
0.120158
0.120836
0.121339
0.121326
0.121883
0.120977
0.121039
0.121757
0.126387
0.120909
0.120551
0.120517
0.11981
0.119854
0.121554
0.122288
0.12046
0.120479
0.12155
0.120707
0.121252
0.121065
0.121792
0.120999
0.121166
0.121485
0.121597
0.122594
0.11979
0.125902
0.118728
0.12693
0.120014
0.119776
0.120084
0.120241
0.121206
0.129797
0.120787
0.120284
0.120262
0.119374
0.120667
0.119263
0.118973
0.122994
0.121466
0.120538
0.119751
0.120775
0.119536
0.120196
0.119466
0.120261
0.119056
0.119039
0.120607
0.11989
0.12137
0.119986
0.120559
0.120878
0.120515
0.119877
0.12708
0.120737
0.11984
0.120991
0.120061
0.117893
0.119756
0.120963
0.122294
0.121392
0.121986
0.121953
0.120754
0.120664
0.119025
0.12073
0.118946
0.121557
0.120493
0.120639
0.120175
0.121673
0.121031
0.127476
0.119826
0.122315
0.12161
0.120114
0.124876
0.121601
0.119594
0.119034
0.118283
0.121005
0.120822
0.120894
0.12132
0.121142
0.120036
0.119138
0.120829
0.125112
0.120299
0.120163
0.12074
0.120749
0.12188
0.120288
0.121476
0.122079
0.119993
0.119939
0.121279
0.120758
0.118208
0.120098
0.126129
0.119395
0.121089
0.120419
0.12044
0.120378
0.120062
0.120844
0.120519
0.120288
0.120392
0.119579
0.119172
0.121972
0.120633
0.120566
0.120379
0.120918
0.119905
0.119827
0.121168
0.120921
0.121158
0.123125
0.120552
0.120526
0.120386
0.119517
0.121725
0.120394
0.119941
0.119927
0.119805
0.118996
0.119502
0.11841
0.119002
0.119341
0.120374
0.120101
0.119653
0.121308
0.120768
0.12302
0.118998
0.120246
0.119458
0.119584
0.119907
0.121151
0.120503
0.120396
0.119473
0.121934
0.121253
0.120634
0.123424
0.120134
0.119847
0.120409
0.121194
0.119456
0.119649
0.118567
0.120442
0.120499
0.120076
0.120935
0.119882
0.120904
0.121585
0.120236
0.11958
0.11923
0.120386
0.12093
0.120043
0.120652
0.121811
0.119462
0.120488
0.120972
0.120474
0.120158
0.119276
0.119183
0.120195
0.120267
0.119755
0.120916
0.121014
0.120293
0.121187
0.120458
0.121137
0.119164
0.119465
0.119173
0.119597
0.126948
0.119914
0.119329
0.122628
0.121192
0.11982
0.121266
0.120126
0.120473
0.119145
0.121159
0.121769
0.121006
0.122694
0.121357
0.121228
0.120491
0.119731
0.120054
0.119904
0.120184
0.120842
0.12688
0.120053
0.119888
0.128136
0.121014
0.121512
0.120853
0.120304
0.119717
0.12114
0.120596
0.120153
0.118431
0.120435
0.120939
0.120438
0.124011
0.12123
0.120019
0.123028
0.120905
0.120317
0.118517
0.120211
0.120941
0.121309
0.120641
0.120418
0.119695
0.119351
0.121221
0.120238
0.121021
0.121238
0.120523
0.120216
0.127083
0.126874
0.123031
0.121344
0.121058
0.119692
0.12058
0.119892
0.123881
0.120804
0.119472
0.120185
0.120059
0.120381
0.120696
0.119141
0.120091
0.120384
0.121051
0.121431
0.121456
0.121262
0.127795
0.120892
0.120214
0.120568
0.120495
0.121245
0.119168
0.119743
0.122082
0.122157
0.120775
0.121487
0.119723
0.118291
0.120978
0.121276
0.121196
0.120224
0.11875
0.120464
0.120505
0.119452
0.121117
0.120797
0.11991
0.120404
0.121082
0.119874
0.120647
0.122125
0.120739
0.119768
0.119269
0.119812
0.120196
0.123513
0.120582
0.120223
0.120118
0.120552
0.120033
0.121036
0.121656
0.12094
0.119488
0.120497
0.120102
0.121632
0.120491
0.126714
0.120819
0.121115
0.122542
0.120169
0.119571
0.121941
0.120478
0.120216
0.12017
0.121062
0.120662
0.120306
0.11893
0.120929
0.120479
0.119855
0.120496
0.121552
0.120398
0.120358
0.118115
0.119842
0.119756
0.119321
0.118712
0.118446
0.118972
0.120501
0.120003
0.120572
0.120366
0.119107
0.120061
0.120793
0.120566
0.120382
0.120828
0.120576
0.120022
0.12102
0.121128
0.11958
0.119435
0.120367
0.120273
0.118951
0.119553
0.119721
0.120616
0.120658
0.126887
0.121362
0.12163
0.120002
0.120368
0.121239
0.12073
0.11923
0.118781
0.120932
0.120758
0.120641
0.121726
0.121471
0.121724
0.121465
0.121691
0.121272
0.120744
0.11938
0.120818
0.122056
0.1204
0.12031
0.119813
0.119849
0.121025
0.11938
0.120768
0.119619
0.120708
0.1216
0.120406
0.119791
0.119072
0.121638
0.119894
0.119877
0.119463
0.121404
0.120104
0.120535
0.120418
0.120172
0.120377
0.119957
0.120313
0.120115
0.119187
0.124654
0.121314
0.120537
0.119825
0.120665
0.122103
0.119353
0.119111
0.119386
0.1199
0.119393
0.119462
0.120497
0.119791
0.11864
0.119371
0.119755
0.120735
0.120613
0.120104
0.122609
0.120354
0.119547
0.121043
0.120819
0.12029
0.12073
0.119754
0.11935
0.121206
0.120825
0.121145
0.11992
0.120561
0.121306
0.12103
0.121404
0.120516
0.119253
0.120715
0.120467
0.119619
0.12041
0.120846
0.122957
0.120866
0.120781
0.121001
0.119393
0.119749
0.122016
0.120013
0.11971
0.120189
0.12424
0.1276
0.11965
0.118986
0.124636
0.119161
0.122279
0.122054
0.120881
0.121534
0.12011
0.121128
0.121714
0.121657
0.120921
0.120175
0.119904
0.118903
0.12077
0.120697
0.119167
0.119929
0.121931
0.120115
0.120556
0.126612
0.120016
0.119071
0.11871
0.120306
0.120413
0.120673
0.121389
0.121192
0.119626
0.120659
0.119862
0.11989
0.120371
0.119015
0.120712
0.120738
0.11991
0.120227
0.121049
0.121802
0.120827
0.120061
0.12882
0.119537
0.119996
0.12084
0.118435
0.118546
0.120684
0.1212
0.121361
0.120714
0.119615
0.120553
0.120367
0.120716
0.121481
0.120002
0.119391
0.118081
0.119442
0.121638
0.120233
0.120519
0.118656
0.120201
0.124458
0.121232
0.119864
0.11975
0.121056
0.121116
0.120377
0.118501
0.119051
0.120202
0.120796
0.119999
0.122312
0.12024
0.121837
0.121459
0.121047
0.122132
0.121019
0.119983
0.121491
0.120841
0.120633
0.120767
0.120482
0.119999
0.120444
0.120873
0.122568
0.121074
0.120982
0.12187
0.12091
0.11912
0.120336
0.120411
0.11923
0.118838
0.120697
0.119305
0.121252
0.120506
0.120527
0.120014
0.120511
0.120545
0.120579
0.120318
0.120586
0.119139
0.121691
0.12172
0.120521
0.121094
0.120675
0.123001
0.122125
0.122176
0.122143
0.121627
0.120937
0.121058
0.120569
0.120686
0.12017
0.121044
0.120466
0.121206
0.12052
0.1214
0.121467
0.123058
0.121125
0.119683
0.120465
0.121381
0.120433
0.12157
0.121732
0.120535
0.121735
0.121488
0.120633
0.121585
0.121481
0.12043
0.121217
0.121408
0.121779
0.121846
0.121639
0.121027
0.120267
0.118369
0.119149
0.120466
0.119648
0.120584
0.120499
0.119772
0.120466
0.128133
0.120868
0.121957
0.119477
0.120742
0.121052
0.122159
0.126613
0.120301
0.120862
0.120636
0.120291
0.120248
0.120644
0.11931
0.119668
0.118618
0.121047
0.120753
0.120103
0.12078
0.120559
0.119936
0.121281
0.120529
0.119051
0.120478
0.121206
0.121589
0.123672
0.121296
0.122142
0.120665
0.119744
0.120273
0.119854
0.121007
0.121245
0.121088
0.120943
0.119622
0.118265
0.11834
0.118854
0.119784
0.120452
0.12086
0.121684
0.120932
0.120081
0.119832
0.119685
0.119987
0.120775
0.119093
0.119955
0.119979
0.120351
0.120973
0.119806
0.118814
0.119837
0.122625
0.120928
0.121107
0.120973
0.121198
0.118623
0.119469
0.121437
0.120589
0.121262
0.121149
0.120547
0.120558
0.119779
0.120568
0.120093
0.119464
0.123121
0.119604
0.120545
0.120554
0.121735
0.1208
0.120232
0.119716
0.11935
0.119456
0.128254
0.12677
0.126018
0.124922
0.122247
0.137244
0.123319
0.118624
0.119867
0.119455
0.122291
0.121247
0.129433
0.125365
0.128365
0.128346
0.12422
0.12553
0.145042
0.119656
0.122883
0.12068
0.120154
0.130424
0.132555
0.134624
0.126101
0.131932
0.127238
0.120667
0.120157
0.123884
0.123234
0.120609
0.119447
0.122398
0.13526
