 7338 root      20   0 34.711g 0.983g 160072 S  66.7  3.2   0:45.25 darknet_ros
 7338 root      20   0 34.711g 0.983g 160088 S  58.1  3.2   0:45.86 darknet_ros
 7338 root      20   0 34.711g 0.983g 160096 S  57.7  3.2   0:46.46 darknet_ros
 7338 root      20   0 34.711g 0.983g 160112 S  61.2  3.2   0:47.09 darknet_ros
 7338 root      20   0 34.711g 0.983g 160120 S  58.7  3.2   0:47.70 darknet_ros
 7338 root      20   0 34.711g 0.983g 160132 S  57.3  3.2   0:48.29 darknet_ros
 7338 root      20   0 34.711g 0.983g 160144 S  60.0  3.2   0:48.92 darknet_ros
 7338 root      20   0 34.711g 0.983g 160160 S  60.6  3.2   0:49.55 darknet_ros
 7338 root      20   0 34.711g 0.983g 160168 S  57.7  3.2   0:50.15 darknet_ros
 7338 root      20   0 34.711g 0.983g 160180 S  58.3  3.2   0:50.75 darknet_ros
 7338 root      20   0 34.711g 0.983g 160192 S  57.7  3.2   0:51.35 darknet_ros
 7338 root      20   0 34.711g 0.983g 160204 S  64.4  3.2   0:52.02 darknet_ros
 7338 root      20   0 34.711g 0.983g 160220 S  58.7  3.2   0:52.63 darknet_ros
 7338 root      20   0 34.711g 0.983g 160228 S  57.7  3.2   0:53.23 darknet_ros
 7338 root      20   0 34.711g 0.983g 160236 S  59.2  3.2   0:53.84 darknet_ros
 7338 root      20   0 34.711g 0.983g 160236 S  57.7  3.2   0:54.44 darknet_ros
 7338 root      20   0 34.711g 0.983g 160240 S  61.5  3.2   0:55.08 darknet_ros
 7338 root      20   0 34.711g 0.983g 160240 S  58.7  3.2   0:55.69 darknet_ros
 7338 root      20   0 34.711g 0.983g 160244 S  57.3  3.2   0:56.28 darknet_ros
 7338 root      20   0 34.711g 0.983g 160244 S  57.7  3.2   0:56.88 darknet_ros
 7338 root      20   0 34.711g 0.983g 160248 S  56.3  3.2   0:57.46 darknet_ros
 7338 root      20   0 34.711g 0.983g 160248 S  65.4  3.2   0:58.14 darknet_ros
 7338 root      20   0 34.711g 0.983g 160252 S  58.7  3.2   0:58.75 darknet_ros
 7338 root      20   0 34.711g 0.983g 160252 S  59.6  3.2   0:59.37 darknet_ros
 7338 root      20   0 34.711g 0.983g 160256 S  58.3  3.2   0:59.97 darknet_ros
 7338 root      20   0 34.711g 0.983g 160256 S  63.5  3.2   1:00.63 darknet_ros
 7338 root      20   0 34.711g 0.983g 160260 S  57.7  3.2   1:01.23 darknet_ros
 7338 root      20   0 34.711g 0.983g 160260 S  58.7  3.2   1:01.84 darknet_ros
 7338 root      20   0 34.711g 0.983g 160264 S  58.3  3.2   1:02.44 darknet_ros
 7338 root      20   0 34.711g 0.983g 160268 S  62.5  3.2   1:03.09 darknet_ros
 7338 root      20   0 34.711g 0.983g 160268 S  59.6  3.2   1:03.71 darknet_ros
 7338 root      20   0 34.711g 0.983g 160272 S  58.3  3.2   1:04.31 darknet_ros
 7338 root      20   0 34.711g 0.983g 160272 S  57.7  3.2   1:04.91 darknet_ros
 7338 root      20   0 34.711g 0.983g 160276 S  62.5  3.2   1:05.56 darknet_ros
 7338 root      20   0 34.711g 0.983g 160276 S  59.6  3.2   1:06.18 darknet_ros
 7338 root      20   0 34.711g 0.983g 160280 S  59.6  3.2   1:06.80 darknet_ros
 7338 root      20   0 34.711g 0.983g 160280 S  57.3  3.2   1:07.39 darknet_ros
 7338 root      20   0 34.711g 0.983g 160284 S  58.7  3.2   1:08.00 darknet_ros
 7338 root      20   0 34.711g 0.983g 160284 S  62.5  3.2   1:08.65 darknet_ros
 7338 root      20   0 34.711g 0.983g 160288 S  59.6  3.2   1:09.27 darknet_ros
 7338 root      20   0 34.711g 0.983g 160288 S  58.3  3.2   1:09.87 darknet_ros
 7338 root      20   0 34.711g 0.983g 160292 S  58.7  3.2   1:10.48 darknet_ros
 7338 root      20   0 34.711g 0.983g 160296 S  60.6  3.2   1:11.11 darknet_ros
 7338 root      20   0 34.711g 0.983g 160296 S  62.5  3.2   1:11.76 darknet_ros
 7338 root      20   0 34.711g 0.983g 160300 S  58.3  3.2   1:12.36 darknet_ros
 7338 root      20   0 34.711g 0.983g 160300 S  56.7  3.2   1:12.95 darknet_ros
 7338 root      20   0 34.711g 0.983g 160304 S  58.7  3.2   1:13.56 darknet_ros
 7338 root      20   0 34.711g 0.983g 160304 S  60.6  3.2   1:14.19 darknet_ros
 7338 root      20   0 34.711g 0.983g 160308 S  61.2  3.2   1:14.82 darknet_ros
 7338 root      20   0 34.711g 0.983g 160308 S  57.7  3.2   1:15.42 darknet_ros
 7338 root      20   0 34.711g 0.983g 160312 S  59.6  3.2   1:16.04 darknet_ros
 7338 root      20   0 34.711g 0.983g 160312 S  61.2  3.2   1:16.67 darknet_ros
 7338 root      20   0 34.711g 0.983g 160316 S  61.0  3.2   1:17.31 darknet_ros
 7338 root      20   0 34.711g 0.983g 160316 S  59.2  3.2   1:17.92 darknet_ros
 7338 root      20   0 34.711g 0.983g 160320 S  57.7  3.2   1:18.52 darknet_ros
 7338 root      20   0 34.711g 0.983g 160320 S  60.2  3.2   1:19.14 darknet_ros
 7338 root      20   0 34.711g 0.983g 160324 S  61.9  3.2   1:19.79 darknet_ros
 7338 root      20   0 34.711g 0.983g 160324 S  58.7  3.2   1:20.40 darknet_ros
 7338 root      20   0 34.711g 0.983g 160328 S  58.3  3.2   1:21.00 darknet_ros
 7338 root      20   0 34.711g 0.983g 160328 S  55.8  3.2   1:21.58 darknet_ros
 7338 root      20   0 34.711g 0.983g 160332 S  61.2  3.2   1:22.21 darknet_ros
 7338 root      20   0 34.711g 0.983g 160336 S  60.6  3.2   1:22.84 darknet_ros
 7338 root      20   0 34.711g 0.983g 160336 S  58.7  3.2   1:23.45 darknet_ros
 7338 root      20   0 34.711g 0.983g 160340 S  56.7  3.2   1:24.04 darknet_ros
 7338 root      20   0 34.711g 0.983g 160340 S  60.6  3.2   1:24.67 darknet_ros
 7338 root      20   0 34.711g 0.983g 160344 S  63.5  3.2   1:25.33 darknet_ros
 7338 root      20   0 34.711g 0.983g 160344 S  57.7  3.2   1:25.93 darknet_ros
 7338 root      20   0 34.711g 0.983g 160348 S  58.3  3.2   1:26.53 darknet_ros
 7338 root      20   0 34.711g 0.983g 160348 S  56.7  3.2   1:27.12 darknet_ros
 7338 root      20   0 34.711g 0.983g 160352 S  61.5  3.2   1:27.76 darknet_ros
 7338 root      20   0 34.711g 0.983g 160352 S  58.7  3.2   1:28.37 darknet_ros
 7338 root      20   0 34.711g 0.983g 160356 S  59.2  3.2   1:28.98 darknet_ros
 7338 root      20   0 34.711g 0.983g 160356 S  57.7  3.2   1:29.58 darknet_ros
 7338 root      20   0 34.711g 0.983g 160360 S  60.6  3.2   1:30.21 darknet_ros
 7338 root      20   0 34.711g 0.983g 160364 S  63.1  3.2   1:30.86 darknet_ros
 7338 root      20   0 34.711g 0.983g 160364 S  58.7  3.2   1:31.47 darknet_ros
 7338 root      20   0 34.711g 0.983g 160368 S  56.7  3.2   1:32.06 darknet_ros
 7338 root      20   0 34.711g 0.983g 160368 S  61.2  3.2   1:32.69 darknet_ros
 7338 root      20   0 34.711g 0.983g 160372 S  61.0  3.2   1:33.33 darknet_ros
 7338 root      20   0 34.711g 0.983g 160372 S  57.3  3.2   1:33.92 darknet_ros
 7338 root      20   0 34.711g 0.983g 160376 S  58.7  3.2   1:34.53 darknet_ros
 7338 root      20   0 34.711g 0.983g 160376 S  58.3  3.2   1:35.13 darknet_ros
 7338 root      20   0 34.711g 0.983g 160380 S  63.5  3.2   1:35.79 darknet_ros
 7338 root      20   0 34.711g 0.983g 160380 S  57.7  3.2   1:36.39 darknet_ros
 7338 root      20   0 34.711g 0.983g 160384 S  57.7  3.2   1:36.99 darknet_ros
 7338 root      20   0 34.711g 0.983g 160384 S  61.2  3.2   1:37.62 darknet_ros
 7338 root      20   0 34.711g 0.983g 160388 S  60.0  3.2   1:38.25 darknet_ros
 7338 root      20   0 34.711g 0.983g 160388 S  59.2  3.2   1:38.86 darknet_ros
 7338 root      20   0 34.711g 0.983g 160392 S  56.2  3.2   1:39.45 darknet_ros
 7338 root      20   0 34.711g 0.983g 160396 S  64.4  3.2   1:40.12 darknet_ros
 7338 root      20   0 34.711g 0.983g 160396 S  61.2  3.2   1:40.75 darknet_ros
 7338 root      20   0 34.711g 0.983g 160400 S  54.8  3.2   1:41.32 darknet_ros
 7338 root      20   0 34.711g 0.983g 160400 S  64.4  3.2   1:41.99 darknet_ros
 7338 root      20   0 34.711g 0.983g 160404 S  58.7  3.2   1:42.60 darknet_ros
 7338 root      20   0 34.711g 0.983g 160404 S  57.3  3.2   1:43.19 darknet_ros
 7338 root      20   0 34.711g 0.983g 160408 S  62.5  3.2   1:43.84 darknet_ros
 7338 root      20   0 34.711g 0.983g 160408 S  58.7  3.2   1:44.45 darknet_ros
 7338 root      20   0 34.711g 0.983g 160412 S  57.3  3.2   1:45.04 darknet_ros
 7338 root      20   0 34.711g 0.983g 160412 S  57.7  3.2   1:45.64 darknet_ros
 7338 root      20   0 34.711g 0.983g 160416 S  57.7  3.2   1:46.24 darknet_ros
