0.160521
0.170267
0.181116
0.17976
0.187875
0.182967
0.191626
0.175994
0.166812
0.180083
0.167007
0.166273
0.16564
0.17531
0.166243
0.166491
0.166213
0.177087
0.181105
0.184756
0.181682
0.165722
0.166178
0.16865
0.165859
0.170185
0.164945
0.16473
0.168091
0.167032
0.166287
0.166245
0.171103
0.167473
0.168451
0.169577
0.167546
0.167167
0.171975
0.16882
0.167829
0.169101
0.165582
0.169669
0.166315
0.166877
0.168437
0.166664
0.166574
0.16826
0.168682
0.16739
0.165457
0.167805
0.164764
0.164295
0.168628
0.167368
0.165424
0.1653
0.164944
0.169851
0.1666
0.166033
0.167572
0.166391
0.167932
0.168764
0.16743
0.16588
0.166048
0.169149
0.16623
0.170496
0.166859
0.169242
0.165766
0.166498
0.16789
0.173462
0.168446
0.167616
0.170388
0.166945
0.166397
0.167744
0.169669
0.166643
0.166021
0.171607
0.16692
0.16687
0.166955
0.166406
0.165643
0.167067
0.175798
0.168883
0.167406
0.166894
0.167743
0.166159
0.167027
0.166158
0.166684
0.167814
0.167497
0.16744
0.166306
0.166662
0.16649
0.167052
0.167445
0.165588
0.165272
0.16495
0.16662
0.165852
0.167125
0.165524
0.166541
0.167158
0.16709
0.167131
0.1669
0.167032
0.178569
0.166445
0.167185
0.165515
0.166016
0.165652
0.165482
0.165156
0.167249
0.166211
0.166976
0.167048
0.166036
0.16947
0.166162
0.165936
0.164945
0.165976
0.166432
0.165532
0.16543
0.166106
0.165277
0.16532
0.165651
0.165082
0.166254
0.165671
0.16613
0.166502
0.165963
0.16636
0.165817
0.167309
0.16844
0.166463
0.166424
0.169271
0.167535
0.166631
0.165837
0.166409
0.166843
0.165977
0.166213
0.166534
0.167266
0.172621
0.167502
0.166319
0.165418
0.165493
0.17621
0.166989
0.16608
0.164339
0.16494
0.164629
0.165678
0.164123
0.164935
0.16487
0.165402
0.165809
0.167595
0.165702
0.165729
0.165548
0.17047
0.166923
0.166997
0.167925
0.165473
0.165641
0.172889
0.165784
0.165038
0.165534
0.16513
0.165397
0.165937
0.165835
0.167124
0.166123
0.16683
0.165927
0.166185
0.165602
0.166009
0.165794
0.166683
0.17734
0.166382
0.166699
0.168164
0.166773
0.166379
0.1654
0.165268
0.165498
0.163991
0.16514
0.166126
0.168083
0.167636
0.168478
0.167627
0.167825
0.17068
0.1702
0.167023
0.166419
0.166229
0.167754
0.165437
0.167356
0.166706
0.167065
0.170063
0.166232
0.169095
0.16526
0.166285
0.166633
0.167255
0.170506
0.165863
0.166669
0.166463
0.166773
0.176114
0.167369
0.178916
0.165598
0.166453
0.166911
0.167152
0.166162
0.167244
0.166762
0.167163
0.168422
0.167477
0.167161
0.169632
0.16721
0.166567
0.166908
0.167594
0.171445
0.166657
0.167903
0.166961
0.167145
0.169652
0.166071
0.165754
0.165987
0.165586
0.164595
0.165908
0.166612
0.166877
0.166522
0.166727
0.167247
0.171032
0.165873
0.166247
0.165609
0.166121
0.166178
0.170327
0.167075
0.165447
0.165967
0.167598
0.167041
0.168062
0.175526
0.166638
0.167336
0.167643
0.166961
0.166036
0.168527
0.166632
0.166874
0.17003
0.166107
0.166225
0.165922
0.164511
0.1677
0.16711
0.165115
0.164871
0.164966
0.165795
0.1655
0.164713
0.165741
0.166045
0.165393
0.165332
0.164458
0.164641
0.168849
0.164334
0.164972
0.165929
0.165406
0.164849
0.165202
0.165593
0.165349
0.165842
0.165195
0.165669
0.165376
0.171404
0.166057
0.166647
0.16572
0.165195
0.164818
0.165921
0.166252
0.165811
0.168346
0.166328
0.167741
0.16617
0.165663
0.165996
0.165277
0.165686
0.165595
0.16741
0.165082
0.165024
0.165532
0.164933
0.164356
0.169875
0.166368
0.165444
0.165923
0.165201
0.166099
0.165494
0.164933
0.166409
0.166103
0.164865
0.164623
0.167571
0.166234
0.165241
0.165733
0.164567
0.165084
0.167044
0.164363
0.165123
0.165314
0.165795
0.16989
0.164522
0.163694
0.163696
0.166688
0.166893
0.164596
0.164992
0.166534
0.166114
0.165798
0.166539
0.16526
0.165188
0.167288
0.166932
0.16705
0.167899
0.17171
0.170472
0.167543
0.166036
0.178221
0.165613
0.167182
0.165355
0.165263
0.165944
0.164949
0.165328
0.170479
0.165573
0.164461
0.164312
0.164586
0.165704
0.164178
0.165726
0.164937
0.164565
0.165908
0.167517
0.166484
0.165703
0.165596
0.175932
0.166904
0.166355
0.166171
0.165921
0.16419
0.168113
0.165224
0.168584
0.166549
0.165967
0.168849
0.165328
0.165737
0.165019
0.16473
0.167165
0.164713
0.164278
0.164416
0.165322
0.167652
0.163942
0.164991
0.165263
0.166021
0.165753
0.174597
0.166773
0.165161
0.166223
0.165385
0.16629
0.164841
0.164814
0.164786
0.165283
0.164938
0.16495
0.165287
0.164814
0.165873
0.177716
0.164247
0.165894
0.165704
0.164812
0.164769
0.165523
0.165557
0.166022
0.165264
0.164743
0.165703
0.164669
0.166758
0.166821
0.165591
0.166275
0.165513
0.165914
0.165351
0.166091
0.166801
0.169211
0.165854
0.166732
0.1659
0.165963
0.165832
0.165198
0.164812
0.165754
0.165512
0.167134
0.166538
0.165683
0.166561
0.166361
0.166525
0.166698
0.165079
0.16431
0.165056
0.164827
0.167608
0.165011
0.165699
0.164775
0.166595
0.168086
0.166344
0.16811
0.165771
0.174364
0.167972
0.165804
0.167758
0.165947
0.166334
0.165069
0.165689
0.166057
0.166392
0.166737
0.166899
0.166033
0.165441
0.166105
0.165093
0.167849
0.165597
0.165858
0.164829
0.171679
0.166942
0.167214
0.164866
0.164724
0.166034
0.165763
0.16596
0.16502
0.165028
0.165086
0.165193
0.176857
0.165561
0.165409
0.167832
0.167175
0.16566
0.165495
0.165049
0.16933
0.16553
0.165951
0.165234
0.164974
0.165616
0.165099
0.165751
0.182601
0.165993
0.166565
0.164861
0.165876
0.16667
0.167152
0.166143
0.167522
0.166345
0.166061
0.16437
0.166719
0.166529
0.165448
0.164834
0.165944
0.165619
0.167814
0.165361
0.166617
0.165688
0.164621
0.16445
0.167652
0.165727
0.168861
0.166235
0.166418
0.16637
0.166521
0.165922
0.16588
0.169137
0.165962
0.165339
0.166644
0.165266
0.16571
0.164578
0.165722
0.166621
0.166364
0.166786
0.163818
0.165183
0.165302
0.164605
0.164675
0.166094
0.164348
0.165619
0.172275
0.164899
0.165399
0.166141
0.165846
0.166573
0.165717
0.166257
0.165215
0.17751
0.166604
0.166268
0.166759
0.166163
0.165841
0.167104
0.165937
0.164564
0.166369
0.165002
0.164876
0.165582
0.165235
0.173295
0.164233
0.164401
0.16536
0.165644
0.165193
0.166977
0.173048
0.165454
0.167413
0.164893
0.165274
0.164676
0.163907
0.165393
0.164981
0.172387
0.166312
0.167274
0.166462
0.166722
0.167568
0.165555
0.166896
0.167695
0.17648
0.168556
0.167272
0.166397
0.16666
0.166089
0.167568
0.167565
0.16641
0.167447
0.166428
0.165488
0.165898
0.166709
0.165731
0.166212
0.165521
0.168223
0.164809
0.165482
0.165728
0.167017
0.164674
0.168706
0.167621
0.167651
0.165478
0.164511
0.165687
0.165214
0.165233
0.163981
0.164281
0.16428
0.164738
0.164508
0.166314
0.170825
0.166157
0.164733
0.163749
0.171835
0.169739
0.16549
0.165268
0.164846
0.171911
0.165385
0.164764
0.165399
0.164891
0.165429
0.164652
0.165164
0.166179
0.165734
0.164679
0.165719
0.164588
0.168405
0.165497
0.166926
0.165949
0.166062
0.165288
0.169391
0.165768
0.168632
0.16627
0.165926
0.165432
0.166173
0.166964
0.166241
0.166585
0.165891
0.17004
0.165967
0.168898
0.165385
0.165678
0.166521
0.165677
0.165148
0.171099
0.166019
0.165041
0.167256
0.166595
0.163847
0.166659
0.166921
0.166688
0.165893
0.165231
0.164782
0.165562
0.165946
0.165968
0.16581
0.166152
0.16685
0.167397
0.166471
0.167089
0.165869
0.16605
0.166626
0.166246
0.166796
0.166402
0.16661
0.173097
0.166061
0.166203
0.168126
0.165688
0.166339
0.165939
0.165314
0.166415
0.165226
0.164966
0.168491
0.166576
0.166117
0.169479
0.168356
0.166432
0.169672
0.165029
0.163805
0.165069
0.164632
0.164969
0.164921
0.16457
0.165676
0.165039
0.166433
0.165619
0.164936
0.175971
0.166468
0.165974
0.165495
0.172026
0.166271
0.166699
0.174893
0.166302
0.165511
0.166329
0.165487
0.167619
0.166365
0.166589
0.165659
0.165531
0.172592
0.165464
0.166652
0.164947
0.168941
0.165496
0.166268
0.167693
0.166649
0.169171
0.167289
0.171823
0.166978
0.165558
0.166432
0.166501
0.165561
0.166591
0.170012
0.166465
0.170188
0.166044
0.166131
0.165892
0.167099
0.166179
0.166289
0.165995
0.166785
0.165358
0.16548
0.165489
0.166722
0.170909
0.165844
0.165059
0.165282
0.165183
0.164765
0.164445
0.166488
0.164577
0.163674
0.165953
0.167586
0.166718
0.165561
0.165331
0.17534
0.165827
0.165049
0.164908
0.168652
0.164525
0.166695
0.164366
0.168637
0.167841
0.165855
0.164184
0.165942
0.164048
0.170204
0.165753
0.165742
0.165723
0.166103
0.170474
0.171511
0.166305
0.166671
0.16624
0.167377
0.166345
0.169276
0.166598
0.168452
0.167339
0.176777
0.168069
0.166752
0.167758
0.165838
0.166447
0.166678
0.166975
0.166599
0.166885
0.165414
0.165535
0.166807
0.166724
0.165465
0.165687
0.165829
0.164819
0.165013
0.165062
0.165226
0.164927
0.165111
0.165671
0.165482
0.165678
0.168819
0.168487
0.167907
0.165636
0.165777
0.167107
0.165798
0.166627
0.166024
0.166561
0.166395
0.166236
0.169424
0.165586
0.168033
0.166895
0.166754
0.166408
0.167051
0.166379
0.167249
0.175955
0.167754
0.1657
0.165938
0.164468
0.166626
0.168206
0.169644
0.166171
0.173743
0.166107
0.166935
0.166866
0.16577
0.166635
0.165775
0.166686
0.168104
0.166377
0.168104
0.167331
0.167176
0.166583
0.165586
0.166101
0.166397
0.165617
0.165209
0.16584
0.167217
0.164193
0.165675
0.166125
0.166228
0.165342
0.167513
0.166635
0.174872
0.165514
0.167121
0.167281
0.16746
0.167485
0.166241
0.166988
0.166709
0.166002
0.16848
0.165203
0.16611
0.165605
0.165506
0.165365
0.173674
0.168809
0.165377
0.165629
0.165941
0.167056
0.166511
0.166383
0.16644
0.165582
0.165719
0.171863
0.165325
0.166647
0.168763
0.167368
0.165618
0.171227
0.169835
0.165772
0.166
0.166071
0.165541
0.166377
0.166412
0.165674
0.165792
0.165298
0.16499
0.165356
0.164645
0.165456
0.164213
0.163951
0.167259
0.165406
0.165737
0.166057
0.165521
0.169511
0.165077
0.165089
0.168367
0.164429
0.165069
0.164982
0.169718
0.16518
0.169389
0.166839
0.165512
0.168187
0.168965
0.167201
0.1691
0.165437
0.165418
0.166791
0.165811
0.166741
0.165841
0.165345
0.165618
0.16623
0.16626
0.167284
0.167631
0.166679
0.168923
0.166395
0.166915
0.166673
0.166048
0.166019
0.165965
0.16497
0.165731
0.164685
0.164171
0.163531
0.163149
0.164045
0.168493
0.165341
0.164809
0.165887
0.166736
0.170795
0.165661
0.16556
0.170664
0.168776
0.166371
0.166218
0.165845
0.167534
0.164964
0.164367
0.165545
0.164436
0.165381
0.169685
0.165612
0.166228
0.167125
0.165882
0.174584
0.167108
0.166499
0.168204
0.168378
0.167443
0.16679
0.16627
0.166546
0.166944
0.166722
0.166577
0.166836
0.166752
0.169792
0.17023
0.165392
0.165567
0.167775
0.167318
0.168086
0.1683
0.168305
0.167897
0.167407
0.17051
0.165264
0.163933
0.164264
0.171016
0.180639
0.187152
0.185905
0.189309
0.186859
0.186331
0.198938
0.166789
0.164736
0.166975
0.167958
0.164485
0.174909
0.181093
0.163792
0.166789
0.200456
0.166764
0.166573
0.167225
0.175299
0.189359
0.188931
0.195355
0.174835
0.165873
0.165533
0.166075
0.167253
