23953 root      20   0  667268 112424  65656 S   9.5  0.3   0:05.25 usb_cam_node
23953 root      20   0  667268 112424  65656 S   7.5  0.3   0:05.33 usb_cam_node
23953 root      20   0  667268 112424  65656 S   8.5  0.3   0:05.42 usb_cam_node
23953 root      20   0  667268 112424  65656 S   6.6  0.3   0:05.49 usb_cam_node
23953 root      20   0  667268 112424  65656 S   8.6  0.3   0:05.58 usb_cam_node
23953 root      20   0  667268 112424  65656 S   7.5  0.3   0:05.66 usb_cam_node
23953 root      20   0  667268 112424  65656 S   8.5  0.3   0:05.75 usb_cam_node
23953 root      20   0  667268 112424  65656 R   7.5  0.3   0:05.83 usb_cam_node
23953 root      20   0  667268 112424  65656 S   8.5  0.3   0:05.92 usb_cam_node
23953 root      20   0  667268 112424  65656 S   8.5  0.3   0:06.01 usb_cam_node
23953 root      20   0  667268 112424  65656 S   6.7  0.3   0:06.08 usb_cam_node
23953 root      20   0  667268 112424  65656 S   9.4  0.3   0:06.18 usb_cam_node
23953 root      20   0  667268 112424  65656 S   8.6  0.3   0:06.27 usb_cam_node
23953 root      20   0  667268 112424  65656 S   8.5  0.3   0:06.36 usb_cam_node
23953 root      20   0  667268 112424  65656 S   6.7  0.3   0:06.43 usb_cam_node
23953 root      20   0  667268 112424  65656 S   9.4  0.3   0:06.53 usb_cam_node
23953 root      20   0  667268 112424  65656 S   7.5  0.3   0:06.61 usb_cam_node
23953 root      20   0  667268 112424  65656 S   8.6  0.3   0:06.70 usb_cam_node
23953 root      20   0  667268 112424  65656 R   8.4  0.3   0:06.79 usb_cam_node
23953 root      20   0  667268 112424  65656 S   8.5  0.3   0:06.88 usb_cam_node
23953 root      20   0  667268 112424  65656 S   8.6  0.3   0:06.97 usb_cam_node
23953 root      20   0  667268 112424  65656 S   6.6  0.3   0:07.04 usb_cam_node
23953 root      20   0  667268 112424  65656 S   9.4  0.3   0:07.14 usb_cam_node
23953 root      20   0  667268 112424  65656 S   7.6  0.3   0:07.22 usb_cam_node
23953 root      20   0  667268 112424  65656 S   7.5  0.3   0:07.30 usb_cam_node
23953 root      20   0  667268 112424  65656 S   6.6  0.3   0:07.37 usb_cam_node
23953 root      20   0  667268 112424  65656 S   8.6  0.3   0:07.46 usb_cam_node
23953 root      20   0  667268 112424  65656 S   6.6  0.3   0:07.53 usb_cam_node
23953 root      20   0  667268 112424  65656 S   9.5  0.3   0:07.63 usb_cam_node
23953 root      20   0  667268 112424  65656 S   7.6  0.3   0:07.71 usb_cam_node
23953 root      20   0  667268 112424  65656 S   8.5  0.3   0:07.80 usb_cam_node
23953 root      20   0  667268 112424  65656 S   8.6  0.3   0:07.89 usb_cam_node
23953 root      20   0  667268 112424  65656 S   7.5  0.3   0:07.97 usb_cam_node
23953 root      20   0  667268 112424  65656 S   9.5  0.3   0:08.07 usb_cam_node
23953 root      20   0  667268 112424  65656 S   7.5  0.3   0:08.15 usb_cam_node
23953 root      20   0  667268 112424  65656 S  10.5  0.3   0:08.26 usb_cam_node
23953 root      20   0  667268 112424  65656 S   8.4  0.3   0:08.35 usb_cam_node
23953 root      20   0  667268 112424  65656 S   8.5  0.3   0:08.44 usb_cam_node
23953 root      20   0  667268 112424  65656 S   6.6  0.3   0:08.51 usb_cam_node
23953 root      20   0  667268 112424  65656 S   9.4  0.3   0:08.61 usb_cam_node
23953 root      20   0  667268 112424  65656 R   6.7  0.3   0:08.68 usb_cam_node
23953 root      20   0  667268 112424  65656 S   9.4  0.3   0:08.78 usb_cam_node
23953 root      20   0  667268 112424  65656 S   8.6  0.3   0:08.87 usb_cam_node
23953 root      20   0  667268 112424  65656 S   6.6  0.3   0:08.94 usb_cam_node
23953 root      20   0  667268 112424  65656 S   8.6  0.3   0:09.03 usb_cam_node
23953 root      20   0  667268 112424  65656 S   7.5  0.3   0:09.11 usb_cam_node
23953 root      20   0  667268 112424  65656 S   7.6  0.3   0:09.19 usb_cam_node
23953 root      20   0  667268 112424  65656 S   6.6  0.3   0:09.26 usb_cam_node
23953 root      20   0  667268 112424  65656 S   8.6  0.3   0:09.35 usb_cam_node
23953 root      20   0  667268 112424  65656 S   7.5  0.3   0:09.43 usb_cam_node
23953 root      20   0  667268 112424  65656 S   9.4  0.3   0:09.53 usb_cam_node
23953 root      20   0  667268 112424  65656 S   6.7  0.3   0:09.60 usb_cam_node
23953 root      20   0  667268 112424  65656 S   8.6  0.3   0:09.69 usb_cam_node
23953 root      20   0  667268 112424  65656 S   6.6  0.3   0:09.76 usb_cam_node
23953 root      20   0  667268 112424  65656 S  10.4  0.3   0:09.87 usb_cam_node
23953 root      20   0  667268 112424  65656 S   7.6  0.3   0:09.95 usb_cam_node
23953 root      20   0  667268 112424  65656 S   7.5  0.3   0:10.03 usb_cam_node
23953 root      20   0  667268 112424  65656 S  10.5  0.3   0:10.14 usb_cam_node
23953 root      20   0  667268 112424  65656 S   7.5  0.3   0:10.22 usb_cam_node
23953 root      20   0  667268 112424  65656 S   9.5  0.3   0:10.32 usb_cam_node
23953 root      20   0  667268 112424  65656 S   6.6  0.3   0:10.39 usb_cam_node
23953 root      20   0  667268 112424  65656 S   8.6  0.3   0:10.48 usb_cam_node
23953 root      20   0  667268 112424  65656 S   7.5  0.3   0:10.56 usb_cam_node
23953 root      20   0  667268 112424  65656 S   9.5  0.3   0:10.66 usb_cam_node
23953 root      20   0  667268 112424  65656 S   6.6  0.3   0:10.73 usb_cam_node
23953 root      20   0  667268 112424  65656 S   9.4  0.3   0:10.83 usb_cam_node
23953 root      20   0  667268 112424  65656 S   8.5  0.3   0:10.92 usb_cam_node
23953 root      20   0  667268 112424  65656 S   7.5  0.3   0:11.00 usb_cam_node
23953 root      20   0  667268 112424  65656 S   8.5  0.3   0:11.09 usb_cam_node
23953 root      20   0  667268 112424  65656 S   6.7  0.3   0:11.16 usb_cam_node
23953 root      20   0  667268 112424  65656 S   9.5  0.3   0:11.26 usb_cam_node
23953 root      20   0  667268 112424  65656 S   6.6  0.3   0:11.33 usb_cam_node
23953 root      20   0  667268 112424  65656 S   8.6  0.3   0:11.42 usb_cam_node
23953 root      20   0  667268 112424  65656 S   5.7  0.3   0:11.48 usb_cam_node
23953 root      20   0  667268 112424  65656 S   9.5  0.3   0:11.58 usb_cam_node
23953 root      20   0  667268 112424  65656 S   6.7  0.3   0:11.65 usb_cam_node
23953 root      20   0  667268 112424  65656 S   8.5  0.3   0:11.74 usb_cam_node
23953 root      20   0  667268 112424  65656 S   7.6  0.3   0:11.82 usb_cam_node
23953 root      20   0  667268 112424  65656 S  10.5  0.3   0:11.93 usb_cam_node
23953 root      20   0  667268 112424  65656 R   6.6  0.3   0:12.00 usb_cam_node
23953 root      20   0  667268 112424  65656 S   8.6  0.3   0:12.09 usb_cam_node
23953 root      20   0  667268 112424  65656 S  10.4  0.3   0:12.20 usb_cam_node
23953 root      20   0  667268 112424  65656 S   7.6  0.3   0:12.28 usb_cam_node
23953 root      20   0  667268 112424  65656 S  10.4  0.3   0:12.39 usb_cam_node
23953 root      20   0  667268 112424  65656 S   5.7  0.3   0:12.45 usb_cam_node
23953 root      20   0  667268 112424  65656 S   9.4  0.3   0:12.55 usb_cam_node
23953 root      20   0  667268 112424  65656 S   6.5  0.3   0:12.62 usb_cam_node
23953 root      20   0  667268 112424  65656 S   9.5  0.3   0:12.72 usb_cam_node
23953 root      20   0  667268 112424  65656 S   7.5  0.3   0:12.80 usb_cam_node
23953 root      20   0  667268 112424  65656 S   7.6  0.3   0:12.88 usb_cam_node
23953 root      20   0  667268 112424  65656 S   6.6  0.3   0:12.95 usb_cam_node
23953 root      20   0  667268 112424  65656 S   7.6  0.3   0:13.03 usb_cam_node
23953 root      20   0  667268 112424  65656 R   9.5  0.3   0:13.13 usb_cam_node
23953 root      20   0  667268 112424  65656 S   7.5  0.3   0:13.21 usb_cam_node
23953 root      20   0  667268 112424  65656 S   9.5  0.3   0:13.31 usb_cam_node
23953 root      20   0  667268 112424  65656 S   6.5  0.3   0:13.38 usb_cam_node
23953 root      20   0  667268 112424  65656 S   9.5  0.3   0:13.48 usb_cam_node
23953 root      20   0  667268 112424  65656 S   7.5  0.3   0:13.56 usb_cam_node
23953 root      20   0  667268 112424  65656 S   8.6  0.3   0:13.65 usb_cam_node
23953 root      20   0  667268 112424  65656 S   6.6  0.3   0:13.72 usb_cam_node
