23996 root      20   0 34.599g 0.993g 159580 S  61.9  3.2   0:25.69 darknet_ros
23996 root      20   0 34.599g 0.993g 159592 S  57.1  3.2   0:26.29 darknet_ros
23996 root      20   0 34.599g 0.993g 159600 S  60.4  3.2   0:26.93 darknet_ros
23996 root      20   0 34.599g 0.993g 159608 S  62.3  3.2   0:27.59 darknet_ros
23996 root      20   0 34.599g 0.993g 159616 S  64.8  3.2   0:28.27 darknet_ros
23996 root      20   0 34.599g 0.993g 159624 S  63.2  3.2   0:28.94 darknet_ros
23996 root      20   0 34.599g 0.993g 159636 S  61.3  3.2   0:29.59 darknet_ros
23996 root      20   0 34.599g 0.993g 159644 S  65.1  3.2   0:30.28 darknet_ros
23996 root      20   0 34.599g 0.994g 159648 S  59.4  3.2   0:30.91 darknet_ros
23996 root      20   0 34.599g 0.994g 159660 S  65.1  3.2   0:31.60 darknet_ros
23996 root      20   0 34.599g 0.994g 159668 S  63.2  3.2   0:32.27 darknet_ros
23996 root      20   0 34.599g 0.994g 159680 S  61.3  3.2   0:32.92 darknet_ros
23996 root      20   0 34.611g 1.005g 159688 S  64.2  3.2   0:33.60 darknet_ros
23996 root      20   0 34.622g 1.017g 159692 S  62.3  3.3   0:34.26 darknet_ros
23996 root      20   0 34.622g 1.017g 159704 S  62.9  3.3   0:34.92 darknet_ros
23996 root      20   0 34.622g 1.017g 159712 S  61.3  3.3   0:35.57 darknet_ros
23996 root      20   0 34.622g 1.017g 159724 S  62.3  3.3   0:36.23 darknet_ros
23996 root      20   0 34.622g 1.017g 159732 S  61.3  3.3   0:36.88 darknet_ros
23996 root      20   0 34.622g 1.017g 159740 S  63.2  3.3   0:37.55 darknet_ros
23996 root      20   0 34.622g 1.017g 159748 S  63.8  3.3   0:38.22 darknet_ros
23996 root      20   0 34.622g 1.017g 159756 S  61.3  3.3   0:38.87 darknet_ros
23996 root      20   0 34.622g 1.017g 159764 S  61.9  3.3   0:39.52 darknet_ros
23996 root      20   0 34.611g 1.005g 159776 S  62.3  3.2   0:40.18 darknet_ros
23996 root      20   0 34.611g 1.005g 159784 S  63.2  3.2   0:40.85 darknet_ros
23996 root      20   0 34.593g 0.988g 159796 S  63.8  3.2   0:41.52 darknet_ros
23996 root      20   0 34.593g 0.988g 159800 S  66.0  3.2   0:42.22 darknet_ros
23996 root      20   0 34.593g 0.988g 159808 S  62.3  3.2   0:42.88 darknet_ros
23996 root      20   0 34.593g 0.988g 159820 S  62.3  3.2   0:43.54 darknet_ros
23996 root      20   0 34.593g 0.988g 159828 S  62.9  3.2   0:44.20 darknet_ros
23996 root      20   0 34.593g 0.988g 159840 S  63.2  3.2   0:44.87 darknet_ros
23996 root      20   0 34.593g 0.988g 159844 S  62.3  3.2   0:45.53 darknet_ros
23996 root      20   0 34.593g 0.988g 159852 S  61.3  3.2   0:46.18 darknet_ros
23996 root      20   0 34.593g 0.988g 159864 S  63.8  3.2   0:46.85 darknet_ros
23996 root      20   0 34.593g 0.988g 159872 S  62.3  3.2   0:47.51 darknet_ros
23996 root      20   0 34.593g 0.988g 159884 S  63.2  3.2   0:48.18 darknet_ros
23996 root      20   0 34.593g 0.988g 159888 S  61.9  3.2   0:48.83 darknet_ros
23996 root      20   0 34.593g 0.988g 159896 S  62.3  3.2   0:49.49 darknet_ros
23996 root      20   0 34.593g 0.988g 159908 S  61.0  3.2   0:50.13 darknet_ros
23996 root      20   0 34.593g 0.988g 159916 S  64.2  3.2   0:50.81 darknet_ros
23996 root      20   0 34.593g 0.988g 159928 S  60.7  3.2   0:51.46 darknet_ros
23996 root      20   0 34.593g 0.988g 159936 S  61.3  3.2   0:52.11 darknet_ros
23996 root      20   0 34.593g 0.988g 159944 S  66.7  3.2   0:52.81 darknet_ros
23996 root      20   0 34.593g 0.988g 159952 S  64.5  3.2   0:53.50 darknet_ros
23996 root      20   0 34.593g 0.988g 159960 S  62.3  3.2   0:54.16 darknet_ros
23996 root      20   0 34.588g 0.982g 159968 S  63.2  3.2   0:54.83 darknet_ros
23996 root      20   0 34.588g 0.982g 159980 S  62.3  3.2   0:55.49 darknet_ros
23996 root      20   0 34.588g 0.982g 159988 S  61.0  3.2   0:56.13 darknet_ros
23996 root      20   0 34.588g 0.982g 159996 S  62.3  3.2   0:56.79 darknet_ros
23996 root      20   0 34.588g 0.982g 160004 R  61.3  3.2   0:57.44 darknet_ros
23996 root      20   0 34.588g 0.982g 160012 S  61.0  3.2   0:58.08 darknet_ros
23996 root      20   0 34.588g 0.982g 160024 S  64.8  3.2   0:58.76 darknet_ros
23996 root      20   0 34.588g 0.982g 160032 S  59.8  3.2   0:59.40 darknet_ros
23996 root      20   0 34.588g 0.982g 160040 S  62.9  3.2   1:00.06 darknet_ros
23996 root      20   0 34.588g 0.982g 160048 S  61.3  3.2   1:00.71 darknet_ros
23996 root      20   0 34.588g 0.982g 160056 S  64.8  3.2   1:01.39 darknet_ros
23996 root      20   0 34.588g 0.982g 160068 S  63.2  3.2   1:02.06 darknet_ros
23996 root      20   0 34.588g 0.982g 160076 S  63.8  3.2   1:02.73 darknet_ros
23996 root      20   0 34.588g 0.982g 160080 S  62.3  3.2   1:03.39 darknet_ros
23996 root      20   0 34.588g 0.982g 160092 S  64.8  3.2   1:04.07 darknet_ros
23996 root      20   0 34.588g 0.983g 160100 S  61.9  3.2   1:04.72 darknet_ros
23996 root      20   0 34.588g 0.983g 160112 S  62.3  3.2   1:05.38 darknet_ros
23996 root      20   0 34.588g 0.983g 160120 S  62.9  3.2   1:06.04 darknet_ros
23996 root      20   0 34.588g 0.983g 160128 S  61.3  3.2   1:06.69 darknet_ros
23996 root      20   0 34.588g 0.983g 160136 S  63.8  3.2   1:07.36 darknet_ros
23996 root      20   0 34.588g 0.983g 160144 S  64.2  3.2   1:08.04 darknet_ros
23996 root      20   0 34.588g 0.983g 160156 S  66.0  3.2   1:08.74 darknet_ros
23996 root      20   0 34.588g 0.983g 160164 S  61.7  3.2   1:09.40 darknet_ros
23996 root      20   0 34.588g 0.983g 160172 S  63.8  3.2   1:10.07 darknet_ros
23996 root      20   0 34.588g 0.983g 160184 S  60.4  3.2   1:10.71 darknet_ros
23996 root      20   0 34.588g 0.983g 160188 S  63.2  3.2   1:11.38 darknet_ros
23996 root      20   0 34.588g 0.983g 160196 S  62.3  3.2   1:12.04 darknet_ros
23996 root      20   0 34.588g 0.983g 160208 S  62.3  3.2   1:12.70 darknet_ros
23996 root      20   0 34.588g 0.983g 160216 S  62.3  3.2   1:13.36 darknet_ros
23996 root      20   0 34.588g 0.983g 160228 S  61.9  3.2   1:14.01 darknet_ros
23996 root      20   0 34.588g 0.983g 160232 S  61.3  3.2   1:14.66 darknet_ros
23996 root      20   0 34.588g 0.983g 160240 S  62.3  3.2   1:15.32 darknet_ros
23996 root      20   0 34.588g 0.983g 160252 S  61.9  3.2   1:15.97 darknet_ros
23996 root      20   0 34.588g 0.983g 160260 S  62.9  3.2   1:16.63 darknet_ros
23996 root      20   0 34.588g 0.983g 160272 S  63.2  3.2   1:17.30 darknet_ros
23996 root      20   0 34.588g 0.983g 160276 S  61.9  3.2   1:17.95 darknet_ros
23996 root      20   0 34.588g 0.983g 160288 S  64.2  3.2   1:18.63 darknet_ros
23996 root      20   0 34.588g 0.983g 160292 S  62.3  3.2   1:19.29 darknet_ros
23996 root      20   0 34.588g 0.983g 160292 S  66.0  3.2   1:19.99 darknet_ros
23996 root      20   0 34.588g 0.983g 160296 S  63.8  3.2   1:20.66 darknet_ros
23996 root      20   0 34.588g 0.983g 160296 S  60.4  3.2   1:21.30 darknet_ros
23996 root      20   0 34.588g 0.983g 160296 S  62.3  3.2   1:21.96 darknet_ros
23996 root      20   0 34.588g 0.983g 160300 S  61.3  3.2   1:22.61 darknet_ros
23996 root      20   0 34.588g 0.983g 160300 S  61.3  3.2   1:23.26 darknet_ros
23996 root      20   0 34.588g 0.983g 160304 S  61.3  3.2   1:23.91 darknet_ros
23996 root      20   0 34.588g 0.983g 160304 S  62.9  3.2   1:24.57 darknet_ros
23996 root      20   0 34.588g 0.983g 160304 S  62.3  3.2   1:25.23 darknet_ros
23996 root      20   0 34.588g 0.983g 160308 S  62.3  3.2   1:25.89 darknet_ros
23996 root      20   0 34.588g 0.983g 160308 S  61.9  3.2   1:26.54 darknet_ros
23996 root      20   0 34.588g 0.983g 160312 S  62.3  3.2   1:27.20 darknet_ros
23996 root      20   0 34.588g 0.983g 160312 R  62.9  3.2   1:27.86 darknet_ros
23996 root      20   0 34.588g 0.983g 160312 S  61.3  3.2   1:28.51 darknet_ros
23996 root      20   0 34.588g 0.983g 160316 S  65.1  3.2   1:29.20 darknet_ros
23996 root      20   0 34.588g 0.983g 160316 S  63.8  3.2   1:29.87 darknet_ros
23996 root      20   0 34.588g 0.983g 160320 S  66.0  3.2   1:30.57 darknet_ros
23996 root      20   0 34.588g 0.983g 160320 S  61.3  3.2   1:31.22 darknet_ros
