0.163620
0.176461
0.175960
0.176438
0.181538
0.177736
0.174055
0.174607
0.176235
0.190240
0.181545
0.173521
0.178116
0.173548
0.178998
0.175868
0.172725
0.175508
0.175959
0.174621
0.176105
0.179735
0.175087
0.174363
0.176740
0.186922
0.174924
0.175364
0.173258
0.174895
0.172795
0.177812
0.174039
0.177790
0.174738
0.175374
0.175123
0.193946
0.193285
0.183024
0.175417
0.176688
0.180807
0.182235
0.176167
0.206347
0.175828
0.176364
0.179374
0.176894
0.174552
0.173104
0.175003
0.185996
0.173464
0.185728
0.177546
0.172164
0.178650
0.176452
0.176903
0.179261
0.173874
0.171774
0.178272
0.174020
0.182529
0.173799
0.174324
0.172356
0.177158
0.177410
0.180344
0.172676
0.196423
0.174455
0.173300
0.175029
0.208009
0.180675
0.180403
0.185915
0.204630
0.175117
0.173614
0.176899
0.174325
0.172191
0.175761
0.175544
0.177076
0.173447
0.175035
0.173884
0.177836
0.173613
0.171698
0.172235
0.172941
0.175026
0.177074
0.174047
0.172638
0.174151
0.176477
0.174517
0.176812
0.171790
0.172281
0.187060
0.175295
0.175182
0.174921
0.173258
0.175082
0.174500
0.178665
0.176868
0.174925
0.175645
0.172544
0.173297
0.174223
0.180893
0.176846
0.175987
0.177222
0.175630
0.178110
0.174819
0.173840
0.174458
0.173344
0.175526
0.175201
0.172812
0.178260
0.180036
0.179956
0.177319
0.174154
0.173644
0.174354
0.177225
0.174246
0.177626
0.174828
0.176277
0.172242
0.172997
0.178345
0.176437
0.173116
0.171518
0.174850
0.174362
0.172820
0.178594
0.177732
0.174925
0.176445
0.175865
0.179509
0.173507
0.177783
0.174116
0.181333
0.174281
0.177935
0.173710
0.171105
0.176141
0.172188
0.173669
0.175739
0.174699
0.174519
0.174000
0.175168
0.174428
0.188887
0.176026
0.172703
0.173470
0.174075
0.175615
0.174130
0.173542
0.174471
0.178434
0.173110
0.175647
0.175007
0.174429
0.177025
0.177460
0.175163
0.175985
0.176686
0.174018
0.173644
0.172898
0.178381
0.171300
0.172846
0.176027
0.173938
0.174953
0.174207
0.174770
0.175067
0.174506
0.173031
0.174908
0.175200
0.173567
0.176155
0.173632
0.175992
0.177376
0.175190
0.173682
0.172081
0.182802
0.172609
0.176871
0.177028
0.172330
0.173306
0.173699
0.172979
0.176466
0.172270
0.174767
0.174395
0.172710
0.171732
0.187015
0.172462
0.174035
0.175924
0.174011
0.175612
0.176172
0.173523
0.173898
0.173868
0.174481
0.177520
0.173397
0.175086
0.175342
0.177885
0.175334
0.174813
0.174597
0.174079
0.176900
0.173896
0.177217
0.176085
0.175211
0.171029
0.173007
0.174706
0.175416
0.174387
0.176995
0.172972
0.175607
0.172175
0.175289
0.174343
0.173750
0.175221
0.174986
0.176561
0.176608
0.176336
0.175897
0.184882
0.178027
0.176449
0.175544
0.172548
0.174953
0.174387
0.174205
0.179996
0.174412
0.175359
0.178040
0.175715
0.177034
0.173245
0.175894
0.173884
0.173266
0.175604
0.176471
0.173422
0.171590
0.174626
0.178828
0.174235
0.178393
0.174276
0.175227
0.174917
0.181293
0.179119
0.174084
0.177189
0.173710
0.173226
0.177495
0.176956
0.175409
0.173527
0.173503
0.174259
0.173551
0.177995
0.173318
0.172747
0.173472
0.172977
0.172080
0.176429
0.179611
0.175803
0.173734
0.174889
0.180307
0.174065
0.172949
0.174083
0.185419
0.173397
0.174599
0.178368
0.173441
0.174690
0.177112
0.175936
0.173850
0.174262
0.172952
0.175601
0.173417
0.175218
0.173965
0.173805
0.174956
0.172176
0.171818
0.172594
0.178006
0.172390
0.174997
0.175746
0.173559
0.174997
0.173554
0.175246
0.175920
0.179339
0.179233
0.173031
0.175077
0.172568
0.175078
0.173745
0.176967
0.178038
0.176361
0.174522
0.173877
0.169863
0.174693
0.176021
0.185991
0.173744
0.173926
0.177509
0.176769
0.173109
0.173200
0.173972
0.173542
0.179403
0.177350
0.173368
0.175829
0.183613
0.178177
0.175944
0.174232
0.178089
0.172315
0.175431
0.172931
0.181177
0.172256
0.172569
0.176407
0.176271
0.180205
0.174069
0.184478
0.174628
0.174162
0.177486
0.176192
0.175360
0.174907
0.174162
0.173968
0.176671
0.182763
0.173228
0.172443
0.178397
0.178935
0.175864
0.171869
0.172298
0.172741
0.174553
0.176530
0.176596
0.173763
0.173007
0.174911
0.175563
0.173667
0.179370
0.173445
0.174271
0.177796
0.176677
0.174356
0.174222
0.175731
0.173735
0.174276
0.176789
0.175961
0.174994
0.173641
0.174545
0.185541
0.174446
0.177606
0.174394
0.173272
0.174270
0.178626
0.177740
0.173149
0.176220
0.175504
0.174418
0.174361
0.179095
0.174553
0.174258
0.176977
0.174968
0.173617
0.174270
0.175045
0.173469
0.171305
0.177784
0.174438
0.176167
0.173730
0.173785
0.182135
0.177855
0.177030
0.172879
0.174901
0.176687
0.173809
0.173727
0.176708
0.175066
0.171711
0.174414
0.177824
0.173074
0.178966
0.174833
0.189995
0.180799
0.184660
0.180394
0.186435
0.180824
0.188523
0.178725
0.177660
0.175506
0.176979
0.177434
0.181399
0.187960
0.193241
0.174142
0.197640
0.175038
0.181480
0.190350
0.192907
0.186279
0.189045
0.193158
0.176568
0.177221
0.174351
0.173577
0.178060
0.176655
0.174494
0.183558
0.172474
0.179171
0.177081
0.176778
0.186146
0.171713
0.177059
0.181543
0.183158
0.179178
0.184553
0.172683
0.179302
0.187370
0.173545
0.178095
0.182356
0.179371
0.176128
0.175669
0.183457
0.173561
0.174087
0.185128
0.177548
0.173878
0.181430
0.185374
0.174513
0.173241
0.186123
0.172398
0.179351
0.185271
0.179815
0.172470
0.181434
0.173803
0.176785
0.174450
0.174078
0.173199
0.173614
0.189227
0.175273
0.180156
0.173089
0.189852
0.170586
0.172946
0.172239
0.174560
0.170399
0.171566
0.189289
0.179454
0.175429
0.183437
0.188090
0.195355
0.183047
0.199802
0.174408
0.173687
0.181716
0.175032
0.179863
0.175271
0.177079
0.179113
0.173967
0.176741
0.175043
0.171282
0.173923
0.175165
0.175402
0.175343
0.172862
0.176072
0.175373
0.187873
0.185850
0.176211
0.175103
0.172393
0.177362
0.174039
0.174654
0.173380
0.172014
0.172776
0.177282
0.185348
0.175613
0.175273
0.175056
0.174138
0.176966
0.176285
0.174642
0.173203
0.174357
0.177067
0.174935
0.175613
0.176265
0.173554
0.186783
0.176891
0.173465
0.176395
0.173149
0.173859
0.176771
0.174007
0.175618
0.175877
0.173469
0.175012
0.178466
0.179446
0.179088
0.174133
0.178407
0.173140
0.172498
0.174770
0.178691
0.175018
0.174282
0.182566
0.174632
0.174927
0.181518
0.175008
0.173613
0.173526
0.180758
0.177316
0.172485
0.187652
0.193577
0.181609
0.189939
0.176660
0.174004
