0.000267982
1.76953
0.168109
0.151663
0.166375
0.168759
0.166327
0.168486
0.167368
0.167551
0.173634
0.182965
0.169641
0.18373
0.176085
0.166999
0.190257
0.175315
0.196559
0.166644
0.1663
0.169434
0.164999
0.167447
0.165785
0.168896
0.166993
0.166324
0.168553
0.166728
0.174547
0.167038
0.164697
0.171229
0.182632
0.16813
0.196566
0.169307
0.166046
0.170491
0.166907
0.170737
0.169236
0.167473
0.170974
0.166551
0.164911
0.177543
0.168886
0.17776
0.173727
0.165179
0.166724
0.166712
0.167154
0.168733
0.170558
0.168544
0.166781
0.170228
0.166676
0.167264
0.166582
0.170774
0.166078
0.16633
0.170196
0.167495
0.16717
0.167208
0.169185
0.169068
0.16713
0.170674
0.168205
0.168472
0.169245
0.170893
0.168809
0.166783
0.171537
0.168114
0.169446
0.170486
0.169139
0.16874
0.168425
0.168916
0.168954
0.166714
0.168748
0.169971
0.167164
0.166644
0.167099
0.169535
0.166454
0.166886
0.169632
0.167847
0.166898
0.167441
0.168099
0.168133
0.166966
0.169942
0.166925
0.167437
0.168262
0.166867
0.16771
0.180519
0.166851
0.166967
0.166835
0.165875
0.166376
0.169129
0.166096
0.166647
0.166429
0.165663
0.167282
0.165991
0.167834
0.16579
0.16507
0.165294
0.16579
0.165891
0.167022
0.166652
0.166378
0.166497
0.166699
0.166626
0.166436
0.165243
0.166838
0.165481
0.165505
0.165665
0.168038
0.165727
0.166476
0.1656
0.165965
0.167288
0.166809
0.170373
0.166366
0.166306
0.167036
0.167014
0.165962
0.167568
0.166266
0.164794
0.165347
0.167316
0.165933
0.165605
0.166033
0.165447
0.166133
0.167289
0.166975
0.166761
0.166104
0.166962
0.166105
0.166589
0.166154
0.166309
0.165221
0.164466
0.167137
0.166116
0.165992
0.165467
0.169764
0.166659
0.166648
0.166281
0.167452
0.165818
0.166353
0.168332
0.167735
0.166775
0.167901
0.167175
0.167535
0.168237
0.16586
0.174355
0.167163
0.168863
0.166812
0.167064
0.165748
0.166936
0.165308
0.164971
0.165446
0.167255
0.165211
0.164417
0.166162
0.16563
0.165818
0.177003
0.167184
0.16665
0.165954
0.166642
0.164646
0.167399
0.165736
0.166275
0.166425
0.168639
0.164367
0.165028
0.165776
0.165261
0.167302
0.165366
0.166375
0.165185
0.164883
0.164755
0.165297
0.166368
0.165972
0.166359
0.165236
0.165329
0.165236
0.164852
0.167441
0.167342
0.166739
0.166208
0.16597
0.172832
0.16502
0.163492
0.165996
0.165674
0.165136
0.165291
0.163694
0.166202
0.167604
0.16466
0.165556
0.165062
0.170288
0.167937
0.170296
0.168008
0.171367
0.174238
0.167173
0.167608
0.166294
0.168349
0.166479
0.167312
0.167279
0.167098
0.166203
0.166266
0.166122
0.170617
0.165652
0.165146
0.167763
0.16812
0.166251
0.165493
0.165637
0.165481
0.166044
0.164972
0.168792
0.165013
0.166113
0.168728
0.166502
0.167019
0.170193
0.165802
0.167052
0.166165
0.167605
0.180132
0.169323
0.165908
0.165689
0.167872
0.169343
0.165687
0.164596
0.166452
0.169747
0.165916
0.165915
0.16902
0.165795
0.167661
0.164932
0.16628
0.165246
0.166693
0.168595
0.167536
0.167637
0.166847
0.165961
0.167214
0.16712
0.166081
0.167132
0.166315
0.166612
0.166402
0.167314
0.166321
0.166898
0.167323
0.167296
0.167604
0.172246
0.168402
0.167748
0.165854
0.16544
0.166324
0.165953
0.165925
0.168376
0.165543
0.164318
0.1641
0.165212
0.164374
0.166321
0.166134
0.166616
0.165321
0.166322
0.167368
0.165948
0.165687
0.166495
0.166267
0.167022
0.169822
0.166199
0.167605
0.167573
0.165219
0.166565
0.165297
0.165963
0.165655
0.165328
0.165907
0.165637
0.165426
0.165731
0.165993
0.167472
0.164777
0.166235
0.167362
0.166901
0.16599
0.165706
0.166049
0.166097
0.173239
0.165532
0.166909
0.165835
0.165727
0.170511
0.174213
0.169153
0.165641
0.165001
0.16591
0.166153
0.16634
0.166113
0.166516
0.164688
0.165867
0.169321
0.165478
0.165387
0.165262
0.16826
0.164804
0.175978
0.167336
0.165096
0.16616
0.168744
0.167839
0.166315
0.165277
0.170612
0.167061
0.16559
0.167046
0.167043
0.164824
0.165861
0.165175
0.166133
0.165423
0.165071
0.17404
0.165891
0.16642
0.165407
0.16608
0.165492
0.167021
0.167581
0.165989
0.165744
0.165309
0.166178
0.165749
0.164155
0.164953
0.165173
0.166037
0.165596
0.166068
0.168142
0.16511
0.165316
0.165153
0.169154
0.165739
0.16518
0.165175
0.164817
0.166003
0.163923
0.164975
0.165498
0.165233
0.16577
0.166109
0.164763
0.163541
0.165635
0.165112
0.165114
0.164295
0.166409
0.166288
0.166809
0.166748
0.169237
0.167561
0.1679
0.168025
0.167277
0.166811
0.166984
0.166718
0.16783
0.167051
0.166147
0.166791
0.167871
0.166232
0.168987
0.167241
0.173237
0.169743
0.17079
0.168912
0.167476
0.16883
0.168165
0.16878
0.170586
0.16908
0.169112
0.168051
0.167713
0.167881
0.168383
0.168323
0.168365
0.167664
0.168162
0.167842
0.168348
0.169082
0.168353
0.168289
0.169383
0.167968
0.167808
0.168865
0.169363
0.168361
0.169244
0.168381
0.169377
0.172561
0.16929
0.167349
0.168376
0.168109
0.168224
0.168388
0.168621
0.168489
0.168747
0.168059
0.167553
0.171436
0.168219
0.169119
0.168076
0.168785
0.167236
0.16758
0.166382
0.169716
0.167721
0.166434
0.16605
0.16692
0.166451
0.166571
0.167351
0.168194
0.168862
0.167657
0.166396
0.166108
0.167027
0.1673
0.167823
0.170495
0.167643
0.167345
0.168251
0.168597
0.169216
0.171063
0.168241
0.168991
0.170704
0.176717
0.168739
0.169211
0.16952
0.167928
0.168234
0.168495
0.168192
0.170736
0.168522
0.167754
0.167282
0.166858
0.167067
0.167423
0.169144
0.168823
0.169243
0.168194
0.168902
0.168846
0.167285
0.166846
0.168713
0.168641
0.166801
0.166814
0.1668
0.167044
0.174882
0.168618
0.168817
0.168652
0.168262
0.167919
0.167909
0.169201
0.168934
0.1693
0.168202
0.168095
0.169542
0.167102
0.169039
0.168253
0.169514
0.168981
0.167516
0.167461
0.169243
0.170221
0.170803
0.169461
0.169658
0.184997
0.168018
0.167049
0.167758
0.166975
0.168271
0.169784
0.168575
0.167935
0.168808
0.168252
0.169659
0.169315
0.167822
0.167335
0.167511
0.167027
0.169679
0.168813
0.167801
0.174908
0.167612
0.167479
0.167199
0.167124
0.165556
0.168153
0.166332
0.16918
0.166555
0.166407
0.167162
0.166471
0.166148
0.189205
0.189794
0.17808
0.181004
0.185658
0.175676
0.191931
0.171213
0.17366
0.1799
0.176311
0.187012
0.168034
0.167093
0.168224
0.166212
0.165663
0.169198
0.166353
0.164802
0.165508
0.168946
0.166593
0.169318
0.164777
0.168285
0.167216
0.166298
0.169861
0.167688
0.16667
0.168217
0.167809
0.165491
0.167831
0.170022
0.167352
0.169498
0.167446
0.173032
0.167078
0.178395
0.177715
0.192448
0.175147
0.18979
0.199578
0.179955
0.19261
0.181524
0.193351
0.196875
0.181016
0.170146
0.166024
0.165551
0.166396
0.165307
0.167713
0.176645
0.181226
0.174045
0.168083
0.200996
0.178518
0.190249
0.178205
0.191954
0.176752
0.195491
0.185691
0.192357
0.184507
0.179666
0.176665
0.184987
0.188942
0.166397
0.190871
0.179692
0.175925
0.191863
0.180028
0.186228
0.171039
0.167053
0.167335
0.165153
0.166106
0.165874
0.167176
0.164633
0.165339
0.167246
0.165607
0.16573
0.165487
0.168028
0.17241
0.167336
0.171052
0.182619
0.170994
0.178693
0.181337
0.185235
0.166879
0.165949
0.166588
0.167438
0.167365
0.167259
0.166695
0.168186
0.167609
0.167409
0.164723
0.168618
0.165878
0.168171
0.166383
0.167398
0.171667
0.176547
0.184449
0.17541
0.184239
0.196153
0.167924
0.179215
0.190595
0.168039
0.173408
0.186357
0.170215
0.18229
0.180595
0.166359
0.188948
0.172985
0.17111
0.169598
0.198164
0.17268
0.175476
0.169156
0.179347
0.184493
0.179821
0.187321
0.169123
0.175816
0.180865
0.180676
0.167525
0.178163
0.178858
0.166172
0.168041
0.168551
0.164475
0.167132
0.165038
0.165695
0.164793
0.165501
0.167767
0.164795
0.162524
0.165519
0.168606
0.167977
0.166803
0.167478
0.170326
0.167282
0.168918
0.169039
0.167545
0.165209
0.167246
0.166301
0.166378
0.1677
0.174722
0.166908
0.166552
0.165551
0.166962
0.166704
0.166755
0.166986
0.168395
0.166655
0.165606
0.169258
0.167417
0.167252
0.166229
0.16866
0.166087
0.167147
0.168738
0.167221
0.166263
0.167738
0.168846
0.16762
0.167614
0.168693
0.169636
0.165486
0.16604
0.169093
0.166256
0.166924
0.164886
0.169053
0.166426
0.166294
0.166606
0.165198
0.1687
0.167127
0.1662
0.17031
0.166883
0.167396
0.166695
0.167392
0.166436
0.169402
0.16534
0.166464
0.166372
0.164793
0.165438
0.16545
0.16801
0.166189
0.166395
0.165981
0.167017
0.167531
0.166413
0.165428
0.165762
0.164981
0.165543
0.165002
0.16486
0.167758
0.167899
0.165444
0.163375
0.164811
0.165127
0.164946
0.164662
0.164943
0.163409
0.163142
0.166072
0.162907
0.165305
0.165771
0.166707
0.165451
0.166009
0.16795
0.166053
0.164785
0.164296
0.165883
0.168001
0.165442
0.165417
0.166381
0.168756
0.165303
0.165999
0.1654
0.165527
0.165905
0.166134
0.165184
0.165571
0.168059
0.166645
0.166637
0.166833
0.165374
0.167418
0.166364
0.16595
0.166964
0.165113
0.165173
0.16493
0.165302
0.165637
0.165237
0.164844
0.165883
0.166552
0.166868
0.16686
0.165674
0.166436
0.165144
0.166504
0.167189
0.166118
0.166712
0.168639
0.167102
0.166851
0.166744
0.167507
0.167281
0.167328
0.166831
0.166592
0.166008
0.166878
0.166343
0.167666
0.169768
0.166009
0.165333
0.164878
0.165708
0.166859
0.16765
0.168982
0.169113
0.167776
0.167552
0.167846
0.168148
0.167582
0.168368
0.167669
0.168184
0.167391
0.166994
0.167939
0.167024
0.167893
0.166318
0.166851
0.166465
0.166554
0.16947
0.166905
0.168446
0.167491
0.167363
0.168189
0.168628
0.168125
0.165879
0.167715
0.167602
0.167505
0.172186
0.167252
0.16894
0.168802
0.16871
0.168663
0.172328
0.171198
0.167793
0.167673
0.172154
0.165544
0.181938
0.170944
0.166059
0.165053
0.165726
0.164003
0.165192
0.165857
0.172853
0.177089
0.180846
0.183206
0.178586
0.167164
0.168483
0.188457
0.185489
0.184537
0.175258
0.169876
0.166423
