30981 root      20   0  700040 115444  65384 S   9.1  0.4   0:06.81 usb_cam_node
30981 root      20   0  700040 115444  65384 S   9.3  0.4   0:06.91 usb_cam_node
30981 root      20   0  700040 115444  65384 S   8.4  0.4   0:07.00 usb_cam_node
30981 root      20   0  700040 115444  65384 S  11.2  0.4   0:07.12 usb_cam_node
30981 root      20   0  700040 115444  65384 S   9.4  0.4   0:07.22 usb_cam_node
30981 root      20   0  700040 115444  65384 S   9.3  0.4   0:07.32 usb_cam_node
30981 root      20   0  700040 115444  65384 S   9.2  0.4   0:07.42 usb_cam_node
30981 root      20   0  700040 115444  65384 R   7.5  0.4   0:07.50 usb_cam_node
30981 root      20   0  700040 115444  65384 S  11.3  0.4   0:07.62 usb_cam_node
30981 root      20   0  700040 115444  65384 S   9.4  0.4   0:07.72 usb_cam_node
30981 root      20   0  700040 115444  65384 S   8.4  0.4   0:07.81 usb_cam_node
30981 root      20   0  700040 115444  65384 S  12.3  0.4   0:07.94 usb_cam_node
30981 root      20   0  700040 115444  65384 S   9.4  0.4   0:08.04 usb_cam_node
30981 root      20   0  700040 115444  65384 S   9.3  0.4   0:08.14 usb_cam_node
30981 root      20   0  700040 115444  65384 S   8.5  0.4   0:08.23 usb_cam_node
30981 root      20   0  700040 115444  65384 S  10.4  0.4   0:08.34 usb_cam_node
30981 root      20   0  700040 115444  65384 S   9.3  0.4   0:08.44 usb_cam_node
30981 root      20   0  700040 115444  65384 S   8.4  0.4   0:08.53 usb_cam_node
30981 root      20   0  700040 115444  65384 S   9.3  0.4   0:08.63 usb_cam_node
30981 root      20   0  700040 115444  65384 R   9.4  0.4   0:08.73 usb_cam_node
30981 root      20   0  700040 115444  65384 S  10.3  0.4   0:08.84 usb_cam_node
30981 root      20   0  700040 115444  65384 S  10.4  0.4   0:08.95 usb_cam_node
30981 root      20   0  700040 115444  65384 S   7.5  0.4   0:09.03 usb_cam_node
30981 root      20   0  700040 115444  65384 S   9.4  0.4   0:09.13 usb_cam_node
30981 root      20   0  700040 115444  65384 R   7.5  0.4   0:09.21 usb_cam_node
30981 root      20   0  700040 115444  65384 S  10.3  0.4   0:09.32 usb_cam_node
30981 root      20   0  700040 115444  65384 S   9.4  0.4   0:09.42 usb_cam_node
30981 root      20   0  700040 115444  65384 S   8.4  0.4   0:09.51 usb_cam_node
30981 root      20   0  700040 115444  65384 S   8.5  0.4   0:09.60 usb_cam_node
30981 root      20   0  700040 115444  65384 S   8.4  0.4   0:09.69 usb_cam_node
30981 root      20   0  700040 115444  65384 S   9.4  0.4   0:09.79 usb_cam_node
30981 root      20   0  700040 115444  65384 S  10.3  0.4   0:09.90 usb_cam_node
30981 root      20   0  700040 115444  65384 S   8.5  0.4   0:09.99 usb_cam_node
30981 root      20   0  700040 115444  65384 S  12.3  0.4   0:10.12 usb_cam_node
30981 root      20   0  700040 115444  65384 S   7.4  0.4   0:10.20 usb_cam_node
30981 root      20   0  700040 115444  65384 S   9.4  0.4   0:10.30 usb_cam_node
30981 root      20   0  700040 115444  65384 S   9.3  0.4   0:10.40 usb_cam_node
30981 root      20   0  700040 115444  65384 S   7.5  0.4   0:10.48 usb_cam_node
30981 root      20   0  700040 115444  65384 S  10.3  0.4   0:10.59 usb_cam_node
30981 root      20   0  700040 115444  65384 S   9.4  0.4   0:10.69 usb_cam_node
30981 root      20   0  700040 115444  65384 S   9.4  0.4   0:10.79 usb_cam_node
30981 root      20   0  700040 115444  65384 S   9.3  0.4   0:10.89 usb_cam_node
30981 root      20   0  700040 115444  65384 S   9.4  0.4   0:10.99 usb_cam_node
30981 root      20   0  700040 115444  65384 S  10.4  0.4   0:11.10 usb_cam_node
30981 root      20   0  700040 115444  65384 S   8.4  0.4   0:11.19 usb_cam_node
30981 root      20   0  700040 115444  65384 S   9.4  0.4   0:11.29 usb_cam_node
30981 root      20   0  700040 115444  65384 R   9.3  0.4   0:11.39 usb_cam_node
30981 root      20   0  700040 115444  65384 S   7.5  0.4   0:11.47 usb_cam_node
30981 root      20   0  700040 115444  65384 S  10.4  0.4   0:11.58 usb_cam_node
30981 root      20   0  700040 115444  65384 S   9.3  0.4   0:11.68 usb_cam_node
30981 root      20   0  700040 115444  65384 S  10.4  0.4   0:11.79 usb_cam_node
30981 root      20   0  700040 115444  65384 S   7.5  0.4   0:11.87 usb_cam_node
30981 root      20   0  700040 115444  65384 S   9.3  0.4   0:11.97 usb_cam_node
30981 root      20   0  700040 115444  65384 S  10.3  0.4   0:12.08 usb_cam_node
30981 root      20   0  700040 115444  65384 S   7.5  0.4   0:12.16 usb_cam_node
30981 root      20   0  700040 115444  65384 S   9.3  0.4   0:12.26 usb_cam_node
30981 root      20   0  700040 115444  65384 S   9.4  0.4   0:12.36 usb_cam_node
30981 root      20   0  700040 115444  65384 S   9.3  0.4   0:12.46 usb_cam_node
30981 root      20   0  700040 115444  65384 S   8.5  0.4   0:12.55 usb_cam_node
30981 root      20   0  700040 115444  65384 S   9.3  0.4   0:12.65 usb_cam_node
30981 root      20   0  700040 115444  65384 S   9.4  0.4   0:12.75 usb_cam_node
30981 root      20   0  700040 115444  65384 S   9.4  0.4   0:12.85 usb_cam_node
30981 root      20   0  700040 115444  65384 S   9.3  0.4   0:12.95 usb_cam_node
30981 root      20   0  700040 115444  65384 S   7.5  0.4   0:13.03 usb_cam_node
30981 root      20   0  700040 115444  65384 S   9.4  0.4   0:13.13 usb_cam_node
30981 root      20   0  700040 115444  65384 S  12.3  0.4   0:13.26 usb_cam_node
30981 root      20   0  700040 115444  65384 S   7.5  0.4   0:13.34 usb_cam_node
30981 root      20   0  700040 115444  65384 S  10.3  0.4   0:13.45 usb_cam_node
30981 root      20   0  700040 115444  65384 S   6.6  0.4   0:13.52 usb_cam_node
30981 root      20   0  700040 115444  65384 S  12.1  0.4   0:13.65 usb_cam_node
30981 root      20   0  700040 115444  65384 R   7.5  0.4   0:13.73 usb_cam_node
30981 root      20   0  700040 115444  65384 S  11.2  0.4   0:13.85 usb_cam_node
30981 root      20   0  700040 115444  65384 S  11.2  0.4   0:13.97 usb_cam_node
30981 root      20   0  700040 115444  65384 S   9.3  0.4   0:14.07 usb_cam_node
30981 root      20   0  700040 115444  65384 S   9.4  0.4   0:14.17 usb_cam_node
30981 root      20   0  700040 115444  65384 S   8.5  0.4   0:14.26 usb_cam_node
30981 root      20   0  700040 115444  65384 S   8.5  0.4   0:14.35 usb_cam_node
30981 root      20   0  700040 115444  65384 S   9.3  0.4   0:14.45 usb_cam_node
30981 root      20   0  700040 115444  65384 S   8.5  0.4   0:14.54 usb_cam_node
30981 root      20   0  700040 115444  65384 S  10.4  0.4   0:14.65 usb_cam_node
30981 root      20   0  700040 115444  65384 S  10.3  0.4   0:14.76 usb_cam_node
30981 root      20   0  700040 115444  65384 S   8.4  0.4   0:14.85 usb_cam_node
30981 root      20   0  700040 115444  65384 S  10.3  0.4   0:14.96 usb_cam_node
30981 root      20   0  700040 115444  65384 S   8.4  0.4   0:15.05 usb_cam_node
30981 root      20   0  700040 115444  65384 S   9.4  0.4   0:15.15 usb_cam_node
30981 root      20   0  700040 115444  65384 S   9.3  0.4   0:15.25 usb_cam_node
30981 root      20   0  700040 115444  65384 S   9.4  0.4   0:15.35 usb_cam_node
30981 root      20   0  700040 115444  65384 R  10.4  0.4   0:15.46 usb_cam_node
30981 root      20   0  700040 115444  65384 S  11.2  0.4   0:15.58 usb_cam_node
30981 root      20   0  700040 115444  65384 S   9.4  0.4   0:15.68 usb_cam_node
30981 root      20   0  700040 115444  65384 S   9.3  0.4   0:15.78 usb_cam_node
30981 root      20   0  700040 115444  65384 S   9.4  0.4   0:15.88 usb_cam_node
30981 root      20   0  700040 115444  65384 R   9.3  0.4   0:15.98 usb_cam_node
30981 root      20   0  700040 115444  65384 S   9.3  0.4   0:16.08 usb_cam_node
30981 root      20   0  700040 115444  65384 S   9.4  0.4   0:16.18 usb_cam_node
30981 root      20   0  700040 115444  65384 S   7.5  0.4   0:16.26 usb_cam_node
30981 root      20   0  700040 115444  65384 S  12.1  0.4   0:16.39 usb_cam_node
30981 root      20   0  700040 115444  65384 S   7.5  0.4   0:16.47 usb_cam_node
30981 root      20   0  700040 115444  65384 S  12.3  0.4   0:16.60 usb_cam_node
30981 root      20   0  700040 115444  65384 S   8.4  0.4   0:16.69 usb_cam_node
