31030 root      20   0 34.717g 1.000g 159748 S  59.1  3.2   0:31.18 darknet_ros
31030 root      20   0 34.717g 1.000g 159756 S  72.6  3.2   0:31.95 darknet_ros
31030 root      20   0 34.717g 1.000g 159768 S  73.8  3.2   0:32.74 darknet_ros
31030 root      20   0 34.717g 1.000g 159776 S  75.5  3.2   0:33.54 darknet_ros
31030 root      20   0 34.717g 1.000g 159788 S  71.0  3.2   0:34.30 darknet_ros
31030 root      20   0 34.711g 0.995g 159792 S  76.4  3.2   0:35.11 darknet_ros
31030 root      20   0 34.711g 0.995g 159800 S  71.0  3.2   0:35.87 darknet_ros
31030 root      20   0 34.711g 0.995g 159812 S  73.8  3.2   0:36.66 darknet_ros
31030 root      20   0 34.711g 0.995g 159820 S  72.6  3.2   0:37.43 darknet_ros
31030 root      20   0 34.705g 0.989g 159832 S  71.7  3.2   0:38.19 darknet_ros
31030 root      20   0 34.705g 0.989g 159836 S  72.9  3.2   0:38.97 darknet_ros
31030 root      20   0 34.705g 0.984g 159844 R  72.9  3.2   0:39.75 darknet_ros
31030 root      20   0 34.693g 0.977g 159856 S  71.7  3.1   0:40.51 darknet_ros
31030 root      20   0 34.693g 0.977g 159864 S  74.8  3.1   0:41.31 darknet_ros
31030 root      20   0 34.705g 0.989g 159876 S  74.5  3.2   0:42.10 darknet_ros
31030 root      20   0 34.705g 0.989g 159884 S  79.4  3.2   0:42.95 darknet_ros
31030 root      20   0 34.705g 0.988g 159892 S  75.5  3.2   0:43.75 darknet_ros
31030 root      20   0 34.699g 0.983g 159900 S  75.7  3.2   0:44.56 darknet_ros
31030 root      20   0 34.699g 0.984g 159908 S  74.8  3.2   0:45.36 darknet_ros
31030 root      20   0 34.711g 0.995g 159920 S  73.8  3.2   0:46.15 darknet_ros
31030 root      20   0 34.711g 0.995g 159928 S  75.5  3.2   0:46.95 darknet_ros
31030 root      20   0 34.699g 0.984g 159936 S  72.6  3.2   0:47.72 darknet_ros
31030 root      20   0 34.699g 0.983g 159944 S  74.8  3.2   0:48.52 darknet_ros
31030 root      20   0 34.699g 0.983g 159952 S  74.5  3.2   0:49.31 darknet_ros
31030 root      20   0 34.705g 0.989g 159964 S  71.0  3.2   0:50.07 darknet_ros
31030 root      20   0 34.705g 0.989g 159972 S  76.4  3.2   0:50.88 darknet_ros
31030 root      20   0 34.705g 0.989g 159980 S  72.9  3.2   0:51.66 darknet_ros
31030 root      20   0 34.705g 0.989g 159992 S  76.4  3.2   0:52.47 darknet_ros
31030 root      20   0 34.705g 0.989g 159996 S  72.9  3.2   0:53.25 darknet_ros
31030 root      20   0 34.705g 0.989g 160008 S  71.7  3.2   0:54.01 darknet_ros
31030 root      20   0 34.705g 0.989g 160016 S  71.0  3.2   0:54.77 darknet_ros
31030 root      20   0 34.699g 0.983g 160024 S  72.0  3.2   0:55.54 darknet_ros
31030 root      20   0 34.699g 0.983g 160036 S  73.6  3.2   0:56.32 darknet_ros
31030 root      20   0 34.693g 0.977g 160040 R  72.0  3.1   0:57.09 darknet_ros
31030 root      20   0 34.711g 0.995g 160056 S  73.6  3.2   0:57.87 darknet_ros
31030 root      20   0 34.699g 0.983g 160060 S  76.6  3.2   0:58.69 darknet_ros
31030 root      20   0 34.705g 0.989g 160068 S  77.4  3.2   0:59.51 darknet_ros
31030 root      20   0 34.705g 0.989g 160080 S  76.6  3.2   1:00.33 darknet_ros
31030 root      20   0 34.693g 0.978g 160088 S  73.6  3.1   1:01.11 darknet_ros
31030 root      20   0 34.699g 0.983g 160100 S  72.9  3.2   1:01.89 darknet_ros
31030 root      20   0 34.699g 0.983g 160104 S  72.9  3.2   1:02.67 darknet_ros
31030 root      20   0 34.699g 0.983g 160112 S  70.8  3.2   1:03.42 darknet_ros
31030 root      20   0 34.699g 0.983g 160124 S  72.0  3.2   1:04.19 darknet_ros
31030 root      20   0 34.699g 0.983g 160132 S  71.7  3.2   1:04.95 darknet_ros
31030 root      20   0 34.699g 0.983g 160144 S  74.5  3.2   1:05.74 darknet_ros
31030 root      20   0 34.699g 0.983g 160152 S  74.8  3.2   1:06.54 darknet_ros
31030 root      20   0 34.699g 0.983g 160160 S  75.5  3.2   1:07.34 darknet_ros
31030 root      20   0 34.699g 0.983g 160168 S  72.0  3.2   1:08.11 darknet_ros
31030 root      20   0 34.699g 0.983g 160176 S  70.8  3.2   1:08.86 darknet_ros
31030 root      20   0 34.699g 0.983g 160188 S  72.0  3.2   1:09.63 darknet_ros
31030 root      20   0 34.699g 0.983g 160196 S  70.8  3.2   1:10.38 darknet_ros
31030 root      20   0 34.699g 0.983g 160204 S  71.0  3.2   1:11.14 darknet_ros
31030 root      20   0 34.699g 0.983g 160212 S  71.7  3.2   1:11.90 darknet_ros
31030 root      20   0 34.699g 0.983g 160220 S  70.1  3.2   1:12.65 darknet_ros
31030 root      20   0 34.699g 0.983g 160232 S  73.6  3.2   1:13.43 darknet_ros
31030 root      20   0 34.699g 0.983g 160240 S  70.8  3.2   1:14.18 darknet_ros
31030 root      20   0 34.699g 0.983g 160248 S  72.0  3.2   1:14.95 darknet_ros
31030 root      20   0 34.699g 0.983g 160260 S  75.5  3.2   1:15.75 darknet_ros
31030 root      20   0 34.699g 0.983g 160268 S  68.2  3.2   1:16.48 darknet_ros
31030 root      20   0 34.699g 0.983g 160276 S  74.5  3.2   1:17.27 darknet_ros
31030 root      20   0 34.699g 0.983g 160284 S  77.4  3.2   1:18.09 darknet_ros
31030 root      20   0 34.699g 0.983g 160292 S  72.9  3.2   1:18.87 darknet_ros
31030 root      20   0 34.699g 0.983g 160304 S  73.6  3.2   1:19.65 darknet_ros
31030 root      20   0 34.699g 0.983g 160312 S  71.0  3.2   1:20.41 darknet_ros
31030 root      20   0 34.699g 0.983g 160320 S  71.0  3.2   1:21.17 darknet_ros
31030 root      20   0 34.699g 0.983g 160328 S  71.0  3.2   1:21.93 darknet_ros
31030 root      20   0 34.699g 0.983g 160336 S  71.7  3.2   1:22.69 darknet_ros
31030 root      20   0 34.699g 0.983g 160348 S  72.0  3.2   1:23.46 darknet_ros
31030 root      20   0 34.699g 0.983g 160356 S  73.6  3.2   1:24.24 darknet_ros
31030 root      20   0 34.699g 0.983g 160368 S  73.6  3.2   1:25.02 darknet_ros
31030 root      20   0 34.699g 0.983g 160372 S  73.8  3.2   1:25.81 darknet_ros
31030 root      20   0 34.699g 0.983g 160380 S  77.4  3.2   1:26.63 darknet_ros
31030 root      20   0 34.699g 0.983g 160392 S  70.8  3.2   1:27.38 darknet_ros
31030 root      20   0 34.699g 0.983g 160400 S  71.0  3.2   1:28.14 darknet_ros
31030 root      20   0 34.699g 0.983g 160408 S  72.9  3.2   1:28.92 darknet_ros
31030 root      20   0 34.699g 0.983g 160416 S  70.1  3.2   1:29.67 darknet_ros
31030 root      20   0 34.699g 0.983g 160424 S  72.6  3.2   1:30.44 darknet_ros
31030 root      20   0 34.699g 0.983g 160436 S  69.2  3.2   1:31.18 darknet_ros
31030 root      20   0 34.699g 0.983g 160444 S  72.9  3.2   1:31.96 darknet_ros
31030 root      20   0 34.699g 0.983g 160444 S  74.5  3.2   1:32.75 darknet_ros
31030 root      20   0 34.699g 0.983g 160448 S  75.7  3.2   1:33.56 darknet_ros
31030 root      20   0 34.699g 0.983g 160448 S  77.4  3.2   1:34.38 darknet_ros
31030 root      20   0 34.699g 0.984g 160452 S  70.1  3.2   1:35.13 darknet_ros
31030 root      20   0 34.699g 0.984g 160452 S  72.0  3.2   1:35.90 darknet_ros
31030 root      20   0 34.699g 0.984g 160452 S  71.0  3.2   1:36.66 darknet_ros
31030 root      20   0 34.699g 0.984g 160456 S  70.8  3.2   1:37.41 darknet_ros
31030 root      20   0 34.699g 0.984g 160456 S  72.0  3.2   1:38.18 darknet_ros
31030 root      20   0 34.699g 0.984g 160460 S  70.8  3.2   1:38.93 darknet_ros
31030 root      20   0 34.699g 0.984g 160460 S  73.6  3.2   1:39.71 darknet_ros
31030 root      20   0 34.699g 0.984g 160460 R  74.8  3.2   1:40.51 darknet_ros
31030 root      20   0 34.699g 0.984g 160464 S  75.5  3.2   1:41.31 darknet_ros
31030 root      20   0 34.699g 0.984g 160464 S  74.8  3.2   1:42.11 darknet_ros
31030 root      20   0 34.699g 0.984g 160468 S  70.1  3.2   1:42.86 darknet_ros
31030 root      20   0 34.699g 0.984g 160468 S  70.8  3.2   1:43.61 darknet_ros
31030 root      20   0 34.699g 0.984g 160468 R  72.0  3.2   1:44.38 darknet_ros
31030 root      20   0 34.699g 0.984g 160472 S  70.8  3.2   1:45.13 darknet_ros
31030 root      20   0 34.699g 0.984g 160472 S  71.0  3.2   1:45.89 darknet_ros
31030 root      20   0 34.699g 0.984g 160476 S  70.1  3.2   1:46.64 darknet_ros
31030 root      20   0 34.699g 0.984g 160476 S  71.7  3.2   1:47.40 darknet_ros
31030 root      20   0 34.699g 0.984g 160476 S  71.7  3.2   1:48.16 darknet_ros
