Getting splits for init
Previous splits found and validated
Using cuda for training

---Evaluating validation set on epoch 1 for early stop---
Compute mAP...
+-------+------------+---------+
| Index | Class name | AP      |
+-------+------------+---------+
| 0     | B          | 0.29585 |
| 1     | D          | 0.21559 |
| 2     | E          | 0.28639 |
| 3     | F          | 0.21157 |
| 4     | I          | 0.18855 |
| 5     | K          | 0.28389 |
| 6     | L          | 0.14643 |
| 7     | O          | 0.26841 |
| 8     | P          | 0.14993 |
| 9     | S          | 0.15942 |
| 10    | e          | 0.22312 |
| 11    | t          | 0.07709 |
+-------+------------+---------+
---- mAP 0.2088553799067593
Previous loss: inf
Current loss: 349.39523673057556

---Evaluating test set on epoch 1---
Compute mAP...
+-------+------------+---------+
| Index | Class name | AP      |
+-------+------------+---------+
| 0     | B          | 0.18511 |
| 1     | D          | 0.30286 |
| 2     | E          | 0.44410 |
| 3     | F          | 0.05261 |
| 4     | I          | 0.24203 |
| 5     | K          | 0.19115 |
| 6     | L          | 0.36220 |
| 7     | O          | 0.42394 |
| 8     | P          | 0.08876 |
| 9     | S          | 0.26951 |
| 10    | e          | 0.24970 |
| 11    | t          | 0.02988 |
+-------+------------+---------+
---- mAP 0.23682129796586684

---Evaluating validation set on epoch 2 for early stop---
Compute mAP...
+-------+------------+---------+
| Index | Class name | AP      |
+-------+------------+---------+
| 0     | B          | 0.52084 |
| 1     | D          | 0.42485 |
| 2     | E          | 0.46826 |
| 3     | F          | 0.33011 |
| 4     | I          | 0.43634 |
| 5     | K          | 0.56113 |
| 6     | L          | 0.46378 |
| 7     | O          | 0.44168 |
| 8     | P          | 0.30070 |
| 9     | S          | 0.74112 |
| 10    | e          | 0.52606 |
| 11    | t          | 0.21752 |
+-------+------------+---------+
---- mAP 0.45269823035100076
Previous loss: 349.39523673057556
Current loss: 325.078782081604

---Evaluating test set on epoch 2---
Compute mAP...
+-------+------------+---------+
| Index | Class name | AP      |
+-------+------------+---------+
| 0     | B          | 0.39376 |
| 1     | D          | 0.52020 |
| 2     | E          | 0.72048 |
| 3     | F          | 0.14000 |
| 4     | I          | 0.40774 |
| 5     | K          | 0.38580 |
| 6     | L          | 0.59992 |
| 7     | O          | 0.66133 |
| 8     | P          | 0.19842 |
| 9     | S          | 0.66328 |
| 10    | e          | 0.50893 |
| 11    | t          | 0.18203 |
+-------+------------+---------+
---- mAP 0.44849096431739843

---Evaluating test set on epoch 3---
Compute mAP...
+-------+------------+---------+
| Index | Class name | AP      |
+-------+------------+---------+
| 0     | B          | 0.42420 |
| 1     | D          | 0.73466 |
| 2     | E          | 0.77401 |
| 3     | F          | 0.23325 |
| 4     | I          | 0.58609 |
| 5     | K          | 0.75765 |
| 6     | L          | 0.75795 |
| 7     | O          | 0.87753 |
| 8     | P          | 0.40651 |
| 9     | S          | 0.76522 |
| 10    | e          | 0.65965 |
| 11    | t          | 0.33327 |
+-------+------------+---------+
---- mAP 0.609164235104573

---Evaluating validation set on epoch 4 for early stop---
Compute mAP...
+-------+------------+---------+
| Index | Class name | AP      |
+-------+------------+---------+
| 0     | B          | 0.52011 |
| 1     | D          | 0.71096 |
| 2     | E          | 0.65405 |
| 3     | F          | 0.30666 |
| 4     | I          | 0.60334 |
| 5     | K          | 0.96829 |
| 6     | L          | 0.67719 |
| 7     | O          | 0.68948 |
| 8     | P          | 0.51477 |
| 9     | S          | 0.85422 |
| 10    | e          | 0.74206 |
| 11    | t          | 0.53417 |
+-------+------------+---------+
---- mAP 0.6479400275391
Previous loss: 325.078782081604
Current loss: 295.2458803653717

---Evaluating test set on epoch 4---
Compute mAP...
+-------+------------+---------+
| Index | Class name | AP      |
+-------+------------+---------+
| 0     | B          | 0.54873 |
| 1     | D          | 0.60140 |
| 2     | E          | 0.77454 |
| 3     | F          | 0.33055 |
| 4     | I          | 0.55097 |
| 5     | K          | 0.89238 |
| 6     | L          | 0.74586 |
| 7     | O          | 0.89865 |
| 8     | P          | 0.55659 |
| 9     | S          | 0.79989 |
| 10    | e          | 0.76313 |
| 11    | t          | 0.44719 |
+-------+------------+---------+
---- mAP 0.6591565702180765

---Evaluating test set on epoch 5---
Compute mAP...
+-------+------------+---------+
| Index | Class name | AP      |
+-------+------------+---------+
| 0     | B          | 0.67787 |
| 1     | D          | 0.70413 |
| 2     | E          | 0.82534 |
| 3     | F          | 0.35249 |
| 4     | I          | 0.55439 |
| 5     | K          | 0.87056 |
| 6     | L          | 0.79623 |
| 7     | O          | 0.86586 |
| 8     | P          | 0.72630 |
| 9     | S          | 0.84117 |
| 10    | e          | 0.82617 |
| 11    | t          | 0.38035 |
+-------+------------+---------+
---- mAP 0.7017377657968628

---Evaluating validation set on epoch 6 for early stop---
Compute mAP...
+-------+------------+---------+
| Index | Class name | AP      |
+-------+------------+---------+
| 0     | B          | 0.62491 |
| 1     | D          | 0.64951 |
| 2     | E          | 0.72815 |
| 3     | F          | 0.44831 |
| 4     | I          | 0.62496 |
| 5     | K          | 0.91633 |
| 6     | L          | 0.76610 |
| 7     | O          | 0.76372 |
| 8     | P          | 0.75273 |
| 9     | S          | 0.85645 |
| 10    | e          | 0.81324 |
| 11    | t          | 0.67591 |
+-------+------------+---------+
---- mAP 0.7183607030565787
Previous loss: 295.2458803653717
Current loss: 270.0650544166565

---Evaluating test set on epoch 6---
Compute mAP...
+-------+------------+---------+
| Index | Class name | AP      |
+-------+------------+---------+
| 0     | B          | 0.66117 |
| 1     | D          | 0.72434 |
| 2     | E          | 0.82757 |
| 3     | F          | 0.37383 |
| 4     | I          | 0.59333 |
| 5     | K          | 0.90459 |
| 6     | L          | 0.79297 |
| 7     | O          | 0.94404 |
| 8     | P          | 0.75727 |
| 9     | S          | 0.86361 |
| 10    | e          | 0.78365 |
| 11    | t          | 0.38493 |
+-------+------------+---------+
---- mAP 0.7176084668909497

---Evaluating test set on epoch 7---
Compute mAP...
+-------+------------+---------+
| Index | Class name | AP      |
+-------+------------+---------+
| 0     | B          | 0.77343 |
| 1     | D          | 0.81825 |
| 2     | E          | 0.86395 |
| 3     | F          | 0.27931 |
| 4     | I          | 0.57546 |
| 5     | K          | 0.84502 |
| 6     | L          | 0.87966 |
| 7     | O          | 0.94805 |
| 8     | P          | 0.80726 |
| 9     | S          | 0.87180 |
| 10    | e          | 0.86014 |
| 11    | t          | 0.63501 |
+-------+------------+---------+
---- mAP 0.7631111045564613

---Evaluating validation set on epoch 8 for early stop---
Compute mAP...
+-------+------------+---------+
| Index | Class name | AP      |
+-------+------------+---------+
| 0     | B          | 0.71234 |
| 1     | D          | 0.79998 |
| 2     | E          | 0.81249 |
| 3     | F          | 0.63982 |
| 4     | I          | 0.62504 |
| 5     | K          | 0.97444 |
| 6     | L          | 0.82659 |
| 7     | O          | 0.77380 |
| 8     | P          | 0.85181 |
| 9     | S          | 0.89242 |
| 10    | e          | 0.83159 |
| 11    | t          | 0.70530 |
+-------+------------+---------+
---- mAP 0.7871349276885727
Previous loss: 270.0650544166565
Current loss: 243.83978080749512

---Evaluating test set on epoch 8---
Compute mAP...
+-------+------------+---------+
| Index | Class name | AP      |
+-------+------------+---------+
| 0     | B          | 0.82462 |
| 1     | D          | 0.80971 |
| 2     | E          | 0.85186 |
| 3     | F          | 0.49604 |
| 4     | I          | 0.63743 |
| 5     | K          | 0.88714 |
| 6     | L          | 0.88782 |
| 7     | O          | 0.94284 |
| 8     | P          | 0.85832 |
| 9     | S          | 0.90248 |
| 10    | e          | 0.81787 |
| 11    | t          | 0.63193 |
+-------+------------+---------+
---- mAP 0.7956720705269719

---Evaluating test set on epoch 9---
Compute mAP...
+-------+------------+---------+
| Index | Class name | AP      |
+-------+------------+---------+
| 0     | B          | 0.87618 |
| 1     | D          | 0.71191 |
| 2     | E          | 0.84755 |
| 3     | F          | 0.44951 |
| 4     | I          | 0.64243 |
| 5     | K          | 0.85687 |
| 6     | L          | 0.85009 |
| 7     | O          | 0.92052 |
| 8     | P          | 0.88173 |
| 9     | S          | 0.86381 |
| 10    | e          | 0.85644 |
| 11    | t          | 0.58825 |
+-------+------------+---------+
---- mAP 0.7787737357720989

---Evaluating validation set on epoch 10 for early stop---
Compute mAP...
+-------+------------+---------+
| Index | Class name | AP      |
+-------+------------+---------+
| 0     | B          | 0.58836 |
| 1     | D          | 0.77983 |
| 2     | E          | 0.71718 |
| 3     | F          | 0.52058 |
| 4     | I          | 0.67392 |
| 5     | K          | 0.91113 |
| 6     | L          | 0.69526 |
| 7     | O          | 0.73331 |
| 8     | P          | 0.73065 |
| 9     | S          | 0.80771 |
| 10    | e          | 0.84711 |
| 11    | t          | 0.62129 |
+-------+------------+---------+
---- mAP 0.7188610788440669
Previous loss: 243.83978080749512
Current loss: 270.6618130207062

---Evaluating test set on epoch 10---
Compute mAP...
+-------+------------+---------+
| Index | Class name | AP      |
+-------+------------+---------+
| 0     | B          | 0.76448 |
| 1     | D          | 0.80134 |
| 2     | E          | 0.82049 |
| 3     | F          | 0.47721 |
| 4     | I          | 0.58362 |
| 5     | K          | 0.84773 |
| 6     | L          | 0.71467 |
| 7     | O          | 0.86919 |
| 8     | P          | 0.83713 |
| 9     | S          | 0.79242 |
| 10    | e          | 0.86535 |
| 11    | t          | 0.47709 |
+-------+------------+---------+
---- mAP 0.7375613237476641

---Evaluating test set on epoch 11---
Compute mAP...
+-------+------------+---------+
| Index | Class name | AP      |
+-------+------------+---------+
| 0     | B          | 0.88917 |
| 1     | D          | 0.81541 |
| 2     | E          | 0.88864 |
| 3     | F          | 0.50162 |
| 4     | I          | 0.72812 |
| 5     | K          | 0.86786 |
| 6     | L          | 0.86628 |
| 7     | O          | 0.89326 |
| 8     | P          | 0.81991 |
| 9     | S          | 0.88069 |
| 10    | e          | 0.88551 |
| 11    | t          | 0.68594 |
+-------+------------+---------+
---- mAP 0.8102006511840112

---Evaluating validation set on epoch 12 for early stop---
Compute mAP...
+-------+------------+---------+
| Index | Class name | AP      |
+-------+------------+---------+
| 0     | B          | 0.74540 |
| 1     | D          | 0.81647 |
| 2     | E          | 0.78737 |
| 3     | F          | 0.46871 |
| 4     | I          | 0.73204 |
| 5     | K          | 0.93277 |
| 6     | L          | 0.68637 |
| 7     | O          | 0.81045 |
| 8     | P          | 0.89217 |
| 9     | S          | 0.91633 |
| 10    | e          | 0.89204 |
| 11    | t          | 0.81437 |
+-------+------------+---------+
---- mAP 0.7912089812657568
Previous loss: 270.6618130207062
Current loss: 246.9100043773651

---Evaluating test set on epoch 12---
Compute mAP...
+-------+------------+---------+
| Index | Class name | AP      |
+-------+------------+---------+
| 0     | B          | 0.90678 |
| 1     | D          | 0.81750 |
| 2     | E          | 0.85428 |
| 3     | F          | 0.35493 |
| 4     | I          | 0.72365 |
| 5     | K          | 0.92352 |
| 6     | L          | 0.87611 |
| 7     | O          | 0.92456 |
| 8     | P          | 0.90596 |
| 9     | S          | 0.91321 |
| 10    | e          | 0.89893 |
| 11    | t          | 0.66656 |
+-------+------------+---------+
---- mAP 0.8138327832682459

---Evaluating test set on epoch 13---
Compute mAP...
+-------+------------+---------+
| Index | Class name | AP      |
+-------+------------+---------+
| 0     | B          | 0.78893 |
| 1     | D          | 0.87261 |
| 2     | E          | 0.89431 |
| 3     | F          | 0.58502 |
| 4     | I          | 0.70737 |
| 5     | K          | 0.95828 |
| 6     | L          | 0.82665 |
| 7     | O          | 0.97006 |
| 8     | P          | 0.87289 |
| 9     | S          | 0.87500 |
| 10    | e          | 0.87564 |
| 11    | t          | 0.63787 |
+-------+------------+---------+
---- mAP 0.8220532413245438

---Evaluating validation set on epoch 14 for early stop---
Compute mAP...
+-------+------------+---------+
| Index | Class name | AP      |
+-------+------------+---------+
| 0     | B          | 0.77597 |
| 1     | D          | 0.78022 |
| 2     | E          | 0.85659 |
| 3     | F          | 0.67435 |
| 4     | I          | 0.68841 |
| 5     | K          | 0.90805 |
| 6     | L          | 0.72936 |
| 7     | O          | 0.85349 |
| 8     | P          | 0.85753 |
| 9     | S          | 0.91713 |
| 10    | e          | 0.88142 |
| 11    | t          | 0.76605 |
+-------+------------+---------+
---- mAP 0.8073804260063692
Previous loss: 246.9100043773651
Current loss: 250.0053412914276

---Evaluating test set on epoch 14---
Compute mAP...
+-------+------------+---------+
| Index | Class name | AP      |
+-------+------------+---------+
| 0     | B          | 0.89772 |
| 1     | D          | 0.81296 |
| 2     | E          | 0.90991 |
| 3     | F          | 0.64386 |
| 4     | I          | 0.62942 |
| 5     | K          | 0.89500 |
| 6     | L          | 0.83511 |
| 7     | O          | 0.95054 |
| 8     | P          | 0.88504 |
| 9     | S          | 0.91524 |
| 10    | e          | 0.85514 |
| 11    | t          | 0.57202 |
+-------+------------+---------+
---- mAP 0.8168303502866108

---Evaluating test set on epoch 15---
Compute mAP...
+-------+------------+---------+
| Index | Class name | AP      |
+-------+------------+---------+
| 0     | B          | 0.88089 |
| 1     | D          | 0.83156 |
| 2     | E          | 0.88137 |
| 3     | F          | 0.61121 |
| 4     | I          | 0.78927 |
| 5     | K          | 0.93471 |
| 6     | L          | 0.83306 |
| 7     | O          | 0.93080 |
| 8     | P          | 0.95441 |
| 9     | S          | 0.92251 |
| 10    | e          | 0.88231 |
| 11    | t          | 0.62237 |
+-------+------------+---------+
---- mAP 0.8395386614975218

---Evaluating validation set on epoch 16 for early stop---
Compute mAP...
+-------+------------+---------+
| Index | Class name | AP      |
+-------+------------+---------+
| 0     | B          | 0.73006 |
| 1     | D          | 0.78156 |
| 2     | E          | 0.85392 |
| 3     | F          | 0.62866 |
| 4     | I          | 0.61245 |
| 5     | K          | 0.90747 |
| 6     | L          | 0.72410 |
| 7     | O          | 0.85431 |
| 8     | P          | 0.81636 |
| 9     | S          | 0.88668 |
| 10    | e          | 0.87147 |
| 11    | t          | 0.70173 |
+-------+------------+---------+
---- mAP 0.780730567260096
Previous loss: 250.0053412914276
Current loss: 248.98249125480652

---Evaluating test set on epoch 16---
Compute mAP...
+-------+------------+---------+
| Index | Class name | AP      |
+-------+------------+---------+
| 0     | B          | 0.83075 |
| 1     | D          | 0.84071 |
| 2     | E          | 0.88138 |
| 3     | F          | 0.66109 |
| 4     | I          | 0.59536 |
| 5     | K          | 0.92268 |
| 6     | L          | 0.85565 |
| 7     | O          | 0.90184 |
| 8     | P          | 0.89217 |
| 9     | S          | 0.89315 |
| 10    | e          | 0.84028 |
| 11    | t          | 0.65859 |
+-------+------------+---------+
---- mAP 0.8144715130106744

---Evaluating test set on epoch 17---
Compute mAP...
+-------+------------+---------+
| Index | Class name | AP      |
+-------+------------+---------+
| 0     | B          | 0.93474 |
| 1     | D          | 0.87010 |
| 2     | E          | 0.91939 |
| 3     | F          | 0.58040 |
| 4     | I          | 0.72287 |
| 5     | K          | 0.89626 |
| 6     | L          | 0.79085 |
| 7     | O          | 0.91463 |
| 8     | P          | 0.91776 |
| 9     | S          | 0.89072 |
| 10    | e          | 0.87472 |
| 11    | t          | 0.65140 |
+-------+------------+---------+
---- mAP 0.8303207263845116

---Evaluating validation set on epoch 18 for early stop---
Compute mAP...
+-------+------------+---------+
| Index | Class name | AP      |
+-------+------------+---------+
| 0     | B          | 0.75723 |
| 1     | D          | 0.81211 |
| 2     | E          | 0.78929 |
| 3     | F          | 0.65848 |
| 4     | I          | 0.69674 |
| 5     | K          | 0.80857 |
| 6     | L          | 0.80446 |
| 7     | O          | 0.81848 |
| 8     | P          | 0.88254 |
| 9     | S          | 0.89759 |
| 10    | e          | 0.89120 |
| 11    | t          | 0.79838 |
+-------+------------+---------+
---- mAP 0.8012546432864308
Previous loss: 248.98249125480652
Current loss: 251.818345785141

---Evaluating test set on epoch 18---
Compute mAP...
+-------+------------+---------+
| Index | Class name | AP      |
+-------+------------+---------+
| 0     | B          | 0.81597 |
| 1     | D          | 0.81744 |
| 2     | E          | 0.84587 |
| 3     | F          | 0.52988 |
| 4     | I          | 0.65981 |
| 5     | K          | 0.91327 |
| 6     | L          | 0.88448 |
| 7     | O          | 0.92951 |
| 8     | P          | 0.85997 |
| 9     | S          | 0.91883 |
| 10    | e          | 0.84039 |
| 11    | t          | 0.64753 |
+-------+------------+---------+
---- mAP 0.8052443323429753

---Evaluating test set on epoch 19---
Compute mAP...
+-------+------------+---------+
| Index | Class name | AP      |
+-------+------------+---------+
| 0     | B          | 0.85890 |
| 1     | D          | 0.86637 |
| 2     | E          | 0.89934 |
| 3     | F          | 0.50275 |
| 4     | I          | 0.72867 |
| 5     | K          | 0.86091 |
| 6     | L          | 0.86981 |
| 7     | O          | 0.91003 |
| 8     | P          | 0.86053 |
| 9     | S          | 0.93169 |
| 10    | e          | 0.82216 |
| 11    | t          | 0.61734 |
+-------+------------+---------+
---- mAP 0.8107091270172383

---Evaluating validation set on epoch 20 for early stop---
Compute mAP...
+-------+------------+---------+
| Index | Class name | AP      |
+-------+------------+---------+
| 0     | B          | 0.76394 |
| 1     | D          | 0.80290 |
| 2     | E          | 0.87671 |
| 3     | F          | 0.61818 |
| 4     | I          | 0.66763 |
| 5     | K          | 0.84780 |
| 6     | L          | 0.84422 |
| 7     | O          | 0.80550 |
| 8     | P          | 0.81101 |
| 9     | S          | 0.89998 |
| 10    | e          | 0.90795 |
| 11    | t          | 0.86682 |
+-------+------------+---------+
---- mAP 0.8093870178598523
Previous loss: 251.818345785141
Current loss: 226.65779554843903

---Evaluating test set on epoch 20---
Compute mAP...
+-------+------------+---------+
| Index | Class name | AP      |
+-------+------------+---------+
| 0     | B          | 0.89203 |
| 1     | D          | 0.87161 |
| 2     | E          | 0.91451 |
| 3     | F          | 0.50097 |
| 4     | I          | 0.69259 |
| 5     | K          | 0.92583 |
| 6     | L          | 0.88476 |
| 7     | O          | 0.92026 |
| 8     | P          | 0.92315 |
| 9     | S          | 0.92336 |
| 10    | e          | 0.85715 |
| 11    | t          | 0.69580 |
+-------+------------+---------+
---- mAP 0.8335019734172778

---Evaluating test set on epoch 21---
Compute mAP...
+-------+------------+---------+
| Index | Class name | AP      |
+-------+------------+---------+
| 0     | B          | 0.89863 |
| 1     | D          | 0.83123 |
| 2     | E          | 0.90139 |
| 3     | F          | 0.53650 |
| 4     | I          | 0.76891 |
| 5     | K          | 0.88389 |
| 6     | L          | 0.82416 |
| 7     | O          | 0.92241 |
| 8     | P          | 0.91296 |
| 9     | S          | 0.92658 |
| 10    | e          | 0.89225 |
| 11    | t          | 0.70823 |
+-------+------------+---------+
---- mAP 0.8339290354867743

---Evaluating validation set on epoch 22 for early stop---
Compute mAP...
+-------+------------+---------+
| Index | Class name | AP      |
+-------+------------+---------+
| 0     | B          | 0.73320 |
| 1     | D          | 0.82252 |
| 2     | E          | 0.90333 |
| 3     | F          | 0.63949 |
| 4     | I          | 0.73687 |
| 5     | K          | 0.88299 |
| 6     | L          | 0.78487 |
| 7     | O          | 0.78529 |
| 8     | P          | 0.81210 |
| 9     | S          | 0.89379 |
| 10    | e          | 0.90388 |
| 11    | t          | 0.76970 |
+-------+------------+---------+
---- mAP 0.8056694919293864
Previous loss: 226.65779554843903
Current loss: 233.60003101825714

---Evaluating test set on epoch 22---
Compute mAP...
+-------+------------+---------+
| Index | Class name | AP      |
+-------+------------+---------+
| 0     | B          | 0.91865 |
| 1     | D          | 0.84395 |
| 2     | E          | 0.89092 |
| 3     | F          | 0.59147 |
| 4     | I          | 0.74191 |
| 5     | K          | 0.92530 |
| 6     | L          | 0.89989 |
| 7     | O          | 0.92355 |
| 8     | P          | 0.82092 |
| 9     | S          | 0.90329 |
| 10    | e          | 0.89255 |
| 11    | t          | 0.66505 |
+-------+------------+---------+
---- mAP 0.8347878797431602

---Evaluating test set on epoch 23---
Compute mAP...
+-------+------------+---------+
| Index | Class name | AP      |
+-------+------------+---------+
| 0     | B          | 0.88566 |
| 1     | D          | 0.81669 |
| 2     | E          | 0.86935 |
| 3     | F          | 0.45243 |
| 4     | I          | 0.79801 |
| 5     | K          | 0.94524 |
| 6     | L          | 0.85080 |
| 7     | O          | 0.91614 |
| 8     | P          | 0.90163 |
| 9     | S          | 0.94479 |
| 10    | e          | 0.89825 |
| 11    | t          | 0.73415 |
+-------+------------+---------+
---- mAP 0.8344282822503356

---Evaluating validation set on epoch 24 for early stop---
Compute mAP...
+-------+------------+---------+
| Index | Class name | AP      |
+-------+------------+---------+
| 0     | B          | 0.78128 |
| 1     | D          | 0.81388 |
| 2     | E          | 0.85745 |
| 3     | F          | 0.62456 |
| 4     | I          | 0.78154 |
| 5     | K          | 0.87980 |
| 6     | L          | 0.82924 |
| 7     | O          | 0.82895 |
| 8     | P          | 0.76412 |
| 9     | S          | 0.90589 |
| 10    | e          | 0.89799 |
| 11    | t          | 0.80695 |
+-------+------------+---------+
---- mAP 0.8143050602955318
Previous loss: 233.60003101825714
Current loss: 227.68623340129852

---Evaluating test set on epoch 24---
Compute mAP...
+-------+------------+---------+
| Index | Class name | AP      |
+-------+------------+---------+
| 0     | B          | 0.84592 |
| 1     | D          | 0.85937 |
| 2     | E          | 0.90301 |
| 3     | F          | 0.58141 |
| 4     | I          | 0.77404 |
| 5     | K          | 0.93013 |
| 6     | L          | 0.89819 |
| 7     | O          | 0.92704 |
| 8     | P          | 0.77353 |
| 9     | S          | 0.88352 |
| 10    | e          | 0.87182 |
| 11    | t          | 0.79465 |
+-------+------------+---------+
---- mAP 0.836884945435321

---Evaluating test set on epoch 25---
Compute mAP...
+-------+------------+---------+
| Index | Class name | AP      |
+-------+------------+---------+
| 0     | B          | 0.89419 |
| 1     | D          | 0.90132 |
| 2     | E          | 0.90884 |
| 3     | F          | 0.55315 |
| 4     | I          | 0.68676 |
| 5     | K          | 0.94750 |
| 6     | L          | 0.91227 |
| 7     | O          | 0.90030 |
| 8     | P          | 0.80411 |
| 9     | S          | 0.93794 |
| 10    | e          | 0.92986 |
| 11    | t          | 0.63367 |
+-------+------------+---------+
---- mAP 0.8341603396925045

---Evaluating validation set on epoch 26 for early stop---
Compute mAP...
+-------+------------+---------+
| Index | Class name | AP      |
+-------+------------+---------+
| 0     | B          | 0.83201 |
| 1     | D          | 0.77559 |
| 2     | E          | 0.85234 |
| 3     | F          | 0.54827 |
| 4     | I          | 0.71837 |
| 5     | K          | 0.91052 |
| 6     | L          | 0.77942 |
| 7     | O          | 0.84712 |
| 8     | P          | 0.89007 |
| 9     | S          | 0.89451 |
| 10    | e          | 0.92493 |
| 11    | t          | 0.80547 |
+-------+------------+---------+
---- mAP 0.8148858282566698
Previous loss: 227.68623340129852
Current loss: 246.6165177822113

---Evaluating test set on epoch 26---
Compute mAP...
+-------+------------+---------+
| Index | Class name | AP      |
+-------+------------+---------+
| 0     | B          | 0.92974 |
| 1     | D          | 0.89047 |
| 2     | E          | 0.88648 |
| 3     | F          | 0.51652 |
| 4     | I          | 0.70450 |
| 5     | K          | 0.92069 |
| 6     | L          | 0.89747 |
| 7     | O          | 0.90857 |
| 8     | P          | 0.81325 |
| 9     | S          | 0.87277 |
| 10    | e          | 0.92634 |
| 11    | t          | 0.68492 |
+-------+------------+---------+
---- mAP 0.8293106845728331

---Evaluating test set on epoch 27---
Compute mAP...
+-------+------------+---------+
| Index | Class name | AP      |
+-------+------------+---------+
| 0     | B          | 0.87446 |
| 1     | D          | 0.85120 |
| 2     | E          | 0.93019 |
| 3     | F          | 0.61864 |
| 4     | I          | 0.70297 |
| 5     | K          | 0.93695 |
| 6     | L          | 0.89659 |
| 7     | O          | 0.90613 |
| 8     | P          | 0.89982 |
| 9     | S          | 0.90431 |
| 10    | e          | 0.88844 |
| 11    | t          | 0.70226 |
+-------+------------+---------+
---- mAP 0.8426633676976558

---Evaluating validation set on epoch 28 for early stop---
Compute mAP...
+-------+------------+---------+
| Index | Class name | AP      |
+-------+------------+---------+
| 0     | B          | 0.75480 |
| 1     | D          | 0.82479 |
| 2     | E          | 0.85229 |
| 3     | F          | 0.60784 |
| 4     | I          | 0.76522 |
| 5     | K          | 0.89060 |
| 6     | L          | 0.85850 |
| 7     | O          | 0.82653 |
| 8     | P          | 0.84831 |
| 9     | S          | 0.91598 |
| 10    | e          | 0.89306 |
| 11    | t          | 0.84594 |
+-------+------------+---------+
---- mAP 0.8236534839969035
Previous loss: 246.6165177822113
Current loss: 222.11400246620178

---Evaluating test set on epoch 28---
Compute mAP...
+-------+------------+---------+
| Index | Class name | AP      |
+-------+------------+---------+
| 0     | B          | 0.90165 |
| 1     | D          | 0.85602 |
| 2     | E          | 0.86840 |
| 3     | F          | 0.54034 |
| 4     | I          | 0.73400 |
| 5     | K          | 0.94500 |
| 6     | L          | 0.89197 |
| 7     | O          | 0.95233 |
| 8     | P          | 0.88897 |
| 9     | S          | 0.93451 |
| 10    | e          | 0.91426 |
| 11    | t          | 0.66947 |
+-------+------------+---------+
---- mAP 0.8414101053924886

---Evaluating test set on epoch 29---
Compute mAP...
+-------+------------+---------+
| Index | Class name | AP      |
+-------+------------+---------+
| 0     | B          | 0.84714 |
| 1     | D          | 0.86031 |
| 2     | E          | 0.91890 |
| 3     | F          | 0.57951 |
| 4     | I          | 0.70669 |
| 5     | K          | 0.92498 |
| 6     | L          | 0.87272 |
| 7     | O          | 0.96789 |
| 8     | P          | 0.85958 |
| 9     | S          | 0.96285 |
| 10    | e          | 0.96347 |
| 11    | t          | 0.78380 |
+-------+------------+---------+
---- mAP 0.8539869938608821

---Evaluating validation set on epoch 30 for early stop---
Compute mAP...
+-------+------------+---------+
| Index | Class name | AP      |
+-------+------------+---------+
| 0     | B          | 0.80804 |
| 1     | D          | 0.83646 |
| 2     | E          | 0.82687 |
| 3     | F          | 0.65969 |
| 4     | I          | 0.78834 |
| 5     | K          | 0.89199 |
| 6     | L          | 0.83618 |
| 7     | O          | 0.83588 |
| 8     | P          | 0.77125 |
| 9     | S          | 0.91026 |
| 10    | e          | 0.91320 |
| 11    | t          | 0.83421 |
+-------+------------+---------+
---- mAP 0.8260295031969721
Previous loss: 222.11400246620178
Current loss: 223.15923714637756

---Evaluating test set on epoch 30---
Compute mAP...
+-------+------------+---------+
| Index | Class name | AP      |
+-------+------------+---------+
| 0     | B          | 0.95808 |
| 1     | D          | 0.91083 |
| 2     | E          | 0.91722 |
| 3     | F          | 0.56835 |
| 4     | I          | 0.72893 |
| 5     | K          | 0.88705 |
| 6     | L          | 0.92039 |
| 7     | O          | 0.95695 |
| 8     | P          | 0.92625 |
| 9     | S          | 0.92723 |
| 10    | e          | 0.90807 |
| 11    | t          | 0.78759 |
+-------+------------+---------+
---- mAP 0.8664126240668443

---Evaluating test set on epoch 31---
Compute mAP...
+-------+------------+---------+
| Index | Class name | AP      |
+-------+------------+---------+
| 0     | B          | 0.86171 |
| 1     | D          | 0.88213 |
| 2     | E          | 0.91903 |
| 3     | F          | 0.72406 |
| 4     | I          | 0.77094 |
| 5     | K          | 0.97571 |
| 6     | L          | 0.93490 |
| 7     | O          | 0.96206 |
| 8     | P          | 0.90347 |
| 9     | S          | 0.95665 |
| 10    | e          | 0.91875 |
| 11    | t          | 0.81283 |
+-------+------------+---------+
---- mAP 0.8851860051534084

---Evaluating validation set on epoch 32 for early stop---
Compute mAP...
+-------+------------+---------+
| Index | Class name | AP      |
+-------+------------+---------+
| 0     | B          | 0.76035 |
| 1     | D          | 0.86703 |
| 2     | E          | 0.85311 |
| 3     | F          | 0.70162 |
| 4     | I          | 0.84497 |
| 5     | K          | 0.83546 |
| 6     | L          | 0.87359 |
| 7     | O          | 0.84363 |
| 8     | P          | 0.85724 |
| 9     | S          | 0.90504 |
| 10    | e          | 0.89817 |
| 11    | t          | 0.87975 |
+-------+------------+---------+
---- mAP 0.8433315276873311
Previous loss: 223.15923714637756
Current loss: 228.53197538852692

---Evaluating test set on epoch 32---
Compute mAP...
+-------+------------+---------+
| Index | Class name | AP      |
+-------+------------+---------+
| 0     | B          | 0.83597 |
| 1     | D          | 0.91019 |
| 2     | E          | 0.92140 |
| 3     | F          | 0.55431 |
| 4     | I          | 0.78944 |
| 5     | K          | 0.91504 |
| 6     | L          | 0.88803 |
| 7     | O          | 0.93996 |
| 8     | P          | 0.85621 |
| 9     | S          | 0.95486 |
| 10    | e          | 0.93490 |
| 11    | t          | 0.73034 |
+-------+------------+---------+
---- mAP 0.8525536637861988

---Evaluating test set on epoch 33---
Compute mAP...
+-------+------------+---------+
| Index | Class name | AP      |
+-------+------------+---------+
| 0     | B          | 0.92414 |
| 1     | D          | 0.88045 |
| 2     | E          | 0.90647 |
| 3     | F          | 0.64733 |
| 4     | I          | 0.71763 |
| 5     | K          | 0.88389 |
| 6     | L          | 0.89954 |
| 7     | O          | 0.93873 |
| 8     | P          | 0.91229 |
| 9     | S          | 0.95785 |
| 10    | e          | 0.89608 |
| 11    | t          | 0.63042 |
+-------+------------+---------+
---- mAP 0.8495682929348187

---Evaluating validation set on epoch 34 for early stop---
Compute mAP...
+-------+------------+---------+
| Index | Class name | AP      |
+-------+------------+---------+
| 0     | B          | 0.84078 |
| 1     | D          | 0.87013 |
| 2     | E          | 0.85123 |
| 3     | F          | 0.76524 |
| 4     | I          | 0.80699 |
| 5     | K          | 0.92154 |
| 6     | L          | 0.80262 |
| 7     | O          | 0.85397 |
| 8     | P          | 0.89103 |
| 9     | S          | 0.88410 |
| 10    | e          | 0.91710 |
| 11    | t          | 0.80417 |
+-------+------------+---------+
---- mAP 0.8507418978107356
Previous loss: 228.53197538852692
Current loss: 218.91911256313324

---Evaluating test set on epoch 34---
Compute mAP...
+-------+------------+---------+
| Index | Class name | AP      |
+-------+------------+---------+
| 0     | B          | 0.92368 |
| 1     | D          | 0.91010 |
| 2     | E          | 0.91428 |
| 3     | F          | 0.68490 |
| 4     | I          | 0.78661 |
| 5     | K          | 0.86737 |
| 6     | L          | 0.94553 |
| 7     | O          | 0.96179 |
| 8     | P          | 0.91565 |
| 9     | S          | 0.97339 |
| 10    | e          | 0.94483 |
| 11    | t          | 0.78437 |
+-------+------------+---------+
---- mAP 0.8843748630024676

---Evaluating test set on epoch 35---
Compute mAP...
+-------+------------+---------+
| Index | Class name | AP      |
+-------+------------+---------+
| 0     | B          | 0.95281 |
| 1     | D          | 0.92232 |
| 2     | E          | 0.90914 |
| 3     | F          | 0.62587 |
| 4     | I          | 0.73077 |
| 5     | K          | 0.92603 |
| 6     | L          | 0.90304 |
| 7     | O          | 0.92685 |
| 8     | P          | 0.94975 |
| 9     | S          | 0.94154 |
| 10    | e          | 0.92688 |
| 11    | t          | 0.74743 |
+-------+------------+---------+
---- mAP 0.8718685953262363

---Evaluating validation set on epoch 36 for early stop---
Compute mAP...
+-------+------------+---------+
| Index | Class name | AP      |
+-------+------------+---------+
| 0     | B          | 0.81905 |
| 1     | D          | 0.81546 |
| 2     | E          | 0.89586 |
| 3     | F          | 0.74991 |
| 4     | I          | 0.85417 |
| 5     | K          | 0.93222 |
| 6     | L          | 0.87824 |
| 7     | O          | 0.81674 |
| 8     | P          | 0.88707 |
| 9     | S          | 0.90820 |
| 10    | e          | 0.91790 |
| 11    | t          | 0.84323 |
+-------+------------+---------+
---- mAP 0.8598376622546299
Previous loss: 218.91911256313324
Current loss: 217.01510787010193

---Evaluating test set on epoch 36---
Compute mAP...
+-------+------------+---------+
| Index | Class name | AP      |
+-------+------------+---------+
| 0     | B          | 0.83572 |
| 1     | D          | 0.88901 |
| 2     | E          | 0.91861 |
| 3     | F          | 0.63665 |
| 4     | I          | 0.75227 |
| 5     | K          | 0.92139 |
| 6     | L          | 0.96171 |
| 7     | O          | 0.92921 |
| 8     | P          | 0.94368 |
| 9     | S          | 0.94287 |
| 10    | e          | 0.91994 |
| 11    | t          | 0.76274 |
+-------+------------+---------+
---- mAP 0.8678156019676844

---Evaluating test set on epoch 37---
Compute mAP...
+-------+------------+---------+
| Index | Class name | AP      |
+-------+------------+---------+
| 0     | B          | 0.95723 |
| 1     | D          | 0.88962 |
| 2     | E          | 0.91789 |
| 3     | F          | 0.70667 |
| 4     | I          | 0.75534 |
| 5     | K          | 0.95310 |
| 6     | L          | 0.92518 |
| 7     | O          | 0.95016 |
| 8     | P          | 0.90322 |
| 9     | S          | 0.97199 |
| 10    | e          | 0.93955 |
| 11    | t          | 0.80565 |
+-------+------------+---------+
---- mAP 0.8896335808991526

---Evaluating validation set on epoch 38 for early stop---
Compute mAP...
+-------+------------+---------+
| Index | Class name | AP      |
+-------+------------+---------+
| 0     | B          | 0.79091 |
| 1     | D          | 0.81287 |
| 2     | E          | 0.92086 |
| 3     | F          | 0.74663 |
| 4     | I          | 0.75062 |
| 5     | K          | 0.96761 |
| 6     | L          | 0.77539 |
| 7     | O          | 0.84451 |
| 8     | P          | 0.73181 |
| 9     | S          | 0.89330 |
| 10    | e          | 0.91483 |
| 11    | t          | 0.92167 |
+-------+------------+---------+
---- mAP 0.8392521135404817
Previous loss: 217.01510787010193
Current loss: 211.9363578557968

---Evaluating test set on epoch 38---
Compute mAP...
+-------+------------+---------+
| Index | Class name | AP      |
+-------+------------+---------+
| 0     | B          | 0.94381 |
| 1     | D          | 0.91341 |
| 2     | E          | 0.93738 |
| 3     | F          | 0.61501 |
| 4     | I          | 0.79433 |
| 5     | K          | 0.86625 |
| 6     | L          | 0.96839 |
| 7     | O          | 0.96658 |
| 8     | P          | 0.93247 |
| 9     | S          | 0.95996 |
| 10    | e          | 0.92185 |
| 11    | t          | 0.76497 |
+-------+------------+---------+
---- mAP 0.8820335712916476

---Evaluating test set on epoch 39---
Compute mAP...
+-------+------------+---------+
| Index | Class name | AP      |
+-------+------------+---------+
| 0     | B          | 0.91775 |
| 1     | D          | 0.92006 |
| 2     | E          | 0.88871 |
| 3     | F          | 0.54388 |
| 4     | I          | 0.76354 |
| 5     | K          | 0.92966 |
| 6     | L          | 0.91694 |
| 7     | O          | 0.94749 |
| 8     | P          | 0.84571 |
| 9     | S          | 0.94577 |
| 10    | e          | 0.91182 |
| 11    | t          | 0.69856 |
+-------+------------+---------+
---- mAP 0.8524911419602423

---Evaluating validation set on epoch 40 for early stop---
Compute mAP...
+-------+------------+---------+
| Index | Class name | AP      |
+-------+------------+---------+
| 0     | B          | 0.83034 |
| 1     | D          | 0.87035 |
| 2     | E          | 0.91176 |
| 3     | F          | 0.72980 |
| 4     | I          | 0.77743 |
| 5     | K          | 0.93500 |
| 6     | L          | 0.78993 |
| 7     | O          | 0.76319 |
| 8     | P          | 0.89173 |
| 9     | S          | 0.88390 |
| 10    | e          | 0.85771 |
| 11    | t          | 0.78731 |
+-------+------------+---------+
---- mAP 0.835703350883125
Previous loss: 211.9363578557968
Current loss: 207.2357383966446

---Evaluating test set on epoch 40---
Compute mAP...
+-------+------------+---------+
| Index | Class name | AP      |
+-------+------------+---------+
| 0     | B          | 0.92112 |
| 1     | D          | 0.89622 |
| 2     | E          | 0.89281 |
| 3     | F          | 0.66915 |
| 4     | I          | 0.75926 |
| 5     | K          | 0.86905 |
| 6     | L          | 0.90165 |
| 7     | O          | 0.94874 |
| 8     | P          | 0.88166 |
| 9     | S          | 0.94842 |
| 10    | e          | 0.95852 |
| 11    | t          | 0.71790 |
+-------+------------+---------+
---- mAP 0.8637082367956065

---Evaluating test set on epoch 41---
Compute mAP...
+-------+------------+---------+
| Index | Class name | AP      |
+-------+------------+---------+
| 0     | B          | 0.95384 |
| 1     | D          | 0.92946 |
| 2     | E          | 0.90003 |
| 3     | F          | 0.63550 |
| 4     | I          | 0.79393 |
| 5     | K          | 0.93609 |
| 6     | L          | 0.89597 |
| 7     | O          | 0.94445 |
| 8     | P          | 0.88722 |
| 9     | S          | 0.93682 |
| 10    | e          | 0.95113 |
| 11    | t          | 0.77045 |
+-------+------------+---------+
---- mAP 0.8779084006514268

---Evaluating validation set on epoch 42 for early stop---
Compute mAP...
+-------+------------+---------+
| Index | Class name | AP      |
+-------+------------+---------+
| 0     | B          | 0.85011 |
| 1     | D          | 0.85373 |
| 2     | E          | 0.88059 |
| 3     | F          | 0.77185 |
| 4     | I          | 0.82224 |
| 5     | K          | 0.93750 |
| 6     | L          | 0.85157 |
| 7     | O          | 0.86657 |
| 8     | P          | 0.83696 |
| 9     | S          | 0.91290 |
| 10    | e          | 0.91865 |
| 11    | t          | 0.93594 |
+-------+------------+---------+
---- mAP 0.8698847842760352
Previous loss: 207.2357383966446
Current loss: 204.36899173259735

---Evaluating test set on epoch 42---
Compute mAP...
+-------+------------+---------+
| Index | Class name | AP      |
+-------+------------+---------+
| 0     | B          | 0.90943 |
| 1     | D          | 0.92205 |
| 2     | E          | 0.94994 |
| 3     | F          | 0.66683 |
| 4     | I          | 0.81962 |
| 5     | K          | 0.90000 |
| 6     | L          | 0.91283 |
| 7     | O          | 0.92859 |
| 8     | P          | 0.90295 |
| 9     | S          | 0.94950 |
| 10    | e          | 0.93950 |
| 11    | t          | 0.70896 |
+-------+------------+---------+
---- mAP 0.875848822257642

---Evaluating test set on epoch 43---
Compute mAP...
+-------+------------+---------+
| Index | Class name | AP      |
+-------+------------+---------+
| 0     | B          | 0.96727 |
| 1     | D          | 0.94234 |
| 2     | E          | 0.90541 |
| 3     | F          | 0.61279 |
| 4     | I          | 0.76318 |
| 5     | K          | 0.89211 |
| 6     | L          | 0.92935 |
| 7     | O          | 0.93545 |
| 8     | P          | 0.89731 |
| 9     | S          | 0.89830 |
| 10    | e          | 0.96477 |
| 11    | t          | 0.68665 |
+-------+------------+---------+
---- mAP 0.8662442769881263

---Evaluating validation set on epoch 44 for early stop---
Compute mAP...
+-------+------------+---------+
| Index | Class name | AP      |
+-------+------------+---------+
| 0     | B          | 0.79913 |
| 1     | D          | 0.82015 |
| 2     | E          | 0.90794 |
| 3     | F          | 0.77302 |
| 4     | I          | 0.80093 |
| 5     | K          | 0.91458 |
| 6     | L          | 0.84110 |
| 7     | O          | 0.83570 |
| 8     | P          | 0.88240 |
| 9     | S          | 0.90201 |
| 10    | e          | 0.90159 |
| 11    | t          | 0.91209 |
+-------+------------+---------+
---- mAP 0.8575532623108296
Previous loss: 204.36899173259735
Current loss: 209.74263763427734

---Evaluating test set on epoch 44---
Compute mAP...
+-------+------------+---------+
| Index | Class name | AP      |
+-------+------------+---------+
| 0     | B          | 0.95209 |
| 1     | D          | 0.91115 |
| 2     | E          | 0.88582 |
| 3     | F          | 0.72462 |
| 4     | I          | 0.78260 |
| 5     | K          | 0.90895 |
| 6     | L          | 0.90785 |
| 7     | O          | 0.96794 |
| 8     | P          | 0.89377 |
| 9     | S          | 0.96048 |
| 10    | e          | 0.97797 |
| 11    | t          | 0.80525 |
+-------+------------+---------+
---- mAP 0.889873023013595

---Evaluating test set on epoch 45---
Compute mAP...
+-------+------------+---------+
| Index | Class name | AP      |
+-------+------------+---------+
| 0     | B          | 0.91554 |
| 1     | D          | 0.86336 |
| 2     | E          | 0.91940 |
| 3     | F          | 0.67684 |
| 4     | I          | 0.83988 |
| 5     | K          | 0.92745 |
| 6     | L          | 0.94342 |
| 7     | O          | 0.93487 |
| 8     | P          | 0.85116 |
| 9     | S          | 0.96657 |
| 10    | e          | 0.97133 |
| 11    | t          | 0.79891 |
+-------+------------+---------+
---- mAP 0.8840607512474349

---Evaluating validation set on epoch 46 for early stop---
Compute mAP...
+-------+------------+---------+
| Index | Class name | AP      |
+-------+------------+---------+
| 0     | B          | 0.87151 |
| 1     | D          | 0.82881 |
| 2     | E          | 0.89076 |
| 3     | F          | 0.76958 |
| 4     | I          | 0.78006 |
| 5     | K          | 0.81716 |
| 6     | L          | 0.78854 |
| 7     | O          | 0.86746 |
| 8     | P          | 0.86305 |
| 9     | S          | 0.88566 |
| 10    | e          | 0.93220 |
| 11    | t          | 0.85835 |
+-------+------------+---------+
---- mAP 0.8460955482060912
Previous loss: 209.74263763427734
Current loss: 210.63966143131256

---Evaluating test set on epoch 46---
Compute mAP...
+-------+------------+---------+
| Index | Class name | AP      |
+-------+------------+---------+
| 0     | B          | 0.83919 |
| 1     | D          | 0.84526 |
| 2     | E          | 0.90966 |
| 3     | F          | 0.69833 |
| 4     | I          | 0.69824 |
| 5     | K          | 0.93341 |
| 6     | L          | 0.84121 |
| 7     | O          | 0.98284 |
| 8     | P          | 0.90459 |
| 9     | S          | 0.95487 |
| 10    | e          | 0.95627 |
| 11    | t          | 0.81272 |
+-------+------------+---------+
---- mAP 0.8647167532348089

---Evaluating test set on epoch 47---
Compute mAP...
+-------+------------+---------+
| Index | Class name | AP      |
+-------+------------+---------+
| 0     | B          | 0.95774 |
| 1     | D          | 0.91409 |
| 2     | E          | 0.91956 |
| 3     | F          | 0.66859 |
| 4     | I          | 0.78001 |
| 5     | K          | 0.92562 |
| 6     | L          | 0.92255 |
| 7     | O          | 0.91066 |
| 8     | P          | 0.88503 |
| 9     | S          | 0.97380 |
| 10    | e          | 0.96776 |
| 11    | t          | 0.72290 |
+-------+------------+---------+
---- mAP 0.8790251500596704

---Evaluating validation set on epoch 48 for early stop---
Compute mAP...
+-------+------------+---------+
| Index | Class name | AP      |
+-------+------------+---------+
| 0     | B          | 0.79069 |
| 1     | D          | 0.85454 |
| 2     | E          | 0.90564 |
| 3     | F          | 0.81010 |
| 4     | I          | 0.78668 |
| 5     | K          | 0.98545 |
| 6     | L          | 0.82017 |
| 7     | O          | 0.85243 |
| 8     | P          | 0.85281 |
| 9     | S          | 0.89964 |
| 10    | e          | 0.89933 |
| 11    | t          | 0.90805 |
+-------+------------+---------+
---- mAP 0.8637945980770865
Previous loss: 210.63966143131256
Current loss: 211.20136833190918
Early stop at epoch 48
Initial training ended on epoch 48
Previous batch splits found
Benchmarking on epochs {32, 1, 37, 6, 42, 11, 16, 48, 21, 27}
===== median-thresh ======
median: 0.8481305778026581
median: 0.8933274775743485
median: 0.8138117440044881
median: 0.8073599100112915
median: 0.7478869080543518
median: 0.8997762143611908
median: 0.8774216830730438
median: 0.8904133439064026
median: 0.8865991652011871
median: 0.8997944712638855
median: 0.8840439260005951
median: 0.7967465490102768
Getting splits for median-thresh0
Generating new splits
