1596058143.5790215
1596058143.6071737
1596058143.6357474
1596058143.663024
1596058143.6899562
1596058143.7197988
1596058143.7538347
1596058143.7887156
1596058143.8197885
1596058143.855819
1596058143.8856432
1596058143.9175045
1596058143.9536455
1596058143.9863684
1596058144.018683
1596058144.0510259
1596058144.084417
1596058144.1171114
1596058144.1498842
1596058144.1815486
1596058144.217942
1596058144.2497206
1596058144.2822852
1596058144.3140056
1596058144.347948
1596058144.380613
1596058144.4141867
1596058144.4472423
1596058144.4798143
1596058144.511654
1596058144.5442939
1596058144.576892
1596058144.6103466
1596058144.6444302
1596058144.674794
1596058144.7064877
1596058144.7397647
1596058144.7729843
1596058144.8091805
1596058144.8416672
1596058144.874316
1596058144.905361
1596058144.93971
1596058144.9717321
1596058145.0052192
1596058145.036043
1596058145.0677392
1596058145.1075246
1596058145.1335683
1596058145.171151
1596058145.2049994
1596058145.2364514
1596058145.2698762
1596058145.303183
1596058145.3363054
1596058145.367802
1596058145.4007933
1596058145.4358072
1596058145.4642336
1596058145.4980602
1596058145.5333776
1596058145.5644674
1596058145.597109
1596058145.6299264
1596058145.6653314
1596058145.6941004
1596058145.7299485
1596058145.7636752
1596058145.7968795
1596058145.8262134
1596058145.8595746
1596058145.893311
1596058145.927243
1596058145.9629402
1596058145.9957426
1596058146.0260167
1596058146.055926
1596058146.0905342
1596058146.1251361
1596058146.1590455
1596058146.1888556
1596058146.2190194
1596058146.2530532
1596058146.2847867
1596058146.317604
1596058146.350365
1596058146.3883555
1596058146.4217985
1596058146.451475
1596058146.486085
1596058146.5184119
1596058146.5529506
1596058146.5841131
1596058146.6171482
1596058146.6491718
1596058146.6845176
1596058146.7157059
1596058146.7450716
1596058146.778721
1596058146.8119688
1596058146.8428154
1596058146.8767507
1596058146.90927
1596058146.9433737
1596058146.9773912
1596058147.0127523
1596058147.045625
1596058147.077573
1596058147.111773
1596058147.1435082
1596058147.1763308
1596058147.209422
1596058147.2433496
1596058147.2740295
1596058147.3089592
1596058147.343619
1596058147.3778756
1596058147.4079084
1596058147.440058
1596058147.4756045
1596058147.505198
1596058147.5339296
1596058147.5692003
1596058147.604626
1596058147.6373332
1596058147.6745822
1596058147.7055905
1596058147.741977
1596058147.771709
1596058147.8010304
1596058147.8424203
1596058147.8742537
1596058147.9043105
1596058147.9336753
1596058147.9703655
1596058148.0007224
1596058148.031927
1596058148.063946
1596058148.096595
1596058148.1302137
1596058148.1625285
1596058148.200941
1596058148.2316144
1596058148.260483
1596058148.2934391
1596058148.3254666
1596058148.359654
1596058148.392003
1596058148.4256775
1596058148.4589453
1596058148.4914954
1596058148.5222023
1596058148.5562477
1596058148.5895953
1596058148.6218638
1596058148.656015
1596058148.6883116
1596058148.7236469
1596058148.7539399
1596058148.787793
1596058148.8197672
1596058148.8527017
1596058148.901864
1596058148.9264555
1596058148.951682
1596058148.9803455
1596058149.0125244
1596058149.0474024
1596058149.100115
1596058149.1327698
1596058149.1605687
1596058149.1897674
1596058149.2192826
1596058149.2478216
1596058149.2796915
1596058149.3141959
1596058149.345021
1596058149.3764443
1596058149.410683
1596058149.4446511
1596058149.477018
1596058149.510754
1596058149.5451007
1596058149.57726
1596058149.6085076
1596058149.6422524
1596058149.6751616
1596058149.7086647
1596058149.7404523
1596058149.773626
1596058149.8063927
1596058149.837782
1596058149.8695354
1596058149.9015086
1596058149.9370825
1596058149.9691656
1596058150.0046558
1596058150.0363667
1596058150.0696723
1596058150.1016595
1596058150.1361508
1596058150.1683047
1596058150.2006483
1596058150.2347395
1596058150.267184
1596058150.29818
1596058150.331208
1596058150.3643079
1596058150.3982887
1596058150.4304233
1596058150.4644375
1596058150.4967847
1596058150.53129
1596058150.5631688
1596058150.5949748
1596058150.6281796
1596058150.6663435
1596058150.6978803
1596058150.72826
1596058150.7614398
1596058150.7919428
1596058150.824314
1596058150.8585324
1596058150.8913317
1596058150.9268148
1596058150.9584649
1596058150.9925385
1596058151.039533
1596058151.0660775
1596058151.091795
1596058151.1175463
1596058151.1521256
1596058151.1821287
1596058151.217463
1596058151.2514226
1596058151.287065
1596058151.3197184
1596058151.349594
1596058151.3816621
1596058151.4149692
1596058151.4479434
1596058151.480941
1596058151.5144258
1596058151.5464392
1596058151.5806866
1596058151.6149442
1596058151.6463852
1596058151.678382
1596058151.711902
1596058151.7430067
1596058151.7769716
1596058151.811382
1596058151.8437877
1596058151.874517
1596058151.908138
1596058151.9425929
1596058151.975008
1596058152.0076349
1596058152.0408401
1596058152.0789952
1596058152.1078815
1596058152.1389909
1596058152.1723452
1596058152.2195725
1596058152.2498748
1596058152.2775967
1596058152.3078163
1596058152.3363018
1596058152.3710494
1596058152.402426
1596058152.4386666
1596058152.4670181
1596058152.4997635
1596058152.5325346
1596058152.5652602
1596058152.6018274
1596058152.6336808
1596058152.665996
1596058152.698177
1596058152.73674
1596058152.7667627
1596058152.7986531
1596058152.839716
1596058152.872451
1596058152.9020724
1596058152.9334233
1596058152.9686437
1596058152.999687
1596058153.0290873
1596058153.0637624
1596058153.0941007
1596058153.1285453
1596058153.1634314
1596058153.191893
1596058153.227472
1596058153.2599785
1596058153.293706
1596058153.326159
1596058153.359797
1596058153.3920612
1596058153.423781
1596058153.4562125
1596058153.4904172
1596058153.5230052
1596058153.5559816
1596058153.5891352
1596058153.6209033
1596058153.6538682
1596058153.6883469
1596058153.720637
1596058153.7513173
1596058153.7842178
1596058153.8182526
1596058153.8522635
1596058153.8852484
1596058153.91714
1596058153.9506505
1596058153.9824653
1596058154.0140703
1596058154.046195
1596058154.0795403
1596058154.113734
1596058154.1443353
1596058154.178729
1596058154.2137244
1596058154.2454996
1596058154.2762759
1596058154.3089244
1596058154.3436198
1596058154.3760052
1596058154.4070141
1596058154.4415839
1596058154.4753106
1596058154.505894
1596058154.5377598
1596058154.5715222
1596058154.6043577
1596058154.6379743
1596058154.6707368
1596058154.701753
1596058154.7380667
1596058154.7713196
1596058154.8039248
1596058154.8360798
1596058154.868493
1596058154.8999193
1596058154.936484
1596058154.9645786
1596058154.9993613
1596058155.0336812
1596058155.064272
1596058155.0987
1596058155.1316555
1596058155.1645424
1596058155.1976068
1596058155.2271569
1596058155.2620254
1596058155.2947986
1596058155.3297274
1596058155.3614683
1596058155.394678
1596058155.4389546
1596058155.4752927
1596058155.503705
1596058155.5343535
1596058155.5639925
1596058155.5948086
1596058155.626402
1596058155.6606207
1596058155.6911583
1596058155.7209144
1596058155.7549098
1596058155.787755
1596058155.8210254
1596058155.8529165
1596058155.8867273
1596058155.9178267
1596058155.9526007
1596058155.984694
1596058156.017985
1596058156.0511897
1596058156.0844908
1596058156.1165733
1596058156.1492462
1596058156.181979
1596058156.2172003
1596058156.2499304
1596058156.2828014
1596058156.3147469
1596058156.3451247
1596058156.3773243
1596058156.4120908
1596058156.442939
1596058156.481066
1596058156.510027
1596058156.542725
1596058156.575246
1596058156.6091611
1596058156.6449687
1596058156.6760404
1596058156.7071507
1596058156.7440982
1596058156.773712
1596058156.8078194
1596058156.8401322
1596058156.8739543
1596058156.9077363
1596058156.9395452
1596058156.972702
1596058157.004744
1596058157.0361245
1596058157.0704908
1596058157.1043944
1596058157.1358507
1596058157.1693738
1596058157.2018921
1596058157.2354162
1596058157.2685895
1596058157.302548
1596058157.3397806
1596058157.3704278
1596058157.3988142
1596058157.4382412
1596058157.4690967
1596058157.5027518
1596058157.5324357
1596058157.5636067
1596058157.5977697
1596058157.6304975
1596058157.6609466
1596058157.6991992
1596058157.7276533
1596058157.7654579
1596058157.7940838
1596058157.8332078
1596058157.863334
1596058157.8920345
1596058157.9285865
1596058157.9589174
1596058157.9911675
1596058158.02388
1596058158.0555716
1596058158.08974
1596058158.1229317
1596058158.1549962
1596058158.1897972
1596058158.2225888
1596058158.2552042
1596058158.2871065
1596058158.3189116
1596058158.3527195
1596058158.386955
1596058158.4202707
1596058158.452566
1596058158.4848
1596058158.5159245
1596058158.5506284
1596058158.583431
1596058158.6162202
1596058158.6488817
1596058158.6803815
1596058158.718163
1596058158.7488134
1596058158.7790527
1596058158.8123837
1596058158.8451588
1596058158.8789835
1596058158.9130907
1596058158.9442568
1596058158.9760194
1596058159.009523
1596058159.0419824
1596058159.0763218
1596058159.1093452
1596058159.1438556
1596058159.1776724
1596058159.214293
1596058159.2436244
1596058159.273693
1596058159.3065317
1596058159.3386903
1596058159.372157
1596058159.432381
1596058159.4666102
1596058159.4974172
1596058159.5274212
1596058159.556705
1596058159.5856473
1596058159.6109107
1596058159.6362455
1596058159.6636713
1596058159.6962738
1596058159.7326663
1596058159.7653723
1596058159.7993567
1596058159.8318787
1596058159.868673
1596058159.898737
1596058159.934035
1596058159.9634862
1596058159.9943793
1596058160.0266883
1596058160.0592885
1596058160.0944877
1596058160.1254568
1596058160.1607885
1596058160.1924536
1596058160.2252214
1596058160.2629113
1596058160.2918932
1596058160.3250194
1596058160.3618488
1596058160.392046
1596058160.4271617
1596058160.4572623
1596058160.4928284
1596058160.5213318
1596058160.5544424
1596058160.586245
1596058160.6227343
1596058160.6568282
1596058160.6880903
1596058160.7213273
1596058160.752559
1596058160.7842772
1596058160.8176928
1596058160.8521218
1596058160.8822134
1596058160.9155567
1596058160.9462743
1596058160.9815142
1596058161.0134516
1596058161.0506296
1596058161.0816731
1596058161.11276
1596058161.1459386
1596058161.1797018
1596058161.2156632
1596058161.2480388
1596058161.2779312
1596058161.3120592
1596058161.343974
1596058161.3781788
1596058161.4102976
1596058161.4435704
1596058161.475374
1596058161.5084925
1596058161.5415378
1596058161.5754519
1596058161.614028
1596058161.6459641
1596058161.6779928
1596058161.708574
1596058161.739158
1596058161.7720995
1596058161.8043976
1596058161.8394384
1596058161.8710105
1596058161.9045522
1596058161.9359539
1596058161.9687796
1596058162.0019643
1596058162.039877
1596058162.0700295
1596058162.1002414
1596058162.13625
1596058162.1657007
1596058162.2010052
1596058162.2330675
1596058162.2646556
1596058162.2977886
1596058162.3302963
1596058162.3640096
1596058162.395496
1596058162.4292474
1596058162.467399
1596058162.4969962
1596058162.5292242
1596058162.5615928
1596058162.5944479
1596058162.6264765
1596058162.6591218
1596058162.6932018
1596058162.7250104
1596058162.7647583
1596058162.7942374
1596058162.8254335
1596058162.8586311
1596058162.8900561
1596058162.9227226
1596058162.954445
1596058162.9884381
1596058163.0203853
1596058163.0543537
1596058163.0856404
1596058163.1172693
1596058163.1518822
1596058163.1870089
1596058163.216292
1596058163.2468033
1596058163.2791107
1596058163.3121657
1596058163.3456578
1596058163.3810534
1596058163.412174
1596058163.4462771
1596058163.4783943
1596058163.5123472
1596058163.5447154
1596058163.579208
1596058163.6122289
1596058163.649192
1596058163.6770546
1596058163.7088816
1596058163.7561996
1596058163.7826252
1596058163.812007
1596058163.842709
1596058163.8747835
1596058163.910683
1596058163.9412403
1596058163.9731302
1596058164.0074332
1596058164.0384696
1596058164.075008
1596058164.1065712
1596058164.1377773
1596058164.1704392
1596058164.2062116
1596058164.2369752
1596058164.2706554
1596058164.3011355
1596058164.3371658
1596058164.368948
1596058164.401087
1596058164.4435267
1596058164.4746242
1596058164.5070043
1596058164.5437984
1596058164.5755477
1596058164.6073377
1596058164.6380274
1596058164.667905
1596058164.698493
1596058164.7375503
1596058164.7703378
1596058164.7991612
1596058164.8286011
1596058164.8673236
1596058164.896896
1596058164.930617
1596058164.9615986
1596058164.9928179
1596058165.0261562
1596058165.0596404
1596058165.091157
1596058165.1270072
1596058165.1571865
1596058165.1899219
1596058165.2274384
1596058165.2614555
1596058165.2919
1596058165.331103
1596058165.3634756
1596058165.3945603
1596058165.426304
1596058165.4583457
1596058165.4881854
1596058165.5218313
1596058165.5537295
1596058165.5893006
1596058165.619214
1596058165.6542215
1596058165.6837156
1596058165.719493
1596058165.7520692
1596058165.7835658
1596058165.8167787
1596058165.8493705
1596058165.88173
1596058165.9146178
1596058165.9487658
1596058165.9824617
1596058166.0132568
1596058166.0453558
1596058166.0779328
1596058166.110764
1596058166.1462219
1596058166.1764405
1596058166.2132676
1596058166.246097
1596058166.2840705
1596058166.3142142
1596058166.3457003
1596058166.3748012
1596058166.4094203
1596058166.4380052
1596058166.4713664
1596058166.5071294
1596058166.539801
1596058166.5737503
1596058166.6045334
1596058166.6374648
1596058166.6696937
1596058166.7038088
1596058166.7345686
1596058166.774612
1596058166.8024538
1596058166.8364353
1596058166.869866
1596058166.901272
1596058166.932867
1596058166.9699216
1596058167.0384052
1596058167.0641193
1596058167.090314
1596058167.116156
1596058167.1419997
1596058167.1675715
1596058167.1952677
1596058167.2383318
1596058167.2657626
1596058167.2966287
1596058167.330607
1596058167.361481
1596058167.3927453
1596058167.4264097
1596058167.4634104
1596058167.4937766
1596058167.5246327
1596058167.556343
1596058167.5893207
1596058167.6251905
1596058167.6594026
1596058167.691207
1596058167.7241273
1596058167.7559822
1596058167.790018
1596058167.8235466
1596058167.856429
1596058167.885621
1596058167.9170115
1596058167.9492018
1596058167.9838376
1596058168.0193563
1596058168.0500734
1596058168.085828
1596058168.1163774
1596058168.1490748
1596058168.1818967
1596058168.2170136
1596058168.2483363
1596058168.280661
1596058168.3136213
1596058168.346354
1596058168.3792527
1596058168.4161587
1596058168.4459062
1596058168.476365
1596058168.508353
1596058168.5406961
1596058168.5737436
1596058168.605477
1596058168.639985
1596058168.673765
1596058168.7057347
1596058168.7372727
1596058168.7704976
1596058168.8019786
1596058168.837691
1596058168.8690677
1596058168.9018252
1596058168.9379663
1596058168.9691265
1596058169.0027082
1596058169.0361164
1596058169.0681148
1596058169.1074452
1596058169.1376328
1596058169.1687384
1596058169.2039182
1596058169.23281
1596058169.267044
1596058169.2999012
1596058169.3313236
1596058169.363163
1596058169.3979347
1596058169.430109
1596058169.463804
1596058169.4966397
1596058169.52776
1596058169.5608523
1596058169.595774
1596058169.6269548
1596058169.6606674
1596058169.6940272
1596058169.7271955
1596058169.7584343
1596058169.8013132
1596058169.8340945
1596058169.8667645
1596058169.9021828
1596058169.9317994
1596058169.9626484
1596058169.9914236
1596058170.027281
1596058170.0561337
1596058170.089216
1596058170.1230958
1596058170.159227
1596058170.188519
1596058170.221143
1596058170.2507424
1596058170.2866986
1596058170.318995
1596058170.3520665
1596058170.3826277
1596058170.418419
1596058170.4504888
1596058170.483758
1596058170.514601
1596058170.549634
1596058170.5833983
1596058170.6157193
1596058170.6476185
1596058170.6791804
1596058170.7126837
1596058170.7457244
1596058170.779
1596058170.8117976
1596058170.8463786
1596058170.8755603
1596058170.9090276
1596058170.941197
1596058170.9741104
1596058171.007518
1596058171.041846
1596058171.0762327
1596058171.1090162
1596058171.1417532
1596058171.1728668
1596058171.2073846
1596058171.2390547
1596058171.2717662
1596058171.3056421
1596058171.3366766
1596058171.371511
1596058171.4025066
1596058171.4342365
1596058171.4756706
1596058171.507268
1596058171.5362928
1596058171.5687695
1596058171.5995076
1596058171.6312995
1596058171.6654346
1596058171.6989613
1596058171.730147
1596058171.7632282
1596058171.7954283
1596058171.82975
1596058171.8636928
1596058171.8942475
1596058171.927928
1596058171.96094
1596058171.995737
1596058172.0273416
1596058172.0617146
1596058172.0940301
1596058172.1270967
1596058172.159636
1596058172.191161
1596058172.2241442
1596058172.2580426
1596058172.289988
1596058172.3236485
1596058172.356666
1596058172.3888066
1596058172.4208043
1596058172.455986
1596058172.492599
1596058172.5239115
1596058172.5528944
1596058172.5857942
1596058172.619274
1596058172.6507883
1596058172.6848967
1596058172.719422
1596058172.7545438
1596058172.78465
1596058172.8170784
1596058172.853041
1596058172.8836281
1596058172.9159453
1596058172.9471288
1596058172.979183
1596058173.0162756
1596058173.0474992
1596058173.0780678
1596058173.1129723
1596058173.14485
1596058173.1806228
1596058173.213254
1596058173.2478633
1596058173.2785752
1596058173.3117414
1596058173.340745
1596058173.375534
1596058173.4086764
1596058173.4407892
1596058173.474476
1596058173.5059028
1596058173.5391057
1596058173.5723655
1596058173.6071444
1596058173.6411188
1596058173.672607
1596058173.708863
1596058173.7401247
1596058173.771087
1596058173.8053067
1596058173.8366005
1596058173.8685431
1596058173.9011855
1596058173.9358406
1596058173.9696596
1596058173.9997516
1596058174.034146
1596058174.0676594
1596058174.1037226
1596058174.1339703
1596058174.1653836
1596058174.198911
1596058174.2351894
1596058174.264443
1596058174.2954307
1596058174.3287475
1596058174.3598118
1596058174.3940885
1596058174.4286523
1596058174.4611475
1596058174.4923193
1596058174.5417545
1596058174.5860739
1596058174.6201258
1596058174.6476343
1596058174.673813
1596058174.7023053
1596058174.7313356
1596058174.7598782
1596058174.7869353
1596058174.824319
1596058174.856779
1596058174.8866527
1596058174.9235694
1596058174.9525545
1596058174.9870949
1596058175.0208082
1596058175.0521839
1596058175.0855541
1596058175.1206567
1596058175.1549509
1596058175.1877737
1596058175.2196894
1596058175.2491794
1596058175.2820716
1596058175.3181632
1596058175.3500383
1596058175.3833315
1596058175.415056
1596058175.4493036
1596058175.4818282
1596058175.5158458
1596058175.5482736
1596058175.5811374
1596058175.6142082
1596058175.6451569
1596058175.6802614
1596058175.7128127
1596058175.7417998
1596058175.7775445
1596058175.807156
1596058175.8421006
1596058175.8819523
1596058175.9131324
1596058175.9419754
1596058175.9741313
1596058176.0072649
1596058176.0381322
1596058176.0701954
1596058176.1058438
1596058176.1355233
1596058176.171281
1596058176.20266
1596058176.2363443
1596058176.2682235
1596058176.3012826
1596058176.3338416
1596058176.365436
1596058176.3983483
1596058176.4333932
1596058176.4652855
1596058176.5000947
1596058176.5305948
1596058176.5651913
1596058176.596846
1596058176.6296992
1596058176.6617568
1596058176.6950116
1596058176.7277968
1596058176.761382
1596058176.7937222
1596058176.825601
1596058176.8610816
1596058176.8916993
1596058176.925774
1596058176.959369
1596058176.991476
1596058177.0250957
1596058177.057009
1596058177.0932746
1596058177.1256757
1596058177.1573308
1596058177.1890798
1596058177.2238607
1596058177.2547314
1596058177.2872255
1596058177.3192685
1596058177.3536906
1596058177.386614
1596058177.4245133
1596058177.454241
1596058177.485507
1596058177.5168695
1596058177.551147
1596058177.5823262
1596058177.6153648
1596058177.6494765
1596058177.6826265
1596058177.7156854
1596058177.7472801
1596058177.7815561
1596058177.8142025
1596058177.8480365
1596058177.885292
1596058177.9170315
1596058177.948437
1596058177.9800842
1596058178.0102139
1596058178.0416799
1596058178.0756822
1596058178.1096091
1596058178.143123
1596058178.1772091
1596058178.2131162
1596058178.2460363
1596058178.2781875
1596058178.3128164
1596058178.3429832
1596058178.3726938
1596058178.4110825
1596058178.451807
1596058178.4846263
1596058178.5139062
1596058178.5455241
1596058178.5756898
1596058178.605786
1596058178.6342332
1596058178.669027
1596058178.7021155
1596058178.7347748
1596058178.7667618
1596058178.799612
1596058178.832093
1596058178.8666708
1596058178.9021072
1596058178.932243
1596058178.963844
1596058178.9970765
1596058179.0290906
1596058179.0626693
1596058179.0954363
1596058179.1280463
1596058179.1606102
1596058179.193182
1596058179.2263741
1596058179.2610202
1596058179.291323
1596058179.3250504
1596058179.357009
1596058179.391067
1596058179.4231095
1596058179.4554677
1596058179.4880025
1596058179.5207956
1596058179.5550916
1596058179.5880725
1596058179.6198702
1596058179.65371
1596058179.6874816
1596058179.7206287
1596058179.7558734
1596058179.7852905
1596058179.81749
1596058179.8495178
1596058179.8843856
1596058179.918255
1596058179.949328
1596058179.9831042
1596058180.0139027
1596058180.0503097
1596058180.082002
1596058180.1141999
1596058180.146765
1596058180.1801193
1596058180.2171752
1596058180.2461784
1596058180.277508
1596058180.3116438
1596058180.3436413
1596058180.3758712
1596058180.4093819
