1596058143.6819196
1596058143.7681017
1596058143.852327
1596058143.9365754
1596058144.0175312
1596058144.1030703
1596058144.188263
1596058144.2764144
1596058144.3621593
1596058144.4478862
1596058144.5329041
1596058144.6181662
1596058144.7018657
1596058144.7861648
1596058144.8720827
1596058144.9585922
1596058145.0446205
1596058145.130266
1596058145.2124527
1596058145.2940261
1596058145.3755274
1596058145.4584079
1596058145.542321
1596058145.6254966
1596058145.7072585
1596058145.788147
1596058145.8693888
1596058145.951412
1596058146.034979
1596058146.1172588
1596058146.199995
1596058146.2820284
1596058146.3634245
1596058146.4257457
1596058146.4903636
1596058146.5539408
1596058146.6174777
1596058146.6800587
1596058146.742685
1596058146.8049254
1596058146.8669794
1596058146.930257
1596058146.9930182
1596058147.056015
1596058147.1191428
1596058147.181666
1596058147.2451367
1596058147.307648
1596058147.3710592
1596058147.4365962
1596058147.5005915
1596058147.5643358
1596058147.627455
1596058147.6901822
1596058147.752572
1596058147.8182423
1596058147.8836398
1596058147.9476252
1596058148.011971
1596058148.07544
1596058148.138186
1596058148.2006228
1596058148.2654574
1596058148.3287528
1596058148.391861
1596058148.4545689
1596058148.5171769
1596058148.5801785
1596058148.6431196
1596058148.7080064
1596058148.770886
1596058148.8338745
1596058148.899148
1596058148.96219
1596058149.0239847
1596058149.0873554
1596058149.152316
1596058149.2179477
1596058149.2813544
1596058149.346428
1596058149.4091132
1596058149.4721067
1596058149.5363424
1596058149.5994885
1596058149.6627862
1596058149.7270966
1596058149.790525
1596058149.8550823
1596058149.916753
1596058149.9800346
1596058150.0429862
1596058150.105526
1596058150.1688566
1596058150.2338068
1596058150.2959208
1596058150.3576965
1596058150.420842
1596058150.483628
1596058150.5459135
1596058150.6080663
1596058150.6730065
1596058150.7356074
1596058150.798945
1596058150.862168
1596058150.9251573
1596058150.9890203
1596058151.051762
1596058151.1154997
1596058151.1774619
1596058151.2406595
1596058151.3037555
1596058151.366218
1596058151.4286127
1596058151.4904177
1596058151.5527024
1596058151.6163764
1596058151.6796784
1596058151.7427495
1596058151.805638
1596058151.8684828
1596058151.930601
1596058151.9930007
1596058152.054382
1596058152.1169848
1596058152.1795573
1596058152.2452657
1596058152.3080988
1596058152.3701596
1596058152.432024
1596058152.4950376
1596058152.557782
1596058152.620071
1596058152.6822715
1596058152.7452452
1596058152.8076556
1596058152.8722832
1596058152.9341083
1596058152.997081
1596058153.0596342
1596058153.1215556
1596058153.1833322
1596058153.246003
1596058153.3087437
1596058153.3713977
1596058153.4343963
1596058153.4982538
1596058153.5613017
1596058153.6234643
1596058153.6873538
1596058153.7500508
1596058153.811914
1596058153.8747287
1596058153.9376318
1596058153.9996915
1596058154.0620325
1596058154.1245298
1596058154.187995
1596058154.251717
1596058154.3167372
1596058154.3805125
1596058154.4443831
1596058154.506599
1596058154.569029
1596058154.6322691
1596058154.6957483
1596058154.7592216
1596058154.8227415
1596058154.8881233
1596058154.9523246
1596058155.0152571
1596058155.0801399
1596058155.1430876
1596058155.2075126
1596058155.271563
1596058155.3359857
1596058155.400255
1596058155.4642086
1596058155.5285978
1596058155.5914712
1596058155.6564207
1596058155.7213337
1596058155.7859545
1596058155.849086
1596058155.911971
1596058155.9746475
1596058156.0376225
1596058156.1003056
1596058156.16401
1596058156.228639
1596058156.291735
1596058156.3539991
1596058156.416032
1596058156.4795096
1596058156.5426414
1596058156.6058393
1596058156.6693516
1596058156.732385
1596058156.7953396
1596058156.8592896
1596058156.9231536
1596058156.9864728
1596058157.050776
1596058157.113246
1596058157.1760132
1596058157.239409
1596058157.3044288
1596058157.3671393
1596058157.4300778
1596058157.4970644
1596058157.5596266
1596058157.6234574
1596058157.687679
1596058157.751985
1596058157.8187275
1596058157.8847022
1596058157.9522429
1596058158.0164044
1596058158.0791473
1596058158.141134
1596058158.2036903
1596058158.2661083
1596058158.3281338
1596058158.390215
1596058158.4544237
1596058158.517086
1596058158.578675
1596058158.641612
1596058158.7034297
1596058158.7657907
1596058158.8278723
1596058158.890488
1596058158.953466
1596058159.016301
1596058159.0782542
1596058159.1425185
1596058159.204849
1596058159.267661
1596058159.3297665
1596058159.3916278
1596058159.4559877
1596058159.5212975
1596058159.5855823
1596058159.6488261
1596058159.7107866
1596058159.7727704
1596058159.834332
1596058159.8961306
1596058159.9650128
1596058160.030179
1596058160.0940592
1596058160.1592717
1596058160.2281692
1596058160.292846
1596058160.3573542
1596058160.4238505
1596058160.4878714
1596058160.5518436
1596058160.616239
1596058160.6778252
1596058160.7387674
1596058160.800779
1596058160.8628826
1596058160.9244955
1596058160.986262
1596058161.0497866
1596058161.1121912
1596058161.1744075
1596058161.2391627
1596058161.3024042
1596058161.3647096
1596058161.427107
1596058161.4894676
1596058161.5516784
1596058161.6154432
1596058161.6784174
1596058161.7407284
1596058161.8029802
1596058161.8649185
1596058161.9265842
1596058161.9876559
1596058162.0494704
1596058162.111761
1596058162.173597
1596058162.2381024
1596058162.2995007
1596058162.3610356
1596058162.4232957
1596058162.485066
1596058162.5473204
1596058162.609095
1596058162.670398
1596058162.7323802
1596058162.7943377
1596058162.8598642
1596058162.9238207
1596058162.9856956
1596058163.0476844
1596058163.1096778
1596058163.171235
1596058163.2356968
1596058163.29748
1596058163.3592374
1596058163.421201
1596058163.4824135
1596058163.544881
1596058163.6082938
1596058163.6710663
1596058163.735601
1596058163.79758
1596058163.8601875
1596058163.9224498
1596058163.9845166
1596058164.046368
1596058164.1081831
1596058164.170306
1596058164.2344377
1596058164.2963908
1596058164.3584287
1596058164.420112
1596058164.4836085
1596058164.5451007
1596058164.6070917
1596058164.6692271
1596058164.7321079
1596058164.7944586
1596058164.857674
1596058164.921346
1596058164.986364
1596058165.0488524
1596058165.1114964
1596058165.174466
1596058165.2382817
1596058165.2997806
1596058165.3614743
1596058165.4233227
1596058165.4864113
1596058165.5509918
1596058165.6129549
1596058165.6758964
1596058165.737869
1596058165.800793
1596058165.8642795
1596058165.926915
1596058165.9897635
1596058166.0529184
1596058166.1158893
1596058166.180322
1596058166.2432508
1596058166.3063567
1596058166.36909
1596058166.4316204
1596058166.494118
1596058166.555997
1596058166.61764
1596058166.6813617
1596058166.7449353
1596058166.8078907
1596058166.8714778
1596058166.9344766
1596058166.9982343
1596058167.0624828
1596058167.1249309
1596058167.1880367
1596058167.2507331
1596058167.3147807
1596058167.377271
1596058167.4406412
1596058167.5048707
1596058167.5677176
1596058167.6306484
1596058167.6929603
1596058167.7556584
1596058167.81899
1596058167.8839417
1596058167.9465659
1596058168.010343
1596058168.0739958
1596058168.1369927
1596058168.2001605
1596058168.2630613
1596058168.3260984
1596058168.3883476
1596058168.4546402
1596058168.5189483
1596058168.580828
1596058168.6433609
1596058168.7057078
1596058168.7680264
1596058168.8301816
1596058168.8925622
1596058168.957171
1596058169.0220802
1596058169.0846426
1596058169.1490788
1596058169.2123246
1596058169.2740812
1596058169.3369267
1596058169.3987138
1596058169.4606414
1596058169.5219667
1596058169.5835946
1596058169.645146
1596058169.7072995
1596058169.7693675
1596058169.831544
1596058169.8936772
1596058169.9571338
1596058170.0208678
1596058170.082883
1596058170.144241
1596058170.2080958
1596058170.27062
1596058170.3342662
1596058170.3979726
1596058170.4612272
1596058170.5230775
1596058170.586075
1596058170.6475973
1596058170.7127037
1596058170.7744973
1596058170.8362062
1596058170.8997889
1596058170.961756
1596058171.0256312
1596058171.0874932
1596058171.1506743
1596058171.214427
1596058171.2779458
1596058171.339308
1596058171.403202
1596058171.4661252
1596058171.5278747
1596058171.5949311
1596058171.6586869
1596058171.721877
1596058171.7844045
1596058171.847196
1596058171.9096828
1596058171.972513
1596058172.0362887
1596058172.0996509
1596058172.1624823
1596058172.2263868
1596058172.2901583
1596058172.3571332
1596058172.422021
1596058172.4869232
1596058172.5569468
1596058172.6193557
1596058172.6814651
1596058172.7435212
1596058172.805263
1596058172.870563
1596058172.933645
1596058172.995613
1596058173.056492
1596058173.1177146
1596058173.1790385
1596058173.2438278
1596058173.3057053
1596058173.3673162
1596058173.4286344
1596058173.4898894
1596058173.5510364
1596058173.612516
1596058173.6738515
1596058173.735839
1596058173.797445
1596058173.8595243
1596058173.9208791
1596058173.981709
1596058174.0432131
1596058174.1045568
1596058174.1663713
1596058174.2297397
1596058174.2907383
1596058174.3515928
1596058174.4124331
1596058174.4737818
1596058174.5362298
1596058174.6176891
1596058174.681887
1596058174.7445111
1596058174.8072228
1596058174.872264
1596058174.9367964
1596058174.9984033
1596058175.0594983
1596058175.1205251
1596058175.1822495
1596058175.245461
1596058175.307609
1596058175.3694882
1596058175.4321423
1596058175.4940495
1596058175.5551772
1596058175.6161623
1596058175.6777973
1596058175.7398226
1596058175.802612
1596058175.865373
1596058175.926787
1596058175.9880092
1596058176.049379
1596058176.110528
1596058176.1716762
1596058176.234208
1596058176.2962952
1596058176.3575995
1596058176.4193451
1596058176.4812121
1596058176.5430481
1596058176.6052468
1596058176.6668112
1596058176.729932
1596058176.7916408
1596058176.8532884
1596058176.9162781
1596058176.9773562
1596058177.0400732
1596058177.1018934
1596058177.1637704
1596058177.2274616
1596058177.2892492
1596058177.3516839
1596058177.413034
1596058177.4751544
1596058177.5368054
1596058177.5992477
1596058177.6610434
1596058177.7224352
1596058177.784637
1596058177.8483646
1596058177.914244
1596058177.975979
1596058178.03765
1596058178.098965
1596058178.1617672
1596058178.2247503
1596058178.2872224
1596058178.3563275
1596058178.4220781
1596058178.4875972
1596058178.550453
1596058178.6128726
1596058178.675391
1596058178.738239
1596058178.8015485
1596058178.8627172
1596058178.9248304
1596058178.9869146
1596058179.048718
1596058179.1121392
1596058179.174183
1596058179.2371528
1596058179.2983704
1596058179.3591828
1596058179.4199882
1596058179.4811654
1596058179.5417972
1596058179.603169
1596058179.6645133
1596058179.7258596
1596058179.7869146
1596058179.848398
1596058179.9093297
1596058179.9721801
1596058180.033776
1596058180.0951293
1596058180.1565442
1596058180.2179246
1596058180.2790422
1596058180.3400695
1596058180.4008045
1596058180.4634457
1596058180.5266879
1596058180.5871737
1596058180.646682
1596058180.7073643
1596058180.7691407
1596058180.829601
1596058180.8899662
1596058180.949761
1596058181.0101645
1596058181.0709038
1596058181.1303637
