0.000191
1.354494
0.155440
0.159188
0.154766
0.155934
0.157090
0.151594
0.159730
0.163397
0.154945
0.160228
0.153108
0.156861
0.156721
0.154639
0.159409
0.155326
0.158733
0.158814
0.156360
0.157273
0.154508
0.155644
0.157298
0.157799
0.154413
0.155278
0.154634
0.156748
0.154632
0.155913
0.158349
0.154880
0.156984
0.157176
0.156179
0.153527
0.157191
0.152458
0.155334
0.152712
0.161709
0.156202
0.156519
0.155408
0.158755
0.156920
0.157748
0.153700
0.152930
0.157247
0.155356
0.152512
0.153898
0.153428
0.157157
0.157459
0.153700
0.159636
0.158681
0.157896
0.158145
0.156084
0.162627
0.159057
0.156791
0.159781
0.151408
0.158160
0.156150
0.154491
0.156320
0.156670
0.155778
0.155300
0.157502
0.154321
0.154912
0.155255
0.156564
0.157419
0.157143
0.155761
0.152449
0.158129
0.166283
0.154809
0.151688
0.155512
0.154236
0.153951
0.156291
0.157466
0.156987
0.153811
0.157408
0.159182
0.158468
0.159956
0.155887
0.153971
0.153773
0.156123
0.153444
0.155145
0.148487
0.158005
0.154867
0.154699
0.154171
0.154368
0.156082
0.156077
0.154350
0.153182
0.151432
0.152007
0.158543
0.153886
0.156769
0.154126
0.153875
0.154587
0.158937
0.159706
0.154957
0.153560
0.153577
0.161881
0.154730
0.158816
0.153680
0.154433
0.159892
0.153834
0.153484
0.153598
0.150992
0.157959
0.156852
0.154228
0.153835
0.154322
0.155939
0.155043
0.155979
0.158365
0.159888
0.151330
0.149821
0.148209
0.156098
0.154195
0.152836
0.153810
0.148265
0.155670
0.155484
0.157061
0.159326
0.154703
0.160437
0.157982
0.161346
0.157687
0.160967
0.159283
0.155300
0.157251
0.157995
0.149385
0.153661
0.160190
0.158062
0.157838
0.157902
0.151100
0.151071
0.153903
0.162357
0.155865
0.153759
0.156657
0.157543
0.150217
0.158193
0.155472
0.154147
0.156075
0.154081
0.153374
0.156147
0.154170
0.158413
0.153827
0.155911
0.156162
0.155391
0.158103
0.156503
0.160111
0.159799
0.155415
0.154732
0.152522
0.160025
0.151559
0.153454
0.158458
0.150617
0.156564
0.154604
0.153641
0.151535
0.158660
0.153641
0.154485
0.151526
0.155877
0.154220
0.157400
0.157407
0.157251
0.152906
0.157681
0.154523
0.153339
0.158149
0.153851
0.161681
0.156502
0.157473
0.155664
0.155374
0.155290
0.153903
0.154393
0.153307
0.153205
0.153757
0.152801
0.152298
0.154636
0.152061
0.156364
0.159143
0.154358
0.156781
0.156826
0.154145
0.158813
0.156593
0.156820
0.157121
0.155896
0.158813
0.153445
0.154107
0.153184
0.151236
0.151413
0.149858
0.147831
0.151377
0.152059
0.152196
0.148998
0.155861
0.157304
0.151244
0.151922
0.155803
0.158579
0.157058
0.156703
0.157684
0.160089
0.156659
0.156652
0.156089
0.158971
0.158924
0.160808
0.156104
0.160547
0.157762
0.158288
0.156613
0.155118
0.156893
0.158149
0.158311
0.157145
0.155228
0.157636
0.152864
0.157582
0.151403
0.153226
0.151274
0.154991
0.155084
0.154698
0.154065
0.154891
0.151231
0.156448
0.154737
0.158985
0.155842
0.152375
0.156477
0.157687
0.153164
0.155023
0.151801
0.155514
0.155947
0.153906
0.159174
0.156602
0.160692
0.159609
0.156434
0.152978
0.154962
0.157553
0.158055
0.153765
0.154483
0.155130
0.157861
0.153702
0.150712
0.157215
0.154384
0.157284
0.152634
0.152353
0.162455
0.155503
0.152838
0.156601
0.156129
0.154677
0.159216
0.153170
0.153522
0.152814
0.156790
0.155529
0.156607
0.155835
0.152861
0.155142
0.152173
0.155822
0.155205
0.152462
0.152677
0.153410
0.153575
0.154159
0.155637
0.159012
0.154431
0.154207
0.162274
0.153703
0.153643
0.153606
0.148868
0.155186
0.151019
0.154733
0.151615
0.151841
0.150649
0.153021
0.151419
0.152087
0.153236
0.153508
0.154597
0.154386
0.156553
0.155259
0.155462
0.152399
0.155037
0.155236
0.156544
0.155036
0.157670
0.154581
0.156993
0.160800
0.155565
0.158017
0.158563
0.159953
0.157747
0.156979
0.157775
0.155672
0.155310
0.158317
0.159593
0.162161
0.156123
0.159166
0.159294
0.154463
0.155946
0.155015
0.156552
0.158373
0.159364
0.156383
0.157463
0.154629
0.157696
0.156959
0.155090
0.155865
0.152924
0.155274
0.153089
0.157082
0.152416
0.156188
0.155326
0.158458
0.151748
0.156080
0.153389
0.158989
0.155591
0.152782
0.155138
0.156958
0.156564
0.156066
0.153767
0.157132
0.156841
0.153843
0.155412
0.152143
0.157177
0.156766
0.154366
0.152188
0.156548
0.152937
0.152600
0.156848
0.153410
0.156756
0.158407
0.153616
0.156680
0.154615
0.158022
0.156953
0.158745
0.154739
0.153168
0.157516
0.152919
0.154854
0.157290
0.154647
0.156847
0.154978
0.160908
0.156615
0.157433
0.155165
0.156785
0.153495
0.151833
0.152258
0.152758
0.159491
0.152389
0.155649
0.148171
0.148765
0.149676
0.148675
0.157245
0.156689
0.160425
0.152832
0.156682
0.159688
0.161550
0.155813
0.152829
0.157088
0.149046
0.156124
0.162266
0.156306
0.155165
0.158981
0.158706
0.150652
0.153300
0.153002
0.157160
0.158342
0.160186
0.158350
0.160765
0.156776
0.155527
0.162245
0.160312
0.158744
0.158159
0.162336
0.155278
0.155250
0.157478
0.155281
0.156147
0.155269
0.157887
0.157424
0.161220
0.158678
0.157077
0.160551
0.154557
0.156956
0.155626
0.155838
0.159192
0.157858
0.154617
0.159512
0.157517
0.157858
0.153406
0.154516
0.153141
0.151975
0.148640
0.159469
0.156389
0.146386
0.157379
0.158341
0.151723
0.155629
0.155797
0.156929
0.156552
0.157559
0.159324
0.157804
0.157928
0.161127
0.154202
0.157457
0.164032
0.154864
0.156848
0.161286
0.153959
0.154105
0.157100
0.155591
0.155588
0.158697
0.156046
0.152729
0.153398
0.155114
0.157863
0.155105
0.152967
0.155717
0.152046
0.154085
0.153137
0.154916
0.154182
0.160787
0.149371
0.149337
0.155535
0.154725
0.153291
0.151645
0.154324
0.154271
0.156581
0.153095
0.155361
0.151549
0.154977
0.151524
0.152209
0.151676
0.154336
0.152910
0.151678
0.152954
0.153034
0.150660
0.154643
0.153370
0.155529
0.152670
0.153725
0.154164
0.155755
0.155882
0.159038
0.153679
0.155296
0.156994
0.159439
0.157424
0.163322
0.154245
0.158404
0.159203
0.155410
0.156070
0.157866
0.158949
0.156140
0.157712
0.153393
0.155366
0.154826
0.155282
0.159047
0.163268
0.156769
0.158169
0.157718
0.156516
0.161957
0.155334
0.159901
0.156968
0.155401
0.158510
0.153750
0.153056
0.157678
0.154749
0.167275
0.157018
0.151879
0.158858
0.163076
0.152491
0.153209
0.154487
0.155062
0.153655
0.163795
0.153549
0.154444
0.155927
0.157002
0.156120
0.157913
0.157505
0.157895
0.159147
0.157887
0.155720
0.156072
0.157547
0.159345
0.157700
0.159467
0.158572
0.156603
0.154420
0.153880
0.165762
0.155026
0.155973
0.158434
0.155508
0.153454
0.157586
0.156520
0.152856
0.154285
0.155173
0.154540
0.156764
0.152803
0.154068
0.154297
0.154305
0.149450
0.156401
0.154899
0.156518
0.153120
0.160673
0.152635
0.156363
0.153403
0.157968
0.152290
0.155546
0.154891
0.157510
0.155380
0.152351
0.154315
0.150984
0.153768
0.153482
0.159330
0.154020
0.154667
0.153463
0.151465
0.155266
0.154546
0.158656
0.154745
0.155267
0.156097
0.156886
0.156129
0.156378
0.154626
0.155919
0.160776
0.152878
0.154035
0.157003
0.152168
0.159786
0.156556
0.156484
0.155048
0.156037
0.157495
0.160365
0.158817
0.147705
0.153096
0.155207
0.155125
0.160171
0.156473
0.155538
0.156863
0.159979
0.158183
0.154724
0.158292
0.158808
0.154734
0.152209
0.154102
0.160506
0.157600
0.158741
0.156008
0.155390
0.156857
0.156917
0.152630
0.155888
0.154864
0.162685
0.153936
0.154245
0.156278
0.151266
0.155873
0.157822
0.157049
0.155933
0.158444
0.160080
0.156090
0.152878
0.159820
0.157403
0.161247
0.157625
0.155254
0.154649
0.157275
0.156628
0.157144
0.154498
0.153061
0.160719
0.157666
0.160292
0.155266
0.156089
0.157224
0.157704
0.155344
0.154174
0.157364
0.152232
0.158357
0.157780
0.156200
0.155045
0.156092
0.153962
0.160050
0.156043
0.155168
0.155213
0.154251
0.156250
0.158904
0.156922
0.154862
0.159482
0.156368
0.154276
0.154487
0.154770
0.150629
0.153227
0.155504
0.153074
0.156641
0.155504
0.156346
0.152769
0.153638
0.155804
0.156912
0.151004
0.153975
0.155198
0.152763
0.151556
0.154152
0.152871
0.157164
0.151678
0.153692
0.153606
0.153689
0.150908
0.153228
0.154717
0.150278
0.155107
0.154505
0.150050
0.156152
0.157278
0.155401
0.153330
0.159249
0.159513
0.154517
0.157825
0.155706
0.156151
0.157652
0.155372
0.157634
0.155771
0.161034
0.159371
0.159122
0.153566
0.157207
0.156203
0.155372
0.157473
0.158455
0.157732
0.154710
0.154417
0.157961
0.157126
0.161973
0.159319
0.158313
0.157271
0.155923
0.154651
0.156553
0.157486
0.155554
0.156195
0.151480
0.155533
0.155616
0.157435
0.155153
0.155391
0.157081
0.153121
0.158636
0.156712
0.157235
0.155108
0.156002
0.154067
0.155040
0.156849
0.162169
0.160180
0.154966
0.155665
0.155882
0.154032
0.157034
0.157389
0.154354
0.155139
0.156300
0.153067
0.159105
0.152838
0.155522
0.157366
0.155627
0.156989
0.156979
0.157696
0.160840
0.154566
0.156429
0.153279
0.154932
0.151146
0.156189
0.153462
0.158883
0.154528
0.157666
0.152414
0.149080
0.153805
0.153377
0.154924
0.151509
0.155576
0.153073
0.152470
0.156579
0.155727
0.157069
0.152023
0.153640
0.156520
0.155762
0.151722
0.155723
0.155490
0.160581
0.153088
0.157164
0.160212
0.154712
0.156661
0.156675
0.155108
0.152900
0.151087
0.155773
0.156229
0.158013
0.161360
0.149775
0.156661
0.158533
0.152990
0.155424
0.154050
0.156054
0.157360
0.155855
0.153909
0.155901
0.153952
0.154880
0.154004
0.154315
0.151335
0.152297
0.151461
0.154345
0.155649
0.159545
0.151844
0.156966
0.156199
0.152907
0.150917
0.153550
0.154491
0.154474
0.159028
0.155120
0.157889
0.155888
0.154742
0.154700
0.154180
0.156263
0.157428
0.153983
0.157382
0.153628
0.158296
0.155144
0.154229
0.156225
0.156664
0.156502
0.155368
0.155449
0.156109
0.150717
0.157233
0.158229
0.154621
0.157664
0.159092
0.156543
0.152519
0.160255
0.156792
0.153819
0.156664
0.153376
0.161354
0.157343
0.156480
0.159638
0.153407
0.155519
0.157626
0.153372
0.154848
0.158160
0.157087
0.150813
0.151051
0.153096
0.157613
0.162282
0.154960
0.154120
0.154469
0.158834
0.156384
0.156179
0.154223
0.154750
0.151937
0.154715
0.152747
0.155814
0.155410
0.153688
0.158885
0.152857
0.158394
0.154167
0.152477
0.156622
0.155460
0.152886
0.148907
0.157825
0.152468
0.157777
0.158656
0.155033
0.157019
0.156514
0.158619
0.157076
0.155659
0.153862
0.156105
0.158645
0.154263
0.159891
0.153625
0.158267
0.157287
0.152781
0.149887
0.155507
0.152680
0.154287
0.151635
0.156211
0.157425
0.159104
0.155229
0.150681
0.160543
0.156879
0.157833
0.159344
0.159318
0.157941
0.158680
0.157660
0.154927
0.155042
0.154521
0.155289
0.155831
0.155733
0.158587
0.156453
0.157147
0.157797
0.159796
0.156958
0.159498
0.154973
0.157693
0.159106
0.158383
0.152551
0.154356
0.157981
0.161172
0.153581
0.157655
0.155057
0.155778
0.154761
0.158870
0.159013
0.154709
0.162142
0.156940
0.157953
0.155980
0.151469
0.157256
0.157612
0.155443
0.156798
0.158523
0.156847
0.157061
0.153590
0.154271
0.152844
0.158252
0.155338
0.151378
0.156164
0.145637
0.150095
0.148399
0.158587
0.158831
0.155105
0.158053
0.153805
0.157616
0.156240
0.156913
0.154536
0.150941
0.155799
0.151506
0.157048
0.153940
0.153081
0.152846
0.154481
0.152592
0.156984
0.155353
0.155896
0.151284
0.156212
0.157585
0.153564
0.156472
0.154562
0.155676
0.151289
0.152911
0.156177
0.155697
0.153972
0.158764
0.161592
0.153729
0.153526
0.157475
0.154544
0.156043
0.157508
0.155696
0.160215
0.153818
0.153038
0.156202
0.156655
0.153208
0.155539
0.157798
0.157061
0.156834
0.150455
0.154514
0.158357
0.155809
0.154070
0.154509
0.153512
0.153935
0.152074
0.153382
0.153541
0.156821
0.154021
0.154721
0.158550
0.157458
0.157159
0.155038
0.158003
0.155673
0.155756
0.155715
0.157098
0.158967
0.157833
0.159104
0.155699
0.161256
0.159907
0.155265
0.156908
0.153967
0.157687
0.156149
0.158399
0.156614
0.156460
0.158069
0.158754
0.153738
0.153246
0.156067
0.157207
0.155450
0.155181
0.155470
0.155844
0.155309
0.158134
0.153037
0.157299
0.160243
0.158686
0.155277
0.156135
0.157050
0.156207
0.157573
0.161385
0.154679
0.154945
0.154735
0.154630
0.154405
0.154179
0.152270
0.154905
0.155885
0.155142
0.157656
0.155512
0.154698
0.154621
0.155899
0.156002
0.154577
0.152802
0.150408
0.155834
0.153899
0.153387
0.151557
0.153546
0.152488
0.153090
0.155883
0.154276
0.155037
0.156141
0.153840
0.158368
0.154481
0.156298
0.155240
0.154875
0.156931
0.157476
0.157192
0.162474
0.158311
0.154782
0.154642
0.155944
0.156830
0.151148
0.151129
0.154491
0.154867
0.154527
0.152828
0.159869
0.157633
0.157387
0.156138
0.155051
0.150265
0.153048
0.153424
0.154532
0.156458
0.156680
0.158017
0.156084
0.150934
0.154593
0.157495
0.154498
0.159846
0.157380
0.162649
0.158868
0.159346
0.156061
0.155682
0.153989
0.156331
0.158088
0.158112
0.155743
0.154858
0.157727
0.157014
0.155269
0.160090
0.157968
0.157508
0.156915
0.159665
0.154727
0.156239
0.158210
0.152838
0.156557
0.156813
0.155157
0.159584
0.155951
0.160748
0.159161
0.157587
0.156156
0.161477
0.158211
0.154795
0.156992
0.158563
0.156883
0.157684
0.159180
0.160919
0.157685
0.156161
0.151956
0.157224
0.163349
0.155165
0.156866
0.157822
0.154757
0.153644
0.155043
0.154130
0.151222
0.154984
0.153200
0.152925
0.153476
0.154405
0.149141
0.156821
0.155300
0.155281
0.150335
0.157816
0.154486
0.157284
0.157489
0.157970
0.156471
0.149498
0.154041
0.155995
0.153481
0.157520
0.154912
0.154003
0.160723
0.152749
0.157073
0.155440
0.155414
0.154373
0.163208
0.158574
0.155645
0.154737
0.154741
0.155677
0.151812
0.157537
0.154102
0.159083
0.154557
0.154128
0.154686
0.156550
0.155099
0.152735
0.148894
0.152432
0.157314
0.157910
0.154303
0.156904
0.159702
0.162266
0.153313
0.150548
0.157325
0.154003
0.151971
0.161969
0.155454
0.157764
0.155114
0.154753
0.152483
0.158158
0.156505
0.151080
0.156343
0.154653
0.156442
0.158114
0.157651
0.155767
0.157076
0.160517
0.156947
0.158971
0.160897
0.153121
0.156431
0.157057
0.165701
0.160138
0.159953
0.156215
0.156025
0.151544
0.160976
0.157022
0.156261
0.156618
0.158366
0.156019
0.156468
0.157301
0.159335
0.160897
0.155954
0.154846
0.154467
0.158190
0.155625
0.158214
0.153959
0.151730
0.153450
0.158892
0.154574
0.154886
0.158279
0.153350
0.156695
0.159660
0.158606
0.155401
0.152624
0.155340
0.154832
0.155922
0.161880
0.152454
0.152347
0.157349
0.158477
0.157273
0.154405
0.154800
0.155454
0.153420
0.157080
0.156561
0.152387
0.154855
0.157173
0.152754
0.152527
0.155619
0.155821
0.146097
0.158170
0.149310
0.157818
0.153034
0.163025
0.159613
0.147469
0.155308
0.156504
0.164392
0.154514
0.155669
0.155906
0.152179
0.153673
0.155356
0.157025
0.158319
0.150068
0.149321
0.147771
0.157646
0.156924
0.152776
0.154134
0.155337
0.155778
0.155525
0.155549

