0.000241041
1.25721
0.173667
0.162838
0.189449
0.189967
0.179692
0.194056
0.180215
0.17418
0.177205
0.186899
0.1723
0.173317
0.176301
0.172268
0.165796
0.172138
0.18357
0.18939
0.173052
0.170344
0.193907
0.192591
0.167654
0.175852
0.174279
0.171429
0.172186
0.169302
0.174446
0.175004
0.170958
0.172074
0.170355
0.174915
0.180433
0.190361
0.177247
0.177814
0.176137
0.186207
0.172298
0.181837
0.198534
0.176596
0.174657
0.175081
0.170863
0.168662
0.168832
0.172267
0.172184
0.175435
0.173509
0.171489
0.168673
0.182761
0.174633
0.173728
0.170389
0.169965
0.175702
0.17457
0.173806
0.175835
0.17326
0.167887
0.167813
0.174558
0.183862
0.176457
0.169412
0.169378
0.176133
0.172737
0.17225
0.168572
0.166388
0.170172
0.172133
0.166483
0.169924
0.185233
0.172781
0.176578
0.17399
0.174634
0.173489
0.171071
0.170292
0.174988
0.171798
0.17098
0.172616
0.173194
0.172049
0.173941
0.170917
0.168659
0.168817
0.174423
0.171424
0.172169
0.17327
0.176982
0.173197
0.175894
0.175944
0.176201
0.168515
0.170429
0.173977
0.174713
0.170174
0.172925
0.176661
0.173912
0.172699
0.172931
0.173367
0.169177
0.16968
0.174208
0.171105
0.170102
0.170758
0.172285
0.17676
0.175678
0.173193
0.168938
0.166261
0.173555
0.171814
0.169518
0.173383
0.175514
0.173551
0.175878
0.171567
0.170397
0.16521
0.171907
0.172519
0.17251
0.175469
0.178681
0.1774
0.178008
0.175487
0.17569
0.168892
0.178251
0.176557
0.177078
0.174131
0.180386
0.175958
0.178127
0.180648
0.17773
0.177066
0.172047
0.177464
0.177106
0.174827
0.174322
0.172178
0.1741
0.17572
0.174124
0.171017
0.167455
0.174518
0.179341
0.173181
0.1738
0.174678
0.177842
0.175086
0.176382
0.17484
0.168836
0.171977
0.180027
0.176014
0.171702
0.175263
0.179406
0.178943
0.176135
0.175978
0.186984
0.169745
0.170245
0.176071
0.175672
0.171448
0.172142
0.175208
0.175306
0.173439
0.176276
0.174521
0.168375
0.170863
0.174811
0.171809
0.16962
0.173869
0.173759
0.173602
0.173465
0.171985
0.170632
0.170514
0.172068
0.171038
0.171624
0.173942
0.172567
0.175567
0.173707
0.171175
0.167846
0.172525
0.17481
0.170903
0.170883
0.174952
0.174186
0.176888
0.174681
0.172404
0.169046
0.16905
0.173437
0.172357
0.172739
0.173111
0.173738
0.174752
0.171858
0.170391
0.170163
0.18105
0.172989
0.174212
0.173539
0.170079
0.171788
0.171475
0.17324
0.174582
0.175679
0.170165
0.16954
0.172567
0.176317
0.172436
0.169408
0.172663
0.17283
0.174214
0.173855
0.169721
0.164689
0.172589
0.177181
0.171051
0.170478
0.17461
0.175659
0.175735
0.173214
0.169283
0.169763
0.168799
0.175538
0.172276
0.170149
0.172784
0.172627
0.17332
0.172763
0.171562
0.166855
0.169013
0.172062
0.168707
0.171259
0.169162
0.172537
0.175158
0.175175
0.171126
0.167767
0.171354
0.174168
0.172213
0.17171
0.172888
0.173895
0.176521
0.176229
0.173211
0.169595
0.164558
0.173275
0.170424
0.168839
0.171089
0.175573
0.174295
0.172394
0.171925
0.169715
0.17105
0.174113
0.171689
0.169908
0.169832
0.181312
0.184776
0.173695
0.173931
0.17383
0.173507
0.166084
0.169858
0.1717
0.168462
0.172507
0.174428
0.17477
0.17606
0.174162
0.170888
0.165608
0.169882
0.174513
0.172701
0.171528
0.172481
0.172108
0.173784
0.175353
0.172417
0.172926
0.165878
0.17256
0.170951
0.17089
0.17187
0.172906
0.171282
0.172543
0.174099
0.16885
0.171421
0.173057
0.171234
0.171651
0.170634
0.172611
0.172661
0.173773
0.171562
0.168452
0.169807
0.175254
0.171532
0.171911
0.170975
0.171976
0.173351
0.174604
0.167401
0.165399
0.170104
0.172143
0.171731
0.16896
0.175318
0.17188
0.174834
0.172969
0.175571
0.170823
0.18003
0.172769
0.172645
0.174381
0.171471
0.174182
0.176514
0.17389
0.173476
0.17262
0.167521
0.170738
0.176829
0.174177
0.177799
0.170558
0.172201
0.17569
0.17342
0.172776
0.180694
0.168971
0.166837
0.171164
0.177018
0.168005
0.168703
0.17183
0.174503
0.173168
0.173463
0.169895
0.167508
0.174681
0.173665
0.169845
0.170196
0.172117
0.172025
0.17258
0.172045
0.16826
0.167054
0.171253
0.171948
0.166907
0.172573
0.172415
0.174465
0.172967
0.172465
0.167629
0.168774
0.171625
0.170142
0.169088
0.171494
0.172304
0.170803
0.175652
0.171424
0.164997
0.171722
0.175673
0.171992
0.169157
0.174047
0.176259
0.173205
0.175592
0.175267
0.170319
0.167917
0.172987
0.177222
0.17297
0.170927
0.172042
0.173016
0.171748
0.171083
0.17041
0.166048
0.173878
0.172133
0.16842
0.172444
0.181582
0.173843
0.1724
0.172529
0.173763
0.167575
0.170173
0.172736
0.171525
0.16844
0.170823
0.174367
0.172046
0.174402
0.179523
0.190221
0.180331
0.202671
0.170132
0.184373
0.186103
0.187803
0.173453
0.17207
0.173652
0.172461
0.174401
0.177099
0.172902
0.176254
0.174696
0.175713
0.166719
0.169687
0.183499
0.172891
0.171065
0.170806
0.173578
0.172695
0.173784
0.174765
0.170284
0.165223
0.170348
0.173643
0.168766
0.181394
0.172651
0.171194
0.176354
0.174847
0.172561
0.170741
0.166648
0.176463
0.173108
0.17087
0.173344
0.174376
0.172081
0.173681
0.174129
0.17028
0.169847
0.173145
0.174163
0.171889
0.170422
0.173272
0.174396
0.177195
0.180124
0.173478
0.170432
0.16758
0.169236
0.172061
0.17251
0.175138
0.173022
0.174332
0.17279
0.175369
0.173106
0.170574
0.166846
0.172933
0.173182
0.171279
0.169864
0.172442
0.172884
0.172049
0.171579
0.16975
0.166404
0.175511
0.176801
0.172198
0.171768
0.172575
0.176603
0.173443
0.17405
0.172344
0.166804
0.171275
0.170851
0.168785
0.171291
0.173206
0.174788
0.173142
0.175541
0.172838
0.167295
0.170658
0.174345
0.171121
0.168268
0.169671
0.17127
0.170317
0.16974
0.167832
0.16676
0.168668
0.172656
0.172072
0.169486
0.172315
0.172811
0.177304
0.173391
0.169078
0.166467
0.171931
0.171444
0.170742
0.173013
0.173685
0.181942
0.174519
0.174745
0.173163
0.171834
0.165587
0.172817
0.174077
0.170479
0.17059
0.174013
0.176929
0.174148
0.174613
0.173562
0.169745
0.172939
0.174605
0.173304
0.170397
0.172805
0.172778
0.173842
0.172943
0.171894
0.169543
0.164847
0.171983
0.170177
0.176847
0.168592
0.172147
0.171777
0.174788
0.173717
0.172598
0.166895
0.175013
0.178808
0.17214
0.171796
0.170996
0.173217
0.172922
0.173885
0.173722
0.169312
0.165944
0.172957
0.172897
0.170151
0.17214
0.175368
0.173622
0.175425
0.174555
0.174976
0.16954
0.174013
0.176811
0.175703
0.173088
0.170988
0.175312
0.177031
0.175127
0.176992
0.173024
0.169754
0.170723
0.174644
0.172385
0.174387
0.17015
0.172743
0.172646
0.173336
0.173206
0.173709
0.169435
0.168506
0.174926
0.176942
0.168695
0.170234
0.176649
0.176767
0.174255
0.172582
0.173193
0.170056
0.168357
0.174218
0.176379
0.169711
0.173025
0.1716
0.172926
0.1728
0.17507
0.170494
0.164976
0.168793
0.169995
0.169679
0.169685
0.173875
0.171942
0.173519
0.172762
0.180938
0.167273
0.168883
0.17116
0.168836
0.169742
0.171607
0.17051
0.173132
0.17229
0.167406
0.166023
0.175963
0.177529
0.170254
0.169169
0.172087
0.172225
0.173447
0.179196
0.175522
0.166645
0.165347
0.171841
0.173099
0.175667
0.172528
0.1744
0.174063
0.173836
0.17583
0.177957
0.166947
0.169918
0.174343
0.172689
0.171233
0.172976
0.173728
0.172891
0.172864
0.172093
0.171776
0.167665
0.174693
0.173197
0.171425
0.168182
0.171682
0.173393
0.172739
0.171457
0.172067
0.169538
0.169763
0.173188
0.169989
0.169898
0.170666
0.176766
0.177291
0.173415
0.172769
0.17682
0.166238
0.174642
0.183352
0.184247
0.171806
0.16856
0.170154
0.172199
0.173796
0.17268
0.177433
0.168558
0.16556
0.171686
0.16894
0.167361
0.172118
0.172086
0.17147
0.171938
0.174816
0.166459
0.170663
0.173804
0.173163
0.171189
0.172358
0.172707
0.171015
0.171528
0.175315
0.167157
0.16866
0.173032
0.181513
0.170456
0.171556
0.172261
0.174363
0.180925
0.173492
0.172835
0.168434
0.168353
0.175342
0.176776
0.168886
0.168973
0.172159
0.172714
0.176455
0.171681
0.180412
0.167677
0.170237
0.175926
0.175996
0.168946
0.170253
0.174031
0.172235
0.172708
0.182041
0.173336
0.167325
0.168959
0.171442
0.172108
0.17205
0.171106
0.174386
0.172705
0.182781
0.173376
0.173024
0.165601
0.169176
0.171523
0.171442
0.171748
0.176764
0.173716
0.17341
0.176642
0.173537
0.171363
0.165927
0.175319
0.187015
0.170973
0.167913
0.175364
0.173305
0.171566
0.172223
0.171244
0.168337
0.168313
0.174288
0.168965
0.170083
0.170883
0.173357
0.175129
0.172669
0.17746
0.168866
0.166687
0.173519
0.172551
0.17472
0.176048
0.174069
0.182742
0.176258
0.175348
0.173627
0.174328
0.167727
0.168988
0.174586
0.182673
0.169663
0.170831
0.171693
0.172293
0.174443
0.174141
0.172574
0.172318
0.171593
0.17308
0.172838
0.169361
0.173082
0.174621
0.173735
0.173502
0.172599
0.169307
0.16746
0.171387
0.173781
0.17008
0.167843
0.175061
0.176295
0.17336
0.186208
0.171548
0.170137
0.165859
0.176463
0.17077
0.16203
0.17221
0.173424
0.17775
0.178826
0.173461
0.173734
0.167323
0.168977
0.172422
0.168078
0.171581
0.17366
0.174053
0.172328
0.17816
0.173582
0.168947
0.168639
0.17268
0.179697
0.171964
0.172019
0.169581
0.171286
0.171731
0.171352
0.174253
0.167938
0.174158
0.174355
0.172942
0.166958
0.172667
0.173846
0.176301
0.17269
0.171457
0.167255
0.170347
0.172085
0.171477
0.169791
0.173265
0.176656
0.173124
0.172596
0.172605
0.167102
0.166559
0.174444
0.173835
0.169429
0.170271
0.171172
0.174614
0.175206
0.172362
0.167125
0.168303
0.171895
0.172798
0.17139
0.172442
0.172537
0.172471
0.172433
0.173531
0.171949
0.164764
0.171551
0.175986
0.169914
0.173436
0.175722
0.172868
0.172967
0.177423
0.172338
0.16726
0.166503
0.171773
0.17778
0.17313
0.170454
0.173392
0.171377
0.174978
0.171175
0.169647
0.170041
0.171731
0.173171
0.17386
0.170046
0.174066
0.173696
0.175519
0.172908
0.174673
0.168707
0.168859
0.174418
0.174175
0.171448
0.17005
0.176218
0.173723
0.173123
0.173093
0.171384
0.16783
0.173012
0.176955
0.177277
0.170318
0.171152
0.174849
0.172497
0.175799
0.172096
0.173048
0.166975
0.171403
0.171598
0.172817
0.170192
0.173511
0.173261
0.175304
0.174101
0.172973
0.168369
0.168898
0.173342
0.182124
0.171554
0.171637
0.173705
0.187769
0.171926
0.174364
0.17254
0.168964
0.168142
0.170586
0.181939
0.175734
0.171667
0.170643
0.174277
0.172091
0.174006
0.173542
0.168209
0.164228
0.174047
0.175784
0.171588
0.172642
0.173051
0.172431
0.174589
0.172909
0.172622
0.166751
0.171449
0.170852
0.170118
0.171666
0.171014
0.171522
0.171907
0.172539
0.169265
0.16714
0.170547
0.171106
0.170769
0.172543
0.174239
0.173763
0.175465
0.176074
0.173804
0.16855
0.17446
0.172876
0.173238
0.168746
0.171325
0.17384
0.172974
0.174006
0.172035
0.169828
0.166481
0.172218
0.172148
0.170162
0.172738
0.173703
0.173935
0.173222
0.172654
0.170403
0.168486
0.169334
0.171209
0.173015
0.173237
0.171432
0.174897
0.175428
0.172661
0.171644
0.171233
0.172453
0.173326
0.171698
0.169139
0.17013
0.17488
0.171506
0.172217
0.172656
0.166739
0.168055
0.172572
0.174196
0.181471
0.182875
0.187883
0.170292
0.182297
0.176338
0.175419
0.172561
0.175616
0.168878
0.166674
0.174128
0.169556
0.172582
0.169525
0.173002
0.173828
0.172835
0.171252
0.170257
0.164897
0.171311
0.169622
0.174606
0.172178
0.173317
0.175511
0.172132
0.172003
0.170395
0.16519
0.174272
0.172971
0.16886
0.177047
0.184793
0.200432
0.170528
0.171402
0.173671
0.173648
0.170968
0.167047
0.173875
0.193982
0.190666
0.203496
0.174643
0.171625
0.176342
0.170191
0.173341
0.175829
0.183956
0.173913
0.177919
0.178735
0.198257
0.17414
0.169949
0.167028
0.174279
0.178597
0.169864
0.170101
0.17276
0.179309
0.173356
0.185847
0.190836
0.181586
0.19663
0.174302
0.181702
0.176955
0.165339
0.193857
