0.000209093
1.47742
0.172837
0.186117
0.186316
0.174104
0.175008
0.172608
0.172142
0.173175
0.170561
0.172173
0.179934
0.185097
0.179451
0.186543
0.173226
0.179993
0.170464
0.180479
0.172359
0.169841
0.166712
0.167751
0.174026
0.170033
0.175081
0.169289
0.172676
0.175498
0.173876
0.176848
0.191092
0.175428
0.18576
0.166729
0.175725
0.186314
0.173488
0.170227
0.170106
0.170939
0.171347
0.173449
0.16973
0.165907
0.167174
0.170712
0.168321
0.166454
0.173456
0.169791
0.171243
0.172305
0.172092
0.169229
0.17379
0.17445
0.17166
0.168833
0.174345
0.173204
0.17138
0.172236
0.173595
0.168934
0.17026
0.170562
0.172198
0.165046
0.171599
0.170911
0.170854
0.171544
0.169084
0.168593
0.171409
0.183563
0.169906
0.169709
0.172089
0.172132
0.17229
0.17226
0.168424
0.167646
0.178626
0.174164
0.169431
0.169729
0.168485
0.171615
0.171711
0.169314
0.169632
0.168321
0.169165
0.171213
0.168196
0.168077
0.170393
0.169862
0.171886
0.171019
0.167114
0.172984
0.177651
0.173593
0.168284
0.170679
0.173069
0.170563
0.17177
0.170511
0.167926
0.17029
0.172551
0.170207
0.170055
0.171361
0.171512
0.172977
0.172161
0.167608
0.167189
0.17509
0.181888
0.170916
0.168285
0.17134
0.171704
0.172785
0.175843
0.17563
0.17159
0.171591
0.172156
0.172408
0.168789
0.168548
0.173518
0.169321
0.169584
0.172952
0.168904
0.168975
0.173615
0.173417
0.166302
0.170865
0.173842
0.171607
0.171678
0.170401
0.170243
0.169926
0.170154
0.165036
0.167247
0.170706
0.170634
0.173896
0.171525
0.167223
0.171834
0.172435
0.168858
0.168666
0.170687
0.170852
0.171746
0.170079
0.167649
0.168911
0.17376
0.172732
0.169612
0.17195
0.171855
0.174277
0.171516
0.171179
0.171423
0.167255
0.176077
0.16441
0.168629
0.168997
0.170626
0.171556
0.170966
0.171489
0.16699
0.171023
0.16885
0.167345
0.1705
0.170591
0.171914
0.171436
0.171503
0.17127
0.168569
0.171965
0.169171
0.167803
0.1729
0.17035
0.170558
0.172171
0.169793
0.168612
0.170811
0.16695
0.167534
0.169227
0.16898
0.170399
0.169838
0.168122
0.165956
0.172772
0.172234
0.166563
0.167042
0.169061
0.173718
0.169227
0.170686
0.164415
0.167494
0.168028
0.166789
0.169896
0.170234
0.170371
0.169564
0.167788
0.165385
0.173128
0.173645
0.166885
0.168119
0.171386
0.172597
0.17193
0.171023
0.167192
0.171525
0.182771
0.170989
0.171127
0.170895
0.17622
0.172205
0.173093
0.171317
0.169158
0.166213
0.170738
0.178141
0.16774
0.168567
0.171905
0.171741
0.172633
0.171915
0.168743
0.171884
0.1745
0.171432
0.170484
0.17039
0.171201
0.169708
0.170702
0.169306
0.170121
0.166814
0.170024
0.170194
0.168901
0.170897
0.17111
0.173634
0.171771
0.169231
0.167853
0.181945
0.172051
0.168306
0.168914
0.174401
0.17162
0.172471
0.171959
0.172981
0.17094
0.169846
0.171073
0.169143
0.168141
0.171166
0.171101
0.173313
0.172357
0.17245
0.164951
0.173414
0.170374
0.166819
0.168893
0.172198
0.172
0.175719
0.170624
0.167303
0.168838
0.171564
0.182757
0.169906
0.171496
0.172
0.171682
0.172915
0.172816
0.172342
0.175527
0.169604
0.171799
0.1706
0.168393
0.172803
0.173009
0.171693
0.171933
0.170683
0.168355
0.169831
0.173287
0.168963
0.166862
0.168272
0.169864
0.171712
0.168922
0.165397
0.167767
0.170209
0.167928
0.169423
0.170108
0.171781
0.170288
0.170822
0.167277
0.170887
0.171373
0.169423
0.169891
0.171223
0.171133
0.171732
0.171982
0.174322
0.165394
0.172886
0.169263
0.167368
0.1707
0.16974
0.169004
0.17025
0.167972
0.168662
0.16908
0.173716
0.171112
0.1718
0.174548
0.171695
0.171462
0.170272
0.172337
0.169515
0.170155
0.172453
0.170726
0.168425
0.170399
0.171286
0.171531
0.171995
0.167834
0.168446
0.171602
0.171612
0.170566
0.169905
0.170592
0.17051
0.173039
0.176157
0.167721
0.167575
0.169441
0.168519
0.168744
0.171655
0.170161
0.172656
0.171992
0.169662
0.167229
0.171865
0.171295
0.171442
0.168032
0.170457
0.170527
0.172095
0.171706
0.168186
0.171102
0.172368
0.1695
0.169062
0.170777
0.172482
0.172356
0.170875
0.170828
0.167832
0.171816
0.170035
0.166623
0.169454
0.172354
0.170555
0.1697
0.1709
0.169457
0.169032
0.170396
0.167176
0.169134
0.172153
0.172496
0.171676
0.172178
0.167009
0.1763
0.171575
0.171566
0.182627
0.172278
0.169641
0.172037
0.172007
0.174457
0.174106
0.169734
0.172166
0.173092
0.17185
0.169654
0.169057
0.171121
0.17097
0.1709
0.169637
0.168336
0.17023
0.17274
0.173889
0.169819
0.171061
0.170882
0.172384
0.172244
0.171654
0.169607
0.170129
0.170946
0.172275
0.167668
0.170995
0.173373
0.172619
0.171002
0.169516
0.165214
0.172698
0.17144
0.169393
0.168296
0.171026
0.171644
0.171979
0.170698
0.168564
0.166759
0.171287
0.172192
0.168182
0.169988
0.17181
0.173568
0.171619
0.169716
0.166321
0.172344
0.176722
0.169308
0.167313
0.171911
0.171933
0.172527
0.17175
0.169718
0.166115
0.171978
0.17519
0.168844
0.173639
0.171363
0.170561
0.17116
0.172406
0.166909
0.169373
0.171756
0.181098
0.171056
0.167794
0.171418
0.17128
0.170515
0.170398
0.166962
0.168055
0.17296
0.173966
0.170944
0.171412
0.174337
0.173707
0.17451
0.176273
0.17307
0.167525
0.171464
0.17102
0.170756
0.165983
0.171971
0.169713
0.170789
0.170483
0.166779
0.170391
0.172213
0.170681
0.17005
0.168546
0.169163
0.172353
0.170616
0.165979
0.16761
0.171272
0.15861
0.167946
0.171175
0.17168
0.171844
0.171951
0.171519
0.164169
0.174913
0.17468
0.171119
0.167485
0.171223
0.169573
0.173611
0.170535
0.168737
0.164812
0.169951
0.170056
0.166844
0.171248
0.169214
0.169655
0.170529
0.167518
0.166897
0.171139
0.167978
0.170178
0.170061
0.169253
0.17234
0.170277
0.168769
0.164667
0.170929
0.164929
0.167402
0.171533
0.17114
0.172898
0.172618
0.173211
0.166346
0.17069
0.170917
0.169204
0.168689
0.174652
0.171744
0.172257
0.171878
0.171656
0.165913
0.170397
0.171438
0.170204
0.170473
0.17462
0.17058
0.171076
0.174558
0.167128
0.167866
0.173139
0.172609
0.171012
0.169674
0.17074
0.170461
0.170389
0.16984
0.164581
0.173683
0.169601
0.167473
0.168062
0.171391
0.169468
0.170587
0.170017
0.1673
0.170472
0.172
0.168248
0.171557
0.17097
0.173271
0.171511
0.171369
0.173166
0.168729
0.173156
0.176142
0.17134
0.169984
0.173404
0.172158
0.171682
0.172307
0.171633
0.166552
0.169245
0.169157
0.170663
0.168009
0.172051
0.173065
0.174451
0.174465
0.171476
0.168384
0.17016
0.17117
0.171001
0.170551
0.171843
0.172964
0.173178
0.174891
0.171223
0.169659
0.16984
0.171258
0.171061
0.168381
0.172084
0.171873
0.17179
0.172326
0.17506
0.171164
0.168028
0.172354
0.169359
0.168521
0.1706
0.171567
0.171989
0.17215
0.169063
0.167606
0.171292
0.174358
0.168849
0.170567
0.173317
0.171947
0.171074
0.171256
0.167132
0.171584
0.16827
0.175089
0.167393
0.168263
0.174281
0.172917
0.172539
0.170765
0.168307
0.170545
0.17104
0.171994
0.167027
0.171206
0.17654
0.171724
0.17393
0.172764
0.16951
0.169752
0.173175
0.171342
0.171821
0.169805
0.171116
0.173236
0.172605
0.171467
0.165857
0.171984
0.168291
0.168151
0.167443
0.17394
0.17035
0.174252
0.176043
0.170535
0.168289
0.172271
0.173195
0.170785
0.171432
0.174333
0.172749
0.17248
0.172401
0.172897
0.169555
0.168527
0.17047
0.168754
0.167577
0.172725
0.172027
0.171861
0.171787
0.171103
0.166271
0.171884
0.169158
0.168615
0.16854
0.169817
0.172169
0.171322
0.174624
0.170986
0.165889
0.170984
0.167623
0.170954
0.170383
0.173031
0.171074
0.17265
0.173134
0.168935
0.171481
0.171192
0.170581
0.168151
0.172134
0.173399
0.172394
0.171271
0.169997
0.16652
0.170937
0.173645
0.167433
0.167584
0.170963
0.17155
0.172837
0.16967
0.167553
0.171145
0.170172
0.17161
0.169754
0.170298
0.170471
0.17125
0.172111
0.16964
0.170512
0.171038
0.177973
0.171936
0.170323
0.172874
0.170512
0.170321
0.170414
0.172133
0.167007
0.173822
0.17109
0.169406
0.170234
0.171318
0.171512
0.172355
0.17329
0.169982
0.166297
0.169784
0.17053
0.169076
0.169349
0.174831
0.172016
0.172008
0.17035
0.168535
0.169424
0.170182
0.168088
0.169029
0.172774
0.17206
0.175158
0.172139
0.172108
0.169753
0.170253
0.170168
0.167161
0.169396
0.174846
0.171684
0.170207
0.170041
0.167049
0.168935
0.171684
0.168993
0.165911
0.17164
0.170866
0.170744
0.170378
0.169614
0.168105
0.170244
0.173063
0.172837
0.170263
0.173627
0.171444
0.173294
0.171936
0.167921
0.166251
0.172083
0.170717
0.172214
0.167847
0.170914
0.169948
0.171394
0.168085
0.166737
0.169146
0.185405
0.170236
0.16853
0.171772
0.172076
0.171927
0.171185
0.17022
0.16635
0.167563
0.172854
0.168907
0.170532
0.170509
0.170765
0.172153
0.173901
0.167832
0.168193
0.169508
0.167744
0.168982
0.173654
0.171142
0.170576
0.170961
0.170385
0.166227
0.176416
0.170007
0.170181
0.169336
0.171756
0.17272
0.171509
0.172018
0.169473
0.166713
0.170703
0.170754
0.168936
0.173005
0.173491
0.171712
0.17194
0.172575
0.170708
0.169894
0.171073
0.16758
0.169104
0.171926
0.171234
0.17245
0.173755
0.171874
0.167729
0.17203
0.171904
0.170261
0.170397
0.174406
0.173077
0.172318
0.174396
0.171283
0.168963
0.171202
0.174136
0.171457
0.166773
0.172949
0.174372
0.172378
0.172131
0.173123
0.168732
0.170203
0.171973
0.170094
0.170665
0.172427
0.174842
0.174475
0.169702
0.172032
0.167407
0.170268
0.170215
0.169506
0.168739
0.173636
0.171506
0.174561
0.172413
0.173493
0.168575
0.168488
0.180989
0.170398
0.168119
0.170285
0.169486
0.170582
0.172058
0.168894
0.167044
0.171055
0.169322
0.168345
0.169815
0.173804
0.171552
0.168886
0.170472
0.168334
0.169924
0.170318
0.170349
0.171324
0.172078
0.171592
0.170744
0.170902
0.171724
0.170205
0.169336
0.16994
0.168514
0.170887
0.170471
0.17438
0.173824
0.170564
0.167884
0.169275
0.173742
0.171986
0.168911
0.170501
0.170304
0.171587
0.168639
0.171813
0.170684
0.168598
0.173342
0.169481
0.167718
0.173748
0.170698
0.172641
0.170977
0.168227
0.165595
0.171175
0.170734
0.16918
0.169587
0.172825
0.173446
0.172799
0.169857
0.168337
0.170957
0.172293
0.171298
0.170945
0.171842
0.170234
0.171391
0.170871
0.1696
0.16623
0.171585
0.170712
0.16767
0.168121
0.171925
0.171494
0.170796
0.169378
0.168938
0.170083
0.172538
0.168976
0.172808
0.16984
0.17033
0.171508
0.171881
0.172346
0.16823
0.170949
0.169783
0.167312
0.169347
0.173973
0.172221
0.173289
0.171338
0.167359
0.167045
0.171021
0.173787
0.168079
0.170484
0.172654
0.171411
0.173421
0.171665
0.169307
0.175515
0.171029
0.169057
0.170739
0.169807
0.172122
0.171481
0.170863
0.17115
0.169129
0.169736
0.170774
0.168036
0.16734
0.169937
0.17293
0.171154
0.173006
0.169397
0.162705
0.170289
0.16843
0.169327
0.171845
0.169594
0.17151
0.170566
0.17155
0.166705
0.175554
0.171662
0.171318
0.169924
0.176481
0.173026
0.173165
0.176383
0.172459
0.17336
0.166251
0.171136
0.167175
0.169485
0.171762
0.172229
0.17374
0.171182
0.172009
0.168708
0.169415
0.175296
0.176893
0.171423
0.17271
0.174865
0.172694
0.170882
0.174984
0.174806
0.167773
0.172036
0.169416
0.169799
0.170127
0.170855
0.171611
0.170048
0.170696
0.168513
0.168908
0.173576
0.179703
0.167815
0.168402
0.172812
0.174831
0.171685
0.170458
0.167561
0.165559
0.176834
0.174984
0.167115
0.179244
0.171654
0.1743
0.170939
0.17024
0.173931
0.171414
0.171802
0.172308
0.171195
0.170864
0.171495
0.172024
0.171839
0.173859
0.172603
0.169181
0.174326
0.171292
0.174418
0.171877
0.171851
0.174699
0.171855
0.176263
0.173907
0.171706
0.166813
0.169115
0.175222
0.172126
0.167964
0.172038
0.17053
0.174146
0.172895
0.169671
0.165789
0.173981
0.169052
0.168411
0.170567
0.172929
0.172245
0.172745
0.193695
0.187192
0.178876
0.175262
0.167908
0.171254
0.173351
0.186262
0.171164
0.170741
0.171503
0.173928
0.17902
0.187044
0.184899
0.172427
0.18062
0.196574
0.170868
0.165902
0.189092
0.175703
0.182291
0.173728
0.174174
0.195388
0.187104
0.167536
0.172792
0.16996
0.175197
0.173805
0.178998
0.193883
0.217587
0.171687
