0.000231028
1.49164
0.188754
0.192894
0.17334
0.203619
0.173985
0.172292
0.178556
0.184884
0.17745
0.171787
0.173055
0.173886
0.174181
0.175356
0.180886
0.170581
0.165443
0.174866
0.174597
0.177057
0.171928
0.202916
0.173927
0.170401
0.172864
0.171966
0.179771
0.173048
0.168397
0.190821
0.177776
0.177574
0.176841
0.184698
0.186049
0.183939
0.170481
0.170338
0.173011
0.172297
0.17851
0.175939
0.175175
0.181696
0.185878
0.205996
0.169884
0.16996
0.176555
0.175025
0.170822
0.17017
0.17296
0.172894
0.172737
0.176929
0.17288
0.168814
0.170447
0.173853
0.172677
0.170156
0.174234
0.172459
0.186921
0.173466
0.179841
0.174653
0.174031
0.172914
0.17117
0.181065
0.173895
0.16958
0.171727
0.17378
0.173274
0.173575
0.175027
0.172934
0.171473
0.17369
0.175658
0.174296
0.175689
0.170851
0.175617
0.17246
0.174518
0.173691
0.175158
0.170029
0.171321
0.177272
0.174884
0.179338
0.182263
0.171786
0.172878
0.173321
0.176262
0.174445
0.174598
0.175183
0.180361
0.168602
0.17129
0.170948
0.170126
0.171504
0.173398
0.172023
0.172653
0.172281
0.17103
0.167217
0.172285
0.17498
0.184295
0.171019
0.172018
0.17561
0.174044
0.173729
0.173391
0.170759
0.174231
0.171984
0.175718
0.177959
0.172277
0.174153
0.172921
0.178566
0.174404
0.175754
0.174206
0.170627
0.167172
0.172758
0.174927
0.16917
0.172012
0.17288
0.172946
0.171696
0.172772
0.171745
0.168015
0.173747
0.173263
0.172062
0.171495
0.170505
0.17166
0.177551
0.173782
0.172029
0.170051
0.16978
0.172303
0.170828
0.170609
0.172106
0.188605
0.173746
0.174762
0.173687
0.177605
0.172675
0.170883
0.172906
0.174672
0.175985
0.170932
0.172381
0.175467
0.173611
0.17516
0.175403
0.176676
0.169655
0.172031
0.171551
0.172913
0.170391
0.173176
0.178307
0.175304
0.17257
0.172686
0.172134
0.168094
0.170578
0.17595
0.174072
0.16892
0.170451
0.172034
0.185177
0.172773
0.174175
0.177313
0.167266
0.168647
0.173163
0.177908
0.171973
0.170363
0.172568
0.174854
0.174811
0.172734
0.172682
0.174122
0.167581
0.17426
0.172575
0.168572
0.171848
0.173092
0.183273
0.173068
0.173944
0.174563
0.16893
0.171778
0.175704
0.175424
0.176231
0.172707
0.173385
0.172893
0.173548
0.173936
0.173103
0.168158
0.168465
0.175656
0.174094
0.169742
0.169682
0.173215
0.174717
0.173433
0.172288
0.172391
0.165423
0.172565
0.171534
0.1719
0.171703
0.171837
0.171302
0.176485
0.172731
0.175646
0.169012
0.171925
0.172942
0.178308
0.173191
0.169487
0.173558
0.173577
0.173504
0.173143
0.170723
0.169684
0.16953
0.173237
0.171743
0.170291
0.172465
0.172828
0.174818
0.176134
0.178268
0.17273
0.167149
0.17333
0.1749
0.171462
0.168885
0.185446
0.173323
0.173367
0.17533
0.175318
0.172229
0.16885
0.171575
0.171403
0.176188
0.172226
0.170507
0.171343
0.17241
0.17334
0.172683
0.169238
0.168046
0.176059
0.17351
0.169565
0.171279
0.173146
0.173671
0.174806
0.173801
0.172325
0.172482
0.168205
0.173445
0.174438
0.168961
0.169972
0.172962
0.173641
0.176887
0.173362
0.169479
0.168477
0.174113
0.171757
0.172951
0.170566
0.173891
0.172346
0.17141
0.172471
0.174448
0.167456
0.169065
0.171554
0.180899
0.169507
0.178673
0.175007
0.172229
0.172279
0.170702
0.169967
0.169344
0.172327
0.173519
0.170896
0.183703
0.172244
0.172616
0.173771
0.173779
0.173945
0.170796
0.168445
0.172343
0.17405
0.170961
0.172448
0.173649
0.173663
0.17551
0.174534
0.173796
0.16899
0.169826
0.172127
0.172174
0.169352
0.169704
0.171849
0.174009
0.17365
0.172605
0.170508
0.168236
0.176807
0.173608
0.169673
0.168766
0.172245
0.175654
0.173229
0.174355
0.171322
0.168427
0.172358
0.174604
0.172831
0.171291
0.16934
0.172031
0.17346
0.172769
0.176431
0.171126
0.169579
0.17107
0.175538
0.172485
0.17056
0.172247
0.176395
0.175413
0.173186
0.175796
0.172854
0.169419
0.173103
0.174505
0.174349
0.16896
0.169338
0.171081
0.173899
0.176338
0.177711
0.173664
0.172071
0.170608
0.173601
0.17657
0.177697
0.16998
0.173721
0.172416
0.174428
0.173708
0.173948
0.173724
0.168925
0.173643
0.172611
0.177421
0.172227
0.183946
0.175266
0.173167
0.173067
0.1724
0.174848
0.169214
0.170313
0.176441
0.181834
0.173646
0.171396
0.181547
0.172444
0.173007
0.17649
0.175841
0.175785
0.173201
0.168153
0.174526
0.172023
0.169661
0.170817
0.181189
0.17368
0.173072
0.173582
0.173113
0.169929
0.171642
0.175644
0.17327
0.172792
0.170052
0.172929
0.174902
0.176614
0.17374
0.174061
0.168916
0.167113
0.172871
0.178393
0.172318
0.169031
0.171453
0.172454
0.173079
0.174351
0.171766
0.170353
0.172859
0.176309
0.170556
0.170441
0.174235
0.172624
0.174284
0.172672
0.176303
0.168905
0.169713
0.174691
0.172002
0.170211
0.170714
0.173826
0.173648
0.173023
0.175685
0.16957
0.16782
0.1715
0.173385
0.168843
0.170701
0.173852
0.179153
0.174775
0.173758
0.17607
0.169297
0.168843
0.17203
0.178473
0.171491
0.172223
0.172554
0.17371
0.172852
0.172662
0.174182
0.170093
0.169213
0.172749
0.175256
0.171521
0.172433
0.174282
0.173831
0.172092
0.172527
0.171449
0.167024
0.172009
0.184805
0.174413
0.169083
0.17172
0.173353
0.175532
0.17441
0.17432
0.171993
0.169854
0.169459
0.172319
0.171006
0.169813
0.174936
0.17361
0.172923
0.174908
0.18949
0.174371
0.172462
0.170474
0.171495
0.175123
0.172224
0.174043
0.171857
0.174648
0.173691
0.17422
0.17273
0.169109
0.167935
0.173655
0.182486
0.171625
0.172502
0.170916
0.173339
0.173996
0.177278
0.173036
0.169691
0.166742
0.172768
0.170311
0.169375
0.169644
0.172371
0.173536
0.172822
0.172989
0.167347
0.169607
0.172851
0.179739
0.169576
0.170464
0.175068
0.175357
0.173556
0.175548
0.173185
0.169553
0.168796
0.175063
0.175379
0.171508
0.172953
0.172441
0.176545
0.173631
0.173473
0.171768
0.167641
0.174895
0.173792
0.171168
0.170867
0.168692
0.175123
0.175218
0.176273
0.172477
0.1733
0.165072
0.172455
0.175773
0.170048
0.1735
0.175562
0.171989
0.179419
0.173436
0.173638
0.167863
0.167149
0.175043
0.175465
0.168928
0.169864
0.173113
0.172671
0.177324
0.17321
0.173856
0.169574
0.171009
0.178363
0.172378
0.16848
0.170597
0.173023
0.17444
0.172988
0.17372
0.171119
0.172384
0.171053
0.174204
0.171219
0.171653
0.172319
0.174687
0.172628
0.173288
0.172465
0.169295
0.168742
0.172553
0.17508
0.169234
0.173675
0.172597
0.175593
0.174579
0.174447
0.172699
0.17477
0.172535
0.173375
0.177069
0.172074
0.171447
0.176627
0.171719
0.172487
0.173838
0.172151
0.172095
0.168033
0.177083
0.173094
0.170152
0.171076
0.173319
0.173144
0.172639
0.172259
0.17095
0.166901
0.172862
0.172674
0.170517
0.170929
0.17462
0.173364
0.174452
0.175631
0.176444
0.171924
0.168936
0.174439
0.172882
0.171831
0.17205
0.174472
0.174656
0.175077
0.174808
0.175249
0.169612
0.172425
0.172217
0.173952
0.172424
0.171343
0.173608
0.173831
0.172807
0.174436
0.172513
0.169838
0.170898
0.17351
0.178228
0.170848
0.171589
0.173266
0.174389
0.173549
0.176184
0.172962
0.169513
0.170526
0.173678
0.173688
0.168995
0.170513
0.172902
0.173145
0.174886
0.172358
0.175032
0.17198
0.170306
0.174117
0.172649
0.170234
0.178341
0.174681
0.174542
0.177776
0.173452
0.17973
0.170435
0.167876
0.173601
0.173068
0.17023
0.170919
0.171873
0.179442
0.173844
0.173334
0.1758
0.168399
0.170344
0.17596
0.174493
0.170437
0.170723
0.17095
0.173716
0.174279
0.173353
0.176948
0.168123
0.170075
0.172065
0.171817
0.171534
0.172594
0.172947
0.174026
0.1723
0.172256
0.169916
0.167967
0.174245
0.174569
0.169625
0.171519
0.174064
0.17306
0.174852
0.181643
0.175956
0.170566
0.169968
0.176775
0.172165
0.169715
0.171026
0.175459
0.173041
0.173851
0.174573
0.172692
0.170612
0.167889
0.175021
0.176714
0.168963
0.170621
0.171574
0.174523
0.172733
0.172031
0.169402
0.167234
0.17347
0.173449
0.16826
0.171225
0.17138
0.172695
0.172294
0.171808
0.173207
0.170799
0.170869
0.173349
0.171826
0.170466
0.172725
0.174088
0.172268
0.174628
0.177588
0.170856
0.169595
0.173588
0.18021
0.173045
0.169852
0.170932
0.171938
0.172335
0.176104
0.172683
0.169417
0.171033
0.175296
0.171134
0.1699
0.180118
0.170505
0.180408
0.176568
0.172894
0.173852
0.171025
0.16894
0.171983
0.172008
0.182327
0.169096
0.170265
0.172878
0.172827
0.174123
0.171361
0.172196
0.166652
0.176781
0.177841
0.170661
0.169086
0.17324
0.175843
0.175001
0.174447
0.174616
0.17619
0.17091
0.173659
0.177964
0.174384
0.171561
0.171136
0.176336
0.173896
0.175436
0.175288
0.17258
0.169456
0.171845
0.1729
0.175795
0.169193
0.172716
0.173469
0.173131
0.182667
0.173325
0.171871
0.168148
0.169884
0.175447
0.174687
0.169834
0.171573
0.176952
0.172138
0.173563
0.1735
0.172641
0.171214
0.170958
0.177794
0.171896
0.169785
0.170653
0.174337
0.175312
0.173344
0.173809
0.173094
0.167909
0.172349
0.175249
0.179677
0.171765
0.17568
0.176295
0.175853
0.17391
0.173933
0.173251
0.168344
0.167862
0.172132
0.171651
0.170348
0.170652
0.172049
0.187856
0.172952
0.174683
0.172831
0.169115
0.169828
0.173999
0.173094
0.1686
0.171181
0.172683
0.17281
0.178328
0.173461
0.172909
0.166163
0.170563
0.172132
0.170444
0.170649
0.172305
0.186142
0.172615
0.173024
0.174799
0.174491
0.166278
0.173504
0.171232
0.172363
0.169805
0.172674
0.183187
0.174552
0.175209
0.174127
0.172255
0.176096
0.170259
0.174783
0.173438
0.174314
0.18285
0.171154
0.173233
0.174053
0.174108
0.174784
0.174434
0.168155
0.172377
0.173035
0.172078
0.174498
0.17379
0.172677
0.174018
0.17883
0.175383
0.169767
0.16698
0.170013
0.173193
0.170071
0.169292
0.173223
0.17433
0.174414
0.17525
0.173702
0.168565
0.172829
0.176339
0.17668
0.172589
0.172651
0.173868
0.173868
0.173976
0.171634
0.172583
0.167703
0.170017
0.175221
0.177975
0.169371
0.170523
0.173365
0.173785
0.173056
0.176023
0.172906
0.168886
0.173452
0.173462
0.172901
0.170393
0.171191
0.172265
0.172329
0.17858
0.172037
0.170699
0.16758
0.174579
0.173339
0.169293
0.171989
0.175352
0.173666
0.173339
0.173448
0.170721
0.169003
0.171812
0.173349
0.171199
0.171459
0.173792
0.173837
0.177751
0.174526
0.174774
0.174729
0.168523
0.170385
0.173283
0.172802
0.168055
0.169661
0.171714
0.173276
0.171406
0.167494
0.166972
0.174246
0.172401
0.16984
0.16812
0.172468
0.171991
0.17269
0.171533
0.168386
0.167186
0.172295
0.171946
0.172222
0.171379
0.174245
0.172872
0.179742
0.171483
0.171678
0.165649
0.170413
0.170751
0.167824
0.169241
0.172802
0.178822
0.173874
0.174435
0.174126
0.16951
0.169465
0.174762
0.171463
0.169404
0.171127
0.173759
0.172434
0.17265
0.174707
0.169127
0.169677
0.17307
0.173262
0.170478
0.170498
0.171935
0.177397
0.180343
0.180046
0.189344
0.173643
0.17068
0.171861
0.171509
0.178735
0.183311
0.169025
0.170737
0.173421
0.176837
0.174233
0.17355
0.17348
0.171141
0.169065
0.184024
0.19051
0.176976
0.198585
0.17744
0.169419
0.170364
0.176441
0.172721
0.171967
0.17546
0.16878
0.168549
0.177531
0.182229
0.179523
0.197644
0.175493
0.171397
0.17584
0.170927
0.178501
0.189926
0.187078
0.197433
0.177844
0.173039
0.174045
0.170816
0.17028
0.171649
0.173063
0.173481
0.180698
0.1827
0.180911
0.193702
0.173961
0.170121
0.181857
0.191508
0.173335
0.18338
0.171022
0.171562
0.168317
0.181697
0.182413
0.18517
0.202337
0.184426
0.197043
0.195659
0.174813
