0.119428
0.128881
0.131540
0.126589
0.124406
0.128475
0.138084
0.124872
0.125027
0.124148
0.125260
0.122122
0.125486
0.126800
0.122103
0.124077
0.122526
0.124560
0.124618
0.125504
0.122264
0.123478
0.123052
0.123968
0.123005
0.122767
0.124424
0.124844
0.123820
0.122848
0.124360
0.124244
0.124624
0.124158
0.127377
0.122080
0.136280
0.122603
0.127826
0.130555
0.126739
0.131890
0.131175
0.124013
0.126143
0.123759
0.124040
0.123776
0.120063
0.122611
0.124397
0.123275
0.123069
0.123235
0.132119
0.124610
0.123301
0.122685
0.122354
0.122957
0.122988
0.128096
0.124263
0.124560
0.124455
0.126583
0.123177
0.134498
0.128297
0.121717
0.123047
0.123668
0.123775
0.132259
0.123027
0.125456
0.135238
0.132111
0.132345
0.124274
0.122819
0.134576
0.136496
0.127614
0.127692
0.126203
0.128827
0.123401
0.128829
0.129877
0.125997
0.123225
0.124662
0.125287
0.122996
0.124764
0.123238
0.121477
0.119942
0.121876
0.123460
0.124026
0.123050
0.121067
0.121852
0.121227
0.124357
0.123736
0.122876
0.121806
0.124228
0.125829
0.122982
0.123218
0.122837
0.124676
0.123447
0.121075
0.124054
0.124950
0.134663
0.131391
0.123353
0.123057
0.122763
0.123041
0.121989
0.123970
0.124279
0.123389
0.137075
0.122992
0.126636
0.126320
0.123718
0.124116
0.123044
0.123416
0.120112
0.123760
0.123240
0.122779
0.139990
0.124179
0.122629
0.123334
0.124545
0.128329
0.124101
0.125809
0.126505
0.124545
0.122998
0.124991
0.124016
0.123467
0.123180
0.123285
0.124206
0.122958
0.122660
0.131209
0.122339
0.123812
0.123258
0.123025
0.123602
0.122342
0.122779
0.124028
0.125152
0.122858
0.123195
0.123663
0.125653
0.122816
0.121159
0.121314
0.124058
0.126779
0.122713
0.123256
0.127725
0.123853
0.124769
0.126019
0.122700
0.124885
0.122895
0.122574
0.121832
0.122443
0.121166
0.121540
0.123546
0.122329
0.122541
0.122920
0.121310
0.122127
0.123785
0.125568
0.128331
0.124327
0.127273
0.123535
0.124166
0.125577
0.124748
0.121866
0.121876
0.121808
0.122566
0.127299
0.123239
0.123124
0.121286
0.125131
0.124255
0.125179
0.123590
0.123502
0.124677
0.123633
0.123356
0.124164
0.123331
0.124598
0.124048
0.126481
0.123903
0.123907
0.124860
0.126725
0.122524
0.124621
0.125887
0.125770
0.124287
0.122160
0.123776
0.124536
0.130344
0.122400
0.123463
0.121816
0.131640
0.134406
0.129545
0.132076
0.134250
0.126379
0.151344
0.124968
0.128419
0.124356
0.125310
0.123083
0.121012
0.125677
0.123408
0.131426
0.123224
0.125269
0.123250
0.127851
0.122820
0.123740
0.123047
0.122309
0.122965
0.124917
0.123793
0.122285
0.123272
0.123234
0.121644
0.122107
0.123430
0.123596
0.125651
0.131896
0.125496
0.132434
0.123849
0.121538
0.135298
0.124323
0.126369
0.124950
0.122737
0.124676
0.131268
0.124236
0.122221
0.122430
0.128753
0.124219
0.124169
0.123683
0.122812
0.122962
0.135007
0.126236
0.123884
0.123486
0.123739
0.124940
0.123581
0.122686
0.123748
0.122672
0.123871
0.129345
0.123815
0.124258
0.125405
0.124107
0.124761
0.127327
0.125140
0.130840
0.124653
0.123977
0.123776
0.123728
0.123728
0.123706
0.123314
0.124550
0.124352
0.124191
0.123274
0.122725
0.121910
0.125062
0.124311
0.127821
0.122649
0.123852
0.122856
0.123909
0.124022
0.122549
0.123133
0.123857
0.123828
0.123777
0.124572
0.124138
0.123524
0.124140
0.123432
0.124074
0.123865
0.137376
0.124599
0.122406
0.123817
0.123984
0.122386
0.127225
0.128688
0.123712
0.124602
0.130734
0.125069
0.124613
0.121620
0.123913
0.124066
0.123522
0.123642
0.123627
0.123500
0.122934
0.122073
0.124325
0.123367
0.123244
0.122637
0.130437
0.124469
0.125065
0.127395
0.124210
0.125237
0.123880
0.125376
0.123428
0.124425
0.123936
0.122990
0.124030
0.123003
0.124888
0.123824
0.121557
0.122238
0.122376
0.124001
0.124534
0.129758
0.123197
0.115783
0.124641
0.124459
0.126721
0.125212
0.123475
0.127569
0.133214
0.124548
0.136353
0.122692
0.122468
0.123177
0.124970
0.123168
0.123726
0.134813
0.121742
0.123626
0.123116
0.125010
0.124224
0.124014
0.123936
0.123059
0.123232
0.121958
0.123349
0.124250
0.123485
0.123650
0.124542
0.124622
0.123365
0.123851
0.123942
0.123395
0.123429
0.129607
0.123906
0.123010
0.123937
0.124197
0.123758
0.125245
0.123049
0.122462
0.121738
0.123019
0.123043
0.122134
0.124243
0.123871
0.122354
0.121995
0.122251
0.122576
0.123231
0.123673
0.122351
0.121712
0.130724
0.121873
0.121415
0.129230
0.122905
0.123574
0.124287
0.125750
0.123848
0.137025
0.121855
0.122163
0.125707
0.124152
0.122543
0.121326
0.122689
0.131121
0.128354
0.121714
0.121909
0.121256
0.123248
0.125175
0.122648
0.123609
0.124798
0.123204
0.124973
0.134041
0.123263
0.122759
0.123004
0.120757
0.124044
0.122653
0.123614
0.123111
0.120320
0.123102
0.124191
0.123609
0.125193
0.125999
0.122320
0.121308
0.122767
0.122844
0.122430
0.124814
0.124524
0.123849
0.123747
0.122689
0.122834
0.123139
0.121866
0.131097
0.123760
0.122912
0.123864
0.121537
0.121686
0.123005
0.124026
0.123161
0.123002
0.128116
0.123942
0.124332
0.123118
0.123852
0.122935
0.122679
0.123764
0.124303
0.126938
0.123161
0.124209
0.123128
0.126185
0.124703
0.124089
0.125387
0.124142
0.124968
0.125048
0.132725
0.122912
0.123345
0.123787
0.123069
0.125432
0.123258
0.124399
0.122625
0.121295
0.129815
0.126008
0.124286
0.122395
0.124116
0.122779
0.123499
0.123073
0.124142
0.123409
0.121559
0.121917
0.124377
0.123845
0.123455
0.122402
0.123842
0.124524
0.127313
0.126775
0.123707
0.123794
0.123834
0.122739
0.122955
0.127329
0.122991
0.125578
0.125149
0.126976
0.123081
0.122948
0.124445
0.122895
0.123032
0.124448
0.123683
0.124515
0.124364
0.121915
0.122103
0.127584
0.123773
0.128873
0.121809
0.134638
0.121271
0.124201
0.125252
0.121890
0.124530
0.123785
0.123344
0.124129
0.124424
0.124433
0.131737
0.122730
0.123694
0.135551
0.124448
0.124574
0.124001
0.123417
0.124705
0.123737
0.123155
0.123034
0.126673
0.125355
0.125746
0.122674
0.123210
0.120510
0.122735
0.122953
0.125767
0.124490
0.123896
0.124769
0.136000
0.131138
0.124561
0.123012
0.123306
0.124141
0.123884
0.123471
0.129469
0.122605
0.123762
0.123732
0.126626
0.124903
0.123680
0.126116
0.125557
0.125106
0.124051
0.124318
0.121606
0.122527
0.123887
0.124929
0.124319
0.136768
0.122358
0.123133
0.124143
0.124555
0.122083
0.123796
0.123982
0.122857
0.122616
0.124951
0.125375
0.123599
0.124777
0.124143
0.124064
0.127080
0.125034
0.122907
0.125708
0.124359
0.123951
0.122604
0.124636
0.123783
0.123960
0.135902
0.122798
0.123315
0.123608
0.123000
0.123835
0.122904
0.123226
0.122711
0.127528
0.124985
0.122699
0.124270
0.140726
0.123989
0.121574
0.124793
0.123013
0.125327
0.123975
0.124230
0.122568
0.123630
0.133690
0.125018
0.123805
0.124284
0.122152
0.124015
0.122921
0.127841
0.124122
0.125326
0.123804
0.128634
0.123420
0.122763
0.124496
0.126614
0.124927
0.124562
0.124315
0.121626
0.124825
0.123505
0.124474
0.123983
0.125699
0.129568
0.125222
0.129204
0.122211
0.124271
0.122228
0.123979
0.122364
0.124214
0.124291
0.125166
0.133964
0.123473
0.123107
0.122967
0.123288
0.124256
0.123844
0.122202
0.122672
0.123551
0.123971
0.128957
0.124048
0.124013
0.125567
0.122190
0.123441
0.124834
0.125001
0.125469
0.122697
0.123617
0.123865
0.125726
0.122632
0.123010
0.122553
0.124007
0.124326
0.123157
0.123067
0.123815
0.122970
0.123931
0.124288
0.125068
0.123576
0.122868
0.122941
0.123997
0.132578
0.127431
0.123543
0.124457
0.123987
0.124025
0.121132
0.124561
0.120863
0.122215
0.123749
0.133734
0.124200
0.124167
0.123489
0.123990
0.120923
0.122645
0.123162
0.127510
0.124047
0.132720
0.125573
0.125031
0.123222
0.121715
0.131024
0.123771
0.122751
0.123563
0.125566
0.123925
0.124405
0.124064
0.132896
0.124490
0.123426
0.124752
0.122135
0.123809
0.124378
0.124579
0.123529
0.122950
0.122563
0.123814
0.122052
0.122952
0.124717
0.134810
0.124149
0.132566
0.123572
0.123951
0.123011
0.122428
0.125942
0.123839
0.122532
0.122175
0.121751
0.137951
0.125294
0.123530
0.120940
0.121494
0.122280
0.122888
0.122894
0.135543
0.123974
0.124060
0.123008
0.121856
0.123601
0.122564
0.122608
0.129774
0.122288
0.122216
0.127351
0.122125
0.124077
0.123823
0.124866
0.123750
0.123920
0.135432
0.122937
0.135220
0.124034
0.132976
0.122970
0.124509
0.124448
0.122466
0.123296
0.123630
0.122558
0.122892
0.123788
0.123881
0.121616
0.123200
0.128102
0.123221
0.135397
0.123232
0.123825
0.122722
0.123053
0.123942
0.121386
0.125945
0.125275
0.123175
0.125532
0.124293
0.122719
0.122174
0.122218
0.121537
0.125215
0.123517
0.124133
0.123756
0.121956
0.124180
0.123379
0.124984
0.123473
0.129598
0.123525
0.123518
0.123764
0.123286
0.136687
0.123539
0.123608
0.125478
0.122307
0.121815
0.124279
0.125080
0.124752
0.122360
0.123233
0.123012
0.123861
0.123439
0.135596
0.121496
0.124746
0.127009
0.122351
0.123022
0.122952
0.123428
0.123812
0.127541
0.122439
0.124073
0.122396
0.121705
0.121178
0.134112
0.122190
0.124802
0.124777
0.125271
0.124168
0.130860
0.126851
0.124933
0.122632
0.136603
0.123501
0.126013
0.122155
0.122805
0.123526
0.120572
0.121996
0.124659
0.124631
0.123640
0.123917
0.122356
0.123172
0.121964
0.123341
0.136666
0.123598
0.122878
0.132916
0.123966
0.122521
0.123762
0.125023
0.123635
0.124581
0.124488
0.126055
0.124012
0.123726
0.124920
0.123703
0.124292
0.126128
0.122684
0.123712
0.130103
0.123759
0.123103
0.124770
0.125837
0.124535
0.131982
0.125169
0.122987
0.125016
0.121945
0.124589
0.135912
0.124540
0.122136
0.124833
0.123526
0.122832
0.125801
0.125144
0.124142
0.125187
0.125810
0.124602
0.124083
0.123101
0.124092
0.124972
0.124210
0.126126
0.123851
0.124134
0.124271
0.126298
0.123722
0.130059
0.125698
0.123866
0.124108
0.139746
0.134544
0.126269
0.128516
0.123560
0.124246
0.122569
0.123790
0.134690
0.125764
0.124981
0.123940
0.124629
0.123804
0.124930
0.124405
0.122771
0.125100
0.126786
0.124689
0.127198
0.123093
0.123405
0.127983
0.125571
0.123393
0.124667
0.122660
0.121832
0.125330
0.123651
0.124554
0.123831
0.124041
0.125151
0.124868
0.124646
0.126156
0.124102
0.123167
0.123062
0.130789
0.122760
0.125810
0.124031
0.124940
0.124998
0.124304
0.127541
0.130988
0.123827
0.124037
0.123812
0.122493
0.121293
0.122402
0.123289
0.124018
0.124740
0.125087
0.125201
0.124049
0.123659
0.129293
0.125231
0.126228
0.125027
0.125363
0.124549
0.125518
0.123069
0.124083
0.125329
0.123021
0.124409
0.124194
0.122541
0.123279
0.123276
0.124093
0.123755
0.131968
0.124022
0.123674
0.121790
0.122850
0.123544
0.123082
0.122265
0.124274
0.125559
0.121014
0.122296
0.122720
0.125235
0.126361
0.124551
0.124290
0.124624
0.124321
0.122595
0.136611
0.123287
0.124768
0.122854
0.125216
0.123605
0.123667
0.124257
0.124659
0.124369
0.122102
0.123334
0.121248
0.122493
0.124359
0.124328
0.123467
0.121970
0.123533
0.121651
0.132533
0.126121
0.123980
0.123527
0.122756
0.136064
0.123777
0.120714
0.123161
0.126621
0.123091
0.122190
0.122185
0.122341
0.123258
0.121117
0.123430
0.122950
0.122940
0.122045
0.123014
0.120765
0.121948
0.124065
0.123095
0.126017
0.122680
0.122659
0.121889
0.124496
0.123691
0.122478
0.124095
0.125096
0.124549
0.123557
0.122230
0.124037
0.123706
0.122227
0.123523
0.129180
0.121358
0.122692
0.122096
0.121922
0.122221
0.123610
0.121234
0.125331
0.123505
0.125527
0.123388
0.123370
0.123498
0.122626
0.119231
0.122911
0.123321
0.123022
0.134919
0.123946
0.123199
0.123813
0.123594
0.123131
0.124988
0.124817
0.123257
0.123396
0.123749
0.122782
0.124125
0.123474
0.124711
0.122029
0.124658
0.123926
0.123312
0.123191
0.123947
0.132030
0.123085
0.123802
0.123341
0.121642
0.122575
0.136512
0.124530
0.123486
0.122927
0.121888
0.124131
0.120502
0.122112
0.124832
0.123119
0.123089
0.135711
0.120787
0.123101
0.121655
0.122166
0.122615
0.123608
0.122218
0.122537
0.122640
0.123818
0.122391
0.121635
0.121381
0.122758
0.124072
0.123096
0.125094
0.122888
0.123257
0.123798
0.123117
0.124099
0.124377
0.132234
0.122820
0.122955
0.120847
0.123920
0.122683
0.122052
0.122623
0.120887
0.123597
0.123805
0.126745
0.123554
0.123333
0.122875
0.124201
0.122913
0.123516
0.124586
0.124340
0.124589
0.125399
0.123914
0.122306
0.123778
0.127364
0.122618
0.121788
0.122250
0.123443
0.124734
0.125448
0.121640
0.125481
0.123779
0.124985
0.123237
0.123185
0.122107
0.120013
0.129231
0.122671
0.123837
0.124433
0.124682
0.122224
0.121505
0.124021
0.122432
0.124950
0.122376
0.121612
0.124645
0.123201
0.123338
0.122903
0.124134
0.123739
0.124530
0.124474
0.123991
0.123800
0.126839
0.119722
0.124754
0.122834
0.124438
0.121724
0.124645
0.123736
0.123888
0.125939
0.124210
0.123039
0.126966
0.122739
0.123651
0.123809
0.126035
0.123623
0.131803
0.124373
0.125192
0.122307
0.123438
0.123894
0.124841
0.125017
0.122688
0.123096
0.121303
0.123816
0.122175
0.124135
0.123223
0.122929
0.122359
0.123159
0.126097
0.122268
0.123593
0.123441
0.122476
0.124783
0.124242
0.124386
0.123578
0.124179
0.121877
0.129547
0.122168
0.122303
0.124601
0.124915
0.136105
0.123084
0.122563
0.123617
0.123487
0.124446
0.130782
0.127667
0.141402
0.123711
0.122804
0.123096
0.130820
0.120452
0.122095
0.123606
0.131335
0.122671
0.124594
0.125245
0.124053
0.121799
0.123753
0.122696
0.122519
0.123831
0.121502
0.122149
0.122446
0.122023
0.123409
0.124338
0.124406
0.132313
0.125154
0.122549
0.122611
0.125255
0.122580
0.124501
0.123997
0.126373
0.124678
0.121857
0.124321
0.120755
0.124788
0.130191
0.122666
0.123069
0.123136
0.123036
0.122692
0.122033
0.124486
0.124276
0.126406
0.129497
0.123330
0.123371
0.123305
0.122811
0.122487
0.123905
0.122311
0.122909
0.123261
0.123543
0.132603
0.134395
0.129942
0.132278
0.123836
0.134042
0.129763
0.126731
0.141129
0.126915
0.128169
0.121560
0.123962
0.125610
0.123499
0.123396
0.121420
0.123186
0.134413
0.127959
0.127162
0.124518
0.128966
0.124805
0.128797
0.122412
0.122797
0.133170
0.125840
0.132493
0.129766
0.129416
0.132417
0.130480
0.125757
0.124639
0.129356
0.126023
0.122698
0.123253
0.121880
0.122409
0.123328
0.128295
0.124301
0.139187
0.129377
0.136998
0.125040
0.127546
0.124573
0.128560
0.129022
0.130097
0.134285
0.136477
0.123222
0.134840
0.123643
0.124569
