0.17316
0.198455
0.201036
0.191375
0.176684
0.188822
0.173638
0.186519
0.186111
0.171942
0.185216
0.186696
0.179864
0.172432
0.170846
0.181999
0.176706
0.204206
0.176949
0.212145
0.189706
0.192952
0.186143
0.186744
0.208769
0.175828
0.180493
0.180491
0.214592
0.200315
0.204212
0.193948
0.184063
0.182597
0.170641
0.187104
0.176007
0.173976
0.16999
0.172281
0.186606
0.17747
0.184862
0.181673
0.191017
0.174534
0.182984
0.172999
0.179701
0.176221
0.193623
0.188527
0.195241
0.183296
0.178513
0.189507
0.186966
0.186663
0.188808
0.2193
0.189963
0.182833
0.176812
0.185345
0.192794
0.180923
0.202572
0.190066
0.188638
0.189062
0.195955
0.182187
0.173407
0.182527
0.182669
0.180832
0.173253
0.173055
0.173812
0.171396
0.186364
0.174408
0.182882
0.184046
0.164153
0.170973
0.175653
0.181684
0.185936
0.183614
0.17907
0.183792
0.172291
0.172701
0.185583
0.17185
0.170373
0.188674
0.185538
0.182099
0.194692
0.166125
0.168809
0.179595
0.180524
0.172446
0.170558
0.173175
0.183913
0.179634
0.186178
0.1842
0.186522
0.17278
0.185548
0.170259
0.180563
0.184013
0.182701
0.182162
0.176499
0.193457
0.194932
0.186392
0.188978
0.218733
0.174359
0.186512
0.187434
0.174522
0.204405
0.195094
0.189705
0.200319
0.179541
0.18319
0.206749
0.181953
0.181051
0.183813
0.210955
0.183552
0.189955
0.172965
0.173239
0.172705
0.180241
0.174203
0.187072
0.184103
0.17299
0.185749
0.170501
0.180465
0.186125
0.180082
0.18567
0.181167
0.17181
0.18845
0.19607
0.17372
0.18569
0.193541
0.183249
0.183833
0.169627
0.185354
0.182654
0.172778
0.186422
0.185767
0.171657
0.188322
0.171916
0.184328
0.184167
0.184933
0.181832
0.174402
0.179421
0.175906
0.186469
0.181816
0.181933
0.179623
0.195159
0.181329
0.169956
0.17483
0.188284
0.174902
0.183749
0.183668
0.187386
0.1826
0.178879
0.179765
0.18416
0.187683
0.184364
0.188583
0.192462
0.183806
0.177789
0.180129
0.196737
0.183215
0.175315
0.197644
0.184345
0.201211
0.179449
0.200054
0.189452
0.185524
0.213578
0.182789
0.206032
0.172036
0.184024
0.187309
0.200675
0.184184
0.194162
0.182109
0.178372
0.182832
0.182281
0.170469
0.180685
0.18658
0.173998
0.172062
0.171143
0.182261
0.176358
0.201369
0.177374
0.166891
0.169632
0.189878
0.196644
0.201285
0.177492
0.187612
0.190645
0.189611
0.183784
0.177244
0.17281
0.170421
0.183293
0.171856
0.176649
0.184522
0.18442
0.182496
0.185006
0.182687
0.185368
0.181998
0.185228
0.180569
0.1824
0.178828
0.178369
0.176095
0.196274
0.18964
0.193699
0.175783
0.182099
0.172511
0.184523
0.173155
0.17297
0.185919
0.187421
0.184671
0.18266
0.170523
0.184624
0.185043
0.18426
0.183488
0.176431
0.187918
0.180229
0.182512
0.205799
0.184278
0.185731
0.199335
0.182323
0.182199
0.176845
0.183244
0.173047
0.170621
0.185543
0.173834
0.175005
0.183331
0.172929
0.172349
0.169888
0.171607
0.183274
0.202823
0.18364
0.185786
0.180988
0.220198
0.174273
0.183549
0.173455
0.207748
0.187672
0.204728
0.197089
0.173209
0.182504
0.21701
0.181739
0.172443
0.176176
0.1731
0.181481
0.182027
0.172861
0.189028
0.175009
0.189115
0.189421
0.185402
0.188278
0.172937
0.171377
0.169171
0.176962
0.171668
0.187251
0.182833
0.198829
0.187009
0.206566
0.179681
0.185488
0.180454
0.205766
0.18203
0.189402
0.178652
0.195143
0.184036
0.177649
0.170507
0.18512
0.186825
0.175068
0.188867
0.184186
0.18264
0.183106
0.187038
0.173002
0.170638
0.187281
0.192636
0.184852
0.16631
0.192511
0.171023
0.204912
0.181626
0.179768
0.18384
0.198968
0.184855
0.182458
0.181954
0.171308
0.172298
0.171342
0.174071
0.176793
0.182567
0.179553
0.171941
0.187
0.17593
0.173037
0.177595
0.18269
0.177312
0.177335
0.171759
0.170445
0.184225
0.184831
0.173161
0.171403
0.182331
0.172242
0.178139
0.181709
0.188094
0.174182
0.18447
0.178314
0.190187
0.229019
0.186006
0.170977
0.188983
0.180857
0.178487
0.188109
0.181786
0.171705
0.179939
0.18695
0.171979
0.183503
0.187035
0.184065
0.185911
0.172835
0.180962
0.18313
0.179639
0.172095
0.178653
0.180469
0.178439
0.18986
0.203966
0.181107
0.221349
0.185947
0.193007
0.171424
0.209974
0.199719
0.172112
0.176642
0.186616
0.197465
0.186996
0.187583
0.206051
0.180989
0.218061
0.180856
0.173356
0.184223
0.181638
0.179476
0.178903
0.167593
0.187475
0.170058
0.173456
0.184275
0.189872
0.187218
0.186606
0.172486
0.170988
0.182042
0.167161
0.182887
0.188015
0.189134
0.183865
0.21619
0.178774
0.183718
0.187131
0.194092
0.181584
0.215071
0.174096
0.198643
0.178342
0.184355
0.179888
0.184582
0.171452
0.170722
0.173745
0.183385
0.171563
0.184621
0.171853
0.169199
0.180252
0.171287
0.186838
0.182392
0.189347
0.219183
0.182096
0.182942
0.187392
0.210596
0.185461
0.179212
0.187404
0.185267
0.181914
0.213093
0.175941
0.177441
0.197935
0.220569
0.192411
0.170046
0.181023
0.197329
0.185322
0.2088
0.176622
0.185248
0.187536
0.191415
0.193633
0.183358
0.195841
0.18633
0.195067
0.190935
0.172959
0.1943
0.21306
0.188936
0.18005
0.201513
0.184176
0.180365
0.194489
0.183203
0.180655
0.171202
0.185431
0.170389
0.172594
0.183916
0.171757
0.172738
0.184101
0.184061
0.181685
0.167251
0.184563
0.173601
0.192459
0.191949
0.179388
0.213538
0.18292
0.188102
0.187179
0.1833
0.186397
0.191821
0.22199
0.18305
0.179374
0.185107
0.181929
0.190204
0.179869
0.184464
0.172157
0.184033
0.181899
0.182813
0.18479
0.175324
0.18694
0.184629
0.17203
0.185672
0.175428
0.178713
0.171496
0.176913
0.191368
0.186587
0.18597
0.181842
0.20458
0.18054
0.176347
0.170685
0.180136
0.180443
0.172648
0.186336
0.174193
0.185158
0.186193
0.17552
0.169828
0.168922
0.173919
0.174899
0.177818
0.158666
0.172299
0.180846
0.176607
0.172822
0.171204
0.183059
0.185055
0.185616
0.182711
0.170681
0.18033
0.188862
0.173419
0.178759
0.187025
0.181193
0.181892
0.18997
0.173421
0.169676
0.181818
0.171751
0.182637
0.181449
0.183793
0.184853
0.183076
0.173032
0.178828
0.177082
0.183967
0.182041
0.185319
0.181472
0.171501
0.178565
0.186042
0.170811
0.181535
0.189715
0.173726
0.186363
0.183263
0.173585
0.187056
0.173523
0.187522
0.180666
0.180376
0.187508
0.177901
0.189485
0.17039
0.192544
0.182317
0.181393
0.20482
0.207436
0.187815
0.177065
0.189666
0.201041
0.18945
0.185912
0.192483
0.174838
0.205661
0.181851
0.173215
0.171996
0.169319
0.18293
0.180255
0.182648
0.185256
0.18716
0.188027
0.172449
0.171507
0.181452
0.189424
0.180512
0.180928
0.174674
0.181139
0.194742
0.194374
0.180989
0.189735
0.189199
0.17967
0.182996
0.181755
0.172157
0.169948
0.185082
0.173899
0.189364
0.174264
0.180117
0.186438
0.184677
0.185139
0.171502
0.186695
0.180352
0.183751
0.183751
0.178029
0.175213
0.219658
0.175926
0.179594
0.226755
0.184078
0.175274
0.191508
0.193169
0.173375
0.178596
0.173254
0.17563
0.180071
0.172083
0.174534
0.184106
0.172433
0.188517
0.183532
0.180572
0.187975
0.168043
0.192825
0.172253
0.199338
0.1742
0.182366
0.200579
0.187655
0.184374
0.174111
0.209989
0.185038
0.190179
0.192053
0.191646
0.201608
0.185774
0.183159
0.198258
0.210547
0.191186
0.18449
0.179743
0.189466
0.191658
0.186883
0.200029
0.18688
0.187217
0.185948
0.204441
0.179152
0.188954
0.190879
0.190303
0.191136
0.189033
0.181271
0.214081
0.177481
0.174112
0.1821
0.183172
0.185934
0.170565
0.182575
0.187396
0.17335
0.187307
0.172683
0.172213
0.186353
0.180029
0.183425
0.198945
0.19541
0.184449
0.197033
0.188927
0.179443
0.173947
0.182341
0.17547
0.203222
0.194184
0.191087
0.185726
0.207246
0.189773
0.167321
0.184825
0.173041
0.212613
0.180089
0.186559
0.189618
0.193165
0.174441
0.206407
0.181582
0.196365
0.182523
0.191496
0.178899
0.171249
0.170097
0.182531
0.17149
0.186535
0.182098
0.185782
0.17191
0.184631
0.191353
0.18703
0.177601
0.185072
0.181409
0.180802
0.17353
0.192123
0.187413
0.186235
0.208839
0.183877
0.186088
0.184064
0.173798
0.217666
0.192808
0.175005
0.194507
0.189032
0.189218
0.201428
0.188075
0.184234
0.189658
0.184642
0.197353
0.180386
0.18693
0.19356
0.185645
0.194712
0.189944
0.188296
0.179722
0.204029
0.1874
0.183224
0.22244
0.183083
0.175193
0.174311
0.180138
0.183362
0.182956
0.186006
0.177492
0.179013
0.206653
0.180958
0.189737
0.177026
0.185761
0.172747
0.186227
0.187078
0.186848
0.185297
0.184724
0.171187
0.185071
0.173924
0.177878
0.205084
0.18562
0.189206
0.205386
0.175661
0.185412
0.198785
0.168484
0.189176
0.187122
0.190135
0.178677
0.205898
0.192946
0.200665
0.179328
0.186234
0.179673
0.185236
0.219348
0.189683
0.182416
0.175049
0.186945
0.18695
0.209398
0.192649
0.187581
0.182829
0.196644
0.181542
0.182637
0.170636
0.170022
0.182967
0.186938
0.187058
0.186276
0.185162
0.182523
0.188911
0.184947
0.186328
0.184866
0.189281
0.172193
0.184799
0.186955
0.184888
0.165524
0.172942
0.192481
0.210126
0.182872
0.174517
0.185318
0.172591
0.175153
0.177376
0.186209
0.186988
0.173383
0.187193
0.177019
0.185785
0.186705
0.174108
0.183832
0.172363
0.166416
0.171246
0.185765
0.184661
0.179518
0.203767
0.178851
0.186011
0.181271
0.17018
0.184011
0.173207
0.18659
0.182976
0.173261
0.180734
0.180052
0.179896
0.183815
0.181807
0.181165
0.167589
0.187655
0.18324
0.18382
0.174772
0.171933
0.17172
0.171447
0.183574
0.172919
0.184071
0.188261
0.186505
0.184258
0.183285
0.17126
0.180675
0.177755
0.176861
0.179096
0.191135
0.1879
0.183722
0.214253
0.180079
0.187615
0.184439
0.213145
0.182623
0.188092
0.180692
0.203494
0.18488
0.207616
0.182112
0.201456
0.181767
0.181119
0.18511
0.212898
0.172901
0.186612
0.205136
0.172974
0.17219
0.206478
0.185713
0.179679
0.171289
0.188572
0.176144
0.186371
0.189536
0.17117
0.190508
0.174249
0.176672
0.171605
0.183848
0.175879
0.168008
0.171787
0.195454
0.194609
0.211094
0.196182
0.20926
0.182038
0.167163
0.179043
0.183928
0.195946
0.180892
0.177369
0.184304
0.169358
0.185724
0.183008
0.168306
0.179914
0.187774
0.173209
0.174312
0.186267
0.171536
0.171983
0.190942
0.185357
0.178114
0.186954
0.178368
0.193092
0.176188
0.173637
0.178681
0.183434
0.172041
0.172295
0.187021
0.188869
0.181952
0.173207
0.187171
0.187179
0.172284
0.185655
0.180923
0.179611
0.192347
0.176133
0.184902
0.181386
0.176085
0.180174
0.172405
0.173007
0.186351
0.187711
0.18774
0.177037
0.174941
0.173673
0.184735
0.184201
0.190083
0.180738
0.177411
0.184951
0.178767
0.180021
0.18616
0.178544
0.180178
0.173526
0.174044
0.181738
0.182499
0.173383
0.176779
0.184004
0.183767
0.183118
0.170408
0.183159
0.187228
0.174992
0.183184
0.182018
0.204434
0.196657
0.184326
0.169299
0.203783
0.19133
0.183059
0.182631
0.205914
0.209263
0.192061
0.1735
0.191757
0.211291
0.174118
0.190766
0.179944
0.189947
0.195249
0.182879
0.19924
0.171659
0.195417
0.18318
0.177094
0.172985
0.183006
0.180442
0.184275
0.17333
0.171173
0.181888
0.173831
0.170067
0.190843
0.183545
0.185104
0.17556
0.185607
0.181714
0.182995
0.186248
0.182899
0.185425
0.199654
0.208828
0.182273
0.179318
0.176806
0.188942
0.174584
0.185317
0.187698
0.17017
0.173365
0.173548
0.188267
0.173469
0.171838
0.183146
0.186098
0.175187
0.185804
0.177032
0.187078
0.182263
0.174782
0.172453
0.178148
0.179705
0.174167
0.176634
0.173171
0.184917
0.184501
0.172143
0.19621
0.173191
0.187927
0.21808
0.186049
0.185959
0.184364
0.173767
0.179348
0.188606
0.177589
0.187939
0.199192
0.177816
0.179483
0.185334
0.1867
0.169709
0.171432
0.197619
0.19061
0.192134
0.199523
0.17215
0.173858
0.175812
0.189424
0.185493
0.183087
0.179133
0.170739
0.178292
0.182278
0.18007
0.165423
0.180611
0.188868
0.18069
0.210192
0.168345
0.165502
0.169483
0.177019
0.168255
0.175498
