0.172122
0.184672
0.193398
0.168805
0.184425
0.184075
0.181175
0.168628
0.184527
0.178517
0.203999
0.178623
0.183419
0.192475
0.18348
0.191124
0.18194
0.178192
0.169222
0.207215
0.203675
0.182175
0.190175
0.174392
0.196146
0.181103
0.181092
0.18571
0.169583
0.178732
0.173643
0.171551
0.185608
0.183234
0.191237
0.171296
0.180502
0.171733
0.18731
0.177758
0.194686
0.185388
0.18357
0.172462
0.176433
0.167264
0.178458
0.178875
0.170291
0.182941
0.185069
0.170043
0.180645
0.179265
0.184539
0.185303
0.165193
0.179419
0.193112
0.186663
0.181821
0.179376
0.169812
0.179674
0.172724
0.169295
0.170624
0.184766
0.185656
0.183183
0.194922
0.183293
0.180063
0.181678
0.17319
0.169687
0.179777
0.186506
0.171061
0.17944
0.184929
0.167675
0.169771
0.184463
0.184148
0.185112
0.169957
0.180049
0.170723
0.175436
0.182108
0.190475
0.187054
0.185025
0.184934
0.177925
0.177426
0.169359
0.183735
0.171473
0.17136
0.187805
0.184202
0.185642
0.18608
0.186021
0.181061
0.184321
0.18289
0.184153
0.175507
0.18004
0.178568
0.171076
0.170529
0.180475
0.166509
0.168593
0.180471
0.183955
0.178624
0.184703
0.168514
0.174161
0.171359
0.188489
0.193702
0.170351
0.181633
0.170234
0.178959
0.170163
0.180616
0.174769
0.182849
0.168547
0.182792
0.180036
0.184998
0.179887
0.179238
0.173582
0.182778
0.180048
0.18239
0.182799
0.168746
0.183743
0.169737
0.180937
0.181804
0.18524
0.171435
0.182974
0.167186
0.184438
0.18575
0.173507
0.174038
0.20496
0.187808
0.176104
0.177426
0.170096
0.180623
0.167399
0.187228
0.174579
0.170741
0.18523
0.18425
0.181027
0.180893
0.181823
0.168597
0.177048
0.17167
0.177306
0.177627
0.180112
0.169381
0.183875
0.169691
0.181853
0.169436
0.189551
0.182116
0.18707
0.168805
0.189015
0.180852
0.192913
0.177419
0.214055
0.191038
0.171164
0.171415
0.177636
0.182363
0.168678
0.183565
0.1817
0.185282
0.170237
0.183073
0.183037
0.185387
0.184016
0.17074
0.185918
0.168014
0.17029
0.195695
0.171242
0.178914
0.182665
0.169573
0.178414
0.185969
0.185914
0.185275
0.171326
0.18449
0.191605
0.183846
0.185696
0.186422
0.185229
0.183881
0.180156
0.167441
0.178042
0.180688
0.19101
0.19151
0.170323
0.184505
0.182793
0.168086
0.16926
0.18403
0.184609
0.182444
0.171877
0.180546
0.184734
0.184267
0.1807
0.169135
0.189992
0.184721
0.19386
0.1893
0.18327
0.179486
0.184404
0.172169
0.185467
0.170171
0.16985
0.181422
0.17265
0.176404
0.184371
0.173285
0.185715
0.184833
0.185302
0.185497
0.181154
0.174418
0.200872
0.184864
0.18847
0.181011
0.180098
0.189486
0.196646
0.186603
0.181424
0.209841
0.181477
0.17416
0.177246
0.170521
0.184808
0.171448
0.185334
0.186313
0.186245
0.172497
0.185427
0.180529
0.170699
0.178598
0.186227
0.175274
0.182665
0.18487
0.182397
0.185105
0.192596
0.203936
0.187155
0.182301
0.19304
0.177522
0.168769
0.178924
0.182607
0.169615
0.17191
0.181025
0.177926
0.179271
0.182297
0.183747
0.183202
0.177699
0.169834
0.190039
0.179056
0.212675
0.17496
0.178514
0.205711
0.183195
0.171184
0.177847
0.177961
0.182349
0.183649
0.174362
0.180907
0.17261
0.187247
0.172852
0.179924
0.18529
0.18488
0.173334
0.181482
0.186035
0.181665
0.186072
0.18346
0.177438
0.170997
0.16824
0.186101
0.171385
0.183875
0.171776
0.183985
0.185164
0.186562
0.182875
0.18433
0.182774
0.184798
0.176646
0.197764
0.183642
0.182017
0.183114
0.184229
0.179946
0.19852
0.171591
0.16896
0.177699
0.169594
0.170005
0.170202
0.180155
0.168613
0.187003
0.184336
0.166992
0.206129
0.185399
0.174995
0.18419
0.192505
0.191284
0.179878
0.223182
0.184703
0.175553
0.187186
0.172796
0.171124
0.167557
0.180234
0.170168
0.177931
0.182032
0.169672
0.180425
0.183507
0.176767
0.178112
0.174559
0.191813
0.180951
0.17835
0.168796
0.182477
0.18294
0.170451
0.170961
0.179295
0.178673
0.182715
0.182464
0.183263
0.177384
0.175019
0.181666
0.182185
0.175281
0.176633
0.181386
0.182992
0.182334
0.179054
0.187688
0.171362
0.185799
0.172656
0.180897
0.18288
0.171367
0.168885
0.179938
0.175619
0.177713
0.190859
0.198143
0.186059
0.195373
0.178432
0.200395
0.17966
0.185835
0.19377
0.213024
0.205134
0.190176
0.193834
0.17271
0.182455
0.228916
0.172854
0.189418
0.184217
0.182832
0.194657
0.18249
0.174999
0.180046
0.178383
0.168207
0.181128
0.170962
0.184975
0.172746
0.172033
0.18487
0.18613
0.180721
0.173294
0.180314
0.1913
0.176682
0.179455
0.182189
0.183764
0.169283
0.168975
0.171323
0.170769
0.184295
0.183101
0.185941
0.184609
0.183218
0.183126
0.176763
0.187485
0.171354
0.175921
0.183384
0.18547
0.201417
0.196186
0.189742
0.177724
0.181872
0.172141
0.180608
0.168353
0.170876
0.184206
0.18449
0.193249
0.170032
0.170515
0.182995
0.181751
0.188157
0.180575
0.180913
0.177988
0.203994
0.184407
0.1859
0.184605
0.176585
0.177094
0.213479
0.190126
0.176892
0.174881
0.170305
0.17806
0.171701
0.173388
0.171724
0.184573
0.184398
0.171412
0.178448
0.168204
0.201724
0.181097
0.18288
0.210262
0.173873
0.181342
0.172188
0.203871
0.18625
0.177724
0.171097
0.169448
0.172088
0.185633
0.171768
0.172324
0.188136
0.184773
0.180887
0.180731
0.184642
0.171244
0.176039
0.189329
0.174786
0.21079
0.185757
0.198694
0.177973
0.1974
0.172084
0.205879
0.171102
0.180833
0.169833
0.17685
0.172507
0.184946
0.18454
0.171153
0.183661
0.183804
0.185006
0.178606
0.180933
0.18126
0.173371
0.198612
0.185825
0.173539
0.17867
0.176728
0.182697
0.186553
0.168098
0.18351
0.170986
0.18567
0.181965
0.184399
0.171335
0.183882
0.171568
0.186698
0.182829
0.196748
0.182857
0.207051
0.185543
0.185081
0.167208
0.189575
0.178721
0.183393
0.206293
0.179996
0.194249
0.20218
0.188077
0.182643
0.186871
0.186478
0.203529
0.180873
0.181403
0.184109
0.217238
0.184515
0.180307
0.173111
0.177489
0.168975
0.18498
0.172122
0.184734
0.171924
0.18433
0.170531
0.185074
0.170504
0.179434
0.183883
0.186796
0.176617
0.190444
0.177693
0.182763
0.170878
0.18204
0.167522
0.183808
0.170313
0.184953
0.18194
0.181719
0.171375
0.183258
0.182658
0.17069
0.172177
0.191451
0.174577
0.172245
0.183667
0.169947
0.179327
0.174467
0.184855
0.172889
0.17128
0.185849
0.183076
0.184219
0.188413
0.187144
0.17017
0.169703
0.205355
0.178816
0.180516
0.181714
0.209876
0.197071
0.181073
0.195052
0.182191
0.195158
0.193196
0.181982
0.210393
0.182982
0.186673
0.198518
0.191966
0.18045
0.185123
0.206386
0.182259
0.187061
0.171526
0.177
0.171392
0.182221
0.171554
0.173284
0.172886
0.185034
0.184369
0.170767
0.181412
0.187188
0.178424
0.198064
0.179241
0.191403
0.20062
0.170372
0.186236
0.186549
0.1754
0.207565
0.191719
0.178086
0.175091
0.191742
0.183832
0.182425
0.169969
0.18186
0.169528
0.182673
0.170676
0.169144
0.180904
0.171504
0.164969
0.170596
0.204624
0.180108
0.176848
0.16902
0.181798
0.168711
0.184716
0.171729
0.183717
0.171479
0.184607
0.172822
0.172995
0.184134
0.179584
0.175115
0.180214
0.183472
0.181658
0.16875
0.170973
0.170914
0.183127
0.183928
0.170741
0.184116
0.187416
0.185098
0.183751
0.180514
0.180521
0.180373
0.186848
0.206464
0.194242
0.180095
0.192137
0.186907
0.187679
0.185353
0.186962
0.193
0.180971
0.185267
0.191064
0.207447
0.185491
0.18614
0.175902
0.178903
0.169127
0.16881
0.172779
0.173361
0.179515
0.185419
0.186571
0.188217
0.172234
0.185546
0.184235
0.182492
0.182647
0.181765
0.178442
0.18304
0.183831
0.190071
0.19895
0.17997
0.182759
0.186076
0.16945
0.181582
0.1836
0.185364
0.170806
0.179367
0.18343
0.171608
0.183849
0.172035
0.183665
0.174606
0.172335
0.178397
0.220767
0.175946
0.188904
0.177909
0.2024
0.177512
0.18027
0.177008
0.185882
0.169647
0.183752
0.17156
0.180446
0.184761
0.170846
0.184291
0.185797
0.183851
0.185048
0.184277
0.187229
0.176067
0.189084
0.192482
0.18194
0.180162
0.183616
0.185225
0.180432
0.180134
0.17017
0.17604
0.185872
0.182064
0.170678
0.178426
0.183414
0.185041
0.178983
0.184542
0.188251
0.185162
0.186551
0.185688
0.17129
0.182358
0.18835
0.197588
0.184593
0.172207
0.18081
0.184632
0.169841
0.16873
0.172293
0.186354
0.174917
0.183265
0.185535
0.185378
0.171904
0.173999
0.189888
0.176628
0.19103
0.177023
0.17326
0.182136
0.182382
0.180379
0.184269
0.182901
0.169426
0.169343
0.171408
0.173204
0.189305
0.184177
0.184321
0.18532
0.171387
0.183702
0.210105
0.181468
0.178932
0.180747
0.184303
0.180096
0.203272
0.190362
0.243406
0.182823
0.182689
0.170321
0.169589
0.176971
0.206787
0.196555
0.189051
0.171411
0.192298
0.179105
0.183014
0.169288
0.169275
0.170961
0.185712
0.171751
0.184936
0.185067
0.183058
0.182924
0.187947
0.184199
0.188727
0.181557
0.167053
0.185133
0.188379
0.174077
0.170067
0.181188
0.18327
0.18411
0.17067
0.172968
0.179957
0.184067
0.171568
0.183724
0.184936
0.184641
0.181915
0.1867
0.171996
0.189468
0.190851
0.170216
0.20841
0.184775
0.199467
0.175637
0.198143
0.184286
0.179667
0.192599
0.188966
0.200034
0.17553
0.181253
0.17114
0.179212
0.186438
0.171901
0.18546
0.183146
0.172027
0.171353
0.183244
0.176077
0.185456
0.173666
0.179539
0.172402
0.181254
0.178472
0.176033
0.17062
0.172208
0.179451
0.170596
0.170861
0.18022
0.175312
0.173047
0.178149
0.198876
0.206076
0.178231
0.185542
0.187728
0.171659
0.171182
0.170596
0.179921
0.172541
0.184684
0.172789
0.172696
0.186336
0.195302
0.184802
0.178763
0.183473
0.185193
0.175627
0.185346
0.190149
0.169466
0.171681
0.172608
0.180319
0.185676
0.169633
0.181715
0.18453
0.17219
0.172674
0.172374
0.184553
0.18854
0.176433
0.176565
0.184028
0.187022
0.178324
0.207435
0.188998
0.17663
0.212317
0.190573
0.169309
0.179287
0.169086
0.174483
0.182865
0.170319
0.170172
0.180699
0.183145
0.172105
0.179809
0.183164
0.179881
0.18378
0.187332
0.196883
0.186101
0.182597
0.186415
0.185177
0.172939
0.170455
0.167954
0.1716
0.171827
0.171053
0.183979
0.187752
0.186298
0.186075
0.183677
0.179421
0.180047
0.196708
0.189009
0.167226
0.183842
0.194745
0.180291
0.207032
0.182377
0.181677
0.177055
0.218012
0.177022
0.194571
0.174394
0.205742
0.186127
0.183722
0.188062
0.190705
0.202045
0.182035
0.197222
0.180356
0.176838
0.169562
0.173483
0.184421
0.169747
0.171602
0.170433
0.183911
0.183961
0.176492
0.174567
0.18544
0.177782
0.183056
0.172249
0.16935
0.178222
0.169995
0.183209
0.170086
0.179053
0.18381
0.180525
0.183985
0.186077
0.187475
0.173485
0.170434
0.178995
0.213303
0.18118
0.182349
0.184326
0.18389
0.187894
0.179732
0.168683
0.174434
0.168624
0.181775
0.17874
0.17222
0.169697
0.18164
0.165984
0.183411
0.181757
0.182924
0.198166
0.170286
0.169212
0.179269
0.167549
0.17136
0.186153
0.184386
0.170914
0.183298
0.179541
0.178826
0.175244
0.1846
0.184258
0.186481
0.171082
0.226281
0.201819
0.186779
0.182027
0.18483
0.193653
0.17678
0.175015
0.179319
0.177296
0.16995
0.171963
0.184405
0.182086
0.170324
0.182323
0.184247
0.18359
0.183922
0.171012
0.183673
0.174256
0.180189
0.174187
0.169733
0.180546
0.166484
0.183147
0.170274
0.183267
0.171159
0.178849
0.183898
0.180851
0.188955
0.176941
0.182062
0.172821
0.173153
0.177516
0.178967
0.169917
0.170867
0.180251
0.171816
0.183527
0.193072
0.194423
0.207863
0.200222
0.190922
0.183582
0.187548
0.174542
0.185416
0.185166
0.195427
0.190942
0.194175
0.170994
0.190707
0.192625
0.20673
0.196399
0.188483
0.197836
0.173302
0.181495
0.184537
