0.000347
2.500227
0.463299
0.464913
0.462429
0.484053
0.484805
0.485601
0.481205
0.484245
0.481241
0.527293
0.491720
0.482947
0.483224
0.499697
0.486969
0.484798
0.484397
0.483095
0.490881
0.479089
0.479137
0.478822
0.481358
0.500022
0.493531
0.491663
0.477650
0.479199
0.479348
0.499496
0.475446
0.474615
0.481232
0.473766
0.507459
0.475144
0.491092
0.481327
0.486424
0.479809
0.481108
0.481005
0.474367
0.474964
0.491698
0.479983
0.479381
0.482134
0.470769
0.481716
0.490128
0.501838
0.489840
0.477171
0.492274
0.492223
0.477220
0.478672
0.480702
0.477769
0.509771
0.480651
0.478068
0.478550
0.474305
0.500485
0.474186
0.478057
0.478130
0.480991
0.480079
0.479437
0.478635
0.480772
0.478689
0.496200
0.482923
0.490780
0.479518
0.479292
0.492088
0.474164
0.478570
0.478950
0.479827
0.478530
0.506814
0.481959
0.489755
0.482650
0.479969
0.484210
0.479453
0.477800
0.479479
0.482006
0.497646
0.476429
0.477475
0.479234
0.478549
0.478645
0.503631
0.479272
0.476232
0.478788
0.497950
0.481757
0.482338
0.497282
0.480209
0.479416
0.485278
0.477523
0.486374
0.483432
0.491757
0.504670
0.477163
0.479887
0.481312
0.478406
0.478838
0.478884
0.477715
0.480813
0.480628
0.506290
0.482944
0.480210
0.480175
0.479700
0.490912
0.480378
0.481342
0.481926
0.480699
0.514100
0.478744
0.493639
0.486318
0.483642
0.483104
0.480369
0.477875
0.476703
0.476439
0.471044
0.491164
0.520034
0.480124
0.478432
0.479945
0.492612
0.477023
0.476646
0.480351
0.478146
0.504497
0.476652
0.491516
0.474550
0.487276
0.478710
0.477672
0.480143
0.476254
0.483473
0.491697
0.479105
0.477492
0.506291
0.480116
0.484414
0.480037
0.478081
0.479691
0.479565
0.479197
0.491833
0.488207
0.479831
0.478949
0.488124
0.499219
0.486204
0.488064
0.481008
0.480185
0.497365
0.479549
0.480887
0.472653
0.478408
0.479661
0.475559
0.478519
0.480718
0.478734
0.492320
0.483989
0.489588
0.480295
0.482227
0.481581
0.476544
0.479031
0.478938
0.500591
0.472656
0.500642
0.481117
0.489922
0.478082
0.478807
0.481008
0.479026
0.495462
0.477670
0.478170
0.490371
0.479137
0.473893
0.478597
0.477893
0.480862
0.479121
0.519161
0.479443
0.474560
0.499616
0.494683
0.474681
0.477733
0.491956
0.494288
0.489510
0.478823
0.479246
0.480691
0.474238
0.499306
0.479971
0.478190
0.473773
0.474165
0.486275
0.474119
0.491903
0.483222
0.485663
0.489790
0.479549
0.477678
0.486740
0.479097
0.472885
0.478050
0.478269
0.473200
0.479686
0.495299
0.476106
0.479383
0.499374
0.480186
0.479345
0.479070
0.457928
0.481361
0.479401
0.480165
0.490081
0.480502
0.480149
0.481320
0.491379
0.481605
0.481569
0.505720
0.639578
0.520679
0.500753
0.494960

