0.257712
0.219273
0.202349
0.260722
0.228021
0.242177
0.238106
0.225335
0.223579
0.232233
0.220049
0.22253
0.228136
0.223476
0.24661
0.232276
0.219348
0.268224
0.228132
0.22748
0.221441
0.221341
0.221246
0.2184
0.228229
0.222021
0.220576
0.22538
0.217336
0.219763
0.229207
0.222468
0.221673
0.225848
0.216976
0.229835
0.22826
0.223159
0.22292
0.219052
0.218514
0.233505
0.226874
0.22396
0.219367
0.216439
0.225735
0.230539
0.223036
0.223969
0.222834
0.221591
0.216452
0.227474
0.224182
0.22468
0.220074
0.219982
0.219894
0.229596
0.223974
0.220659
0.226414
0.216824
0.226304
0.22868
0.220779
0.220827
0.221792
0.216777
0.234919
0.226169
0.221622
0.222773
0.217582
0.21755
0.226051
0.227196
0.221849
0.220211
0.217641
0.216875
0.224365
0.227907
0.222807
0.223433
0.219062
0.218062
0.229391
0.221553
0.220689
0.221306
0.221547
0.218247
0.22726
0.226457
0.220126
0.219763
0.219397
0.217041
0.230276
0.224161
0.220842
0.221149
0.21991
0.219135
0.245324
0.220532
0.222272
0.221453
0.215715
0.219629
0.235856
0.223344
0.225432
0.221107
0.217017
0.227696
0.226059
0.221334
0.222356
0.220383
0.21736
0.219213
0.231371
0.221723
0.221459
0.222632
0.219001
0.232345
0.224495
0.222482
0.220752
0.224087
0.221494
0.227196
0.221604
0.221499
0.218876
0.222144
0.218029
0.242187
0.221171
0.220018
0.220235
0.217894
0.221072
0.233489
0.221656
0.221583
0.222192
0.217386
0.218692
0.231971
0.22307
0.223423
0.221517
0.219031
0.220717
0.223203
0.221193
0.220529
0.221652
0.217246
0.216523
0.227204
0.223051
0.22093
0.223833
0.220246
0.215122
0.229658
0.220318
0.219968
0.220761
0.21973
0.228081
0.224428
0.224071
0.222114
0.221862
0.219904
0.218714
0.231161
0.224941
0.220817
0.223228
0.219977
0.225372
0.224977
0.220138
0.220623
0.221097
0.217654
0.219085
0.228465
0.220252
0.219429
0.220427
0.218434
0.216289
0.226922
0.221665
0.224174
0.219973
0.217668
0.216613
0.229406
0.223921
0.219644
0.220774
0.223467
0.220045
0.235248
0.222686
0.222092
0.224003
0.217644
0.220511
0.228767
0.221927
0.220343
0.220919
0.223105
0.221606
0.229777
0.223263
0.224377
0.22068
0.218342
0.216242
0.231024
0.223658
0.223184
0.221946
0.216463
0.219904
0.229726
0.220922
0.221671
0.221519
0.218545
0.221338
0.227517
0.220638
0.21946
0.220839
0.218205
0.218902
0.227032
0.220631
0.221076
0.220854
0.218868
0.220815
0.224644
0.221777
0.218689
0.220366
0.219134
0.219245
0.228791
0.225033
0.223017
0.221611
0.218064
0.21712
0.226799
0.224346
0.220823
0.223324
0.217013
0.215615
0.21787
0.227701
0.220915
0.221552
0.220179
0.217165
0.219542
0.229114
0.227276
0.221014
0.221921
0.215491
0.220846
0.23482
0.219237
0.220924
0.221744
0.216422
0.220548
0.230438
0.220458
0.223128
0.222015
0.216279
0.222712
0.229382
0.222963
0.222766
0.220719
0.219379
0.220118
0.229262
0.219741
0.222273
0.220433
0.21847
0.223261
0.228504
0.220481
0.22269
0.224346
0.220477
0.223776
0.229173
0.219912
0.222054
0.222797
0.215842
0.220479
0.227379
0.222494
0.220625
0.221368
0.220085
0.220997
0.228949
0.220573
0.219669
0.222126
0.215801
0.219942
0.229717
0.221573
0.221668
0.220315
0.216775
0.224832
0.228056
0.222267
0.221246
0.220667
0.216654
0.220353
0.229723
0.220256
0.21967
0.220326
0.218532
0.218962
0.223377
0.22274
0.21905
0.221093
0.219559
0.218502
0.244051
0.221277
0.218932
0.21947
0.220702
0.216881
0.230011
0.222092
0.21982
0.223884
0.218327
0.218857
0.226023
0.226999
0.21976
0.221553
0.217941
0.217942
0.227346
0.224997
0.222597
0.222605
0.219901
0.218739
0.227137
0.223248
0.223278
0.22183
0.217291
0.220717
0.227722
0.221467
0.220481
0.219849
0.219453
0.218397
0.224926
0.227658
0.222087
0.221717
0.22117
0.214219
0.223988
0.225366
0.220503
0.223524
0.217944
0.21587
0.221862
0.228352
0.220511
0.221794
0.221038
0.216815
0.222788
0.226497
0.220924
0.222195
0.218263
0.216267
0.219049
0.229698
0.220246
0.220223
0.220479
0.217565
0.218297
0.225168
0.221523
0.220896
0.22374
0.216101
0.218122
0.227601
0.224971
0.220668
0.219741
0.219676
0.219488
0.229529
0.222163
0.219409
0.219886
0.221409
0.21572
0.225872
0.228444
0.219952
0.222059
0.2218
0.218456
0.230673
0.219911
0.225049
0.238451
0.218303
0.2257
0.228851
0.226073
0.219988
0.219183
0.216605
0.220719
0.230483
0.221588
0.224731
0.223684
0.222214
0.225428
0.225492
0.222795
0.223684
0.220737
0.220416
0.230128
0.221625
0.223063
0.221736
0.21693
0.217921
0.229275
0.221839
0.223424
0.2198
0.219075
0.220689
0.226415
0.223987
0.221843
0.223769
0.218676
0.217745
0.227544
0.220305
0.219242
0.219085
0.224716
0.216653
0.228638
0.224802
0.21933
0.223263
0.221796
0.22074
0.227267
0.223509
0.219862
0.221098
0.21738
0.216628
0.230778
0.221829
0.220521
0.220661
0.220744
0.21588
0.232706
0.222106
0.221439
0.221585
0.220091
0.216446
0.227278
0.22787
0.220358
0.219717
0.219715
0.216628
0.225738
0.226165
0.219088
0.220607
0.221061
0.215935
0.219466
0.228144
0.220599
0.22177
0.218928
0.216251
0.221179
0.227165
0.221075
0.222224
0.218408
0.217017
0.216867
0.222251
0.22673
0.219378
0.222791
0.223365
0.2185
0.228353
0.223513
0.220878
0.22066
0.218376
0.21729
0.223309
0.226199
0.220469
0.219647
0.220611
0.217102
0.219689
0.226082
0.22121
0.221421
0.220318
0.215786
0.22065
0.229281
0.2225
0.221231
0.21975
0.219681
0.219939
0.233123
0.221663
0.220924
0.224351
0.217208
0.221627
0.227058
0.221182
0.224371
0.223447
0.219247
0.218039
0.229735
0.219739
0.222972
0.222553
0.216772
0.223049
0.22949
0.221298
0.220444
0.220765
0.217294
0.218129
0.234163
0.219893
0.220599
0.221762
0.216346
0.219028
0.228558
0.222202
0.222038
0.218982
0.217033
0.216719
0.233448
0.219668
0.221824
0.220486
0.221096
0.219165
0.224471
0.222972
0.22024
0.220448
0.220027
0.217841
0.226109
0.224679
0.221365
0.224303
0.220754
0.219273
0.234656
0.225239
0.220701
0.220944
0.218352
0.215537
0.230246
0.22265
0.221212
0.224085
0.217166
0.220238
0.22671
0.224477
0.223671
0.223812
0.221173
0.221708
0.228063
0.220157
0.221083
0.221582
0.217002
0.220238
0.227325
0.220949
0.222312
0.222852
0.217046
0.221655
0.238517
0.220994
0.219538
0.218516
0.220989
0.223808
0.227452
0.22383
0.223405
0.220907
0.219087
0.221242
0.230044
0.225909
0.222928
0.220037
0.228809
0.22571
0.221022
0.221824
0.221809
0.220355
0.219732
0.225313
0.224408
0.220847
0.223658
0.221456
0.22102
0.233504
0.223702
0.221411
0.222484
0.218606
0.221109
0.228602
0.222409
0.219196
0.220941
0.216137
0.221135
0.222468
0.22091
0.223818
0.222806
0.217829
0.216123
0.236347
0.2213
0.21937
0.222477
0.218933
0.219033
0.224885
0.22379
0.220535
0.221187
0.217808
0.215509
0.221867
0.226024
0.219706
0.219591
0.22075
0.228231
0.229809
0.222585
0.220001
0.219154
0.21984
0.21733
0.231186
0.226885
0.22025
0.220252
0.219764
0.217008
0.229984
0.223891
0.220385
0.220738
0.219953
0.21649
0.230918
0.223471
0.219138
0.221486
0.219332
0.203041
0.221483
0.222819
0.228899
0.221137
0.223634
0.218063
0.220647
0.2308
0.222994
0.221792
0.22142
0.215029
0.221022
0.224791
0.219497
0.217709
0.220236
0.219385
0.217457
0.232369
0.220922
0.219585
0.21757
0.21917
0.215656
0.218849
0.22651
0.219621
0.218164
0.220446
0.217285
0.220663
0.224433
0.222532
0.227381
0.219754
0.216927
0.219867
0.226802
0.22198
0.220133
0.221713
0.218725
0.216994
0.229845
0.220058
0.219826
0.220251
0.219003
0.218722
0.230323
0.223131
0.219723
0.220501
0.22052
0.215819
0.219814
0.226704
0.221945
0.220179
0.22439
0.21456
0.217
0.225263
0.223353
0.220006
0.220394
0.217964
0.2152
0.226137
0.223738
0.220507
0.2219
0.218597
0.219239
0.22174
0.226749
0.220277
0.22131
0.219067
0.217273
0.219835
0.227083
0.220334
0.220915
0.219565
0.21742
0.220384
0.228579
0.222008
0.221081
0.223236
0.216132
0.219809
0.224344
0.223246
0.220218
0.220687
0.216948
0.218173
0.217167
0.225886
0.217656
0.2226
0.221072
0.220005
0.230582
0.226633
0.220126
0.221115
0.220014
0.215429
0.223337
0.228469
0.220898
0.222465
0.221243
0.218574
0.234221
0.224273
0.220103
0.221571
0.218232
0.216817
0.226733
0.224583
0.219445
0.218805
0.218115
0.219814
0.229883
0.225676
0.224131
0.222734
0.215279
0.216105
0.219572
0.224674
0.22148
0.22001
0.224208
0.216965
0.219936
0.232585
0.219343
0.220713
0.221033
0.217108
0.221959
0.226458
0.220238
0.219371
0.221908
0.219717
0.220683
0.238447
0.22056
0.220925
0.224888
0.218439
0.226358
0.227461
0.223037
0.221967
0.218103
0.219315
0.231112
0.225281
0.220657
0.223051
0.218602
0.220852
0.238541
0.221744
0.220663
0.222059
0.217065
0.220202
0.236314
0.221197
0.221345
0.221831
0.218239
0.222416
0.231194
0.222158
0.22293
0.221916
0.218506
0.228821
0.226405
0.2195
0.223547
0.223298
0.217591
0.229015
0.22547
0.222891
0.220958
0.21653
0.217273
0.247772
0.220969
0.220796
0.22112
0.216411
0.220468
0.233837
0.220937
0.222594
0.222857
0.217015
0.220794
0.228943
0.220508
0.2209
0.223248
0.219487
0.217486
0.24358
0.221539
0.221571
0.220397
0.22089
0.231053
0.221665
0.222915
0.221597
0.215037
0.221445
0.241806
0.219105
0.220219
0.22101
0.215708
0.215845
0.223195
0.22485
0.21945
0.220501
0.222111
0.218798
0.227853
0.224926
0.22082
0.228179
0.218083
0.221983
0.221493
0.223709
0.220164
0.221997
0.219015
0.217876
0.228031
0.225337
0.221774
0.220792
0.21775
0.217059
0.222508
0.227806
0.220982
0.222095
0.223429
0.222103
0.223827
0.227765
0.222221
0.223183
0.221278
0.219534
0.228398
0.226103
0.220171
0.224791
0.219423
0.219696
0.22898
0.221613
0.221253
0.224087
0.218581
0.218498
0.227218
0.221375
0.219317
0.220009
0.218474
0.220246
0.245363
0.220869
0.22431
0.223666
0.219091
0.233455
0.227106
0.221282
0.221115
0.220147
0.217154
0.229445
0.220447
0.218874
0.222569
0.223582
0.215636
0.220113
0.22617
0.220378
0.219818
0.221998
0.219601
0.218924
0.235885
0.220995
0.22205
0.221341
0.219641
0.228056
0.228046
0.220362
0.221559
0.219594
0.216595
0.238655
0.219969
0.219477
0.219903
0.216898
0.218412
0.224042
0.228206
0.218505
0.222753
0.220509
0.217341
0.224619
0.224867
0.222451
0.221037
0.218857
0.21677
0.224525
0.226943
0.220188
0.220171
0.219121
0.217154
0.218523
0.237015
0.220648
0.222315
0.218695
0.219404
0.220958
0.226021
0.220142
0.219541
0.22269
0.219362
0.217158
0.227186
0.22222
0.218554
0.220191
0.218447
0.214157
0.227624
0.22358
0.222719
0.219493
0.218108
0.215316
0.222538
0.2286
0.219963
0.222197
0.218057
0.215677
0.220286
0.227799
0.219808
0.2184
0.220993
0.216299
0.217401
0.222261
0.222875
0.220212
0.223349
0.219329
0.215802
0.221914
0.229846
0.220976
0.220448
0.218803
0.217494
0.21712
0.226332
0.219998
0.218963
0.218915
0.216949
0.216726
0.225875
0.221739
0.221533
0.220935
0.219616
0.21457
0.240701
0.222331
0.220776
0.221473
0.218412
0.217407
0.233805
0.222097
0.22387
0.223021
0.218479
0.220699
0.227794
0.220836
0.221395
0.236896
0.242457
0.260054
0.263631
0.221282
0.236464
0.224025
0.225366
0.219152
0.216431
0.239952
0.238844
0.23811
0.242317
0.237859
0.268704
0.22319
0.252393
0.238821
0.22024
0.255441
0.21863
0.236799
0.228492
0.238702
0.245238
