0.00026083
1.84639
0.240193
0.229134
0.22322
0.223483
0.223138
0.22786
0.226348
0.221917
0.234226
0.21767
0.236387
0.243222
0.222729
0.236808
0.244923
0.247595
0.226368
0.219118
0.220418
0.231281
0.223648
0.226706
0.226052
0.217998
0.223943
0.230254
0.227918
0.223777
0.22617
0.226802
0.229866
0.232277
0.256717
0.252289
0.228769
0.225217
0.239687
0.223704
0.24353
0.233779
0.242186
0.215618
0.216653
0.232525
0.245328
0.225314
0.238648
0.27344
0.231116
0.220868
0.22114
0.221496
0.231477
0.220549
0.222132
0.222463
0.217844
0.222344
0.238834
0.220705
0.225288
0.221589
0.219929
0.238393
0.223244
0.224252
0.223819
0.221834
0.228618
0.235698
0.228146
0.225843
0.221623
0.22716
0.233711
0.224391
0.229294
0.223684
0.226059
0.234181
0.231443
0.223802
0.224781
0.225544
0.240991
0.22673
0.228353
0.226242
0.221503
0.233566
0.225452
0.224738
0.226579
0.222011
0.232055
0.228645
0.223196
0.224928
0.225701
0.237657
0.225449
0.226268
0.235746
0.220612
0.226625
0.226979
0.224282
0.227838
0.221788
0.224279
0.230708
0.225184
0.224258
0.225762
0.223698
0.239604
0.225344
0.225447
0.221049
0.2252
0.229867
0.22476
0.22219
0.223805
0.233764
0.225435
0.231077
0.222534
0.224768
0.225184
0.222987
0.23676
0.223902
0.224675
0.224019
0.223631
0.227699
0.22562
0.230451
0.222303
0.226457
0.224296
0.232552
0.22337
0.222168
0.22368
0.231794
0.232033
0.221265
0.22329
0.222236
0.220273
0.227738
0.226595
0.222886
0.223834
0.221318
0.222158
0.230645
0.225538
0.221327
0.222711
0.218968
0.223168
0.23368
0.228561
0.222627
0.22087
0.234215
0.231399
0.224383
0.219547
0.225694
0.218063
0.221376
0.229335
0.224276
0.223911
0.220589
0.217328
0.21985
0.229823
0.223454
0.219795
0.22293
0.221683
0.225999
0.227522
0.225952
0.221724
0.221461
0.228045
0.23159
0.221613
0.220661
0.220272
0.22168
0.221249
0.22808
0.220176
0.220576
0.220613
0.218833
0.218357
0.227919
0.222898
0.221317
0.219888
0.215815
0.225026
0.236258
0.221493
0.220736
0.23232
0.219754
0.232485
0.22537
0.222446
0.220694
0.221741
0.22378
0.233442
0.221243
0.219569
0.22323
0.216322
0.217527
0.227169
0.221758
0.219642
0.219162
0.218506
0.219789
0.232897
0.220554
0.223226
0.232086
0.215696
0.218897
0.227711
0.219903
0.222068
0.224382
0.219703
0.222828
0.232342
0.226959
0.223248
0.22213
0.219668
0.247714
0.224312
0.223835
0.223582
0.221574
0.228097
0.228631
0.22432
0.229447
0.221923
0.22079
0.22945
0.22088
0.221964
0.220772
0.218639
0.221007
0.229146
0.221991
0.220334
0.223223
0.219679
0.226339
0.226652
0.221214
0.222723
0.220468
0.22272
0.223646
0.225543
0.229734
0.219792
0.221053
0.220863
0.246029
0.220666
0.221451
0.222054
0.220887
0.220762
0.229829
0.221747
0.221829
0.223926
0.219944
0.235683
0.222381
0.222352
0.22065
0.217539
0.218855
0.229879
0.237417
0.224312
0.221806
0.219863
0.224028
0.230356
0.22056
0.220772
0.22319
0.216357
0.226423
0.227073
0.220477
0.220928
0.222298
0.220169
0.235451
0.224092
0.223421
0.221933
0.219065
0.219723
0.228116
0.232861
0.222562
0.222246
0.21755
0.221297
0.22834
0.221218
0.221133
0.222732
0.221005
0.22
0.228652
0.224056
0.223867
0.222594
0.223818
0.229265
0.223622
0.223004
0.221706
0.22199
0.223265
0.244456
0.229726
0.222234
0.223184
0.225196
0.232148
0.229275
0.222012
0.222278
0.224044
0.227945
0.224125
0.221947
0.222744
0.216774
0.221115
0.223794
0.227201
0.222881
0.227688
0.219707
0.217284
0.242988
0.224959
0.222981
0.224083
0.222747
0.239179
0.222597
0.221359
0.22049
0.223914
0.228226
0.229599
0.222794
0.226347
0.220227
0.220544
0.22933
0.222116
0.22518
0.22492
0.218493
0.227902
0.228693
0.239211
0.223979
0.221868
0.224123
0.232813
0.22327
0.221242
0.222155
0.217443
0.233941
0.22352
0.22012
0.224349
0.219674
0.221996
0.22685
0.221785
0.22146
0.22224
0.217075
0.221113
0.227919
0.234546
0.221403
0.222231
0.218861
0.21971
0.234205
0.220099
0.220745
0.22437
0.219619
0.223198
0.232173
0.219912
0.224034
0.220892
0.220521
0.224762
0.232467
0.221673
0.222268
0.219906
0.224318
0.24777
0.222512
0.220874
0.219906
0.222835
0.234184
0.222127
0.221825
0.2216
0.221661
0.219994
0.230712
0.222543
0.225798
0.222593
0.216769
0.219969
0.230187
0.223421
0.222437
0.224127
0.218417
0.223771
0.245338
0.223919
0.223801
0.219157
0.223801
0.227814
0.223833
0.222651
0.221404
0.218786
0.225332
0.230059
0.223427
0.225887
0.222938
0.21773
0.226559
0.225429
0.222394
0.221814
0.219287
0.222404
0.235776
0.221554
0.222309
0.223224
0.220024
0.220357
0.231793
0.221216
0.224231
0.221693
0.217153
0.221514
0.226476
0.222392
0.221643
0.222377
0.219263
0.224333
0.226503
0.222938
0.224992
0.224327
0.232383
0.228774
0.221112
0.225175
0.223957
0.217265
0.221904
0.233816
0.223476
0.22373
0.222252
0.22074
0.225262
0.215789
0.223426
0.220934
0.218875
0.220297
0.226002
0.223046
0.221089
0.221895
0.22513
0.226613
0.222656
0.224787
0.220292
0.225366
0.220019
0.218081
0.23344
0.221988
0.221862
0.222587
0.217242
0.220465
0.235172
0.223185
0.221824
0.222178
0.218292
0.219073
0.231864
0.221278
0.221437
0.228674
0.218292
0.225192
0.232801
0.221032
0.220693
0.220512
0.220022
0.227306
0.223815
0.22175
0.224035
0.219981
0.224805
0.230927
0.221998
0.220975
0.223334
0.218158
0.227394
0.235193
0.222822
0.229073
0.221996
0.218973
0.233531
0.22188
0.220985
0.223237
0.220123
0.22073
0.231235
0.222756
0.220779
0.223927
0.220976
0.221306
0.229975
0.220592
0.222173
0.223327
0.217607
0.222656
0.229221
0.222609
0.232822
0.217789
0.219613
0.226417
0.223219
0.222989
0.223683
0.219124
0.218026
0.229975
0.222709
0.221773
0.222125
0.222831
0.218253
0.229342
0.223585
0.220683
0.221704
0.220942
0.226287
0.228355
0.234516
0.22361
0.22226
0.226276
0.229203
0.228337
0.223788
0.226496
0.224739
0.232634
0.223177
0.222527
0.222565
0.219315
0.222328
0.230354
0.221371
0.221715
0.222531
0.218512
0.218662
0.224574
0.227131
0.232838
0.224001
0.219876
0.233197
0.225337
0.220103
0.22962
0.232839
0.238774
0.23465
0.232204
0.226067
0.233042
0.231862
0.235529
0.22953
0.231863
0.235486
0.228697
0.228133
0.230227
0.242996
0.239846
0.227038
0.229346
0.232141
0.237464
0.231335
0.220101
0.229359
0.241781
0.251068
0.229217
0.227611
0.22976
0.23032
0.226106
0.221783
0.221992
0.221865
0.219635
0.226228
0.221856
0.233874
0.223283
0.217625
0.221054
0.231334
0.224415
0.220673
0.225879
0.219276
0.221723
0.230192
0.219773
0.220394
0.220769
0.218412
0.224033
0.233038
0.221821
0.222799
0.224027
0.218008
0.229747
0.237333
0.223141
0.220966
0.217153
0.226722
0.227993
0.220838
0.219428
0.221669
0.21859
0.224262
0.236909
0.220938
0.221776
0.219566
0.217284
0.228783
0.227068
0.220716
0.222727
0.220899
0.218624
0.233959
0.232133
0.221163
0.220321
0.219558
0.220804
0.227947
0.220993
0.221768
0.222211
0.221683
0.223022
0.223212
0.221874
0.221682
0.221083
0.218543
0.218429
0.228818
0.223343
0.221801
0.222029
0.221936
0.236538
0.231458
0.221831
0.222337
0.219608
0.219194
0.228071
0.221958
0.222113
0.219841
0.217819
0.219412
0.226957
0.226359
0.224026
0.223126
0.21992
0.219731
0.227828
0.221937
0.222346
0.223218
0.222522
0.233975
0.227336
0.221508
0.224716
0.223348
0.217166
0.2294
0.224005
0.220989
0.220287
0.221227
0.217892
0.2244
0.22397
0.223038
0.222655
0.218681
0.217825
0.236254
0.221261
0.221617
0.221862
0.232571
0.224902
0.227207
0.220581
0.222725
0.221667
0.217955
0.221134
0.228023
0.22037
0.2362
0.217783
0.219102
0.224974
0.223526
0.220144
0.227843
0.221698
0.223683
0.228098
0.220961
0.222245
0.233601
0.219886
0.224515
0.227897
0.220338
0.222266
0.222132
0.216234
0.221336
0.228873
0.220684
0.222428
0.220888
0.217978
0.22635
0.227377
0.221287
0.223423
0.219396
0.226653
0.243289
0.242192
0.250252
0.222145
0.261743
0.291925
0.292752
0.295796
0.297393
0.227433
0.259697
0.259946
0.262371
0.258904
0.235034
0.222791
0.243894
0.248551
0.223201
0.224218
0.220362
0.235282
0.234027
0.244526
0.223291
0.235356
0.226062
0.231719
0.223539
0.22452
0.220743
0.222054
0.229809
0.227251
0.221167
0.22175
0.223165
0.221478
0.226717
0.225863
0.222106
0.223199
0.217197
0.222434
0.231239
0.220346
0.220494
0.223447
0.2298
0.246644
0.225303
0.220932
0.222888
0.21774
0.224047
0.231142
0.223156
0.226836
0.218874
0.219192
0.232297
0.225948
0.225133
0.220834
0.242528
0.242602
0.240931
0.23548
0.249065
0.234502
0.227701
0.24967
0.236579
0.235531
0.234327
0.247604
0.252861
0.22826
0.222624
0.225789
0.218476
0.220091
0.236569
0.248482
0.224285
0.261125
