0.239049
0.224734
0.215496
0.225076
0.215228
0.229089
0.257320
0.249837
0.233880
0.237651
0.237958
0.246471
0.227317
0.224780
0.231449
0.231069
0.226874
0.223808
0.224196
0.227783
0.246832
0.233388
0.224172
0.230133
0.228569
0.227380
0.224790
0.226116
0.241761
0.225709
0.228346
0.243034
0.252781
0.237850
0.245741
0.228586
0.225511
0.225825
0.229666
0.235267
0.228093
0.252551
0.253372
0.259927
0.228385
0.233999
0.223863
0.226399
0.228922
0.228539
0.228734
0.239238
0.222203
0.235933
0.238719
0.287552
0.226012
0.228904
0.240356
0.225447
0.224930
0.243435
0.284396
0.241651
0.224543
0.224131
0.231558
0.227624
0.224145
0.280056
0.239272
0.255079
0.260649
0.247120
0.226265
0.229720
0.228978
0.233639
0.234885
0.232911
0.233594
0.226311
0.224860
0.236822
0.234271
0.240017
0.231931
0.228813
0.229826
0.230970
0.234576
0.243519
0.266131
0.288803
0.225825
0.228377
0.224941
0.225190
0.229802
0.225432
0.224233
0.227168
0.225053
0.228990
0.230573
0.240828
0.226554
0.225083
0.228100
0.236225
0.225988
0.229788
0.227775
0.229298
0.237241
0.226649
0.227139
0.223983
0.234280
0.231146
0.225979
0.225445
0.226893
0.227530
0.230013
0.224993
0.235482
0.229823
0.224838
0.224510
0.227742
0.230313
0.226736
0.225344
0.224818
0.226360
0.227660
0.245459
0.225302
0.231061
0.228761
0.223288
0.223499
0.225191
0.226810
0.223949
0.225530
0.223324
0.232126
0.231389
0.225344
0.224696
0.225707
0.226542
0.225998
0.225162
0.223598
0.226648
0.226694
0.225108
0.225174
0.230067
0.226399
0.225820
0.224724
0.227857
0.222086
0.222007
0.221878
0.225939
0.235223
0.233073
0.222413
0.223133
0.225190
0.227939
0.224821
0.225516
0.223420
0.223943
0.227010
0.225967
0.224173
0.226204
0.228625
0.225001
0.226011
0.241315
0.226657
0.224746
0.224728
0.228481
0.232831
0.229883
0.227677
0.228090
0.225874
0.227639
0.225277
0.223245
0.223976
0.228111
0.226815
0.223489
0.224415
0.225677
0.226025
0.226466
0.235858
0.224531
0.227452
0.224171
0.223626
0.231113
0.229955
0.232286
0.224453
0.225780
0.221572
0.224427
0.225304
0.225442
0.240299
0.230263
0.223880
0.224358
0.224761
0.228132
0.236256
0.222029
0.223572
0.224619
0.226197
0.223546
0.225836
0.223522
0.226403
0.238038
0.226332
0.224056
0.227326
0.223612
0.226505
0.225874
0.230978
0.229696
0.225216
0.225062
0.228144
0.230819
0.228837
0.224661
0.226897
0.226556
0.225530
0.236104
0.226564
0.226561
0.227619
0.243793
0.224730
0.227370
0.225503
0.225019
0.224994
0.222945
0.222179
0.231045
0.226176
0.226028
0.223509
0.225313
0.226556
0.224461
0.231311
0.225019
0.225304
0.222452
0.224246
0.225811
0.227233
0.235773
0.225913
0.224237
0.224686
0.230095
0.224669
0.222586
0.225012
0.227894
0.225242
0.225060
0.223303
0.226039
0.223744
0.223991
0.227217
0.223262
0.228244
0.220022
0.225694
0.224309
0.226399
0.236098
0.224949
0.220903
0.225577
0.226700
0.225391
0.226492
0.224909
0.227131
0.224961
0.224426
0.224747
0.223009
0.227714
0.225611
0.224343
0.225146
0.223931
0.226247
0.226768
0.223369
0.224850
0.236795
0.230831
0.224624
0.227387
0.225867
0.228873
0.234572
0.222307
0.226954
0.223823
0.224398
0.225101
0.224022
0.231182
0.226525
0.224364
0.226585
0.227579
0.225999
0.227543
0.236888
0.225848
0.245393
0.227499
0.225911
0.223046
0.228236
0.223569
0.226310
0.225045
0.228853
0.223843
0.224408
0.226385
0.225159
0.224509
0.223840
0.240881
0.225740
0.230866
0.225475
0.224701
0.224568
0.225551
0.242839
0.227498
0.225707
0.225946
0.236581
0.229035
0.223150
0.224820
0.227711
0.225316
0.222502
0.216576
0.225426
0.223892
0.223039
0.224995
0.227806
0.227583
0.226936
0.222966
0.224846
0.224141
0.230964
0.231518
0.226774
0.224744
0.237833
0.226244
0.225479
0.223902
0.229796
0.224691
0.225435
0.222876
0.224319
0.226158
0.224513
0.225054
0.228994
0.225853
0.223662
0.225526
0.240242
0.228257
0.236295
0.228466
0.225140
0.226137
0.227620
0.224026
0.223723
0.225448
0.226029
0.225632
0.223180
0.226223
0.224079
0.209381
0.228402
0.239058
0.224410
0.229782
0.228144
0.225318
0.217505
0.230022
0.240476
0.225565
0.227694
0.226977
0.223146
0.221789
0.224193
0.226625
0.229358
0.224580
0.225332
0.226586
0.225506
0.227850
0.220831
0.224155
0.229432
0.224213
0.224574
0.229556
0.223330
0.225812
0.237094
0.230045
0.223605
0.225864
0.223776
0.224456
0.225898
0.224823
0.223544
0.244649
0.225966
0.225292
0.234786
0.225656
0.225243
0.224173
0.227224
0.229433
0.225604
0.223968
0.226606
0.226594
0.244431
0.228215
0.224017
0.226655
0.224635
0.226122
0.224250
0.223693
0.225481
0.223012
0.224450
0.226267
0.224858
0.232867
0.225645
0.232684
0.224278
0.226168
0.224249
0.223972
0.224695
0.229229
0.235245
0.236671
0.226051
0.228341
0.240367
0.224445
0.223634
0.226924
0.230112
0.225064
0.224430
0.223190
0.224367
0.229872
0.235967
0.227384
0.225303
0.226563
0.223955
0.224089
0.226455
0.225050
0.242185
0.229660
0.225127
0.228237
0.225058
0.228666
0.226335
0.224368
0.227915
0.225268
0.224991
0.223314
0.219446
0.227836
0.223128
0.227093
0.225200
0.229851
0.223817
0.223450
0.228597
0.227393
0.233980
0.232756
0.222636
0.226103
0.225087
0.224799
0.225377
0.226519
0.222653
0.223671
0.226961
0.224017
0.226714
0.227655
0.229653
0.226348
0.230522
0.229336
0.222884
0.223626
0.225054
0.224465
0.229870
0.231426
0.225793
0.226050
0.228684
0.224048
0.224380
0.224501
0.225416
0.224891
0.224290
0.225308
0.226522
0.229399
0.224797
0.226348
0.223777
0.244881
0.225252
0.224624
0.226809
0.228161
0.252793
0.230845
0.224057
0.221401
0.226836
0.225444
0.223098
0.225597
0.225592
0.224976
0.218162
0.225531
0.225512
0.225697
0.229222
0.223865
0.223852
0.227099
0.226572
0.224132
0.226024
0.230108
0.223608
0.228062
0.227450
0.226980
0.227386
0.225640
0.226181
0.225455
0.225754
0.226804
0.223745
0.226043
0.227829
0.228212
0.224532
0.223488
0.225449
0.228997
0.225940
0.225178
0.226259
0.226848
0.229237
0.232472
0.226579
0.226178
0.225874
0.227105
0.225618
0.225413
0.223694
0.229084
0.224098
0.226515
0.228062
0.227232
0.223196
0.225826
0.225856
0.223828
0.229913
0.225135
0.224847
0.226286
0.225180
0.230527
0.222910
0.227976
0.226096
0.225303
0.226415
0.227563
0.224696
0.224728
0.226453
0.224006
0.224695
0.226428
0.225489
0.225382
0.226167
0.226029
0.226208
0.223159
0.225374
0.227998
0.228878
0.233495
0.223747
0.225223
0.224684
0.223051
0.223882
0.225774
0.224338
0.226253
0.225886
0.225846
0.227116
0.225840
0.226218
0.224487
0.223343
0.227174
0.212825
0.227761
0.223792
0.225814
0.237227
0.235791
0.223937
0.226253
0.226684
0.225383
0.227759
0.224584
0.226222
0.229543
0.224927
0.224595
0.223771
0.227457
0.224749
0.205476
0.226117
0.232976
0.225408
0.224197
0.226980
0.226888
0.223336
0.233529
0.225214
0.223360
0.225789
0.226657
0.224134
0.225487
0.224946
0.227303
0.225238
0.224210
0.224855
0.226276
0.223942
0.226842
0.235528
0.223591
0.229280
0.224334
0.223729
0.226344
0.226189
0.234903
0.225458
0.226643
0.225537
0.224016
0.227955
0.225765
0.225971
0.226062
0.223499
0.224127
0.225115
0.223758
0.225114
0.230037
0.224625
0.225428
0.228132
0.225412
0.224590
0.228629
0.225725
0.228800
0.227248
0.226859
0.224666
0.225929
0.226402
0.225973
0.224427
0.227658
0.222545
0.223167
0.223473
0.225749
0.231270
0.225416
0.224256
0.224086
0.227962
0.227198
0.224713
0.225834
0.225459
0.235166
0.239144
0.225245
0.224512
0.229858
0.222092
0.223847
0.230524
0.225134
0.225189
0.225109
0.225354
0.237422
0.231003
0.224517
0.225754
0.223350
0.224619
0.224937
0.224293
0.225242
0.226162
0.230958
0.229670
0.228677
0.224708
0.223947
0.223918
0.227351
0.225452
0.229534
0.227369
0.225762
0.225934
0.232019
0.225961
0.224354
0.227346
0.223506
0.229979
0.223099
0.224289
0.225059
0.227444
0.232462
0.232001
0.223929
0.225536
0.227997
0.223783
0.224455
0.223310
0.225645
0.225506
0.226035
0.222502
0.223636
0.224134
0.225907
0.225235
0.227838
0.228107
0.224809
0.223474
0.223265
0.235532
0.239686
0.229378
0.223563
0.226756
0.225133
0.223405
0.226588
0.224854
0.230128
0.226010
0.224901
0.223174
0.225210
0.225831
0.225838
0.224447
0.226694
0.224449
0.225111
0.222628
0.227808
0.230644
0.242287
0.240741
0.226271
0.225903
0.226858
0.222642
0.226429
0.226445
0.230347
0.223936
0.223285
0.226421
0.223197
0.227614
0.227406
0.223723
0.222001
0.229108
0.224697
0.224895
0.224992
0.225606
0.247506
0.231320
0.223977
0.224276
0.224624
0.225016
0.225482
0.224524
0.229155
0.225182
0.227891
0.227591
0.229168
0.222208
0.225638
0.222250
0.225829
0.227505
0.223979
0.226144
0.225228
0.224372
0.231514
0.243577
0.225186
0.224608
0.228133
0.225633
0.224230
0.227616
0.228007
0.230228
0.226096
0.225852
0.225103
0.225339
0.223892
0.227665
0.227347
0.228160
0.223381
0.223185
0.224316
0.227772
0.228814
0.237707
0.223831
0.227258
0.226569
0.225541
0.222678
0.224408
0.225513
0.224443
0.225256
0.223672
0.223153
0.225668
0.224017
0.224894
0.228173
0.225396
0.227129
0.225120
0.227269
0.230908
0.228425
0.232419
0.225419
0.223678
0.226743
0.224697
0.224575
0.226015
0.228408
0.225483
0.225503
0.226445
0.225689
0.227128
0.227359
0.225310
0.241634
0.268175
0.257072
0.242109
0.229881
0.237670
0.286558
0.244926
0.245863
0.245127
0.235170
0.246254
0.227531
0.234881
0.266094
0.235976
0.236587
0.230597
0.262763
0.256123
0.278809
0.241793
0.227351
0.265396
0.236896
0.295826
