0.000348091
1.84144
0.227987
0.19658
0.223646
0.196963
0.233107
0.237943
0.248948
0.212752
0.213879
0.215499
0.214557
0.232854
0.212812
0.216328
0.21661
0.258231
0.271603
0.224215
0.21399
0.220805
0.217949
0.21333
0.212547
0.216371
0.212511
0.216398
0.212146
0.21308
0.215978
0.21191
0.214041
0.216388
0.212822
0.212656
0.215015
0.216165
0.216941
0.215993
0.21398
0.21498
0.213138
0.212483
0.214409
0.212221
0.216108
0.216056
0.212707
0.212945
0.211592
0.214385
0.215785
0.216202
0.213677
0.21732
0.215121
0.217971
0.218258
0.217435
0.213107
0.217294
0.215187
0.213302
0.213717
0.213995
0.214556
0.215385
0.211155
0.218386
0.212773
0.212427
0.214674
0.21152
0.211786
0.213128
0.21186
0.212842
0.214283
0.213491
0.211366
0.212941
0.211362
0.213831
0.21067
0.211297
0.214393
0.212899
0.212447
0.211302
0.212485
0.21315
0.213775
0.212173
0.213427
0.213637
0.212118
0.212212
0.210103
0.211364
0.211042
0.214208
0.21258
0.21055
0.213132
0.212147
0.21176
0.211733
0.215146
0.211983
0.213057
0.210974
0.210154
0.212728
0.214031
0.212444
0.215143
0.210647
0.211459
0.212278
0.213273
0.211902
0.211343
0.211759
0.211149
0.214004
0.214491
0.211272
0.213163
0.211514
0.212239
0.211444
0.215808
0.211104
0.2124
0.212497
0.211676
0.211864
0.213313
0.211285
0.214913
0.211826
0.213173
0.214182
0.210626
0.215957
0.212971
0.211006
0.211238
0.210721
0.21158
0.213498
0.213257
0.212238
0.209355
0.210499
0.228914
0.21167
0.2126
0.212891
0.213678
0.213566
0.21488
0.216132
0.214227
0.211749
0.21332
0.21634
0.214442
0.213425
0.214921
0.213181
0.215372
0.21703
0.214337
0.215012
0.214288
0.2146
0.212286
0.21511
0.215279
0.212593
0.212027
0.212647
0.214253
0.212637
0.212753
0.215075
0.21354
0.215261
0.212279
0.213705
0.214004
0.212863
0.211779
0.212899
0.225826
0.211433
0.214302
0.211891
0.212637
0.21869
0.21442
0.217512
0.212088
0.212271
0.212084
0.213565
0.213719
0.212276
0.214385
0.212673
0.21335
0.214051
0.213231
0.213155
0.214419
0.214296
0.21255
0.213128
0.216388
0.211874
0.211454
0.213029
0.21328
0.213746
0.214133
0.212919
0.21736
0.212275
0.212512
0.2149
0.213051
0.211652
0.212931
0.215429
0.212723
0.216127
0.214634
0.21287
0.21271
0.21401
0.213947
0.212336
0.214802
0.213943
0.213415
0.213345
0.212844
0.212461
0.214884
0.213837
0.213413
0.211861
0.213308
0.213196
0.214729
0.213786
0.21445
0.217373
0.214418
0.216715
0.211791
0.212089
0.212315
0.211752
0.214137
0.210119
0.213132
0.211879
0.213787
0.214746
0.214788
0.214301
0.213521
0.212702
0.216001
0.214716
0.21201
0.212596
0.213916
0.213812
0.212551
0.214411
0.212733
0.213404
0.213873
0.212323
0.211346
0.212933
0.212397
0.214465
0.212309
0.211244
0.213142
0.212986
0.212562
0.212175
0.214694
0.21565
0.211871
0.217337
0.214417
0.216499
0.21244
0.211012
0.214955
0.215567
0.211882
0.215606
0.212477
0.215924
0.213765
0.212527
0.212689
0.217917
0.213453
0.213549
0.214394
0.214634
0.213582
0.216033
0.216591
0.215523
0.215916
0.212261
0.215855
0.214747
0.21206
0.212973
0.215
0.215469
0.216969
0.219181
0.216122
0.211953
0.212195
0.212749
0.214617
0.211641
0.215792
0.214132
0.211181
0.219684
0.212719
0.213018
0.212802
0.211919
0.215841
0.214268
0.212926
0.218135
0.214404
0.211508
0.21197
0.215839
0.21617
0.215013
0.212744
0.213495
0.211639
0.213793
0.214205
0.21353
0.21294
0.213419
0.214944
0.21581
0.214192
0.211983
0.212916
0.214338
0.212973
0.215345
0.21249
0.21819
0.212717
0.212261
0.211054
0.211807
0.213341
0.213467
0.213142
0.21303
0.214584
0.21454
0.213205
0.21302
0.213707
0.21428
0.212414
0.215612
0.213984
0.212692
0.211185
0.21755
0.213188
0.212651
0.213494
0.21284
0.214765
0.212926
0.213288
0.212295
0.212009
0.213709
0.214174
0.215206
0.212013
0.212327
0.213275
0.214865
0.214098
0.212778
0.212294
0.212073
0.213146
0.213857
0.212844
0.212125
0.214514
0.217064
0.214864
0.213325
0.214275
0.216356
0.216116
0.21393
0.212122
0.211916
0.212979
0.215914
0.214213
0.213946
0.212104
0.213612
0.21342
0.213781
0.212281
0.213005
0.211724
0.224349
0.212589
0.211319
0.211592
0.212962
0.215747
0.213362
0.216341
0.213739
0.217299
0.214988
0.214496
0.212783
0.217872
0.213293
0.216611
0.212959
0.214182
0.212773
0.213623
0.214024
0.214032
0.213797
0.214023
0.21455
0.214071
0.21468
0.214321
0.214684
0.214067
0.215187
0.216092
0.215021
0.213905
0.214348
0.213703
0.214783
0.215139
0.213938
0.213779
0.214217
0.214761
0.21382
0.212524
0.215974
0.212994
0.213158
0.212165
0.211583
0.215281
0.212188
0.21213
0.212854
0.214151
0.21139
0.2173
0.213152
0.213014
0.212198
0.212711
0.213277
0.214359
0.21235
0.212094
0.212783
0.215896
0.214355
0.213015
0.216183
0.212951
0.215045
0.216402
0.212242
0.216044
0.213873
0.211622
0.21297
0.215618
0.212769
0.212853
0.211962
0.214124
0.211881
0.211167
0.215905
0.213641
0.213301
0.212958
0.212503
0.212684
0.211836
0.210567
0.215346
0.211482
0.213106
0.215975
0.214013
0.214074
0.215624
0.213476
0.214427
0.213146
0.214028
0.213243
0.213853
0.211807
0.214389
0.214739
0.212112
0.212294
0.215267
0.216089
0.215904
0.212811
0.212759
0.214123
0.215855
0.214831
0.214644
0.212513
0.214337
0.213748
0.213879
0.213219
0.213504
0.212806
0.21347
0.213581
0.214782
0.213521
0.226147
0.213239
0.214997
0.213089
0.215782
0.213454
0.213163
0.216537
0.215329
0.214565
0.21333
0.214501
0.212091
0.21618
0.21646
0.215669
0.21476
0.212949
0.213343
0.214556
0.213352
0.213989
0.213753
0.213437
0.21432
0.213319
0.212665
0.216015
0.212377
0.214431
0.218183
0.215729
0.217086
0.214306
0.213977
0.213783
0.214423
0.217968
0.215038
0.214681
0.214044
0.214067
0.213598
0.214472
0.212662
0.214947
0.213084
0.215688
0.214533
0.21516
0.21422
0.213743
0.212432
0.216545
0.216203
0.216926
0.212258
0.21421
0.216157
0.214858
0.215682
0.217895
0.215097
0.214416
0.216677
0.212542
0.214236
0.213082
0.215446
0.21387
0.213313
0.222666
0.213649
0.213553
0.212631
0.214289
0.213881
0.213947
0.213449
0.214495
0.213332
0.212911
0.213338
0.214882
0.216981
0.214942
0.218776
0.213875
0.21536
0.214724
0.21746
0.21524
0.233588
0.227729
0.233194
0.212775
0.213
0.211631
0.211979
0.215325
0.21556
0.21217
0.24157
0.213543
0.214779
0.215659
0.213848
0.216654
0.21214
0.212233
0.214522
0.215891
0.212212
0.216065
0.212528
0.225678
0.217783
0.212909
0.214563
0.212051
0.212785
0.217367
0.214473
0.2162
0.217181
0.213264
0.212374
0.216506
0.213465
0.212679
0.218003
0.211912
0.217075
0.212611
0.212661
0.216488
0.211092
0.213054
0.213645
0.212683
0.212114
0.213537
0.213811
0.212476
0.214827
0.213231
0.214981
0.215183
0.212691
0.216801
0.215062
0.212588
0.215001
0.211657
0.212934
0.21765
0.214515
0.215116
0.225198
0.220129
0.245519
0.269451
0.219191
0.211293
0.215444
0.211258
0.216327
0.211865
0.211212
0.215674
0.211501
0.213753
0.215362
0.212342
0.212555
0.217308
0.21196
0.227636
0.23412
0.228798
0.243335
0.22424
0.230321
0.230737
0.215632
0.254567
0.214674
0.242478
0.242153
0.237911
0.224328
0.232671
