 4701 root      20   0  626308 110052  65252 S  13.6  0.3   0:04.72 usb_cam_node
 4701 root      20   0  626308 110052  65252 S   8.4  0.3   0:04.81 usb_cam_node
 4701 root      20   0  626308 110052  65252 S   9.4  0.3   0:04.91 usb_cam_node
 4701 root      20   0  626308 110052  65252 S  11.1  0.3   0:05.03 usb_cam_node
 4701 root      20   0  626308 110052  65252 S  10.3  0.3   0:05.14 usb_cam_node
 4701 root      20   0  626308 110052  65252 S   8.4  0.3   0:05.23 usb_cam_node
 4701 root      20   0  626308 110052  65252 S  10.0  0.3   0:05.35 usb_cam_node
 4701 root      20   0  626308 110052  65252 S   8.4  0.3   0:05.44 usb_cam_node
 4701 root      20   0  626308 110052  65252 S   9.2  0.3   0:05.54 usb_cam_node
 4701 root      20   0  626308 110052  65252 R   8.4  0.3   0:05.63 usb_cam_node
 4701 root      20   0  626308 110052  65252 S   9.3  0.3   0:05.73 usb_cam_node
 4701 root      20   0  626308 110052  65252 S  11.1  0.3   0:05.85 usb_cam_node
 4701 root      20   0  626308 110052  65252 S   8.4  0.3   0:05.94 usb_cam_node
 4701 root      20   0  626308 110052  65252 S   8.5  0.3   0:06.03 usb_cam_node
 4701 root      20   0  626308 110052  65252 S  10.3  0.3   0:06.14 usb_cam_node
 4701 root      20   0  626308 110052  65252 S   8.3  0.3   0:06.23 usb_cam_node
 4701 root      20   0  626308 110052  65252 S  11.3  0.3   0:06.35 usb_cam_node
 4701 root      20   0  626308 110052  65252 S   9.3  0.3   0:06.45 usb_cam_node
 4701 root      20   0  626308 110052  65252 S   8.3  0.3   0:06.54 usb_cam_node
 4701 root      20   0  626308 110052  65252 S  10.3  0.3   0:06.65 usb_cam_node
 4701 root      20   0  626308 110052  65252 S   7.5  0.3   0:06.73 usb_cam_node
 4701 root      20   0  626308 110052  65252 S  10.3  0.3   0:06.84 usb_cam_node
 4701 root      20   0  626308 110052  65252 S  10.3  0.3   0:06.95 usb_cam_node
 4701 root      20   0  626308 110052  65252 S   7.5  0.3   0:07.03 usb_cam_node
 4701 root      20   0  626308 110052  65252 S   9.4  0.3   0:07.13 usb_cam_node
 4701 root      20   0  626308 110052  65252 S   9.3  0.3   0:07.23 usb_cam_node
 4701 root      20   0  626308 110052  65252 S   9.3  0.3   0:07.33 usb_cam_node
 4701 root      20   0  626308 110052  65252 S  10.4  0.3   0:07.44 usb_cam_node
 4701 root      20   0  626308 110052  65252 S   7.5  0.3   0:07.52 usb_cam_node
 4701 root      20   0  626308 110052  65252 S   9.2  0.3   0:07.62 usb_cam_node
 4701 root      20   0  626308 110052  65252 S  11.3  0.3   0:07.74 usb_cam_node
 4701 root      20   0  626308 110052  65252 S   7.5  0.3   0:07.82 usb_cam_node
 4701 root      20   0  626308 110052  65252 S   8.3  0.3   0:07.91 usb_cam_node
 4701 root      20   0  626308 110052  65252 S  10.3  0.3   0:08.02 usb_cam_node
 4701 root      20   0  626308 110052  65252 S   9.3  0.3   0:08.12 usb_cam_node
 4701 root      20   0  626308 110052  65252 S  10.2  0.3   0:08.23 usb_cam_node
 4701 root      20   0  626308 110052  65252 S   8.4  0.3   0:08.32 usb_cam_node
 4701 root      20   0  626308 110052  65252 S  12.1  0.3   0:08.45 usb_cam_node
 4701 root      20   0  626308 110052  65252 R   8.5  0.3   0:08.54 usb_cam_node
 4701 root      20   0  626308 110052  65252 S   9.3  0.3   0:08.64 usb_cam_node
 4701 root      20   0  626308 110052  65252 S   9.3  0.3   0:08.74 usb_cam_node
 4701 root      20   0  626308 110052  65252 R   8.5  0.3   0:08.83 usb_cam_node
 4701 root      20   0  626308 110052  65252 S   9.3  0.3   0:08.93 usb_cam_node
 4701 root      20   0  626308 110052  65252 S  10.3  0.3   0:09.04 usb_cam_node
 4701 root      20   0  626308 110052  65252 S   8.4  0.3   0:09.13 usb_cam_node
 4701 root      20   0  626308 110052  65252 S   8.3  0.3   0:09.22 usb_cam_node
 4701 root      20   0  626308 110052  65252 S  11.0  0.3   0:09.34 usb_cam_node
 4701 root      20   0  626308 110052  65252 S   8.3  0.3   0:09.43 usb_cam_node
 4701 root      20   0  626308 110052  65252 S  11.1  0.3   0:09.55 usb_cam_node
 4701 root      20   0  626308 110052  65252 S   9.3  0.3   0:09.65 usb_cam_node
 4701 root      20   0  626308 110052  65252 S   8.3  0.3   0:09.74 usb_cam_node
 4701 root      20   0  626308 110052  65252 S  11.3  0.3   0:09.86 usb_cam_node
 4701 root      20   0  626308 110052  65252 S  10.3  0.3   0:09.97 usb_cam_node
 4701 root      20   0  626308 110052  65252 S   8.4  0.3   0:10.06 usb_cam_node
 4701 root      20   0  626308 110052  65252 S   9.3  0.3   0:10.16 usb_cam_node
 4701 root      20   0  626308 110052  65252 S   8.4  0.3   0:10.25 usb_cam_node
 4701 root      20   0  626308 110052  65252 S  10.3  0.3   0:10.36 usb_cam_node
 4701 root      20   0  626308 110052  65252 S   9.4  0.3   0:10.46 usb_cam_node
 4701 root      20   0  626308 110052  65252 S   7.3  0.3   0:10.54 usb_cam_node
 4701 root      20   0  626308 110052  65252 S   8.4  0.3   0:10.63 usb_cam_node
 4701 root      20   0  626308 110052  65252 S  10.3  0.3   0:10.74 usb_cam_node
 4701 root      20   0  626308 110052  65252 S   7.5  0.3   0:10.82 usb_cam_node
 4701 root      20   0  626308 110052  65252 S  10.3  0.3   0:10.93 usb_cam_node
 4701 root      20   0  626308 110052  65252 S   6.5  0.3   0:11.00 usb_cam_node
 4701 root      20   0  626308 110052  65252 S   9.4  0.3   0:11.10 usb_cam_node
 4701 root      20   0  626308 110052  65252 S   9.3  0.3   0:11.20 usb_cam_node
 4701 root      20   0  626308 110052  65252 S   7.5  0.3   0:11.28 usb_cam_node
 4701 root      20   0  626308 110052  65252 S   9.3  0.3   0:11.38 usb_cam_node
 4701 root      20   0  626308 110052  65252 R   9.3  0.3   0:11.48 usb_cam_node
 4701 root      20   0  626308 110052  65252 S   8.4  0.3   0:11.57 usb_cam_node
 4701 root      20   0  626308 110052  65252 S  11.2  0.3   0:11.69 usb_cam_node
 4701 root      20   0  626308 110052  65252 S   6.5  0.3   0:11.76 usb_cam_node
 4701 root      20   0  626308 110052  65252 S  10.3  0.3   0:11.87 usb_cam_node
 4701 root      20   0  626308 110052  65252 R   8.5  0.3   0:11.96 usb_cam_node
 4701 root      20   0  626308 110052  65252 S   8.4  0.3   0:12.05 usb_cam_node
 4701 root      20   0  626308 110052  65252 S  10.3  0.3   0:12.16 usb_cam_node
 4701 root      20   0  626308 110052  65252 S   9.0  0.3   0:12.26 usb_cam_node
 4701 root      20   0  626308 110052  65252 S   9.3  0.3   0:12.36 usb_cam_node
 4701 root      20   0  626308 110052  65252 S   9.3  0.3   0:12.46 usb_cam_node
 4701 root      20   0  626308 110052  65252 S   7.5  0.3   0:12.54 usb_cam_node
 4701 root      20   0  626308 110052  65252 S  10.3  0.3   0:12.65 usb_cam_node
 4701 root      20   0  626308 110052  65252 R   9.3  0.3   0:12.75 usb_cam_node
 4701 root      20   0  626308 110052  65252 S   8.4  0.3   0:12.84 usb_cam_node
 4701 root      20   0  626308 110052  65252 S   9.2  0.3   0:12.94 usb_cam_node
 4701 root      20   0  626308 110052  65252 S   9.3  0.3   0:13.04 usb_cam_node
 4701 root      20   0  626308 110052  65252 S   8.5  0.3   0:13.13 usb_cam_node
 4701 root      20   0  626308 110052  65252 S  10.3  0.3   0:13.24 usb_cam_node
 4701 root      20   0  626308 110052  65252 S   7.5  0.3   0:13.32 usb_cam_node
 4701 root      20   0  626308 110052  65252 S   9.3  0.3   0:13.42 usb_cam_node
 4701 root      20   0  626308 110052  65252 S  10.4  0.3   0:13.53 usb_cam_node
 4701 root      20   0  626308 110052  65252 R   8.0  0.3   0:13.62 usb_cam_node
 4701 root      20   0  626308 110052  65252 S  10.2  0.3   0:13.73 usb_cam_node
 4701 root      20   0  626308 110052  65252 S  10.3  0.3   0:13.84 usb_cam_node
 4701 root      20   0  626308 110052  65252 S  10.3  0.3   0:13.95 usb_cam_node
 4701 root      20   0  626308 110052  65252 S   9.3  0.3   0:14.05 usb_cam_node
 4701 root      20   0  626308 110052  65252 S  10.3  0.3   0:14.16 usb_cam_node
 4701 root      20   0  626308 110052  65252 S   7.5  0.3   0:14.24 usb_cam_node
 4701 root      20   0  626308 110052  65252 S   9.3  0.3   0:14.34 usb_cam_node
 4701 root      20   0  626308 110052  65252 S   7.5  0.3   0:14.42 usb_cam_node
 4701 root      20   0  626308 110052  65252 S   9.3  0.3   0:14.52 usb_cam_node
