 4737 root      20   0 34.447g 1.008g 159344 S  63.6  3.2   0:21.11 darknet_ros
 4737 root      20   0 34.447g 1.008g 159348 S  52.3  3.2   0:21.67 darknet_ros
 4737 root      20   0 34.447g 1.008g 159356 S  62.6  3.2   0:22.34 darknet_ros
 4737 root      20   0 34.447g 1.008g 159360 S  53.8  3.2   0:22.91 darknet_ros
 4737 root      20   0 34.447g 1.008g 159368 S  60.6  3.2   0:23.57 darknet_ros
 4737 root      20   0 34.447g 1.008g 159372 S  63.2  3.2   0:24.24 darknet_ros
 4737 root      20   0 34.447g 1.008g 159384 S  51.9  3.2   0:24.80 darknet_ros
 4737 root      20   0 34.441g 1.003g 159388 S  62.6  3.2   0:25.47 darknet_ros
 4737 root      20   0 34.459g 1.020g 159392 S  52.8  3.3   0:26.04 darknet_ros
 4737 root      20   0 34.470g 1.032g 159404 S  58.5  3.3   0:26.66 darknet_ros
 4737 root      20   0 34.470g 1.032g 159408 S  58.7  3.3   0:27.30 darknet_ros
 4737 root      20   0 34.464g 1.026g 159416 S  56.1  3.3   0:27.90 darknet_ros
 4737 root      20   0 34.464g 1.026g 159424 S  60.4  3.3   0:28.54 darknet_ros
 4737 root      20   0 34.464g 1.026g 159428 S  64.8  3.3   0:29.24 darknet_ros
 4737 root      20   0 34.464g 1.026g 159436 S  53.7  3.3   0:29.82 darknet_ros
 4737 root      20   0 34.459g 1.020g 159440 S  63.6  3.3   0:30.50 darknet_ros
 4737 root      20   0 34.459g 1.020g 159448 S  52.3  3.3   0:31.07 darknet_ros
 4737 root      20   0 34.470g 1.032g 159456 S  62.6  3.3   0:31.74 darknet_ros
 4737 root      20   0 34.470g 1.032g 159460 S  66.0  3.3   0:32.44 darknet_ros
 4737 root      20   0 34.470g 1.032g 159468 S  50.9  3.3   0:32.99 darknet_ros
 4737 root      20   0 34.470g 1.032g 159476 S  63.6  3.3   0:33.67 darknet_ros
 4737 root      20   0 34.464g 1.026g 159480 S  63.2  3.3   0:34.34 darknet_ros
 4737 root      20   0 34.464g 1.026g 159492 S  52.3  3.3   0:34.90 darknet_ros
 4737 root      20   0 34.464g 1.026g 159496 S  60.7  3.3   0:35.55 darknet_ros
 4737 root      20   0 34.464g 1.026g 159504 S  63.6  3.3   0:36.23 darknet_ros
 4737 root      20   0 34.464g 1.026g 159508 S  53.7  3.3   0:36.81 darknet_ros
 4737 root      20   0 34.470g 1.032g 159516 S  59.3  3.3   0:37.45 darknet_ros
 4737 root      20   0 34.470g 1.032g 159524 S  63.7  3.3   0:38.17 darknet_ros
 4737 root      20   0 34.464g 1.026g 159528 S  63.6  3.3   0:38.85 darknet_ros
 4737 root      20   0 34.464g 1.026g 159540 S  61.7  3.3   0:39.51 darknet_ros
 4737 root      20   0 34.464g 1.026g 159544 S  52.3  3.3   0:40.07 darknet_ros
 4737 root      20   0 34.464g 1.026g 159552 S  62.6  3.3   0:40.74 darknet_ros
 4737 root      20   0 34.464g 1.026g 159560 S  63.2  3.3   0:41.41 darknet_ros
 4737 root      20   0 34.464g 1.026g 159568 S  57.9  3.3   0:42.03 darknet_ros
 4737 root      20   0 34.464g 1.026g 159572 S  53.7  3.3   0:42.61 darknet_ros
 4737 root      20   0 34.464g 1.026g 159580 S  61.7  3.3   0:43.27 darknet_ros
 4737 root      20   0 34.464g 1.026g 159588 S  62.6  3.3   0:43.94 darknet_ros
 4737 root      20   0 34.464g 1.026g 159592 S  52.8  3.3   0:44.51 darknet_ros
 4737 root      20   0 34.464g 1.026g 159604 S  61.7  3.3   0:45.17 darknet_ros
 4737 root      20   0 34.464g 1.026g 159608 S  62.3  3.3   0:45.83 darknet_ros
 4737 root      20   0 34.464g 1.026g 159616 S  63.6  3.3   0:46.51 darknet_ros
 4737 root      20   0 34.464g 1.026g 159624 S  57.4  3.3   0:47.17 darknet_ros
 4737 root      20   0 34.464g 1.026g 159628 S  52.8  3.3   0:47.74 darknet_ros
 4737 root      20   0 34.464g 1.026g 159636 S  60.2  3.3   0:48.39 darknet_ros
 4737 root      20   0 34.464g 1.026g 159640 S  62.6  3.3   0:49.06 darknet_ros
 4737 root      20   0 34.464g 1.026g 159652 S  55.7  3.3   0:49.65 darknet_ros
 4737 root      20   0 34.464g 1.026g 159656 S  57.4  3.3   0:50.27 darknet_ros
 4737 root      20   0 34.464g 1.026g 159660 S  63.6  3.3   0:50.95 darknet_ros
 4737 root      20   0 34.464g 1.026g 159672 S  59.4  3.3   0:51.58 darknet_ros
 4737 root      20   0 34.464g 1.026g 159676 S  54.6  3.3   0:52.17 darknet_ros
 4737 root      20   0 34.464g 1.026g 159684 S  66.0  3.3   0:52.87 darknet_ros
 4737 root      20   0 34.464g 1.026g 159692 S  60.7  3.3   0:53.52 darknet_ros
 4737 root      20   0 34.464g 1.026g 159700 S  56.1  3.3   0:54.12 darknet_ros
 4737 root      20   0 34.464g 1.026g 159704 S  60.2  3.3   0:54.77 darknet_ros
 4737 root      20   0 34.453g 1.015g 159712 S  61.7  3.3   0:55.43 darknet_ros
 4737 root      20   0 34.453g 1.015g 159720 S  61.5  3.3   0:56.10 darknet_ros
 4737 root      20   0 34.453g 1.015g 159724 S  51.4  3.3   0:56.65 darknet_ros
 4737 root      20   0 34.453g 1.015g 159732 S  60.7  3.3   0:57.30 darknet_ros
 4737 root      20   0 34.453g 1.015g 159740 S  62.3  3.3   0:57.96 darknet_ros
 4737 root      20   0 34.453g 1.015g 159748 S  61.7  3.3   0:58.62 darknet_ros
 4737 root      20   0 34.453g 1.015g 159752 S  51.4  3.3   0:59.18 darknet_ros
 4737 root      20   0 34.453g 1.015g 159760 S  64.2  3.3   0:59.86 darknet_ros
 4737 root      20   0 34.453g 1.015g 159768 S  60.7  3.3   1:00.51 darknet_ros
 4737 root      20   0 34.453g 1.015g 159772 S  61.7  3.3   1:01.17 darknet_ros
 4737 root      20   0 34.453g 1.015g 159784 S  50.9  3.3   1:01.72 darknet_ros
 4737 root      20   0 34.453g 1.015g 159788 S  62.6  3.3   1:02.39 darknet_ros
 4737 root      20   0 34.453g 1.015g 159796 S  60.7  3.3   1:03.04 darknet_ros
 4737 root      20   0 34.453g 1.015g 159804 S  53.3  3.3   1:03.61 darknet_ros
 4737 root      20   0 34.453g 1.015g 159808 S  59.3  3.3   1:04.25 darknet_ros
 4737 root      20   0 34.453g 1.015g 159816 S  59.6  3.3   1:04.90 darknet_ros
 4737 root      20   0 34.453g 1.015g 159824 S  62.3  3.3   1:05.56 darknet_ros
 4737 root      20   0 34.453g 1.015g 159832 S  54.6  3.3   1:06.15 darknet_ros
 4737 root      20   0 34.453g 1.015g 159836 S  59.3  3.3   1:06.79 darknet_ros
 4737 root      20   0 34.470g 1.032g 159840 S  63.2  3.3   1:07.46 darknet_ros
 4737 root      20   0 34.470g 1.032g 159852 S  53.3  3.3   1:08.03 darknet_ros
 4737 root      20   0 34.470g 1.032g 159856 S  58.9  3.3   1:08.66 darknet_ros
 4737 root      20   0 34.470g 1.032g 159864 S  62.3  3.3   1:09.32 darknet_ros
 4737 root      20   0 34.470g 1.032g 159872 S  61.7  3.3   1:09.98 darknet_ros
 4737 root      20   0 34.470g 1.032g 159876 S  53.7  3.3   1:10.56 darknet_ros
 4737 root      20   0 34.470g 1.032g 159884 S  63.6  3.3   1:11.24 darknet_ros
 4737 root      20   0 34.482g 1.044g 159892 S  63.6  3.3   1:11.92 darknet_ros
 4737 root      20   0 34.482g 1.044g 159900 S  58.9  3.3   1:12.55 darknet_ros
 4737 root      20   0 34.482g 1.044g 159904 S  57.0  3.3   1:13.16 darknet_ros
 4737 root      20   0 34.482g 1.044g 159916 S  61.8  3.3   1:13.84 darknet_ros
 4737 root      20   0 34.482g 1.044g 159920 S  63.2  3.3   1:14.51 darknet_ros
 4737 root      20   0 34.476g 1.038g 159928 S  56.1  3.3   1:15.11 darknet_ros
 4737 root      20   0 34.476g 1.038g 159932 S  56.1  3.3   1:15.71 darknet_ros
 4737 root      20   0 34.476g 1.038g 159940 S  62.6  3.3   1:16.38 darknet_ros
 4737 root      20   0 34.482g 1.044g 159948 S  63.2  3.3   1:17.05 darknet_ros
 4737 root      20   0 34.487g 1.050g 159952 S  50.5  3.4   1:17.60 darknet_ros
 4737 root      20   0 34.487g 1.050g 159960 S  60.7  3.4   1:18.25 darknet_ros
 4737 root      20   0 34.487g 1.050g 159968 S  63.6  3.4   1:18.93 darknet_ros
 4737 root      20   0 34.487g 1.050g 159976 S  57.0  3.4   1:19.54 darknet_ros
 4737 root      20   0 34.487g 1.050g 159984 S  57.9  3.4   1:20.16 darknet_ros
 4737 root      20   0 34.487g 1.050g 159988 S  63.6  3.4   1:20.84 darknet_ros
 4737 root      20   0 34.487g 1.050g 159996 S  61.3  3.4   1:21.49 darknet_ros
 4737 root      20   0 34.487g 1.050g 160004 S  51.4  3.4   1:22.05 darknet_ros
 4737 root      20   0 34.487g 1.050g 160008 S  59.5  3.4   1:22.71 darknet_ros
 4737 root      20   0 34.487g 1.050g 160016 S  61.1  3.4   1:23.37 darknet_ros
 4737 root      20   0 34.487g 1.050g 160024 S  63.2  3.4   1:24.04 darknet_ros
