0.000303984
3.58756
0.495388
0.496631
0.526528
0.531689
0.540779
0.508389
0.54338
0.487629
0.510745
0.453345
0.481579
0.465738
0.456717
0.502169
0.524627
0.482532
0.483806
0.481262
0.47328
0.480759
0.471743
0.483688
0.473517
0.498039
0.482396
0.49492
0.476655
0.476968
0.476164
0.472089
0.47611
0.477079
0.47613
0.476268
0.471837
0.474018
0.475688
0.486711
0.475101
0.483802
0.473171
0.469902
0.46936
0.488311
0.477457
0.471827
0.471997
0.484124
0.484714
0.470667
0.471195
0.470781
0.473625
0.494363
0.473786
0.472832
0.472622
0.470396
0.47368
0.487749
0.472248
0.483982
0.473827
0.471657
0.471608
0.47125
0.471368
0.478287
0.472098
0.486215
0.472667
0.472535
0.483635
0.484305
0.472554
0.474007
0.474222
0.473785
0.472966
0.472697
0.47193
0.474708
0.483917
0.494136
0.477635
0.485416
0.470282
0.47152
0.481742
0.472435
0.484407
0.483163
0.471888
0.47216
0.472434
0.485908
0.471472
0.471128
0.4718
0.469677
0.452813
0.469693
0.475162
0.486335
0.475585
0.471364
0.475553
0.485824
0.472836
0.483271
0.470594
0.485074
0.47217
0.473958
0.472037
0.485308
0.471317
0.484221
0.472539
0.483191
0.47216
0.48351
0.471308
0.470635
0.472946
0.483763
0.473554
0.483906
0.483676
0.470661
0.480638
0.491167
0.48452
0.470591
0.470467
0.472442
0.470282
0.483177
0.472258
0.483425
0.471379
0.48768
0.483512
0.471698
0.474442
0.470371
0.470237
0.471945
0.470934
0.470252
0.470493
0.485364
0.470592
0.471356
0.470397
0.46021
0.479793
0.477316
0.485127
0.486374
0.485715
0.471557
0.470113
0.484624
0.471449
0.471147
0.472022
0.481916
0.481612
0.471833
0.472215
0.472597
0.471715
0.480621
0.471218
0.485185
0.471524
0.483445
0.471444
0.482978
0.47124
0.484022
0.470393
0.47269
0.4727
0.489502
0.47313
0.483839
0.470689
0.472145
0.472809
0.483142
0.470858
0.469766
0.472068
0.484554
0.472503
0.482609
0.472317
0.484154
0.469969
0.471427
0.471222
0.48241
0.472728
0.481081
0.470778
0.483315
0.470223
0.468357
0.476646
0.490865
0.472246
0.483778
0.470779
0.483915
0.471809
0.483384
0.472296
0.471452
0.471513
0.483707
0.472069
0.483886
0.472646
0.48323
0.470627
0.48866
0.472381
0.472607
0.475057
0.472067
0.470528
0.483233
0.472003
0.483324
0.47331
0.470896
0.471762
0.483184
0.473476
0.4847
0.485757
0.472052
0.471479
0.470881
0.471141
0.471711
0.4782
0.484383
0.472076
0.473558
0.470496
0.483288
0.473834
0.484245
0.471163
0.470867
0.484607
0.486402
0.471633
0.481385
0.471196
0.470987
0.470092
0.471636
0.470486
0.483572
0.474497
0.470571
0.472804
0.48456
0.470542
0.482165
0.483956
0.473079
0.482271
0.471746
0.470585
0.483193
0.469633
0.485092
0.471747
0.470028
0.470806
0.47123
0.473594
0.481874
0.473681
0.482013
0.474167
0.483193
0.472728
0.485939
0.4695
0.483812
0.470004
0.47431
0.471351
0.482577
0.471753
0.483508
0.470911
0.480245
0.469474
0.481038
0.468702
0.469834
0.485439
0.486831
0.470239
0.479286
0.470675
0.483353
0.469623
0.483015
0.483575
0.471864
0.471343
0.482261
0.470852
0.472411
0.470079
0.483547
0.47845
0.485397
0.471828
0.484031
0.471117
0.498699
0.470392
0.471704
0.495512
0.470791
0.480882
0.469485
0.475769
0.470955
0.470485
0.484845
0.478866
0.46964
0.471154
0.470302
0.470617
0.483874
0.472482
0.483319
0.485075
0.46999
0.475299
0.470608
0.470867
0.481847
0.471053
0.471199
0.470933
0.525419
0.513279
0.463851
0.454846
0.448325
0.446614
0.461957
0.473383
0.484703
0.475286
0.479676
0.472306
0.481234
0.499289
0.514865
0.490881
0.475301
0.49136
0.472379
0.481194
0.532279
0.460401
0.463491
0.571565
0.552973
0.483061
0.459817
0.460721
0.532695
0.557505
0.494193
0.561316
0.54193
0.516136
0.484739
0.53184
0.545425
0.510646
0.511974
0.545742
0.496577
0.567719
0.562764
0.480277
0.446873
0.463006
0.45109
0.45068
0.46505
0.459332
0.486255
0.486623
0.48684
0.472097
0.485928
0.472662
0.472229
0.472981
0.469469
0.47388
0.473518
0.474287
0.47296
0.470363
0.485206
0.470543
0.481257
0.498948
0.51924
0.544116
0.478451
0.537689
0.486462
0.536205
0.486353
0.499708
0.574345
0.572058
