10097 root      20   0 34.266g 963276 159728 S   4.5  2.9   0:28.88 darknet_ros
10097 root      20   0 34.266g 963280 159732 S  27.8  2.9   0:29.18 darknet_ros
10097 root      20   0 34.254g 951404 159732 S  26.9  2.9   0:29.47 darknet_ros
10097 root      20   0 34.283g 981548 159740 S  28.0  3.0   0:29.77 darknet_ros
10097 root      20   0 34.283g 981448 159740 S  30.2  3.0   0:30.09 darknet_ros
10097 root      20   0 34.289g 987652 159744 S  39.3  3.0   0:30.51 darknet_ros
10097 root      20   0 34.283g 981456 159748 S  26.3  3.0   0:30.81 darknet_ros
10097 root      20   0 34.278g 975464 159748 S  28.0  3.0   0:31.11 darknet_ros
10097 root      20   0 34.278g 975468 159752 S  26.5  3.0   0:31.41 darknet_ros
10097 root      20   0 34.278g 975472 159756 S  27.4  3.0   0:31.70 darknet_ros
10097 root      20   0 34.278g 975476 159760 S  28.0  3.0   0:32.00 darknet_ros
10097 root      20   0 34.278g 975480 159764 S  27.4  3.0   0:32.29 darknet_ros
10097 root      20   0 34.278g 975484 159768 S  37.0  3.0   0:32.69 darknet_ros
10097 root      20   0 34.278g 975484 159768 S  25.0  3.0   0:32.97 darknet_ros
10097 root      20   0 34.278g 975488 159772 S  28.0  3.0   0:33.27 darknet_ros
10097 root      20   0 34.278g 975492 159776 S  26.2  3.0   0:33.55 darknet_ros
10097 root      20   0 34.278g 975492 159776 S  27.4  3.0   0:33.84 darknet_ros
10097 root      20   0 34.278g 975500 159784 S  30.2  3.0   0:34.16 darknet_ros
10097 root      20   0 34.278g 975504 159784 S  27.1  3.0   0:34.45 darknet_ros
10097 root      20   0 34.278g 975508 159788 S  34.0  3.0   0:34.81 darknet_ros
10097 root      20   0 34.278g 975512 159792 S  29.7  3.0   0:35.14 darknet_ros
10097 root      20   0 34.278g 975512 159792 S  26.2  3.0   0:35.42 darknet_ros
10097 root      20   0 34.278g 975516 159796 S  28.0  3.0   0:35.72 darknet_ros
10097 root      20   0 34.278g 975520 159800 S  26.4  3.0   0:36.00 darknet_ros
10097 root      20   0 34.278g 975524 159804 S  26.4  3.0   0:36.28 darknet_ros
10097 root      20   0 34.278g 975528 159808 S  25.2  3.0   0:36.55 darknet_ros
10097 root      20   0 34.278g 975532 159812 S  37.7  3.0   0:36.95 darknet_ros
10097 root      20   0 34.278g 975532 159812 S  26.1  3.0   0:37.24 darknet_ros
10097 root      20   0 34.278g 975536 159816 S  27.4  3.0   0:37.53 darknet_ros
10097 root      20   0 34.278g 975540 159820 S  28.0  3.0   0:37.83 darknet_ros
10097 root      20   0 34.278g 975540 159820 S  29.2  3.0   0:38.14 darknet_ros
10097 root      20   0 34.278g 975548 159828 S  31.5  3.0   0:38.48 darknet_ros
10097 root      20   0 34.278g 975552 159832 S  35.8  3.0   0:38.87 darknet_ros
10097 root      20   0 34.260g 957584 159832 S  27.0  2.9   0:39.17 darknet_ros
10097 root      20   0 34.260g 957588 159836 S  27.4  2.9   0:39.46 darknet_ros
10097 root      20   0 34.260g 957592 159840 S  27.1  2.9   0:39.75 darknet_ros
10097 root      20   0 34.260g 957592 159840 S  28.3  2.9   0:40.05 darknet_ros
10097 root      20   0 34.260g 957604 159848 S  30.8  2.9   0:40.38 darknet_ros
10097 root      20   0 34.260g 957608 159852 S  34.3  2.9   0:40.75 darknet_ros
10097 root      20   0 34.260g 957608 159852 S  27.8  2.9   0:41.05 darknet_ros
10097 root      20   0 34.260g 957612 159856 S  26.2  2.9   0:41.33 darknet_ros
10097 root      20   0 34.260g 957612 159856 S  27.4  2.9   0:41.62 darknet_ros
10097 root      20   0 34.260g 957616 159860 S  27.4  2.9   0:41.91 darknet_ros
10097 root      20   0 34.260g 957620 159864 S  28.0  2.9   0:42.21 darknet_ros
10097 root      20   0 34.260g 957628 159872 S  36.8  2.9   0:42.60 darknet_ros
10097 root      20   0 34.260g 957628 159872 S  26.5  2.9   0:42.90 darknet_ros
10097 root      20   0 34.260g 957632 159876 S  26.2  2.9   0:43.18 darknet_ros
10097 root      20   0 34.260g 957632 159876 S  28.3  2.9   0:43.48 darknet_ros
10097 root      20   0 34.260g 957636 159880 S  25.2  2.9   0:43.75 darknet_ros
10097 root      20   0 34.260g 957640 159884 S  28.3  2.9   0:44.05 darknet_ros
10097 root      20   0 34.260g 957640 159884 S  28.3  2.9   0:44.35 darknet_ros
10097 root      20   0 34.260g 957648 159892 S  36.4  2.9   0:44.74 darknet_ros
10097 root      20   0 34.260g 957652 159896 S  26.8  2.9   0:45.04 darknet_ros
10097 root      20   0 34.260g 957652 159896 S  26.2  2.9   0:45.32 darknet_ros
10097 root      20   0 34.260g 957656 159900 S  27.4  2.9   0:45.61 darknet_ros
10097 root      20   0 34.260g 957656 159900 S  27.1  2.9   0:45.90 darknet_ros
10097 root      20   0 34.260g 957660 159904 S  28.3  2.9   0:46.20 darknet_ros
10097 root      20   0 34.260g 957664 159908 S  35.2  2.9   0:46.58 darknet_ros
10097 root      20   0 34.254g 951456 159916 S  27.8  2.9   0:46.88 darknet_ros
10097 root      20   0 34.272g 969536 159916 S  27.1  3.0   0:47.17 darknet_ros
10097 root      20   0 34.272g 969540 159920 S  27.4  3.0   0:47.46 darknet_ros
10097 root      20   0 34.278g 975696 159920 S  28.0  3.0   0:47.76 darknet_ros
10097 root      20   0 34.295g 993992 159924 S  39.6  3.0   0:48.18 darknet_ros
10097 root      20   0 34.295g 994140 159928 S  27.7  3.0   0:48.49 darknet_ros
10097 root      20   0 34.295g 993996 159928 S  28.0  3.0   0:48.79 darknet_ros
10097 root      20   0 34.295g 994000 159932 S  26.4  3.0   0:49.07 darknet_ros
10097 root      20   0 34.295g 994008 159940 S  27.4  3.0   0:49.36 darknet_ros
10097 root      20   0 34.283g 981612 159940 S  29.2  3.0   0:49.67 darknet_ros
10097 root      20   0 34.283g 981616 159944 S  35.5  3.0   0:50.05 darknet_ros
10097 root      20   0 34.283g 981620 159948 S  28.4  3.0   0:50.36 darknet_ros
10097 root      20   0 34.283g 981620 159948 S  27.4  3.0   0:50.65 darknet_ros
10097 root      20   0 34.283g 981624 159952 S  27.4  3.0   0:50.94 darknet_ros
10097 root      20   0 34.283g 981628 159956 S  27.1  3.0   0:51.23 darknet_ros
10097 root      20   0 34.283g 981632 159960 S  28.3  3.0   0:51.53 darknet_ros
10097 root      20   0 34.283g 981636 159964 S  33.6  3.0   0:51.89 darknet_ros
10097 root      20   0 34.283g 981640 159968 S  28.8  3.0   0:52.21 darknet_ros
10097 root      20   0 34.283g 981640 159968 S  27.4  3.0   0:52.50 darknet_ros
10097 root      20   0 34.283g 981644 159972 S  26.2  3.0   0:52.78 darknet_ros
10097 root      20   0 34.283g 981644 159972 S  26.4  3.0   0:53.06 darknet_ros
10097 root      20   0 34.283g 981648 159976 S  26.2  3.0   0:53.34 darknet_ros
10097 root      20   0 34.283g 981656 159984 S  33.0  3.0   0:53.69 darknet_ros
10097 root      20   0 34.283g 981664 159988 S  30.6  3.0   0:54.02 darknet_ros
10097 root      20   0 34.283g 981664 159988 S  25.0  3.0   0:54.29 darknet_ros
10097 root      20   0 34.260g 957756 159992 S  27.4  2.9   0:54.58 darknet_ros
10097 root      20   0 34.260g 957756 159992 S  25.5  2.9   0:54.85 darknet_ros
10097 root      20   0 34.260g 957760 159996 S  27.1  2.9   0:55.14 darknet_ros
10097 root      20   0 34.260g 957768 160004 S  33.0  2.9   0:55.49 darknet_ros
10097 root      20   0 34.260g 957772 160008 S  29.5  2.9   0:55.82 darknet_ros
10097 root      20   0 34.260g 957772 160008 S  25.0  2.9   0:56.09 darknet_ros
10097 root      20   0 34.260g 957776 160012 S  27.4  2.9   0:56.38 darknet_ros
10097 root      20   0 34.254g 951560 160012 S  26.4  2.9   0:56.66 darknet_ros
10097 root      20   0 34.278g 975784 160016 S  27.1  3.0   0:56.95 darknet_ros
10097 root      20   0 34.266g 963860 160020 S  34.0  2.9   0:57.31 darknet_ros
10097 root      20   0 34.266g 963864 160024 S  29.2  2.9   0:57.64 darknet_ros
10097 root      20   0 34.266g 963868 160028 S  27.4  2.9   0:57.93 darknet_ros
10097 root      20   0 34.266g 963872 160032 S  26.4  2.9   0:58.21 darknet_ros
10097 root      20   0 34.266g 963872 160032 S  26.2  2.9   0:58.49 darknet_ros
10097 root      20   0 34.266g 963876 160036 S  28.3  2.9   0:58.79 darknet_ros
10097 root      20   0 34.266g 963880 160040 S  32.7  2.9   0:59.14 darknet_ros
10097 root      20   0 34.266g 963880 160040 S  28.7  2.9   0:59.45 darknet_ros
