10034 root      20   0  577144 108836  64648 R   9.1  0.3   0:51.16 usb_cam_node
10034 root      20   0  577144 108836  64648 S   9.2  0.3   0:51.26 usb_cam_node
10034 root      20   0  577144 108836  64648 S   9.4  0.3   0:51.36 usb_cam_node
10034 root      20   0  577144 108836  64648 S   7.4  0.3   0:51.44 usb_cam_node
10034 root      20   0  577144 108836  64648 S   9.4  0.3   0:51.54 usb_cam_node
10034 root      20   0  577144 108836  64648 S   8.5  0.3   0:51.63 usb_cam_node
10034 root      20   0  577144 108836  64648 S   9.4  0.3   0:51.73 usb_cam_node
10034 root      20   0  577144 108836  64648 R   8.5  0.3   0:51.82 usb_cam_node
10034 root      20   0  577144 108836  64648 S   8.3  0.3   0:51.91 usb_cam_node
10034 root      20   0  577144 108836  64648 S   9.2  0.3   0:52.01 usb_cam_node
10034 root      20   0  577144 108836  64648 S   9.3  0.3   0:52.11 usb_cam_node
10034 root      20   0  577144 108836  64648 S   8.5  0.3   0:52.20 usb_cam_node
10034 root      20   0  577144 108836  64648 S   9.4  0.3   0:52.30 usb_cam_node
10034 root      20   0  577144 108836  64648 S   7.5  0.3   0:52.38 usb_cam_node
10034 root      20   0  577144 108836  64648 S  10.4  0.3   0:52.49 usb_cam_node
10034 root      20   0  577144 108836  64648 S   9.4  0.3   0:52.59 usb_cam_node
10034 root      20   0  577144 108836  64648 S   9.5  0.3   0:52.70 usb_cam_node
10034 root      20   0  577144 108836  64648 R   9.2  0.3   0:52.80 usb_cam_node
10034 root      20   0  577144 108836  64648 S   8.0  0.3   0:52.89 usb_cam_node
10034 root      20   0  577144 108836  64648 S  10.9  0.3   0:53.01 usb_cam_node
10034 root      20   0  577144 108836  64648 S   9.2  0.3   0:53.11 usb_cam_node
10034 root      20   0  577144 108836  64648 R   8.2  0.3   0:53.20 usb_cam_node
10034 root      20   0  577144 108836  64648 S   9.2  0.3   0:53.30 usb_cam_node
10034 root      20   0  577144 108836  64648 S  10.2  0.3   0:53.41 usb_cam_node
10034 root      20   0  577144 108836  64648 R   7.2  0.3   0:53.49 usb_cam_node
10034 root      20   0  577144 108836  64648 S  10.4  0.3   0:53.60 usb_cam_node
10034 root      20   0  577144 108836  64648 S   9.3  0.3   0:53.70 usb_cam_node
10034 root      20   0  577144 108836  64648 S   8.5  0.3   0:53.79 usb_cam_node
10034 root      20   0  577144 108836  64648 S   9.2  0.3   0:53.89 usb_cam_node
10034 root      20   0  577144 108836  64648 S  10.4  0.3   0:54.00 usb_cam_node
10034 root      20   0  577144 108836  64648 S   8.4  0.3   0:54.09 usb_cam_node
10034 root      20   0  577144 108836  64648 S  10.3  0.3   0:54.20 usb_cam_node
10034 root      20   0  577144 108836  64648 S   8.5  0.3   0:54.30 usb_cam_node
10034 root      20   0  577144 108836  64648 S  10.4  0.3   0:54.41 usb_cam_node
10034 root      20   0  577144 108836  64648 S   8.5  0.3   0:54.50 usb_cam_node
10034 root      20   0  577144 108836  64648 S   8.6  0.3   0:54.60 usb_cam_node
10034 root      20   0  577144 108836  64648 S  10.3  0.3   0:54.71 usb_cam_node
10034 root      20   0  577144 108836  64648 S   7.5  0.3   0:54.79 usb_cam_node
10034 root      20   0  577144 108836  64648 S   9.4  0.3   0:54.89 usb_cam_node
10034 root      20   0  577144 108836  64648 S   9.0  0.3   0:54.99 usb_cam_node
10034 root      20   0  577144 108836  64648 S   7.5  0.3   0:55.07 usb_cam_node
10034 root      20   0  577144 108836  64648 S  10.4  0.3   0:55.18 usb_cam_node
10034 root      20   0  577144 108836  64648 S   9.3  0.3   0:55.28 usb_cam_node
10034 root      20   0  577144 108836  64648 S   8.5  0.3   0:55.37 usb_cam_node
10034 root      20   0  577144 108836  64648 S   9.4  0.3   0:55.47 usb_cam_node
10034 root      20   0  577144 108836  64648 R   8.4  0.3   0:55.56 usb_cam_node
10034 root      20   0  577144 108836  64648 S   9.0  0.3   0:55.66 usb_cam_node
10034 root      20   0  577144 108836  64648 S   9.3  0.3   0:55.76 usb_cam_node
10034 root      20   0  577144 108836  64648 S   7.5  0.3   0:55.84 usb_cam_node
10034 root      20   0  577144 108836  64648 S  10.4  0.3   0:55.95 usb_cam_node
10034 root      20   0  577144 108836  64648 S   7.5  0.3   0:56.03 usb_cam_node
10034 root      20   0  577144 108836  64648 S   9.4  0.3   0:56.13 usb_cam_node
10034 root      20   0  577144 108836  64648 S   9.4  0.3   0:56.23 usb_cam_node
10034 root      20   0  577144 108836  64648 S   7.2  0.3   0:56.31 usb_cam_node
10034 root      20   0  577144 108836  64648 S   9.4  0.3   0:56.41 usb_cam_node
10034 root      20   0  577144 108836  64648 R   9.4  0.3   0:56.51 usb_cam_node
10034 root      20   0  577144 108836  64648 S   8.4  0.3   0:56.60 usb_cam_node
10034 root      20   0  577144 108836  64648 S   8.5  0.3   0:56.69 usb_cam_node
10034 root      20   0  577144 108836  64648 S   8.4  0.3   0:56.78 usb_cam_node
10034 root      20   0  577144 108836  64648 S  10.4  0.3   0:56.89 usb_cam_node
10034 root      20   0  577144 108836  64648 S   8.9  0.3   0:56.99 usb_cam_node
10034 root      20   0  577144 108836  64648 S   8.5  0.3   0:57.08 usb_cam_node
10034 root      20   0  577144 108836  64648 S   9.4  0.3   0:57.18 usb_cam_node
10034 root      20   0  577144 108836  64648 R   7.5  0.3   0:57.26 usb_cam_node
10034 root      20   0  577144 108836  64648 S   9.3  0.3   0:57.36 usb_cam_node
10034 root      20   0  577144 108836  64648 S  10.4  0.3   0:57.47 usb_cam_node
10034 root      20   0  577144 108836  64648 S   8.4  0.3   0:57.56 usb_cam_node
10034 root      20   0  577144 108836  64648 S   9.4  0.3   0:57.66 usb_cam_node
10034 root      20   0  577144 108836  64648 S   8.9  0.3   0:57.76 usb_cam_node
10034 root      20   0  577144 108836  64648 S   8.0  0.3   0:57.85 usb_cam_node
10034 root      20   0  577144 108836  64648 S   8.3  0.3   0:57.94 usb_cam_node
10034 root      20   0  577144 108836  64648 S   9.3  0.3   0:58.04 usb_cam_node
10034 root      20   0  577144 108836  64648 S   8.8  0.3   0:58.14 usb_cam_node
10034 root      20   0  577144 108836  64648 S   8.5  0.3   0:58.23 usb_cam_node
10034 root      20   0  577144 108836  64648 S   9.4  0.3   0:58.33 usb_cam_node
10034 root      20   0  577144 108836  64648 R   8.4  0.3   0:58.42 usb_cam_node
10034 root      20   0  577144 108836  64648 S   9.4  0.3   0:58.52 usb_cam_node
10034 root      20   0  577144 108836  64648 S   8.5  0.3   0:58.61 usb_cam_node
10034 root      20   0  577144 108836  64648 S   8.3  0.3   0:58.70 usb_cam_node
10034 root      20   0  577144 108836  64648 S  10.4  0.3   0:58.81 usb_cam_node
10034 root      20   0  577144 108836  64648 S  10.1  0.3   0:58.92 usb_cam_node
10034 root      20   0  577144 108836  64648 S   7.5  0.3   0:59.00 usb_cam_node
10034 root      20   0  577144 108836  64648 S   9.0  0.3   0:59.10 usb_cam_node
10034 root      20   0  577144 108836  64648 S   9.3  0.3   0:59.20 usb_cam_node
10034 root      20   0  577144 108836  64648 S   8.4  0.3   0:59.29 usb_cam_node
10034 root      20   0  577144 108836  64648 S  10.4  0.3   0:59.40 usb_cam_node
10034 root      20   0  577144 108836  64648 S   7.5  0.3   0:59.48 usb_cam_node
10034 root      20   0  577144 108836  64648 S   9.3  0.3   0:59.58 usb_cam_node
10034 root      20   0  577144 108836  64648 S  10.4  0.3   0:59.69 usb_cam_node
10034 root      20   0  577144 108836  64648 R   8.1  0.3   0:59.78 usb_cam_node
10034 root      20   0  577144 108836  64648 S   8.4  0.3   0:59.87 usb_cam_node
10034 root      20   0  577144 108836  64648 S   9.1  0.3   0:59.97 usb_cam_node
10034 root      20   0  577144 108836  64648 S   8.5  0.3   1:00.06 usb_cam_node
10034 root      20   0  577144 108836  64648 S   9.4  0.3   1:00.16 usb_cam_node
10034 root      20   0  577144 108836  64648 S   9.0  0.3   1:00.26 usb_cam_node
10034 root      20   0  577144 108836  64648 S  10.8  0.3   1:00.38 usb_cam_node
10034 root      20   0  577144 108836  64648 S   6.5  0.3   1:00.45 usb_cam_node
10034 root      20   0  577144 108836  64648 S  10.4  0.3   1:00.56 usb_cam_node
10034 root      20   0  577144 108836  64648 S   9.3  0.3   1:00.66 usb_cam_node
10034 root      20   0  577144 108836  64648 S   7.3  0.3   1:00.74 usb_cam_node
