0.000240
0.901340
0.118559
0.127072
0.124568
0.125211
0.125921
0.125069
0.121101
0.130304
0.134394
0.127514
0.124067
0.126089
0.126685
0.130335
0.125264
0.130460
0.124290
0.136533
0.122976
0.126872
0.127419
0.127621
0.129421
0.122299
0.132634
0.125708
0.131322
0.122491
0.122552
0.127208
0.124796
0.129648
0.125176
0.123704
0.126970
0.120908
0.127431
0.125380
0.131058
0.124942
0.127318
0.125901
0.126838
0.129567
0.127321
0.123818
0.127353
0.127807
0.132667
0.122480
0.114574
0.136036
0.131878
0.127809
0.134403
0.125519
0.132451
0.124185
0.131415
0.142319
0.133494
0.127492
0.129136
0.127557
0.120139
0.170621
0.132142
0.124411
0.127540
0.135303
0.128202
0.131766
0.127192
0.124899
0.127773
0.139441
0.129446
0.127131
0.116428
0.125476
0.122993
0.132043
0.127738
0.133324
0.128488
0.124873
0.126502
0.128311
0.126580
0.126626
0.126265
0.138546
0.125835
0.127872
0.128693
0.122875
0.120176
0.127020
0.124158
0.126479
0.123318
0.127541
0.132035
0.127815
0.128286
0.125321
0.125443
0.125971
0.127696
0.129467
0.124946
0.125877
0.135404
0.134063
0.132392
0.130088
0.127118
0.121679
0.125083
0.127740
0.140738
0.286886
0.142311
0.136755
0.125435
0.128595
0.132656
0.127729
0.126155
0.130549
0.125539
0.125157
0.125181
0.126537
0.125442
0.122509
0.124271
0.125827
0.125130
0.131074
0.124192
0.132868
0.124789
0.139281
0.126255
0.136872
0.125497
0.123108
0.126306
0.123345
0.123977
0.125312
0.126387
0.123562
0.123692
0.126905
0.125259
0.127304
0.127130
0.125978
0.124909
0.126740
0.125064
0.129215
0.125221
0.133795
0.122515
0.124058
0.132974
0.125771
0.124542
0.114467
0.125014
0.124950
0.125440
0.126975
0.126487
0.125876
0.128867
0.124113
0.127316
0.121652
0.128409
0.126154
0.127682
0.126738
0.124617
0.125581
0.125347
0.132735
0.126152
0.125891
0.125455
0.125006
0.128216
0.122151
0.123830
0.122716
0.124259
0.124520
0.123367
0.121726
0.132520
0.125035
0.125439
0.127185
0.127992
0.128872
0.127964
0.127676
0.123691
0.126594
0.127793
0.131678
0.127953
0.123583
0.127379
0.123622
0.125692
0.124668
0.124890
0.124267
0.124595
0.129156
0.126126
0.124858
0.128191
0.125477
0.125105
0.126307
0.123329
0.124029
0.124475
0.126324
0.125093
0.127564
0.127583
0.120904
0.130178
0.128444
0.127216
0.127241
0.123735
0.128587
0.125167
0.128102
0.126262
0.134646
0.123547
0.126846
0.126645
0.124575
0.124243
0.124873
0.125268
0.125659
0.125313
0.127155
0.126497
0.117800
0.125768
0.128578
0.130427
0.122904
0.127919
0.126040
0.126826
0.123444
0.129607
0.125515
0.123733
0.124336
0.126560
0.127139
0.122380
0.125266
0.126157
0.125632
0.126211
0.125966
0.123282
0.126493
0.121707
0.138244
0.121856
0.126643
0.130357
0.134705
0.127247
0.125532
0.125694
0.124302
0.125207
0.125669
0.127738
0.122523
0.123088
0.128443
0.125331
0.124306
0.124665
0.126620
0.125725
0.124093
0.127386
0.122415
0.124809
0.126486
0.128426
0.125592
0.146026
0.123638
0.122040
0.125803
0.125479
0.124309
0.124825
0.126319
0.123198
0.124734
0.124728
0.136260
0.119864
0.126508
0.124785
0.126972
0.122376
0.125027
0.128075
0.126255
0.124561
0.133248
0.127210
0.125194
0.128265
0.130583
0.124472
0.126586
0.125036
0.126026
0.125805
0.125355
0.129653
0.125187
0.129026
0.123712
0.127941
0.125492
0.124097
0.127687
0.126925
0.123994
0.126827
0.124133
0.126795
0.124555
0.126480
0.123751
0.129513
0.126863
0.126002
0.128389
0.126850
0.123700
0.125267
0.128208
0.136346
0.124996
0.125952
0.127711
0.122318
0.130790
0.124107
0.124267
0.122959
0.122997
0.127337
0.122939
0.128443
0.124159
0.124359
0.122558
0.132745
0.126378
0.125745
0.119726
0.126335
0.124167
0.125244
0.124245
0.135005
0.124574
0.124909
0.125795
0.125495
0.124973
0.122196
0.124884
0.130339
0.128330
0.123300
0.128206
0.124852
0.124150
0.125423
0.126464
0.131935
0.130419
0.129228
0.123286
0.124572
0.124512
0.124393
0.125250
0.127579
0.126769
0.127566
0.127047
0.126475
0.124852
0.127025
0.128146
0.123916
0.130455
0.130602
0.125046
0.127473
0.128193
0.126966
0.125038
0.117548
0.135559
0.126416
0.125553
0.125823
0.124939
0.130286
0.136718
0.128882
0.123310
0.125631
0.128026
0.125619
0.129720
0.121979
0.134503
0.126786
0.124698
0.124585
0.125580
0.127138
0.126377
0.127562
0.124267
0.124652
0.129937
0.124742
0.130098
0.127370
0.117696
0.134779
0.127147
0.124517
0.126307
0.130273
0.128395
0.121544
0.122419
0.127540
0.127475
0.123898
0.125266
0.126046
0.125932
0.125271
0.128462
0.126322
0.125111
0.127018
0.130552
0.126942
0.123721
0.124313
0.126560
0.126295
0.132833
0.124600
0.128572
0.126466
0.122771
0.129383
0.122553
0.126770
0.126160
0.127551
0.126470
0.123448
0.126483
0.123301
0.125705
0.126100
0.125743
0.127185
0.130589
0.125893
0.125030
0.124736
0.124501
0.122812
0.128078
0.126410
0.125750
0.125482
0.123576
0.124853
0.124369
0.126740
0.127987
0.122893
0.123594
0.126939
0.124934
0.124847
0.124207
0.132522
0.128985
0.125192
0.129291
0.125991
0.123937
0.124917
0.123535
0.129776
0.124620
0.115635
0.128711
0.124558
0.126759
0.125587
0.127651
0.122596
0.121004
0.128932
0.124283
0.121055
0.124159
0.127240
0.126798
0.125101
0.127536
0.126450
0.127852
0.127618
0.125885
0.125911
0.123977
0.125320
0.126279
0.126821
0.127086
0.127143
0.124389
0.141345
0.124008
0.137244
0.125523
0.125781
0.124033
0.126527
0.126632
0.123845
0.128901
0.123848
0.126558
0.124926
0.132413
0.125700
0.125133
0.126600
0.126940
0.124327
0.123812
0.123433
0.129478
0.123880
0.125801
0.123616
0.123977
0.127589
0.125974
0.126367
0.125869
0.122656
0.124676
0.125567
0.125764
0.124963
0.125445
0.131199
0.123642
0.130288
0.124803
0.125196
0.120522
0.131135
0.126922
0.124713
0.127633
0.125434
0.124691
0.126142
0.128077
0.126626
0.126400
0.158500
0.126452
0.125437
0.126442
0.125108
0.124680
0.124549
0.128264
0.121775
0.138715
0.123769
0.125814
0.124745
0.124724
0.125829
0.121927
0.123400
0.124514
0.124919
0.123513
0.125046
0.122464
0.124846
0.124036
0.126194
0.124345
0.126485
0.121542
0.126981
0.132928
0.126349
0.124377
0.124589
0.126080
0.129527
0.126613
0.127747
0.123622
0.123313
0.128876
0.125097
0.124296
0.125210
0.125798
0.125027
0.128271
0.125677
0.125033
0.122356
0.128354
0.125676
0.127413
0.118592
0.121195
0.125488
0.125178
0.125070
0.125234
0.130814
0.123897
0.122516
0.123391
0.125267
0.124360
0.124650
0.126826
0.124706
0.122136
0.126056
0.136204
0.127902
0.126714
0.125270
0.124704
0.129282
0.140583
0.124748
0.124974
0.122530
0.125874
0.125819
0.126958
0.132617
0.136028
0.125168
0.127201
0.125085
0.126089
0.126439
0.126374
0.126313
0.126413
0.125801
0.125917
0.124755
0.126615
0.127515
0.126946
0.126070
0.124022
0.124988
0.125271
0.135836
0.126853
0.121700
0.125648
0.130415
0.126394
0.129745
0.125421
0.128999
0.125812
0.127630
0.124789
0.126555
0.125329
0.133933
0.127890
0.125875
0.127160
0.126136
0.127073
0.126701
0.126710
0.126766
0.124847
0.123607
0.125099
0.126198
0.125442
0.126257
0.125496
0.126097
0.123648
0.124267
0.123820
0.122837
0.126919
0.125631
0.126010
0.124156
0.122010
0.124903
0.125776
0.126843
0.125209
0.126672
0.127809
0.130637
0.126955
0.123993
0.120641
0.125214
0.125714
0.133602
0.123491
0.120058
0.127238
0.124949
0.127001
0.124095
0.127554
0.124372
0.123955
0.127084
0.126253
0.125476
0.127039
0.126934
0.125645
0.126333
0.122192
0.125970
0.125719
0.126956
0.126930
0.125410
0.127054
0.125981
0.126960
0.123178
0.124755
0.123303
0.122404
0.126967
0.124771
0.127734
0.125671
0.133289
0.124131
0.126356
0.127470
0.127079
0.116041
0.124845
0.127116
0.128037
0.127312
0.124798
0.130717
0.264454
0.128027
0.130415
0.127567
0.127891
0.126209
0.129054
0.115744
0.127453
0.126361
0.125181
0.123076
0.125304
0.126227
0.114033
0.124624
0.130867
0.134270
0.128122
0.125957
0.124221
0.128242
0.122186
0.130118
0.125056
0.126891
0.136936
0.127125
0.126119
0.126954
0.127545
0.124917
0.126101
0.126306
0.125620
0.125137
0.123843
0.127263
0.127579
0.124667
0.126798
0.121789
0.130209
0.125996
0.126975
0.126956
0.126565
0.124166
0.125247
0.126628
0.127898
0.124059
0.126068
0.125897
0.125057
0.126659
0.126061
0.128242
0.127050
0.130357
0.127147
0.128339
0.124853
0.127620
0.129413
0.126156
0.120966
0.131271
0.128860
0.124770
0.127673
0.126745
0.124373
0.121465
0.137133
0.125609
0.124129
0.124064
0.127778
0.126840
0.124355
0.123028
0.129247
0.123919
0.126213
0.125208
0.125555
0.124336
0.117156
0.128732
0.126176
0.124693
0.125558
0.124920
0.125248
0.124970
0.127073
0.125820
0.124855
0.124956
0.123367
0.124827
0.126550
0.123344
0.128964
0.126536
0.131798
0.121934
0.129248
0.127096
0.121083
0.125721
0.126694
0.122348
0.123611
0.127452
0.126195
0.123768
0.122707
0.128136
0.126820
0.125026
0.126284
0.124657
0.121863
0.126437
0.129381
0.125255
0.122095
0.126487
0.123696
0.129272
0.126198
0.119655
0.124210
0.122242
0.123206
0.125167
0.125075
0.129776
0.124262
0.125929
0.124145
0.123672
0.126569
0.125141
0.130397
0.126131
0.132810
0.123812
0.125789
0.123192
0.126035
0.126596
0.126253
0.123081
0.124999
0.125057
0.132156
0.125033
0.124255
0.127113
0.122965
0.129159
0.124240
0.124884
0.122552
0.123381
0.126549
0.128791
0.121757
0.123981
0.127279
0.126368
0.127563
0.125427
0.125924
0.121627
0.124686
0.126138
0.126170
0.122898
0.129241
0.126031
0.126516
0.129728
0.125966
0.123157
0.122145
0.124437
0.126030
0.125517
0.122202
0.124248
0.127852
0.123426
0.127955
0.126704
0.123406
0.128462
0.122766
0.130327
0.120607
0.124542
0.124382
0.125398
0.127285
0.124989
0.126254
0.123664
0.126580
0.126855
0.125488
0.124961
0.124414
0.121874
0.127524
0.126463
0.125312
0.127815
0.123455
0.125425
0.177839
0.127133
0.124374
0.130779
0.126537
0.125292
0.122341
0.127901
0.125751
0.127986
0.126926
0.124470
0.124728
0.125554
0.125170
0.123022
0.126179
0.126360
0.123808
0.124864
0.125908
0.124586
0.123314
0.128016
0.123677
0.123882
0.123398
0.125485
0.125072
0.121619
0.120605
0.124459
0.126902
0.125944
0.127120
0.127355
0.125766
0.129275
0.126071
0.125426
0.122649
0.124426
0.130321
0.132345
0.123742
0.121397
0.132840
0.122994
0.125810
0.124330
0.124428
0.121615
0.124318
0.129260
0.124956
0.124515
0.125548
0.124107
0.126894
0.123325
0.125716
0.123740
0.123958
0.123934
0.124735
0.125211
0.123303
0.121942
0.126137
0.126031
0.122051
0.124264
0.124262
0.126510
0.119902
0.126746
0.124899
0.126033
0.126293
0.125478
0.127069
0.125164
0.123544
0.130768
0.133017
0.125460
0.124952
0.125536
0.125668
0.123458
0.125948
0.125572
0.126431
0.124879
0.128105
0.126305
0.124868
0.123815
0.122216
0.127023
0.126502
0.124793
0.127592
0.126134
0.120489
0.116234
0.125487
0.124267
0.123962
0.128627
0.127361
0.123192
0.122714
0.125100
0.127371
0.125426
0.127438
0.125123
0.127038
0.116222
0.120846
0.126890
0.132723
0.125793
0.124981
0.125277
0.129438
0.121118
0.126782
0.123018
0.120864
0.124498
0.127687
0.127727
0.125130
0.128059
0.124331
0.121525
0.124633
0.132499
0.123924
0.123954
0.125434
0.128143
0.124872
0.122999
0.122293
0.124780
0.126991
0.121048
0.127917
0.123931
0.123887
0.125602
0.124065
0.124264
0.122493
0.122391
0.125224
0.125509
0.122975
0.125283
0.130902
0.130058
0.123331
0.125887
0.124922
0.124226
0.124513
0.125492
0.125699
0.123096
0.120248
0.129788
0.123509
0.123143
0.123960
0.122991
0.124304
0.124393
0.124050
0.121509
0.123651
0.124388
0.127570
0.124428
0.126201
0.122847
0.122482
0.136994
0.125357
0.135530
0.122867
0.124698
0.122013
0.128436
0.124343
0.124712
0.123453
0.123114
0.125464
0.124279
0.127919
0.127702
0.126216
0.124960
0.124626
0.125839
0.122862
0.121442
0.118894
0.129157
0.124517
0.122458
0.124387
0.125750
0.126964
0.123860
0.125790
0.124501
0.121342
0.124722
0.124790
0.124355
0.115823
0.120276
0.124413
0.123598
0.122300
0.124707
0.122852
0.125600
0.121742
0.124943
0.125232
0.123897
0.124754
0.124007
0.124899
0.124849
0.130484
0.123543
0.126015
0.129462
0.122645
0.123679
0.125606
0.123552
0.125635
0.124124
0.122431
0.121717
0.127001
0.122865
0.123161
0.121349
0.123841
0.124120
0.122417
0.123382
0.124926
0.122060
0.119371
0.123773
0.124600
0.127754
0.123744
0.125945
0.123764
0.125227
0.123360
0.124418
0.122336
0.125323
0.127024
0.124800
0.125266
0.123217
0.117785
0.123792
0.125390
0.125139
0.125520
0.131981
0.125060
0.122157
0.121509
0.125921
0.124583
0.128395
0.123832
0.124297
0.124999
0.124568
0.129218
0.125936
0.123141
0.123888
0.126506
0.126695
0.125440
0.126657
0.125784
0.125324
0.126263
0.125615
0.124356
0.126037
0.124262
0.130068
0.124728
0.123507
0.123154
0.124758
0.130982
0.122761
0.127608
0.121631
0.126149
0.123033
0.126503
0.125129
0.123678
0.125966
0.126274
0.127194
0.124448
0.126439
0.122445
0.125338
0.120886
0.126550
0.123281
0.125011
0.124420
0.124844
0.125934
0.122555
0.125522
0.125774
0.125027
0.124250
0.126211
0.126392
0.124417
0.120034
0.118437
0.129304
0.125513
0.122702
0.127936
0.125444
0.126012
0.119722
0.126638
0.123321
0.121480
0.124381
0.125960
0.126095
0.129790
0.123627
0.131977
0.131422
0.124913
0.126035
0.124079
0.124678
0.122962
0.126470
0.124075
0.123401
0.123788
0.128253
0.126435
0.123490
0.126199
0.124484
0.124010
0.123920
0.124872
0.120866
0.126329
0.122395
0.124108
0.124671
0.124230
0.127670
0.125338
0.125379
0.122325
0.127487
0.124092
0.122196
0.121665
0.127061
0.125421
0.126181
0.123052
0.127171
0.125144
0.125462
0.124753
0.134086
0.125087
0.122192
0.126649
0.124095
0.127750
0.123748
0.125818
0.129006
0.123755
0.127762
0.124633
0.123935
0.124426
0.123327
0.124422
0.126300
0.122341
0.125095
0.123663
0.125353
0.123664
0.123526
0.123856
0.123147
0.120984
0.123391
0.122713
0.124438
0.125789
0.124931
0.121726
0.127096
0.125681
0.123605
0.125002
0.122068
0.123368
0.124833
0.120719
0.132097
0.124886
0.123835
0.125320
0.126124
0.126064
0.120386
0.119599
0.125722
0.125217
0.124801
0.123843
0.124138
0.124451
0.122890
0.126633
0.125408
0.130243
0.123006
0.125513
0.125511
0.124760
0.121825
0.123977
0.124493
0.123606
0.124447
0.126107
0.124316
0.124840
0.126138
0.123793
0.120813
0.123533
0.125807
0.123888
0.124210
0.124310
0.126056
0.123086
0.132494
0.128031
0.128195
0.122643
0.120588
0.126604
0.125790
0.124670
0.123396
0.122987
0.125767
0.122876
0.127689
0.128939
0.121806
0.124969
0.124566
0.127025
0.126226
0.125447
0.122463
0.127099
0.127631
0.123089
0.125370
0.125505
0.125902
0.128184
0.126183
0.124309
0.124808
0.125070
0.124642
0.122672
0.130951
0.124664
0.126267
0.125553
0.125786
0.122488
0.134165
0.123428
0.126650
0.124440
0.124029
0.123003
0.123730
0.127758
0.121891
0.122857
0.132203
0.124698
0.123795
0.126590
0.124200
0.122871
0.122400
0.126479
0.123661
0.125731
0.125438
0.124878
0.124635
0.125070
0.124077
0.126626
0.123769
0.124366
0.125305
0.122768
0.123888
0.122243
0.122409
0.125222
0.123898
0.128761
0.123658
0.125508
0.123262
0.125904
0.127388
0.126537
0.124258
0.125151
0.122423
0.128916
0.121545
0.127767
0.124329
0.125919
0.122092
0.125088
0.126113
0.124752
0.123048
0.123401
0.123984
0.124871
0.126884
0.131701
0.124295
0.115277
0.121494
0.126437
0.125497
0.123034
0.125058
0.123836
0.126171
0.124204
0.125059
0.124549
0.123735
0.122979
0.124679
0.121753
0.119740
0.122117
0.125789
0.123161
0.129840
0.126320
0.124558
0.126038
0.124205
0.121363
0.126868
0.125562
0.121892
0.125612
0.123059
0.126363
0.121342
0.120791
0.125801
0.125566
0.124974
0.125120
0.123109
0.123720
0.126170
0.129041
0.124686
0.121329
0.125075
0.126044
0.125349
0.122448
0.115726
0.128479
0.124621
0.123950
0.124941
0.125169
0.124359
0.125218
0.120734
0.130712
0.122524
0.122292
0.131756
0.127762
0.122642
0.122764
0.125630
0.124020
0.124163
0.124976
0.126242
0.126439
0.126234
0.125124
0.127531
0.127932
0.124515
0.122896
0.122628
0.120765
0.122337
0.123531
0.123964
0.125329
0.126168
0.125117
0.123531
0.124006
0.126333
0.126171
0.122418
0.125868
0.122910
0.124901
0.124425
0.123488
0.122274
0.123034
0.126662
0.130171
0.123717
0.126615
0.123422
0.123263
0.125499
0.124070
0.125717
0.124674
0.125084
0.123364
0.121641
0.125257
0.124545
0.124570
0.125980
0.125721
0.124763
0.125051
0.123875
0.127613
0.124486
0.125594
0.120391
0.127293
0.125255
0.124143
0.124250
0.124514
0.124993
0.125080
0.125984
0.125504
0.125017
0.144853
0.132133
0.124158
0.124242
0.120928
0.126296
0.124896
0.123732
0.122731
0.134919
0.123854
0.124998
0.124490
0.123655
0.127199
0.124563
0.128327
0.126020
0.124259
0.126146
0.124450
0.120705
0.125705
0.126274
0.126345
0.121374
0.124044
0.122148
0.126388
0.125942
0.121367
0.123235
0.125250
0.124078
0.126295
0.125980
0.123542
0.126122
0.121495
0.134589
0.124606
0.124212
0.122584
0.126135
0.126320
0.123442
0.126238
0.124201
0.126113
0.134270
0.126511
0.127366
0.126521
0.121671
0.122716
0.126582
0.124225
0.122415
0.126322
0.123352
0.127634
0.124648
0.123917
0.128905
0.125286
0.124059
0.125720
0.124276
0.120854
0.123995
0.126573
0.126237
0.125459
0.124923
0.126467
0.124198
0.122818
0.126911
0.122422
0.124849
0.124757
0.126840
0.126258
0.122636
0.124662
0.121569
0.123305
0.123885
0.129264
0.124528
0.130864
0.122127
0.127266
0.125194
0.125125
0.124174
0.125710
0.126015
0.123179
0.126232
0.122379
0.124442
0.123639
0.125093
0.125091
0.125651
0.232030
0.126069
0.131681
0.201749
0.128424
0.130708
0.125126
0.127402
0.128368
0.124536
0.123285
0.124467
0.125865
0.159981
0.126575
0.125947
0.134386
0.124603
0.127597
0.179986
0.125425
0.133799
0.135254
0.128493
0.124816
0.122216
0.126701
0.125602
0.126642
0.122628
0.123585
0.123400
0.131723
0.129194
0.127288
0.254830
0.133944
0.130248
0.130441
0.121141
0.136327
0.127138
0.128173
0.126316
0.125241
0.123391
0.126268
0.122646
0.121780
0.124599
0.124415
0.124422
0.126180
0.125890
0.128463
0.124247
0.122456
0.125515
0.125747
0.134362
0.123312
0.127364
0.125871
0.125101
0.128994
0.124678
0.122823
0.124583
0.125683
0.124394
0.125795
0.119546
0.124220
0.128989
0.125170
0.125768
0.125307
0.122530
0.129134
0.121668
0.127294
0.123877
0.125744
0.125672
0.127128
0.126961
0.121407
0.125804
0.124270
0.123753
0.131067
0.131393
0.116592
0.127758
0.121728
0.126443
0.125559
0.125750
0.122698
0.130170
0.127317
0.125069
0.124064
0.124623
0.132360
0.126838
0.124392
0.126601
0.123964
0.121445
0.118175
0.125020
0.123275
0.123762
0.123720
0.123805
0.122876
0.121367
0.124979
0.127617
0.124637
0.125275
0.126069
0.124900
0.120726
0.120095
0.128892
0.124520
0.126159
0.126712
0.124435
0.128029
0.125093
0.125511
0.123142
0.124585
0.127710
0.125631
0.124237
0.132988
0.121142
0.121758
0.124147
0.123275
0.124117
0.124900
0.125198
0.123031
0.129232
0.125036
0.121194
0.124073
0.124155
0.125248
0.126014
0.122976
0.120037
0.127207
0.125846
0.122614
0.126257
0.126056
0.128957
0.121541
0.127554
0.124553
0.123645
0.124317
0.126953
0.125055
0.124099
0.125760
0.125505
0.123671
0.123270
0.125874
0.126121
0.122881
0.120348
0.134483
0.125287
0.123057
0.124313
0.125196
0.126132
0.125025
0.123628
0.125743
0.124304
0.124709
0.127392
0.124280
0.124364
0.122835
0.125842
0.124435
0.122675
0.122915
0.124200
0.124444
0.123582
0.128195
0.125099
0.126110
0.123767
0.124014
0.126823
0.127263
0.127091
0.121138
0.123382
0.126729
0.131375
0.132662
0.130355
0.274393
0.128967
0.123890
0.128739
0.123373
0.125933
0.126938
0.124178
0.130837
0.125668
0.126722
0.132065
0.130598
0.124233
0.123219
0.129346
0.121505
0.124388
0.125662
0.127935
0.129779
0.151760
0.162568
0.136869
0.129878
0.124370
0.125993
0.125313
0.122954
0.136509
0.137392
0.137800
0.127370
0.130272
0.142760
0.123242
0.129551
0.128377
0.124656
0.130522
0.126396
0.133495

